Log file open, 09/17/14 14:09:01
LogInit:Display: Running engine for game: Phobophobia
LogInit: Version: 4.2.1-2101290+++depot+UE4-Releases+4.2
LogInit: Compiled (64-bit): Jun 10 2014 22:21:56
LogInit: Build Configuration: Development
LogInit: Branch Name: ++depot+UE4-Releases+4.2
LogInit: Command line:  
LogInit: Base directory: C:/Program Files/Unreal Engine/4.2/Engine/Binaries/Win64/
LogInit: Rocket: 1
[2014.09.17-18.09.01:235][  0]LogTaskGraph: Started task graph with 3 named threads and 4 total threads.
[2014.09.17-18.09.01:261][  0]LogOnline:Warning: No default platform service specified for OnlineSubsystem
[2014.09.17-18.09.01:265][  0]LogInit: Presizing for 0 objects not considered by GC, pre-allocating 0 bytes.
[2014.09.17-18.09.01:269][  0]LogInit: Object subsystem initialized
[2014.09.17-18.09.01:270][  0]LogInit: Selected Device Profile: [Windows]
[2014.09.17-18.09.01:270][  0]LogInit: Applying CVar settings loaded from the selected device profile: [Windows]
[2014.09.17-18.09.01:273][  0]LogInit: Computer: PARKER
[2014.09.17-18.09.01:273][  0]LogInit: User: ParkerJoseph
[2014.09.17-18.09.01:274][  0]LogInit: CPU Page size=4096, Cores=4
[2014.09.17-18.09.01:274][  0]LogInit: High frequency timer resolution =14.318180 MHz
[2014.09.17-18.09.01:274][  0]LogMemory: Memory total: Physical=7.9GB (8GB approx) Virtual=131072.0GB
[2014.09.17-18.09.01:274][  0]LogMemory: Platform Memory Stats for Windows
[2014.09.17-18.09.01:274][  0]LogMemory: Process Physical Memory: 52.48 MB used, 52.59 MB peak
[2014.09.17-18.09.01:274][  0]LogMemory: Process Virtual Memory: 29.43 MB used, 29.55 MB peak
[2014.09.17-18.09.01:274][  0]LogMemory: Physical Memory: 2841.33 MB used, 8135.10 MB total
[2014.09.17-18.09.01:274][  0]LogMemory: Virtual Memory: 242.07 MB used, 134217728.00 MB total
[2014.09.17-18.09.01:285][  0]LogD3D11RHI: Found D3D11 adapter 0: AMD Radeon R9 200 Series (Feature Level 11_0)
[2014.09.17-18.09.01:285][  0]LogD3D11RHI: Adapter has 4074MB of dedicated video memory, 0MB of dedicated system memory, and 3840MB of shared system memory, 1 output[s]
[2014.09.17-18.09.01:286][  0]LogD3D11RHI: Found D3D11 adapter 1: Microsoft Basic Render Driver (Feature Level 11_0)
[2014.09.17-18.09.01:286][  0]LogD3D11RHI: Adapter has 0MB of dedicated video memory, 0MB of dedicated system memory, and 256MB of shared system memory, 0 output[s]
[2014.09.17-18.09.01:286][  0]LogD3D11RHI: Chosen D3D11 Adapter Id = 0
[2014.09.17-18.09.01:289][  0]LogRHI: Texture pool is 1361 MB (70% of 1945 MB)
[2014.09.17-18.09.01:292][  0]LogD3D11RHI: Async texture creation disabled: no driver support
[2014.09.17-18.09.01:363][  0]LogContentStreaming: Texture pool size is 0.000000MB
[2014.09.17-18.09.01:933][  0]LogTargetPlatformManager:Display: Building Assets For Windows
[2014.09.17-18.09.01:985][  0]LogTargetPlatformManager:Display: Building Assets For Windows
[2014.09.17-18.09.02:005][  0]LogDerivedDataCache:Display: Max Cache Size: 512 MB
[2014.09.17-18.09.02:035][  0]LogDerivedDataCache: Loaded boot cache 0.03s 39MB C:/Users/ParkerJoseph/AppData/Local/UnrealEngine/4.2/DerivedDataCache/Boot.ddc.
[2014.09.17-18.09.02:035][  0]LogDerivedDataCache:Display: Loaded Boot cache: C:/Users/ParkerJoseph/AppData/Local/UnrealEngine/4.2/DerivedDataCache/Boot.ddc
[2014.09.17-18.09.02:035][  0]LogDerivedDataCache: FDerivedDataBackendGraph:  Pak pak cache file ../../../../../../Users/ParkerJoseph/Documents/GitHub/Phobophobia/DerivedDataCache/DDC.ddp not found, will not use a pak cache.
[2014.09.17-18.09.02:035][  0]LogDerivedDataCache: Unable to find inner node Pak for hierarchical cache Hierarchy.
[2014.09.17-18.09.02:043][  0]LogDerivedDataCache:Display: Pak cache opened for reading ../../../Engine/DerivedDataCache/DDC.ddp.
[2014.09.17-18.09.02:054][  0]LogDerivedDataCache: Using Local data cache path C:/Users/ParkerJoseph/AppData/Local/UnrealEngine/4.2/DerivedDataCache: Writable
[2014.09.17-18.09.02:158][  0]LogMeshUtilities: No automatic mesh reduction module available
[2014.09.17-18.09.02:158][  0]LogMeshUtilities: No automatic mesh merging module available
[2014.09.17-18.09.02:346][  0]LogInit: WinSock: version 1.1 (2.2), MaxSocks=32767, MaxUdp=65467
[2014.09.17-18.09.02:563][  0]LogStreaming:Warning: Failed to read file '../../../Engine/Content/Editor/Slate/Icons/ActorIcons/GroupActor_16x.png' error.
[2014.09.17-18.09.02:563][  0]LogSlate: Could not find file for Slate resource: ../../../Engine/Content/Editor/Slate/Icons/ActorIcons/GroupActor_16x.png
[2014.09.17-18.09.02:566][  0]LogStreaming:Warning: Failed to read file '../../../Engine/Content/Editor/Slate/Icons/ActorIcons/DecalActor_16x.png' error.
[2014.09.17-18.09.02:566][  0]LogSlate: Could not find file for Slate resource: ../../../Engine/Content/Editor/Slate/Icons/ActorIcons/DecalActor_16x.png
[2014.09.17-18.09.02:737][  0]UdpMessaging: Initializing bridge on interface 0.0.0.0:0 to multicast group 230.0.0.1:6666.
[2014.09.17-18.09.02:809][  0]SourceControl: Info Source control is disabled
[2014.09.17-18.09.02:809][  0]SourceControl: Info Source control is disabled
[2014.09.17-18.09.02:812][  0]SourceControl: Info Source control is disabled
[2014.09.17-18.09.02:863][  0]BlueprintLog: New page: Editor Load
[2014.09.17-18.09.02:883][  0]LogObj: 19137 objects as part of root set at end of initial load.
[2014.09.17-18.09.02:883][  0]LogUObjectAllocator: 3804784 out of 0 bytes used by permanent object pool.
[2014.09.17-18.09.03:047][  0]LogEngine: Initializing Engine...
[2014.09.17-18.09.03:115][  0]LogInit: XAudio2 using 'Speakers (2- Plantronics GameCom 780)' : 6 channels at 44.1 kHz using 16 bits per sample (channel mask 0x60f)
[2014.09.17-18.09.03:143][  0]LogInit: FAudioDevice initialized.
[2014.09.17-18.09.03:161][  0]LogDerivedDataCache: Saved boot cache 0.02s 39MB C:/Users/ParkerJoseph/AppData/Local/UnrealEngine/4.2/DerivedDataCache/Boot.ddc.
[2014.09.17-18.09.03:165][  0]LogInit: Texture streaming: Enabled
[2014.09.17-18.09.03:181][  0]LogInit: Transaction tracking system initialized
[2014.09.17-18.09.03:241][  0]LogAssetRegistry: FAssetRegistry took 0.0102 seconds to start up
[2014.09.17-18.09.03:324][  0]LogModuleManager:Warning: ModuleManager: Unable to load module '' because the file was not found.
[2014.09.17-18.09.03:327][  0]LogModuleManager:Warning: ModuleManager: Unable to load module '' because the file was not found.
[2014.09.17-18.09.03:354][  0]LogConsoleResponse:Display: 
[2014.09.17-18.09.03:481][  0]SourceControl: Info Source control is disabled
[2014.09.17-18.09.03:561][  0]LogCollectionManager: Loaded 0 collections in 0.000813 seconds
[2014.09.17-18.09.03:649][  0]LogCrashTracker: Crashtracker disabled due to settings.
[2014.09.17-18.09.03:649][  0]Cmd: MODE PLACEMENT
[2014.09.17-18.09.03:688][  0]LogLoad: Full Startup: 2.89 seconds (BP compile: 0.00 seconds)
[2014.09.17-18.09.03:705][  0]LogContentBrowser:Verbose: The content browser source was changed by the sources view to '/Game/Props'
[2014.09.17-18.09.03:794][  0]LogRenderer:Warning: Reallocating scene render targets to support 1392x1160.
[2014.09.17-18.09.03:978][  1]LogEpicStorage:Warning: EnumerateFiles request failed. Invalid response. code=403 error=<?xml version="1.0" encoding="UTF-8"?>
<Error><Code>AccessDenied</Code><Message>Access Denied</Message><RequestId>53ADA06D7B730B1B</RequestId><HostId>s6dj8+2JhrbdnvlC3Eo03XQgOMKX4PRSRQXtq+EelwqgQH5wA5P2+N6dxKYq9+FQ</HostId></Error>
[2014.09.17-18.09.04:017][  1]LogAssetRegistry: Asset discovery search completed in 0.7873 seconds
[2014.09.17-18.09.04:041][  2]LogEpicSurvey:Warning: EnumerateFiles request failed. Invalid response. code=403 error=<?xml version="1.0" encoding="UTF-8"?>
<Error><Code>AccessDenied</Code><Message>Access Denied</Message><RequestId>58D1404A211A0612</RequestId><HostId>bBCgkryikgTA00kaReD3h+Z/OxqLTIwZD6u/xlJo82z9AkeqOWljVbju4WV1xvHB</HostId></Error>
[2014.09.17-18.09.04:065][  3]LogEpicStorage:Warning: EnumerateFiles request failed. Invalid response. code=403 error=<?xml version="1.0" encoding="UTF-8"?>
<Error><Code>AccessDenied</Code><Message>Access Denied</Message><RequestId>754DD73641A9EFA8</RequestId><HostId>I+z33/zghCSjfZ9/QZCEy38djNKcsEeFkv0GLpLn4OocKzwLwlrCjJM0hElDqjwK</HostId></Error>
[2014.09.17-18.09.04:114][  6]LogEpicSurvey:Warning: EnumerateFiles request failed. Invalid response. code=403 error=<?xml version="1.0" encoding="UTF-8"?>
<Error><Code>AccessDenied</Code><Message>Access Denied</Message><RequestId>AD8F1D6C8BA71560</RequestId><HostId>NU58JWdnB/9V5Tam17pmwKJ62z+cG/8wtU9NNsgOyCG7sVpB0t+llUss6HNz29A7</HostId></Error>
[2014.09.17-18.09.04:199][ 14]LogEpicStorage:Warning: ReadFile request failed. File request already pending for filename=http://cdn.unrealengine.com/newsfeed/blueprint_icon_b.png
[2014.09.17-18.09.04:200][ 14]LogEpicStorage:Warning: ReadFile request failed. File request already pending for filename=http://cdn.unrealengine.com/newsfeed/blueprint_icon_b.png
[2014.09.17-18.09.09:638][390]Cmd: MAP LOAD FILE="../../../../../../Users/ParkerJoseph/Documents/GitHub/Phobophobia/Content/Maps/Tutorial_Map.umap" TEMPLATE=0 SHOWPROGRESS=1 WORLDCOMPOSITION=0
[2014.09.17-18.09.09:638][390]LightingResults: New page: Lighting Build
[2014.09.17-18.09.09:642][390]Cmd: MODE PLACEMENT
[2014.09.17-18.09.09:660][390]LoadErrors: New page: Loading map: Tutorial_Map.umap
[2014.09.17-18.09.09:660][390]MapCheck: New page: Map Check
[2014.09.17-18.09.09:660][390]LightingResults: New page: Lighting Build
[2014.09.17-18.09.09:676][390]LogParticles: Destroying 0 GPU particle simulations for FXSystem 0x00000016B8E12840
[2014.09.17-18.09.09:835][390]LogEditorServer: Finished looking for orphan Actors (0.000 secs)
[2014.09.17-18.09.09:852][390]Cmd: MAP CHECKDEP
[2014.09.17-18.09.09:852][390]MapCheck: New page: Tutorial_Map - Sep 17, 2014, 10:09:09 AM
[2014.09.17-18.09.09:876][390]MapCheck: Info ========== Map Check: 0 Error(s), 0 Warning(s), [23.992ms] ==========
[2014.09.17-18.09.09:876][390]LogFileHelpers: Loading map 'Tutorial_Map' took 0.238
[2014.09.17-18.15.30:431][896]Cmd: EDIT COPY
[2014.09.17-18.15.31:465][ 19]Cmd: EDIT PASTE
[2014.09.17-18.15.31:473][ 19]LogUObjectHash:Warning: Ambiguous search, could be Model /Game/Maps/Tutorial_Map.Tutorial_Map:PersistentLevel.BoxBrush_6.Model_8 or Model /Game/Maps/Tutorial_Map.Tutorial_Map:PersistentLevel.BoxBrush_3.Model_8
[2014.09.17-18.15.31:498][ 19]LogInstancedFoliage: Map Rebuilt - Update all BSP painted foliage!
[2014.09.17-18.15.34:668][387]LogInstancedFoliage: Map Rebuilt - Update all BSP painted foliage!
[2014.09.17-18.15.44:232][516]LogInstancedFoliage: Map Rebuilt - Update all BSP painted foliage!
[2014.09.17-18.15.48:725][ 34]LogInstancedFoliage: Map Rebuilt - Update all BSP painted foliage!
[2014.09.17-18.15.55:479][820]LogInstancedFoliage: Map Rebuilt - Update all BSP painted foliage!
[2014.09.17-18.15.59:194][256]LogInstancedFoliage: Map Rebuilt - Update all BSP painted foliage!
[2014.09.17-18.16.00:425][400]LogInstancedFoliage: Map Rebuilt - Update all BSP painted foliage!
[2014.09.17-18.16.04:677][905]LogInstancedFoliage: Map Rebuilt - Update all BSP painted foliage!
[2014.09.17-18.16.08:328][337]LogInstancedFoliage: Map Rebuilt - Update all BSP painted foliage!
[2014.09.17-18.16.11:119][665]LogInstancedFoliage: Map Rebuilt - Update all BSP painted foliage!
[2014.09.17-18.16.13:608][955]LogInstancedFoliage: Map Rebuilt - Update all BSP painted foliage!
[2014.09.17-18.16.14:597][ 70]LogInstancedFoliage: Map Rebuilt - Update all BSP painted foliage!
[2014.09.17-18.16.26:411][456]Cmd: POLY TEXSCALE  UU=0.125000 VV=0.125000
[2014.09.17-18.16.27:688][609]Cmd: POLY TEXSCALE  UU=0.125000 VV=0.125000
[2014.09.17-18.16.38:105][837]Cmd: POLY TEXSCALE  UU=0.250000 VV=0.250000
[2014.09.17-18.16.51:436][419]LogInstancedFoliage: Map Rebuilt - Update all BSP painted foliage!
[2014.09.17-18.16.52:465][537]LogInstancedFoliage: Map Rebuilt - Update all BSP painted foliage!
[2014.09.17-18.16.53:641][673]LogInstancedFoliage: Map Rebuilt - Update all BSP painted foliage!
[2014.09.17-18.16.54:925][823]LogInstancedFoliage: Map Rebuilt - Update all BSP painted foliage!
[2014.09.17-18.16.56:210][973]LogInstancedFoliage: Map Rebuilt - Update all BSP painted foliage!
[2014.09.17-18.16.57:465][120]LogInstancedFoliage: Map Rebuilt - Update all BSP painted foliage!
[2014.09.17-18.17.01:606][602]LogInstancedFoliage: Map Rebuilt - Update all BSP painted foliage!
[2014.09.17-18.17.02:784][738]LogInstancedFoliage: Map Rebuilt - Update all BSP painted foliage!
[2014.09.17-18.17.04:443][932]LogInstancedFoliage: Map Rebuilt - Update all BSP painted foliage!
[2014.09.17-18.17.13:934][ 49]LogInstancedFoliage: Map Rebuilt - Update all BSP painted foliage!
[2014.09.17-18.17.24:696][308]Cmd: POLY TEXSCALE  UU=0.125000 VV=0.125000
[2014.09.17-18.17.25:448][398]Cmd: POLY TEXSCALE  UU=0.125000 VV=0.125000
[2014.09.17-18.17.30:547][991]Cmd: POLY TEXSCALE  UU=0.125000 VV=0.125000
[2014.09.17-18.17.33:833][382]Cmd: POLY TEXPAN U=64.000000 V=0.000000
[2014.09.17-18.17.35:450][575]Cmd: POLY TEXPAN U=0.000000 V=64.000000
[2014.09.17-18.17.36:681][722]Cmd: POLY TEXPAN U=0.000000 V=16.000000
[2014.09.17-18.17.37:136][776]Cmd: POLY TEXPAN U=0.000000 V=16.000000
[2014.09.17-18.17.37:291][794]Cmd: POLY TEXPAN U=0.000000 V=16.000000
[2014.09.17-18.17.37:461][814]Cmd: POLY TEXPAN U=0.000000 V=16.000000
[2014.09.17-18.17.47:048][950]Cmd: POLY TEXSCALE  UU=0.250000 VV=0.250000
[2014.09.17-18.17.50:831][401]Cmd: POLY TEXPAN U=16.000000 V=0.000000
[2014.09.17-18.17.52:754][630]Cmd: POLY TEXPAN U=0.000000 V=16.000000
[2014.09.17-18.17.53:091][670]Cmd: POLY TEXPAN U=0.000000 V=16.000000
[2014.09.17-18.17.53:252][689]Cmd: POLY TEXPAN U=0.000000 V=16.000000
[2014.09.17-18.17.55:888][  4]Cmd: POLY TEXPAN U=16.000000 V=0.000000
[2014.09.17-18.17.56:818][115]Cmd: POLY TEXPAN U=16.000000 V=0.000000
[2014.09.17-18.18.07:384][328]LogEditorViewport: Clicking on Actor (LMB): BP_Sky_Sphere_C (BP_Sky_Shere)
[2014.09.17-18.18.12:277][882]Cmd: POLY TEXPAN U=16.000000 V=0.000000
[2014.09.17-18.18.13:295][  2]LogEditorViewport: Clicking on Actor (LMB): BP_Sky_Sphere_C (BP_Sky_Shere)
[2014.09.17-18.18.24:194][172]LogSavePackage: Save=56.034706ms
[2014.09.17-18.18.24:194][172]LogSavePackage: Moving '../../../../../../Users/ParkerJoseph/Documents/GitHub/Phobophobia/Saved/Tutorial_Map07C77B444AFC175967425892A11A396C.tmp' to '../../../../../../Users/ParkerJoseph/Documents/GitHub/Phobophobia/Content/Maps/Tutorial_Map.umap'
[2014.09.17-18.18.24:220][172]LogFileHelpers: Saving map 'Tutorial_Map' took 0.142
[2014.09.17-18.18.28:081][627]LogPlayLevel: PIE:  No blueprints needed recompiling
[2014.09.17-18.18.28:081][627]PIE: New page: PIE session: Tutorial_Map (Sep 17, 2014, 10:18:28 AM)
[2014.09.17-18.18.28:085][627]LogPlayLevel: PIE: StaticDuplicateObject took: (0.003777s)
[2014.09.17-18.18.28:086][627]LogPlayLevel: PIE: World Init took: (0.000365s)
[2014.09.17-18.18.28:086][627]LogPlayLevel: PIE: Created PIE world by copying editor world from /Game/Maps/Tutorial_Map.Tutorial_Map to /Game/Maps/UEDPIE_0_Tutorial_Map.Tutorial_Map (0.004267s)
[2014.09.17-18.18.28:272][627]LogWorld: Game class is 'MyGame_C'
[2014.09.17-18.18.28:319][627]LogWorld: Bringing World /Game/Maps/UEDPIE_0_Tutorial_Map.Tutorial_Map up for play (max tick rate 0) at 2014.09.17-14.18.28
[2014.09.17-18.18.28:319][627]LogWorld: Bringing up level for play took: 0.001735
[2014.09.17-18.18.28:320][627]LogPlayerController: Spawned spectator SpectatorPawn_0 [server:1]
[2014.09.17-18.18.28:320][627]LogGameMode: RestartPlayer 256
[2014.09.17-18.18.28:321][627]LogPlayerController: ClientRestart_Implementation blueprintCharacter_C_0
[2014.09.17-18.18.28:321][627]LogPlayerController: ServerAcknowledgePossession_Implementation blueprintCharacter_C_0
[2014.09.17-18.18.28:322][627]PIE: Info Play in editor start time for /Game/Maps/UEDPIE_0_Tutorial_Map 1.213
[2014.09.17-18.18.30:112][826]MapCheck: New page: Map Check
[2014.09.17-18.18.30:133][826]Cmd: MAP REBUILD ALLVISIBLE
[2014.09.17-18.18.30:133][826]LogEditorServer: Rebuildmap Clear paths rebuilt
[2014.09.17-18.18.30:147][826]LogInstancedFoliage: Map Rebuilt - Update all BSP painted foliage!
[2014.09.17-18.18.30:153][826]LightingResults: New page: Lighting Build - Sep 17, 2014, 10:18:30 AM
[2014.09.17-18.18.32:797][826]LogStaticLightingSystem:Warning: No importance volume found, so the scene bounding box was used.  You can optimize your scene's quality and lighting build times by adding importance volumes.
[2014.09.17-18.18.32:816][826]LogStaticLightingSystem: Running Lightmass w/ ImmediateImport mode ENABLED
[2014.09.17-18.18.32:816][826]LogStaticLightingSystem: Running Lightmass w/ ImmediateProcess mode ENABLED
[2014.09.17-18.18.32:816][826]LogStaticLightingSystem: Running Lightmass w/ Sorting mode ENABLED
[2014.09.17-18.18.32:816][826]LogStaticLightingSystem: Running Lightmass w/ Mapping paddings ENABLED
[2014.09.17-18.18.32:816][826]LogStaticLightingSystem: Running Lightmass w/ Mapping debug paddings DISABLED
[2014.09.17-18.18.32:888][826]LogEditorBuildUtils: Build time 0:00:02
[2014.09.17-18.18.37:437][286]Job is a success!
[2014.09.17-18.18.39:892][486]LogTexture:Display: Building textures: HQ_Lightmap0_1 (AutoDXT)
[2014.09.17-18.18.39:945][486]LogTexture:Display: Building textures: LQ_Lightmap_1_3 (DXT1)
[2014.09.17-18.18.39:948][486]LogTexture:Display: Building textures: HQ_Lightmap1_3 (AutoDXT)
[2014.09.17-18.18.39:951][486]LogTexture:Display: Building textures: LQ_Lightmap_0_2 (DXT1)
[2014.09.17-18.18.40:069][486]LogTexture:Display: Building textures: HQ_Lightmap0_2 (AutoDXT)
[2014.09.17-18.18.40:260][486]LogTexture:Display: Building textures: LQ_Lightmap_0_1 (DXT1)
[2014.09.17-18.18.40:397][486]LogTexture:Display: Building textures: ShadowMapTexture2D_0 (BGRA8)
[2014.09.17-18.18.40:516][486]LogTexture:Display: Building textures: ShadowMapTexture2D_1 (BGRA8)
[2014.09.17-18.18.40:536][486]LogTexture:Display: Building textures: ShadowMapTexture2D_2 (BGRA8)
[2014.09.17-18.18.40:565][486]Lightmass on PARKER: 7.13 sec total, 159 ms importing, 38 ms setup, 212 ms photons, 6.70 sec processing, 0 ms extra exporting [55/55 mappings]. Threads: 33.4 sec total, 14.1 sec processing.
[2014.09.17-18.18.40:570][486]LogStaticLightingSystem:Warning: Illumination: 8.12 sec (766 ms encoding lightmaps)
[2014.09.17-18.18.40:570][486]LogStaticLightingSystem: Lightmap texture memory:  2.7 MB (1.3 MB streaming, 1.3 MB non-streaming), 6 textures
[2014.09.17-18.18.40:570][486]LogStaticLightingSystem: Shadowmap texture memory: 0.0 MB (0.0 MB streaming, 0.0 MB non-streaming), 3 textures
[2014.09.17-18.18.40:806][487]Cmd: MAP CHECK NOTIFYRESULTS
[2014.09.17-18.18.40:806][487]MapCheck: New page: UEDPIE_0_Tutorial_Map - Sep 17, 2014, 10:18:40 AM
[2014.09.17-18.18.40:807][487]MapCheck:Error: Error WorldSettings_1 Maps need lighting rebuilt 
[2014.09.17-18.18.40:831][487]MapCheck: Info ========== Map Check: 1 Error(s), 0 Warning(s), [25.583ms] ==========
[2014.09.17-18.18.42:814][670]LogParticles: Destroying 0 GPU particle simulations for FXSystem 0x00000016C40B2D40
[2014.09.17-18.18.43:542][751]MapCheck: New page: Map Check
[2014.09.17-18.18.43:561][751]Cmd: MAP REBUILD ALLVISIBLE
[2014.09.17-18.18.43:561][751]LogEditorServer: Rebuildmap Clear paths rebuilt
[2014.09.17-18.18.43:577][751]LogInstancedFoliage: Map Rebuilt - Update all BSP painted foliage!
[2014.09.17-18.18.43:582][751]LightingResults: New page: Lighting Build - Sep 17, 2014, 10:18:43 AM
[2014.09.17-18.18.48:126][751]LogStaticLightingSystem:Warning: No importance volume found, so the scene bounding box was used.  You can optimize your scene's quality and lighting build times by adding importance volumes.
[2014.09.17-18.18.48:148][751]LogStaticLightingSystem: Running Lightmass w/ ImmediateImport mode ENABLED
[2014.09.17-18.18.48:148][751]LogStaticLightingSystem: Running Lightmass w/ ImmediateProcess mode ENABLED
[2014.09.17-18.18.48:148][751]LogStaticLightingSystem: Running Lightmass w/ Sorting mode ENABLED
[2014.09.17-18.18.48:148][751]LogStaticLightingSystem: Running Lightmass w/ Mapping paddings ENABLED
[2014.09.17-18.18.48:148][751]LogStaticLightingSystem: Running Lightmass w/ Mapping debug paddings DISABLED
[2014.09.17-18.18.48:205][751]LogEditorBuildUtils: Build time 0:00:04
[2014.09.17-18.18.52:524][201]Job is a success!
[2014.09.17-18.18.52:704][202]LogTexture:Display: Building textures: HQ_Lightmap0_1 (AutoDXT)
[2014.09.17-18.18.52:830][202]LogTexture:Display: Building textures: LQ_Lightmap_0_3 (DXT1)
[2014.09.17-18.18.52:894][202]LogTexture:Display: Building textures: HQ_Lightmap0_3 (AutoDXT)
[2014.09.17-18.18.52:965][202]LogTexture:Display: Building textures: LQ_Lightmap_1_2 (DXT1)
[2014.09.17-18.18.53:118][202]LogTexture:Display: Building textures: HQ_Lightmap1_2 (AutoDXT)
[2014.09.17-18.18.53:312][202]LogTexture:Display: Building textures: LQ_Lightmap_0_1 (DXT1)
[2014.09.17-18.18.53:452][202]LogTexture:Display: Building textures: ShadowMapTexture2D_3 (BGRA8)
[2014.09.17-18.18.53:571][202]LogTexture:Display: Building textures: ShadowMapTexture2D_4 (BGRA8)
[2014.09.17-18.18.53:597][202]LogTexture:Display: Building textures: ShadowMapTexture2D_5 (BGRA8)
[2014.09.17-18.18.53:618][202]LogStaticLightingSystem:Warning: Illumination: 10.0 sec (1.01 sec encoding lightmaps)
[2014.09.17-18.18.53:618][202]LogStaticLightingSystem: Lightmap texture memory:  2.7 MB (1.3 MB streaming, 1.3 MB non-streaming), 6 textures
[2014.09.17-18.18.53:618][202]LogStaticLightingSystem: Shadowmap texture memory: 0.0 MB (0.0 MB streaming, 0.0 MB non-streaming), 6 textures
[2014.09.17-18.18.54:134][203]Cmd: MAP CHECK NOTIFYRESULTS
[2014.09.17-18.18.54:134][203]MapCheck: New page: Tutorial_Map - Sep 17, 2014, 10:18:54 AM
[2014.09.17-18.18.54:159][203]MapCheck: Info ========== Map Check: 0 Error(s), 0 Warning(s), [25.199ms] ==========
[2014.09.17-18.18.56:102][430]LogPlayLevel: PIE:  No blueprints needed recompiling
[2014.09.17-18.18.56:103][430]PIE: New page: PIE session: Tutorial_Map (Sep 17, 2014, 10:18:56 AM)
[2014.09.17-18.18.56:106][430]LogPlayLevel: PIE: StaticDuplicateObject took: (0.003617s)
[2014.09.17-18.18.56:107][430]LogPlayLevel: PIE: World Init took: (0.000349s)
[2014.09.17-18.18.56:107][430]LogPlayLevel: PIE: Created PIE world by copying editor world from /Game/Maps/Tutorial_Map.Tutorial_Map to /Game/Maps/UEDPIE_0_Tutorial_Map.Tutorial_Map (0.004083s)
[2014.09.17-18.18.56:107][430]LogWorld: Game class is 'MyGame_C'
[2014.09.17-18.18.56:145][430]LogWorld: Bringing World /Game/Maps/UEDPIE_0_Tutorial_Map.Tutorial_Map up for play (max tick rate 0) at 2014.09.17-14.18.56
[2014.09.17-18.18.56:145][430]LogWorld: Bringing up level for play took: 0.001563
[2014.09.17-18.18.56:145][430]LogPlayerController: Spawned spectator SpectatorPawn_1 [server:1]
[2014.09.17-18.18.56:145][430]LogGameMode: RestartPlayer 257
[2014.09.17-18.18.56:146][430]LogPlayerController: ClientRestart_Implementation blueprintCharacter_C_1
[2014.09.17-18.18.56:146][430]LogPlayerController: ServerAcknowledgePossession_Implementation blueprintCharacter_C_1
[2014.09.17-18.18.56:147][430]PIE: Info Play in editor start time for /Game/Maps/UEDPIE_0_Tutorial_Map 1.037
[2014.09.17-18.19.03:292][261]LogCharacterMovement: blueprintCharacter_C_1 is stuck and failed to move!
[2014.09.17-18.19.03:300][262]LogCharacterMovement: blueprintCharacter_C_1 is stuck and failed to move!
[2014.09.17-18.19.03:308][263]LogCharacterMovement: blueprintCharacter_C_1 is stuck and failed to move!
[2014.09.17-18.19.03:316][264]LogCharacterMovement: blueprintCharacter_C_1 is stuck and failed to move!
[2014.09.17-18.19.03:325][265]LogCharacterMovement: blueprintCharacter_C_1 is stuck and failed to move!
[2014.09.17-18.19.03:333][266]LogCharacterMovement: blueprintCharacter_C_1 is stuck and failed to move!
[2014.09.17-18.19.03:341][267]LogCharacterMovement: blueprintCharacter_C_1 is stuck and failed to move!
[2014.09.17-18.19.03:350][268]LogCharacterMovement: blueprintCharacter_C_1 is stuck and failed to move!
[2014.09.17-18.19.03:358][269]LogCharacterMovement: blueprintCharacter_C_1 is stuck and failed to move!
[2014.09.17-18.19.03:367][270]LogCharacterMovement: blueprintCharacter_C_1 is stuck and failed to move!
[2014.09.17-18.19.03:375][271]LogCharacterMovement: blueprintCharacter_C_1 is stuck and failed to move!
[2014.09.17-18.19.03:383][272]LogCharacterMovement: blueprintCharacter_C_1 is stuck and failed to move!
[2014.09.17-18.19.03:391][273]LogCharacterMovement: blueprintCharacter_C_1 is stuck and failed to move!
[2014.09.17-18.19.03:400][274]LogCharacterMovement: blueprintCharacter_C_1 is stuck and failed to move!
[2014.09.17-18.19.03:617][300]LogCharacterMovement: blueprintCharacter_C_1 is stuck and failed to move!
[2014.09.17-18.19.03:624][301]LogCharacterMovement: blueprintCharacter_C_1 is stuck and failed to move!
[2014.09.17-18.19.03:633][302]LogCharacterMovement: blueprintCharacter_C_1 is stuck and failed to move!
[2014.09.17-18.19.03:642][303]LogCharacterMovement: blueprintCharacter_C_1 is stuck and failed to move!
[2014.09.17-18.19.03:649][304]LogCharacterMovement: blueprintCharacter_C_1 is stuck and failed to move!
[2014.09.17-18.19.03:658][305]LogCharacterMovement: blueprintCharacter_C_1 is stuck and failed to move!
[2014.09.17-18.19.03:666][306]LogCharacterMovement: blueprintCharacter_C_1 is stuck and failed to move!
[2014.09.17-18.19.03:674][307]LogCharacterMovement: blueprintCharacter_C_1 is stuck and failed to move!
[2014.09.17-18.19.03:683][308]LogCharacterMovement: blueprintCharacter_C_1 is stuck and failed to move!
[2014.09.17-18.19.03:691][309]LogCharacterMovement: blueprintCharacter_C_1 is stuck and failed to move!
[2014.09.17-18.19.03:699][310]LogCharacterMovement: blueprintCharacter_C_1 is stuck and failed to move!
[2014.09.17-18.19.03:708][311]LogCharacterMovement: blueprintCharacter_C_1 is stuck and failed to move!
[2014.09.17-18.19.03:716][312]LogCharacterMovement: blueprintCharacter_C_1 is stuck and failed to move!
[2014.09.17-18.19.03:724][313]LogCharacterMovement: blueprintCharacter_C_1 is stuck and failed to move!
[2014.09.17-18.19.03:733][314]LogCharacterMovement: blueprintCharacter_C_1 is stuck and failed to move!
[2014.09.17-18.19.03:741][315]LogCharacterMovement: blueprintCharacter_C_1 is stuck and failed to move!
[2014.09.17-18.19.03:750][316]LogCharacterMovement: blueprintCharacter_C_1 is stuck and failed to move!
[2014.09.17-18.19.03:758][317]LogCharacterMovement: blueprintCharacter_C_1 is stuck and failed to move!
[2014.09.17-18.19.03:766][318]LogCharacterMovement: blueprintCharacter_C_1 is stuck and failed to move!
[2014.09.17-18.19.03:774][319]LogCharacterMovement: blueprintCharacter_C_1 is stuck and failed to move!
[2014.09.17-18.19.03:783][320]LogCharacterMovement: blueprintCharacter_C_1 is stuck and failed to move!
[2014.09.17-18.19.03:791][321]LogCharacterMovement: blueprintCharacter_C_1 is stuck and failed to move!
[2014.09.17-18.19.03:799][322]LogCharacterMovement: blueprintCharacter_C_1 is stuck and failed to move!
[2014.09.17-18.19.03:885][332]LogCharacterMovement: blueprintCharacter_C_1 is stuck and failed to move!
[2014.09.17-18.19.03:891][333]LogCharacterMovement: blueprintCharacter_C_1 is stuck and failed to move!
[2014.09.17-18.19.03:899][334]LogCharacterMovement: blueprintCharacter_C_1 is stuck and failed to move!
[2014.09.17-18.19.03:908][335]LogCharacterMovement: blueprintCharacter_C_1 is stuck and failed to move!
[2014.09.17-18.19.03:916][336]LogCharacterMovement: blueprintCharacter_C_1 is stuck and failed to move!
[2014.09.17-18.19.03:924][337]LogCharacterMovement: blueprintCharacter_C_1 is stuck and failed to move!
[2014.09.17-18.19.03:934][338]LogCharacterMovement: blueprintCharacter_C_1 is stuck and failed to move!
[2014.09.17-18.19.03:941][339]LogCharacterMovement: blueprintCharacter_C_1 is stuck and failed to move!
[2014.09.17-18.19.03:949][340]LogCharacterMovement: blueprintCharacter_C_1 is stuck and failed to move!
[2014.09.17-18.19.03:958][341]LogCharacterMovement: blueprintCharacter_C_1 is stuck and failed to move!
[2014.09.17-18.19.03:966][342]LogCharacterMovement: blueprintCharacter_C_1 is stuck and failed to move!
[2014.09.17-18.19.03:974][343]LogCharacterMovement: blueprintCharacter_C_1 is stuck and failed to move!
[2014.09.17-18.19.03:983][344]LogCharacterMovement: blueprintCharacter_C_1 is stuck and failed to move!
[2014.09.17-18.19.03:991][345]LogCharacterMovement: blueprintCharacter_C_1 is stuck and failed to move!
[2014.09.17-18.19.03:999][346]LogCharacterMovement: blueprintCharacter_C_1 is stuck and failed to move!
[2014.09.17-18.19.04:008][347]LogCharacterMovement: blueprintCharacter_C_1 is stuck and failed to move!
[2014.09.17-18.19.04:016][348]LogCharacterMovement: blueprintCharacter_C_1 is stuck and failed to move!
[2014.09.17-18.19.04:024][349]LogCharacterMovement: blueprintCharacter_C_1 is stuck and failed to move!
[2014.09.17-18.19.04:033][350]LogCharacterMovement: blueprintCharacter_C_1 is stuck and failed to move!
[2014.09.17-18.19.04:041][351]LogCharacterMovement: blueprintCharacter_C_1 is stuck and failed to move!
[2014.09.17-18.19.04:049][352]LogCharacterMovement: blueprintCharacter_C_1 is stuck and failed to move!
[2014.09.17-18.19.04:058][353]LogCharacterMovement: blueprintCharacter_C_1 is stuck and failed to move!
[2014.09.17-18.19.04:066][354]LogCharacterMovement: blueprintCharacter_C_1 is stuck and failed to move!
[2014.09.17-18.19.04:074][355]LogCharacterMovement: blueprintCharacter_C_1 is stuck and failed to move!
[2014.09.17-18.19.04:083][356]LogCharacterMovement: blueprintCharacter_C_1 is stuck and failed to move!
[2014.09.17-18.19.04:091][357]LogCharacterMovement: blueprintCharacter_C_1 is stuck and failed to move!
[2014.09.17-18.19.04:099][358]LogCharacterMovement: blueprintCharacter_C_1 is stuck and failed to move!
[2014.09.17-18.19.04:108][359]LogCharacterMovement: blueprintCharacter_C_1 is stuck and failed to move!
[2014.09.17-18.19.04:116][360]LogCharacterMovement: blueprintCharacter_C_1 is stuck and failed to move!
[2014.09.17-18.19.04:124][361]LogCharacterMovement: blueprintCharacter_C_1 is stuck and failed to move!
[2014.09.17-18.19.04:133][362]LogCharacterMovement: blueprintCharacter_C_1 is stuck and failed to move!
[2014.09.17-18.19.04:141][363]LogCharacterMovement: blueprintCharacter_C_1 is stuck and failed to move!
[2014.09.17-18.19.04:149][364]LogCharacterMovement: blueprintCharacter_C_1 is stuck and failed to move!
[2014.09.17-18.19.04:158][365]LogCharacterMovement: blueprintCharacter_C_1 is stuck and failed to move!
[2014.09.17-18.19.04:166][366]LogCharacterMovement: blueprintCharacter_C_1 is stuck and failed to move!
[2014.09.17-18.19.04:174][367]LogCharacterMovement: blueprintCharacter_C_1 is stuck and failed to move!
[2014.09.17-18.19.04:183][368]LogCharacterMovement: blueprintCharacter_C_1 is stuck and failed to move!
[2014.09.17-18.19.04:191][369]LogCharacterMovement: blueprintCharacter_C_1 is stuck and failed to move!
[2014.09.17-18.19.04:201][370]LogCharacterMovement: blueprintCharacter_C_1 is stuck and failed to move!
[2014.09.17-18.19.04:208][371]LogCharacterMovement: blueprintCharacter_C_1 is stuck and failed to move!
[2014.09.17-18.19.04:217][372]LogCharacterMovement: blueprintCharacter_C_1 is stuck and failed to move!
[2014.09.17-18.19.04:226][373]LogCharacterMovement: blueprintCharacter_C_1 is stuck and failed to move!
[2014.09.17-18.19.04:234][374]LogCharacterMovement: blueprintCharacter_C_1 is stuck and failed to move!
[2014.09.17-18.19.04:242][375]LogCharacterMovement: blueprintCharacter_C_1 is stuck and failed to move!
[2014.09.17-18.19.04:250][376]LogCharacterMovement: blueprintCharacter_C_1 is stuck and failed to move!
[2014.09.17-18.19.04:259][377]LogCharacterMovement: blueprintCharacter_C_1 is stuck and failed to move!
[2014.09.17-18.19.04:267][378]LogCharacterMovement: blueprintCharacter_C_1 is stuck and failed to move!
[2014.09.17-18.19.04:276][379]LogCharacterMovement: blueprintCharacter_C_1 is stuck and failed to move!
[2014.09.17-18.19.04:284][380]LogCharacterMovement: blueprintCharacter_C_1 is stuck and failed to move!
[2014.09.17-18.19.04:292][381]LogCharacterMovement: blueprintCharacter_C_1 is stuck and failed to move!
[2014.09.17-18.19.06:513][642]LogParticles: Destroying 0 GPU particle simulations for FXSystem 0x00000016B4D76E80
[2014.09.17-18.21.25:533][586]LogEditorViewport: Clicking on Actor (LMB): BP_Sky_Sphere_C (BP_Sky_Shere)
[2014.09.17-18.21.44:975][768]Cmd: BRUSH ADD SELECTNEWBRUSH
[2014.09.17-18.21.44:993][768]LogInstancedFoliage: Map Rebuilt - Update all BSP painted foliage!
[2014.09.17-18.21.52:057][602]LogInstancedFoliage: Map Rebuilt - Update all BSP painted foliage!
[2014.09.17-18.21.54:947][945]LogInstancedFoliage: Map Rebuilt - Update all BSP painted foliage!
[2014.09.17-18.22.03:441][949]LogInstancedFoliage: Map Rebuilt - Update all BSP painted foliage!
[2014.09.17-18.22.05:852][234]LogInstancedFoliage: Map Rebuilt - Update all BSP painted foliage!
[2014.09.17-18.22.11:446][887]LogInstancedFoliage: Map Rebuilt - Update all BSP painted foliage!
[2014.09.17-18.22.18:567][730]LogInstancedFoliage: Map Rebuilt - Update all BSP painted foliage!
[2014.09.17-18.22.21:488][ 75]LogInstancedFoliage: Map Rebuilt - Update all BSP painted foliage!
[2014.09.17-18.22.23:629][327]LogInstancedFoliage: Map Rebuilt - Update all BSP painted foliage!
[2014.09.17-18.22.27:093][737]LogInstancedFoliage: Map Rebuilt - Update all BSP painted foliage!
[2014.09.17-18.22.32:714][397]LogInstancedFoliage: Map Rebuilt - Update all BSP painted foliage!
[2014.09.17-18.22.35:397][712]LogContentBrowser:Verbose: The content browser source was changed by the sources view to '/Game/Materials'
[2014.09.17-18.22.36:160][794]LogContentBrowser:Verbose: The content browser source was changed by the sources view to '/Game/Temporary_Materials'
[2014.09.17-18.22.37:161][913]LogContentBrowser:Verbose: The content browser source was changed by the sources view to '/Game/Temporary_Materials/Floor'
[2014.09.17-18.22.45:987][928]LogInstancedFoliage: Map Rebuilt - Update all BSP painted foliage!
[2014.09.17-18.22.48:055][171]LogInstancedFoliage: Map Rebuilt - Update all BSP painted foliage!
[2014.09.17-18.22.55:041][  1]LogInstancedFoliage: Map Rebuilt - Update all BSP painted foliage!
[2014.09.17-18.22.58:798][446]LogInstancedFoliage: Map Rebuilt - Update all BSP painted foliage!
[2014.09.17-18.23.09:818][744]LogInstancedFoliage: Map Rebuilt - Update all BSP painted foliage!
[2014.09.17-18.23.15:220][378]LogInstancedFoliage: Map Rebuilt - Update all BSP painted foliage!
[2014.09.17-18.23.19:906][925]LogEditorViewport: Clicking on Actor (LMB): StaticMeshActor (SM_Template_Map_Floor)
[2014.09.17-18.23.26:911][751]LogEditorViewport: Clicking on Actor (LMB): StaticMeshActor (SM_Template_Map_Floor)
[2014.09.17-18.23.31:912][343]LogInstancedFoliage: Map Rebuilt - Update all BSP painted foliage!
[2014.09.17-18.23.34:976][706]LogInstancedFoliage: Map Rebuilt - Update all BSP painted foliage!
[2014.09.17-18.23.37:504][  4]LogInstancedFoliage: Map Rebuilt - Update all BSP painted foliage!
[2014.09.17-18.23.38:695][142]LogInstancedFoliage: Map Rebuilt - Update all BSP painted foliage!
[2014.09.17-18.23.53:892][917]LogEditorViewport: Clicking on Actor (LMB): BP_Sky_Sphere_C (BP_Sky_Shere)
[2014.09.17-18.23.56:507][190]LogSavePackage: Save=79.807907ms
[2014.09.17-18.23.56:507][190]LogSavePackage: Moving '../../../../../../Users/ParkerJoseph/Documents/GitHub/Phobophobia/Saved/Tutorial_Map1BF8B8024F8F90168456289ABC74B57F.tmp' to '../../../../../../Users/ParkerJoseph/Documents/GitHub/Phobophobia/Content/Maps/Tutorial_Map.umap'
[2014.09.17-18.23.56:536][190]LogFileHelpers: Saving map 'Tutorial_Map' took 0.175
[2014.09.17-18.23.58:062][367]MapCheck: New page: Map Check
[2014.09.17-18.23.58:078][367]Cmd: MAP REBUILD ALLVISIBLE
[2014.09.17-18.23.58:078][367]LogEditorServer: Rebuildmap Clear paths rebuilt
[2014.09.17-18.23.58:096][367]LogInstancedFoliage: Map Rebuilt - Update all BSP painted foliage!
[2014.09.17-18.23.58:102][367]LightingResults: New page: Lighting Build - Sep 17, 2014, 10:23:58 AM
[2014.09.17-18.24.02:628][367]LogStaticLightingSystem:Warning: No importance volume found, so the scene bounding box was used.  You can optimize your scene's quality and lighting build times by adding importance volumes.
[2014.09.17-18.24.02:644][367]LogStaticLightingSystem: Running Lightmass w/ ImmediateImport mode ENABLED
[2014.09.17-18.24.02:644][367]LogStaticLightingSystem: Running Lightmass w/ ImmediateProcess mode ENABLED
[2014.09.17-18.24.02:644][367]LogStaticLightingSystem: Running Lightmass w/ Sorting mode ENABLED
[2014.09.17-18.24.02:644][367]LogStaticLightingSystem: Running Lightmass w/ Mapping paddings ENABLED
[2014.09.17-18.24.02:644][367]LogStaticLightingSystem: Running Lightmass w/ Mapping debug paddings DISABLED
[2014.09.17-18.24.02:692][367]LogEditorBuildUtils: Build time 0:00:04
[2014.09.17-18.24.03:901][456]LogEpicStorage:Warning: ReadFile request failed. File request already pending for filename=http://cdn.unrealengine.com/newsfeed/blueprint_icon_b.png
[2014.09.17-18.24.03:902][456]LogEpicStorage:Warning: ReadFile request failed. File request already pending for filename=http://cdn.unrealengine.com/newsfeed/blueprint_icon_b.png
[2014.09.17-18.24.07:065][818]Job is a success!
[2014.09.17-18.24.07:258][819]LogTexture:Display: Building textures: HQ_Lightmap0_1 (AutoDXT)
[2014.09.17-18.24.07:365][819]LogTexture:Display: Building textures: LQ_Lightmap_1_3 (DXT1)
[2014.09.17-18.24.07:429][819]LogTexture:Display: Building textures: HQ_Lightmap1_3 (AutoDXT)
[2014.09.17-18.24.07:493][819]LogTexture:Display: Building textures: LQ_Lightmap_0_2 (DXT1)
[2014.09.17-18.24.07:652][819]LogTexture:Display: Building textures: HQ_Lightmap0_2 (AutoDXT)
[2014.09.17-18.24.07:840][819]LogTexture:Display: Building textures: LQ_Lightmap_0_1 (DXT1)
[2014.09.17-18.24.07:975][819]LogTexture:Display: Building textures: ShadowMapTexture2D_6 (BGRA8)
[2014.09.17-18.24.08:083][819]LogTexture:Display: Building textures: ShadowMapTexture2D_7 (BGRA8)
[2014.09.17-18.24.08:105][819]LogTexture:Display: Building textures: ShadowMapTexture2D_8 (BGRA8)
[2014.09.17-18.24.08:119][819]Lightmass on PARKER: 4.99 sec total, 150 ms importing, 33 ms setup, 207 ms photons, 4.59 sec processing, 0 ms extra exporting [63/63 mappings]. Threads: 22.8 sec total, 13.8 sec processing.
[2014.09.17-18.24.08:125][819]LogStaticLightingSystem:Warning: Illumination: 10.0 sec (973 ms encoding lightmaps)
[2014.09.17-18.24.08:125][819]LogStaticLightingSystem: Lightmap texture memory:  2.7 MB (1.3 MB streaming, 1.3 MB non-streaming), 6 textures
[2014.09.17-18.24.08:125][819]LogStaticLightingSystem: Shadowmap texture memory: 0.0 MB (0.0 MB streaming, 0.0 MB non-streaming), 9 textures
[2014.09.17-18.24.08:638][820]Cmd: MAP CHECK NOTIFYRESULTS
[2014.09.17-18.24.08:638][820]MapCheck: New page: Tutorial_Map - Sep 17, 2014, 10:24:08 AM
[2014.09.17-18.24.08:668][820]MapCheck: Info ========== Map Check: 0 Error(s), 0 Warning(s), [29.903ms] ==========
[2014.09.17-18.24.30:375][385]LogSavePackage: Save=109.327858ms
[2014.09.17-18.24.30:375][385]LogSavePackage: Moving '../../../../../../Users/ParkerJoseph/Documents/GitHub/Phobophobia/Saved/Tutorial_MapEA9B92124D31FB42884F9CA0CF9A6AF1.tmp' to '../../../../../../Users/ParkerJoseph/Documents/GitHub/Phobophobia/Content/Maps/Tutorial_Map.umap'
[2014.09.17-18.24.30:394][385]LogFileHelpers: Saving map 'Tutorial_Map' took 0.188
[2014.09.17-18.24.31:165][471]LogPlayLevel: PIE:  No blueprints needed recompiling
[2014.09.17-18.24.31:166][471]PIE: New page: PIE session: Tutorial_Map (Sep 17, 2014, 10:24:31 AM)
[2014.09.17-18.24.31:169][471]LogPlayLevel: PIE: StaticDuplicateObject took: (0.003865s)
[2014.09.17-18.24.31:170][471]LogPlayLevel: PIE: World Init took: (0.000383s)
[2014.09.17-18.24.31:170][471]LogPlayLevel: PIE: Created PIE world by copying editor world from /Game/Maps/Tutorial_Map.Tutorial_Map to /Game/Maps/UEDPIE_0_Tutorial_Map.Tutorial_Map (0.004366s)
[2014.09.17-18.24.31:170][471]LogWorld: Game class is 'MyGame_C'
[2014.09.17-18.24.31:207][471]LogWorld: Bringing World /Game/Maps/UEDPIE_0_Tutorial_Map.Tutorial_Map up for play (max tick rate 0) at 2014.09.17-14.24.31
[2014.09.17-18.24.31:207][471]LogWorld: Bringing up level for play took: 0.001699
[2014.09.17-18.24.31:207][471]LogPlayerController: Spawned spectator SpectatorPawn_2 [server:1]
[2014.09.17-18.24.31:208][471]LogGameMode: RestartPlayer 258
[2014.09.17-18.24.31:208][471]LogPlayerController: ClientRestart_Implementation blueprintCharacter_C_2
[2014.09.17-18.24.31:208][471]LogPlayerController: ServerAcknowledgePossession_Implementation blueprintCharacter_C_2
[2014.09.17-18.24.31:209][471]PIE: Info Play in editor start time for /Game/Maps/UEDPIE_0_Tutorial_Map 0.1
[2014.09.17-18.25.18:863][ 59]LogParticles: Destroying 0 GPU particle simulations for FXSystem 0x00000016CA73A020
[2014.09.17-18.25.28:733][197]LogEditorViewport: Clicking on Actor (LMB): PointLight (PointLight4)
[2014.09.17-18.25.30:022][349]LogEditorViewport: Clicking on Actor (LMB): PointLight (PointLight3)
[2014.09.17-18.25.30:919][454]LogEditorViewport: Clicking on Actor (LMB): PointLight (PointLight4)
[2014.09.17-18.25.32:273][614]Cmd: DELETE
[2014.09.17-18.25.32:273][614]Cmd: ACTOR DELETE
[2014.09.17-18.25.32:274][614]LogEditorActor: Deleted Actor: PointLight
[2014.09.17-18.25.32:284][614]LogEditorActor: Deleted 1 Actors (0.011 secs)
[2014.09.17-18.25.32:706][664]LogEditorViewport: Clicking on Actor (LMB): PointLight (PointLight3)
[2014.09.17-18.25.33:684][779]Cmd: EDIT COPY
[2014.09.17-18.25.34:154][834]Cmd: EDIT PASTE
[2014.09.17-18.25.37:157][187]Cmd: EDIT PASTE
[2014.09.17-18.25.44:161][ 14]LogEditorViewport: Clicking on Actor (LMB): BP_Sky_Sphere_C (BP_Sky_Shere)
[2014.09.17-18.25.44:640][ 69]LogEditorViewport: Clicking on Actor (LMB): PointLight (PointLight10)
[2014.09.17-18.25.45:336][150]Cmd: EDIT COPY
[2014.09.17-18.25.45:854][211]Cmd: EDIT PASTE
[2014.09.17-18.25.48:757][551]LogEditorViewport: Clicking on Actor (LMB): BP_Sky_Sphere_C (BP_Sky_Shere)
[2014.09.17-18.25.49:540][643]LogEditorViewport: Clicking on Actor (LMB): PointLight (PointLight11)
[2014.09.17-18.25.50:353][738]Cmd: EDIT COPY
[2014.09.17-18.25.50:836][795]Cmd: EDIT PASTE
[2014.09.17-18.25.54:077][178]Cmd: CAMERA ALIGN ACTIVEVIEWPORTONLY
[2014.09.17-18.25.54:077][178]Aligned camera to fit all selected actors.
[2014.09.17-18.25.57:175][535]LogEditorViewport: Clicking on Actor (LMB): PointLight (PointLight12)
[2014.09.17-18.25.57:823][610]Cmd: EDIT COPY
[2014.09.17-18.25.58:268][662]Cmd: EDIT PASTE
[2014.09.17-18.26.06:318][600]LogEditorViewport: Clicking on Actor (LMB): BP_Sky_Sphere_C (BP_Sky_Shere)
[2014.09.17-18.26.08:106][775]LogSavePackage: Save=107.668922ms
[2014.09.17-18.26.08:106][775]LogSavePackage: Moving '../../../../../../Users/ParkerJoseph/Documents/GitHub/Phobophobia/Saved/Tutorial_Map9FCACE3A4931A3476B448F813AD1505D.tmp' to '../../../../../../Users/ParkerJoseph/Documents/GitHub/Phobophobia/Content/Maps/Tutorial_Map.umap'
[2014.09.17-18.26.08:130][775]LogFileHelpers: Saving map 'Tutorial_Map' took 0.191
[2014.09.17-18.26.18:040][937]MapCheck: New page: Map Check
[2014.09.17-18.26.18:062][937]Cmd: MAP REBUILD ALLVISIBLE
[2014.09.17-18.26.18:063][937]LogEditorServer: Rebuildmap Clear paths rebuilt
[2014.09.17-18.26.18:083][937]LogInstancedFoliage: Map Rebuilt - Update all BSP painted foliage!
[2014.09.17-18.26.18:089][937]LightingResults: New page: Lighting Build - Sep 17, 2014, 10:26:18 AM
[2014.09.17-18.26.22:624][937]LogStaticLightingSystem:Warning: No importance volume found, so the scene bounding box was used.  You can optimize your scene's quality and lighting build times by adding importance volumes.
[2014.09.17-18.26.22:637][937]LogStaticLightingSystem: Running Lightmass w/ ImmediateImport mode ENABLED
[2014.09.17-18.26.22:637][937]LogStaticLightingSystem: Running Lightmass w/ ImmediateProcess mode ENABLED
[2014.09.17-18.26.22:637][937]LogStaticLightingSystem: Running Lightmass w/ Sorting mode ENABLED
[2014.09.17-18.26.22:637][937]LogStaticLightingSystem: Running Lightmass w/ Mapping paddings ENABLED
[2014.09.17-18.26.22:637][937]LogStaticLightingSystem: Running Lightmass w/ Mapping debug paddings DISABLED
[2014.09.17-18.26.22:684][937]LogEditorBuildUtils: Build time 0:00:04
[2014.09.17-18.26.26:790][361]Job is a success!
[2014.09.17-18.26.26:974][362]LogTexture:Display: Building textures: HQ_Lightmap0_1 (AutoDXT)
[2014.09.17-18.26.27:084][362]LogTexture:Display: Building textures: LQ_Lightmap_0_3 (DXT1)
[2014.09.17-18.26.27:148][362]LogTexture:Display: Building textures: HQ_Lightmap0_3 (AutoDXT)
[2014.09.17-18.26.27:212][362]LogTexture:Display: Building textures: LQ_Lightmap_1_2 (DXT1)
[2014.09.17-18.26.27:371][362]LogTexture:Display: Building textures: HQ_Lightmap1_2 (AutoDXT)
[2014.09.17-18.26.27:560][362]LogTexture:Display: Building textures: LQ_Lightmap_0_1 (DXT1)
[2014.09.17-18.26.27:697][362]LogTexture:Display: Building textures: ShadowMapTexture2D_9 (BGRA8)
[2014.09.17-18.26.27:813][362]LogTexture:Display: Building textures: ShadowMapTexture2D_10 (BGRA8)
[2014.09.17-18.26.27:833][362]LogTexture:Display: Building textures: ShadowMapTexture2D_11 (BGRA8)
[2014.09.17-18.26.27:853][362]LogStaticLightingSystem:Warning: Illumination: 9.74 sec (983 ms encoding lightmaps)
[2014.09.17-18.26.27:853][362]LogStaticLightingSystem: Lightmap texture memory:  2.7 MB (1.3 MB streaming, 1.3 MB non-streaming), 6 textures
[2014.09.17-18.26.27:853][362]LogStaticLightingSystem: Shadowmap texture memory: 0.0 MB (0.0 MB streaming, 0.0 MB non-streaming), 12 textures
[2014.09.17-18.26.28:633][363]Lightmass on PARKER: 4.85 sec total, 126 ms importing, 31 ms setup, 204 ms photons, 4.46 sec processing, 0 ms extra exporting [63/63 mappings]. Threads: 22.2 sec total, 13.3 sec processing.
[2014.09.17-18.26.28:633][363]Cmd: MAP CHECK NOTIFYRESULTS
[2014.09.17-18.26.28:634][363]MapCheck: New page: Tutorial_Map - Sep 17, 2014, 10:26:28 AM
[2014.09.17-18.26.28:657][363]MapCheck: Info ========== Map Check: 0 Error(s), 0 Warning(s), [23.577ms] ==========
[2014.09.17-18.26.30:914][594]LogSavePackage: Save=113.034615ms
[2014.09.17-18.26.30:914][594]LogSavePackage: Moving '../../../../../../Users/ParkerJoseph/Documents/GitHub/Phobophobia/Saved/Tutorial_Map0FA8A22748691D5DB2E5AF9CB904256A.tmp' to '../../../../../../Users/ParkerJoseph/Documents/GitHub/Phobophobia/Content/Maps/Tutorial_Map.umap'
[2014.09.17-18.26.30:934][594]LogFileHelpers: Saving map 'Tutorial_Map' took 0.192
[2014.09.17-18.39.04:002][842]LogEpicStorage:Warning: ReadFile request failed. File request already pending for filename=http://cdn.unrealengine.com/newsfeed/blueprint_icon_b.png
[2014.09.17-18.39.04:003][842]LogEpicStorage:Warning: ReadFile request failed. File request already pending for filename=http://cdn.unrealengine.com/newsfeed/blueprint_icon_b.png
[2014.09.17-18.39.17:369][365]Cmd: QUIT_EDITOR
[2014.09.17-18.39.17:410][365]LogWindowsTextInputMethodSystem:Error: Terminating failed while unadvising the language notification sink from the TSF source.
[2014.09.17-18.39.17:412][365]LogExit: Preparing to exit.
[2014.09.17-18.39.18:326][365]LogExit: Editor shut down
[2014.09.17-18.39.18:326][365]LogExit: Transaction tracking system shut down
[2014.09.17-18.39.18:327][365]LogParticles: Destroying 0 GPU particle simulations for FXSystem 0x00000016B4A98680
[2014.09.17-18.39.18:327][365]LogParticles: Destroying 0 GPU particle simulations for FXSystem 0x00000016B3148C20
[2014.09.17-18.39.18:327][365]LogParticles: Destroying 0 GPU particle simulations for FXSystem 0x00000016B3148F40
[2014.09.17-18.39.18:345][365]LogExit: Object subsystem successfully closed.
[2014.09.17-18.39.18:364][365]LogModuleManager: Shutting down and abandoning module AndroidDeviceDetection (164)
[2014.09.17-18.39.18:364][365]LogModuleManager: Shutting down and abandoning module StatsViewer (163)
[2014.09.17-18.39.18:364][365]LogModuleManager: Shutting down and abandoning module DesktopPlatform (162)
[2014.09.17-18.39.18:364][365]LogModuleManager: Shutting down and abandoning module CrashTracker (161)
[2014.09.17-18.39.18:364][365]LogModuleManager: Shutting down and abandoning module HTTP (160)
[2014.09.17-18.39.18:364][365]LogModuleManager: Shutting down and abandoning module NewsFeed (159)
[2014.09.17-18.39.18:364][365]LogModuleManager: Shutting down and abandoning module SceneOutliner (158)
[2014.09.17-18.39.18:364][365]LogModuleManager: Shutting down and abandoning module EditorWidgets (157)
[2014.09.17-18.39.18:364][365]LogModuleManager: Shutting down and abandoning module CollectionManager (156)
[2014.09.17-18.39.18:364][365]LogModuleManager: Shutting down and abandoning module FoliageEdit (155)
[2014.09.17-18.39.18:364][365]LogModuleManager: Shutting down and abandoning module LandscapeEditor (154)
[2014.09.17-18.39.18:367][365]LogModuleManager: Shutting down and abandoning module MeshPaint (153)
[2014.09.17-18.39.18:367][365]LogModuleManager: Shutting down and abandoning module ActorPickerMode (152)
[2014.09.17-18.39.18:367][365]LogModuleManager: Shutting down and abandoning module GeometryMode (151)
[2014.09.17-18.39.18:367][365]LogModuleManager: Shutting down and abandoning module TextureAlignMode (150)
[2014.09.17-18.39.18:367][365]LogModuleManager: Shutting down and abandoning module BspMode (149)
[2014.09.17-18.39.18:367][365]LogModuleManager: Shutting down and abandoning module PlacementMode (148)
[2014.09.17-18.39.18:367][365]LogModuleManager: Shutting down and abandoning module AutomationWorker (147)
[2014.09.17-18.39.18:367][365]LogModuleManager: Shutting down and abandoning module ViewportSnapping (146)
[2014.09.17-18.39.18:367][365]LogModuleManager: Shutting down and abandoning module DeviceProfileEditor (145)
[2014.09.17-18.39.18:367][365]LogModuleManager: Shutting down and abandoning module UndoHistory (144)
[2014.09.17-18.39.18:367][365]LogModuleManager: Shutting down and abandoning module GameplayTagsEditor (143)
[2014.09.17-18.39.18:367][365]LogModuleManager: Shutting down and abandoning module UserFeedback (142)
[2014.09.17-18.39.18:367][365]LogModuleManager: Shutting down and abandoning module XmlParser (141)
[2014.09.17-18.39.18:367][365]LogModuleManager: Shutting down and abandoning module Blutility (140)
[2014.09.17-18.39.18:367][365]LogModuleManager: Shutting down and abandoning module AndroidPlatformEditor (137)
[2014.09.17-18.39.18:367][365]LogModuleManager: Shutting down and abandoning module AndroidRuntimeSettings (136)
[2014.09.17-18.39.18:367][365]LogModuleManager: Shutting down and abandoning module ProjectSettingsViewer (135)
[2014.09.17-18.39.18:367][365]LogModuleManager: Shutting down and abandoning module InputBindingEditor (134)
[2014.09.17-18.39.18:368][365]LogModuleManager: Shutting down and abandoning module EditorSettingsViewer (133)
[2014.09.17-18.39.18:368][365]LogModuleManager: Shutting down and abandoning module SettingsEditor (132)
[2014.09.17-18.39.18:368][365]LogModuleManager: Shutting down and abandoning module SessionLauncher (131)
[2014.09.17-18.39.18:368][365]LogModuleManager: Shutting down and abandoning module SessionFrontend (130)
[2014.09.17-18.39.18:368][365]LogModuleManager: Shutting down and abandoning module ProfilerClient (129)
[2014.09.17-18.39.18:368][365]LogModuleManager: Shutting down and abandoning module TargetDeviceServices (128)
[2014.09.17-18.39.18:368][365]LogModuleManager: Shutting down and abandoning module DeviceManager (127)
[2014.09.17-18.39.18:368][365]LogModuleManager: Shutting down and abandoning module AutomationController (126)
[2014.09.17-18.39.18:368][365]LogModuleManager: Shutting down and abandoning module AutomationWindow (125)
[2014.09.17-18.39.18:368][365]LogModuleManager: Shutting down and abandoning module Layers (124)
[2014.09.17-18.39.18:368][365]LogModuleManager: Shutting down and abandoning module ComponentVisualizers (123)
[2014.09.17-18.39.18:368][365]LogModuleManager: Shutting down and abandoning module DetailCustomizations (122)
[2014.09.17-18.39.18:368][365]LogModuleManager: Shutting down and abandoning module PackagesDialog (121)
[2014.09.17-18.39.18:368][365]LogModuleManager: Shutting down and abandoning module PropertyEditor (120)
[2014.09.17-18.39.18:368][365]LogModuleManager: Shutting down and abandoning module DirectoryWatcher (119)
[2014.09.17-18.39.18:368][365]LogModuleManager: Shutting down and abandoning module AssetRegistry (118)
[2014.09.17-18.39.18:433][365]LogModuleManager: Shutting down and abandoning module Persona (117)
[2014.09.17-18.39.18:433][365]LogModuleManager: Shutting down and abandoning module GraphEditor (116)
[2014.09.17-18.39.18:433][365]LogModuleManager: Shutting down and abandoning module ContentBrowser (115)
[2014.09.17-18.39.18:433][365]LogModuleManager: Shutting down and abandoning module ClassViewer (114)
[2014.09.17-18.39.18:433][365]LogModuleManager: Shutting down and abandoning module Toolbox (113)
[2014.09.17-18.39.18:433][365]LogModuleManager: Shutting down and abandoning module ModuleUI (112)
[2014.09.17-18.39.18:433][365]LogModuleManager: Shutting down and abandoning module Sequencer (111)
[2014.09.17-18.39.18:433][365]LogModuleManager: Shutting down and abandoning module AssetTools (110)
[2014.09.17-18.39.18:433][365]LogModuleManager: Shutting down and abandoning module MovieSceneTools (109)
[2014.09.17-18.39.18:433][365]LogModuleManager: Shutting down and abandoning module OutputLog (108)
[2014.09.17-18.39.18:433][365]LogModuleManager: Shutting down and abandoning module GammaUI (107)
[2014.09.17-18.39.18:433][365]LogModuleManager: Shutting down and abandoning module Documentation (106)
[2014.09.17-18.39.18:433][365]LogModuleManager: Shutting down and abandoning module StreamingPauseRendering (105)
[2014.09.17-18.39.18:433][365]LogModuleManager: Shutting down and abandoning module AnalyticsET (104)
[2014.09.17-18.39.18:433][365]LogModuleManager: Shutting down and abandoning module Analytics (103)
[2014.09.17-18.39.18:433][365]LogModuleManager: Shutting down and abandoning module ProfilerService (102)
[2014.09.17-18.39.18:615][365]LogModuleManager: Shutting down and abandoning module TaskGraph (101)
[2014.09.17-18.39.18:615][365]LogModuleManager: Shutting down and abandoning module GameProjectGeneration (100)
[2014.09.17-18.39.18:615][365]LogModuleManager: Shutting down and abandoning module Matinee (99)
[2014.09.17-18.39.18:615][365]LogModuleManager: Shutting down and abandoning module Kismet (98)
[2014.09.17-18.39.18:615][365]LogModuleManager: Shutting down and abandoning module SlateReflector (97)
[2014.09.17-18.39.18:615][365]LogModuleManager: Shutting down and abandoning module LevelEditor (96)
[2014.09.17-18.39.18:615][365]LogModuleManager: Shutting down and abandoning module MainFrame (95)
[2014.09.17-18.39.18:615][365]LogModuleManager: Shutting down and abandoning module SourceControl (94)
[2014.09.17-18.39.18:616][365]LogModuleManager: Shutting down and abandoning module ImageWrapper (93)
[2014.09.17-18.39.18:616][365]LogModuleManager: Shutting down and abandoning module OnlineBlueprintSupport (92)
[2014.09.17-18.39.18:616][365]LogModuleManager: Shutting down and abandoning module FunctionalTesting (91)
[2014.09.17-18.39.18:616][365]LogModuleManager: Shutting down and abandoning module CollisionAnalyzer (90)
[2014.09.17-18.39.18:616][365]LogModuleManager: Shutting down and abandoning module WorkspaceMenuStructure (89)
[2014.09.17-18.39.18:616][365]LogModuleManager: Shutting down and abandoning module MessageLog (88)
[2014.09.17-18.39.18:616][365]LogModuleManager: Shutting down and abandoning module Slate (87)
[2014.09.17-18.39.18:616][365]LogModuleManager: Shutting down and abandoning module EditorStyle (86)
[2014.09.17-18.39.18:617][365]LogModuleManager: Shutting down and abandoning module SessionServices (85)
[2014.09.17-18.39.18:617][365]LogModuleManager: Shutting down and abandoning module Messaging (84)
[2014.09.17-18.39.18:617][365]LogModuleManager: Shutting down and abandoning module SourceCodeAccess (83)
[2014.09.17-18.39.18:617][365]LogModuleManager: Shutting down and abandoning module HeadMountedDisplay (82)
[2014.09.17-18.39.18:617][365]LogModuleManager: Shutting down and abandoning module XAudio2 (81)
[2014.09.17-18.39.18:617][365]LogModuleManager: Shutting down and abandoning module Networking (79)
[2014.09.17-18.39.18:617][365]LogModuleManager: Shutting down and abandoning module Core (78)
[2014.09.17-18.39.18:617][365]LogModuleManager: Shutting down and abandoning module KismetCompiler (77)
[2014.09.17-18.39.18:617][365]LogModuleManager: Shutting down and abandoning module PhysXFormats (76)
[2014.09.17-18.39.18:617][365]LogModuleManager: Shutting down and abandoning module SimplygonMeshReduction (75)
[2014.09.17-18.39.18:617][365]LogModuleManager: Shutting down and abandoning module MeshUtilities (74)
[2014.09.17-18.39.18:617][365]LogModuleManager: Shutting down and abandoning module DerivedDataCache (73)
[2014.09.17-18.39.18:697][365]LogDerivedDataCache: Shutdown
[2014.09.17-18.39.18:697][365]LogModuleManager: Shutting down and abandoning module ShaderFormatOpenGL (72)
[2014.09.17-18.39.18:697][365]LogModuleManager: Shutting down and abandoning module ShaderFormatD3D (71)
[2014.09.17-18.39.18:697][365]LogModuleManager: Shutting down and abandoning module TextureFormatUncompressed (70)
[2014.09.17-18.39.18:697][365]LogModuleManager: Shutting down and abandoning module TextureFormatPVR (69)
[2014.09.17-18.39.18:697][365]LogModuleManager: Shutting down and abandoning module TextureFormatDXT (68)
[2014.09.17-18.39.18:697][365]LogModuleManager: Shutting down and abandoning module TextureFormatAndroid (67)
[2014.09.17-18.39.18:697][365]LogModuleManager: Shutting down and abandoning module AudioFormatOpus (66)
[2014.09.17-18.39.18:697][365]LogModuleManager: Shutting down and abandoning module AudioFormatOgg (65)
[2014.09.17-18.39.18:697][365]LogModuleManager: Shutting down and abandoning module AudioFormatADPCM (64)
[2014.09.17-18.39.18:697][365]LogModuleManager: Shutting down and abandoning module Android_PVRTCTargetPlatform (63)
[2014.09.17-18.39.18:697][365]LogModuleManager: Shutting down and abandoning module Android_ETC2TargetPlatform (62)
[2014.09.17-18.39.18:697][365]LogModuleManager: Shutting down and abandoning module Android_ETC1TargetPlatform (61)
[2014.09.17-18.39.18:697][365]LogModuleManager: Shutting down and abandoning module Android_DXTTargetPlatform (60)
[2014.09.17-18.39.18:697][365]LogModuleManager: Shutting down and abandoning module Android_ATCTargetPlatform (59)
[2014.09.17-18.39.18:697][365]LogModuleManager: Shutting down and abandoning module AndroidTargetPlatform (58)
[2014.09.17-18.39.18:697][365]LogModuleManager: Shutting down and abandoning module WindowsTargetPlatform (57)
[2014.09.17-18.39.18:697][365]LogModuleManager: Shutting down and abandoning module WindowsServerTargetPlatform (56)
[2014.09.17-18.39.18:697][365]LogModuleManager: Shutting down and abandoning module WindowsNoEditorTargetPlatform (55)
[2014.09.17-18.39.18:697][365]LogModuleManager: Shutting down and abandoning module WindowsClientTargetPlatform (54)
[2014.09.17-18.39.18:697][365]LogModuleManager: Shutting down and abandoning module TargetPlatform (53)
[2014.09.17-18.39.18:697][365]LogModuleManager: Shutting down and abandoning module InputCore (52)
[2014.09.17-18.39.18:697][365]LogModuleManager: Shutting down and abandoning module Settings (51)
[2014.09.17-18.39.18:697][365]LogModuleManager: Shutting down and abandoning module TextureCompressor (48)
[2014.09.17-18.39.18:697][365]LogModuleManager: Shutting down and abandoning module ShaderCore (47)
[2014.09.17-18.39.18:697][365]LogModuleManager: Shutting down and abandoning module OpenGLDrv (46)
[2014.09.17-18.39.18:697][365]LogModuleManager: Shutting down and abandoning module D3D11RHI (45)
[2014.09.17-18.39.18:697][365]LogModuleManager: Shutting down and abandoning module SlateRHIRenderer (44)
[2014.09.17-18.39.18:697][365]LogModuleManager: Shutting down and abandoning module Renderer (43)
[2014.09.17-18.39.18:697][365]LogModuleManager: Shutting down and abandoning module Engine (42)
[2014.09.17-18.39.18:697][365]LogModuleManager: Shutting down and abandoning module SlateRemote (41)
[2014.09.17-18.39.18:697][365]LogModuleManager: Shutting down and abandoning module ScriptPlugin (40)
[2014.09.17-18.39.18:697][365]LogModuleManager: Shutting down and abandoning module ScriptEditorPlugin (38)
[2014.09.17-18.39.18:697][365]LogModuleManager: Shutting down and abandoning module WindowsMoviePlayer (37)
[2014.09.17-18.39.18:698][365]LogModuleManager: Shutting down and abandoning module ExampleDeviceProfileSelector (32)
[2014.09.17-18.39.18:698][365]LogModuleManager: Shutting down and abandoning module CustomMeshComponent (31)
[2014.09.17-18.39.18:698][365]LogModuleManager: Shutting down and abandoning module CableComponent (30)
[2014.09.17-18.39.18:698][365]LogModuleManager: Shutting down and abandoning module OculusRift (26)
[2014.09.17-18.39.18:698][365]LogModuleManager: Shutting down and abandoning module UdpMessaging (25)
[2014.09.17-18.39.18:799][365]LogModuleManager: Shutting down and abandoning module MessagingDebugger (24)
[2014.09.17-18.39.18:799][365]LogModuleManager: Shutting down and abandoning module PluginsEditor (14)
[2014.09.17-18.39.18:799][365]LogModuleManager: Shutting down and abandoning module IntroTutorials (13)
[2014.09.17-18.39.18:799][365]LogModuleManager: Shutting down and abandoning module EpicSurvey (12)
[2014.09.17-18.39.18:799][365]LogModuleManager: Shutting down and abandoning module VisualStudioSourceCodeAccess (10)
[2014.09.17-18.39.18:799][365]LogModuleManager: Shutting down and abandoning module UObjectPlugin (9)
[2014.09.17-18.39.18:799][365]LogModuleManager: Shutting down and abandoning module SubversionSourceControl (8)
[2014.09.17-18.39.18:799][365]LogModuleManager: Shutting down and abandoning module PerforceSourceControl (7)
[2014.09.17-18.39.18:799][365]LogModuleManager: Shutting down and abandoning module BlankPlugin (6)
[2014.09.17-18.39.18:799][365]LogModuleManager: Shutting down and abandoning module CoreUObject (5)
[2014.09.17-18.39.18:799][365]LogModuleManager: Shutting down and abandoning module NetworkFile (4)
[2014.09.17-18.39.18:799][365]LogModuleManager: Shutting down and abandoning module StreamingFile (3)
[2014.09.17-18.39.18:799][365]LogModuleManager: Shutting down and abandoning module SandboxFile (2)
[2014.09.17-18.39.18:799][365]LogModuleManager: Shutting down and abandoning module PakFile (1)
[2014.09.17-18.39.18:799][365]LogExit: Exiting.
[2014.09.17-18.39.18:801][365]Log file closed, 09/17/14 14:39:18
