Log file open, 10/09/14 17:59:04
LogInit:Display: Running engine for game: Phobophobia
LogInit: Version: 4.4.3-2296771+++depot+UE4-Releases+4.4
LogInit: API Version: 2255576
LogInit: Compiled (64-bit): Sep 13 2014 22:30:58
LogInit: Build Configuration: Development
LogInit: Branch Name: ++depot+UE4-Releases+4.4
LogInit: Command line:  
LogInit: Base directory: C:/Program Files/Unreal Engine/4.4/Engine/Binaries/Win64/
LogInit: Rocket: 1
[2014.10.09-21.59.04:913][  0]LogTaskGraph: Started task graph with 3 named threads and 4 total threads.
[2014.10.09-21.59.04:944][  0]LogOnline:Warning: No default platform service specified for OnlineSubsystem
[2014.10.09-21.59.04:957][  0]LogInit: Presizing for 0 objects not considered by GC, pre-allocating 0 bytes.
[2014.10.09-21.59.04:964][  0]LogInit: Object subsystem initialized
[2014.10.09-21.59.04:966][  0]LogInit: Selected Device Profile: [Windows]
[2014.10.09-21.59.04:966][  0]LogInit: Applying CVar settings loaded from the selected device profile: [Windows]
[2014.10.09-21.59.04:976][  0]LogInit: Computer: MININT-IBCU80N
[2014.10.09-21.59.04:976][  0]LogInit: User: Mitchell
[2014.10.09-21.59.04:979][  0]LogInit: CPU Page size=4096, Cores=4
[2014.10.09-21.59.04:979][  0]LogInit: High frequency timer resolution =2.143642 MHz
[2014.10.09-21.59.04:979][  0]LogMemory: Memory total: Physical=7.9GB (8GB approx) Virtual=8192.0GB
[2014.10.09-21.59.04:979][  0]LogMemory: Platform Memory Stats for Windows
[2014.10.09-21.59.04:979][  0]LogMemory: Process Physical Memory: 62.88 MB used, 62.88 MB peak
[2014.10.09-21.59.04:979][  0]LogMemory: Process Virtual Memory: 38.55 MB used, 38.55 MB peak
[2014.10.09-21.59.04:979][  0]LogMemory: Physical Memory: 3332.50 MB used, 8086.17 MB total
[2014.10.09-21.59.04:979][  0]LogMemory: Virtual Memory: 261.83 MB used, 8388608.00 MB total
[2014.10.09-21.59.05:035][  0]LogD3D11RHI: Found D3D11 adapter 0: Intel(R) HD Graphics Family (Feature Level 11_0)
[2014.10.09-21.59.05:035][  0]LogD3D11RHI: Adapter has 64MB of dedicated video memory, 0MB of dedicated system memory, and 1632MB of shared system memory, 1 output[s]
[2014.10.09-21.59.05:035][  0]LogD3D11RHI: Chosen D3D11 Adapter Id = 0
[2014.10.09-21.59.05:045][  0]LogRHI: Texture pool is 616 MB (70% of 880 MB)
[2014.10.09-21.59.05:061][  0]LogD3D11RHI: Async texture creation enabled
[2014.10.09-21.59.05:177][  0]LogContentStreaming: Texture pool size is 0.000000MB
[2014.10.09-21.59.06:842][  0]LogTargetPlatformManager:Display: Building Assets For Windows
[2014.10.09-21.59.07:314][  0]LogTargetPlatformManager:Display: Building Assets For Windows
[2014.10.09-21.59.07:366][  0]LogDerivedDataCache:Display: Max Cache Size: 512 MB
[2014.10.09-21.59.07:462][  0]LogDerivedDataCache: Loaded boot cache 0.10s 39MB C:/Users/Mitchell/AppData/Local/UnrealEngine/4.4/DerivedDataCache/Boot.ddc.
[2014.10.09-21.59.07:462][  0]LogDerivedDataCache:Display: Loaded Boot cache: C:/Users/Mitchell/AppData/Local/UnrealEngine/4.4/DerivedDataCache/Boot.ddc
[2014.10.09-21.59.07:462][  0]LogDerivedDataCache: FDerivedDataBackendGraph:  Pak pak cache file ../../../../../../Users/Mitchell/Documents/Unhinged/Phobophobia 4.4/DerivedDataCache/DDC.ddp not found, will not use a pak cache.
[2014.10.09-21.59.07:462][  0]LogDerivedDataCache: Unable to find inner node Pak for hierarchical cache Hierarchy.
[2014.10.09-21.59.07:483][  0]LogDerivedDataCache:Display: Pak cache opened for reading ../../../Engine/DerivedDataCache/DDC.ddp.
[2014.10.09-21.59.07:495][  0]LogDerivedDataCache: Using Local data cache path C:/Users/Mitchell/AppData/Local/UnrealEngine/4.4/DerivedDataCache: Writable
[2014.10.09-21.59.07:694][  0]LogMeshUtilities: No automatic mesh reduction module available
[2014.10.09-21.59.07:694][  0]LogMeshUtilities: No automatic mesh merging module available
[2014.10.09-21.59.08:313][  0]LogInit: WinSock: version 1.1 (2.2), MaxSocks=32767, MaxUdp=65467
[2014.10.09-21.59.09:337][  0]LogStats:Warning: MetaData mismatch. Did you assign a stat to two groups? New //STATGROUP_Threads//FMonitoredProcess///Thread_5dd4_0///////STATCAT_Advanced//// old //STATGROUP_Threads//FMonitoredProcess///Thread_5c5c_0///////STATCAT_Advanced////
[2014.10.09-21.59.09:337][  0]UdpMessaging: Initializing bridge on interface 0.0.0.0:0 to multicast group 230.0.0.1:6666.
[2014.10.09-21.59.09:471][  0]SourceControl: Info Source control is disabled
[2014.10.09-21.59.09:471][  0]SourceControl: Info Source control is disabled
[2014.10.09-21.59.09:481][  0]SourceControl: Info Source control is disabled
[2014.10.09-21.59.09:708][  0]BlueprintLog: New page: Editor Load
[2014.10.09-21.59.09:836][  0]LogObj: 21438 objects as part of root set at end of initial load.
[2014.10.09-21.59.09:836][  0]LogUObjectAllocator: 4218656 out of 0 bytes used by permanent object pool.
[2014.10.09-21.59.10:024][  0]LogEngine: Initializing Engine...
[2014.10.09-21.59.10:164][  0]LogInit: XAudio2 using 'Speakers (Realtek High Definition Audio)' : 2 channels at 48 kHz using 32 bits per sample (channel mask 0x3)
[2014.10.09-21.59.10:178][  0]LogInit: FAudioDevice initialized.
[2014.10.09-21.59.10:199][  0]LogAIModule: Creating AISystem for world NewWorld
[2014.10.09-21.59.10:264][  0]LogDerivedDataCache: Saved boot cache 0.06s 39MB C:/Users/Mitchell/AppData/Local/UnrealEngine/4.4/DerivedDataCache/Boot.ddc.
[2014.10.09-21.59.10:269][  0]LogInit: Texture streaming: Enabled
[2014.10.09-21.59.10:311][  0]LogInit: Transaction tracking system initialized
[2014.10.09-21.59.10:444][  0]LogAssetRegistry: FAssetRegistry took 0.0103 seconds to start up
[2014.10.09-21.59.10:984][  0]LogTargetPlatformManager:Display: Building Assets For Windows
[2014.10.09-21.59.11:339][  0]LogTargetPlatformManager:Display: Building Assets For Windows
[2014.10.09-21.59.11:494][  0]LogConsoleResponse:Display: 
[2014.10.09-21.59.11:701][  0]LogStats:Warning: MetaData mismatch. Did you assign a stat to two groups? New //STATGROUP_Threads//FMonitoredProcess///Thread_5970_0///////STATCAT_Advanced//// old //STATGROUP_Threads//FMonitoredProcess///Thread_5c5c_0///////STATCAT_Advanced////
[2014.10.09-21.59.11:701][  0]LogStats:Warning: MetaData mismatch. Did you assign a stat to two groups? New //STATGROUP_Threads//FMonitoredProcess///Thread_5f08_0///////STATCAT_Advanced//// old //STATGROUP_Threads//FMonitoredProcess///Thread_5c5c_0///////STATCAT_Advanced////
[2014.10.09-21.59.11:701][  0]SourceControl: Info Source control is disabled
[2014.10.09-21.59.11:701][  0]Cmd: MAP LOAD FILE="../../../../../../Users/Mitchell/Documents/Unhinged/Phobophobia 4.4/Content/Maps/Main_Menu.umap" TEMPLATE=0 SHOWPROGRESS=1
[2014.10.09-21.59.11:702][  0]LightingResults: New page: Lighting Build
[2014.10.09-21.59.11:712][  0]MapCheck: New page: Map Check
[2014.10.09-21.59.11:712][  0]LightingResults: New page: Lighting Build
[2014.10.09-21.59.11:725][  0]LogParticles: Destroying 0 GPU particle simulations for FXSystem 0x000000001656C7C0
[2014.10.09-21.59.11:798][  0]LogEditorServer: Finished looking for orphan Actors (0.000 secs)
[2014.10.09-21.59.11:798][  0]LogAIModule: Creating AISystem for world Main_Menu
[2014.10.09-21.59.11:799][  0]Cmd: MAP CHECKDEP
[2014.10.09-21.59.11:799][  0]MapCheck: New page: Main_Menu - Oct 9, 2014, 1:59:11 PM
[2014.10.09-21.59.11:935][  0]MapCheck: Info ========== Map Check: 0 Error(s), 0 Warning(s), [135.93ms] ==========
[2014.10.09-21.59.11:935][  0]LogFileHelpers: Loading map 'Main_Menu' took 0.234
[2014.10.09-21.59.12:070][  0]LogCollectionManager: Loaded 0 collections in 0.001047 seconds
[2014.10.09-21.59.12:167][  0]LogCrashTracker: Crashtracker disabled due to settings.
[2014.10.09-21.59.12:242][  0]LogLoad: Full Startup: 9.28 seconds (BP compile: 0.02 seconds)
[2014.10.09-21.59.12:258][  0]LogContentBrowser:Verbose: The content browser source was changed by the sources view to '/Game/Textures'
[2014.10.09-21.59.12:387][  0]LogRenderer:Warning: Reallocating scene render targets to support 432x312.
[2014.10.09-21.59.12:762][  3]LogAssetRegistry: Asset discovery search completed in 2.3291 seconds
[2014.10.09-21.59.33:403][632]LogRenderer:Warning: Reallocating scene render targets to support 736x584.
[2014.10.09-21.59.38:853][841]Cmd: MAP LOAD FILE="../../../../../../Users/Mitchell/Documents/Unhinged/Phobophobia 4.4/Content/Maps/Programming.umap" TEMPLATE=0 SHOWPROGRESS=1
[2014.10.09-21.59.38:853][841]LightingResults: New page: Lighting Build
[2014.10.09-21.59.38:874][841]LoadErrors: New page: Loading map: Programming.umap
[2014.10.09-21.59.38:875][841]MapCheck: New page: Map Check
[2014.10.09-21.59.38:875][841]LightingResults: New page: Lighting Build
[2014.10.09-21.59.38:900][841]LogParticles: Destroying 0 GPU particle simulations for FXSystem 0x000000000E3D39C0
[2014.10.09-21.59.39:788][841]LogOutputDevice: === Handled error: ===
Ensure condition failed: 1 == StructProperty->ArrayDim [File:D:\BuildFarm\buildmachine_++depot+UE4-Releases+4.4\Engine\Source\Editor\KismetCompiler\Private\KismetCompilerVMBackend.cpp] [Line: 460]

Stack: Address = 0xf0695216 (filename not found) [in C:\Program Files\Unreal Engine\4.4\Engine\Binaries\Win64\UE4Editor-Core.dll]
Address = 0xf05219d1 (filename not found) [in C:\Program Files\Unreal Engine\4.4\Engine\Binaries\Win64\UE4Editor-Core.dll]
Address = 0xeca18874 (filename not found) [in C:\Program Files\Unreal Engine\4.4\Engine\Binaries\Win64\UE4Editor-KismetCompiler.dll]
Address = 0xeca1803c (filename not found) [in C:\Program Files\Unreal Engine\4.4\Engine\Binaries\Win64\UE4Editor-KismetCompiler.dll]
Address = 0xeca27938 (filename not found) [in C:\Program Files\Unreal Engine\4.4\Engine\Binaries\Win64\UE4Editor-KismetCompiler.dll]
Address = 0xeca078f7 (filename not found) [in C:\Program Files\Unreal Engine\4.4\Engine\Binaries\Win64\UE4Editor-KismetCompiler.dll]
Address = 0xeca27b8d (filename not found) [in C:\Program Files\Unreal Engine\4.4\Engine\Binaries\Win64\UE4Editor-KismetCompiler.dll]
Address = 0xeca031a3 (filename not found) [in C:\Program Files\Unreal Engine\4.4\Engine\Binaries\Win64\UE4Editor-KismetCompiler.dll]
Address = 0xeca03ccc (filename not found) [in C:\Program Files\Unreal Engine\4.4\Engine\Binaries\Win64\UE4Editor-KismetCompiler.dll]
Address = 0xeca0383e (filename not found) [in C:\Program Files\Unreal Engine\4.4\Engine\Binaries\Win64\UE4Editor-KismetCompiler.dll]
Address = 0xe9a1191a (filename not found) [in C:\Program Files\Unreal Engine\4.4\Engine\Binaries\Win64\UE4Editor-UnrealEd.dll]
Address = 0xe99d8254 (filename not found) [in C:\Program Files\Unreal Engine\4.4\Engine\Binaries\Win64\UE4Editor-UnrealEd.dll]
Address = 0xf0144adb (filename not found) [in C:\Program Files\Unreal Engine\4.4\Engine\Binaries\Win64\UE4Editor-CoreUObject.dll]
Address = 0xf018ffe6 (filename not found) [in C:\Program Files\Unreal Engine\4.4\Engine\Binaries\Win64\UE4Editor-CoreUObject.dll]
Address = 0xf01aab54 (filename not found) [in C:\Program Files\Unreal Engine\4.4\Engine\Binaries\Win64\UE4Editor-CoreUObject.dll]
Address = 0xf017ebc4 (filename not found) [in C:\Program Files\Unreal Engine\4.4\Engine\Binaries\Win64\UE4Editor-CoreUObject.dll]
Address = 0xf0151f68 (filename not found) [in C:\Program Files\Unreal Engine\4.4\Engine\Binaries\Win64\UE4Editor-CoreUObject.dll]
Address = 0xf01b426f (filename not found) [in C:\Program Files\Unreal Engine\4.4\Engine\Binaries\Win64\UE4Editor-CoreUObject.dll]
Address = 0xf0190179 (filename not found) [in C:\Program Files\Unreal Engine\4.4\Engine\Binaries\Win64\UE4Editor-CoreUObject.dll]
Address = 0xf01aab54 (filename not found) [in C:\Program Files\Unreal Engine\4.4\Engine\Binaries\Win64\UE4Editor-CoreUObject.dll]
Address = 0xf018fa5e (filename not found) [in C:\Program Files\Unreal Engine\4.4\Engine\Binaries\Win64\UE4Editor-CoreUObject.dll]
Address = 0xf01aab54 (filename not found) [in C:\Program Files\Unreal Engine\4.4\Engine\Binaries\Win64\UE4Editor-CoreUObject.dll]
Address = 0xf018fa5e (filename not found) [in C:\Program Files\Unreal Engine\4.4\Engine\Binaries\Win64\UE4Editor-CoreUObject.dll]
Address = 0xf01ac972 (filename not found) [in C:\Program Files\Unreal Engine\4.4\Engine\Binaries\Win64\UE4Editor-CoreUObject.dll]
Address = 0xf0205f5a (filename not found) [in C:\Program Files\Unreal Engine\4.4\Engine\Binaries\Win64\UE4Editor-CoreUObject.dll]
Address = 0xf01cc1ae (filename not found) [in C:\Program Files\Unreal Engine\4.4\Engine\Binaries\Win64\UE4Editor-CoreUObject.dll]
Address = 0xf01cb535 (filename not found) [in C:\Program Files\Unreal Engine\4.4\Engine\Binaries\Win64\UE4Editor-CoreUObject.dll]
Address = 0xf01cc2da (filename not found) [in C:\Program Files\Unreal Engine\4.4\Engine\Binaries\Win64\UE4Editor-CoreUObject.dll]
Address = 0xf01cb535 (filename not found) [in C:\Program Files\Unreal Engine\4.4\Engine\Binaries\Win64\UE4Editor-CoreUObject.dll]
Address = 0xf01cb44a (filename not found) [in C:\Program Files\Unreal Engine\4.4\Engine\Binaries\Win64\UE4Editor-CoreUObject.dll]
Address = 0xf0197ce0 (filename not found) [in C:\Program Files\Unreal Engine\4.4\Engine\Binaries\Win64\UE4Editor-CoreUObject.dll]
Address = 0xf01ca7b0 (filename not found) [in C:\Program Files\Unreal Engine\4.4\Engine\Binaries\Win64\UE4Editor-CoreUObject.dll]
Address = 0xf01912c8 (filename not found) [in C:\Program Files\Unreal Engine\4.4\Engine\Binaries\Win64\UE4Editor-CoreUObject.dll]
Address = 0xf01a3b6a (filename not found) [in C:\Program Files\Unreal Engine\4.4\Engine\Binaries\Win64\UE4Editor-CoreUObject.dll]
Address = 0xf0205e92 (filename not found) [in C:\Program Files\Unreal Engine\4.4\Engine\Binaries\Win64\UE4Editor-CoreUObject.dll]
Address = 0xe93f92e4 (filename not found) [in C:\Program Files\Unreal Engine\4.4\Engine\Binaries\Win64\UE4Editor-UnrealEd.dll]
Address = 0xe93ec4ed (filename not found) [in C:\Program Files\Unreal Engine\4.4\Engine\Binaries\Win64\UE4Editor-UnrealEd.dll]
Address = 0xe93da291 (filename not found) [in C:\Program Files\Unreal Engine\4.4\Engine\Binaries\Win64\UE4Editor-UnrealEd.dll]
Address = 0xe96df0f0 (filename not found) [in C:\Program Files\Unreal Engine\4.4\Engine\Binaries\Win64\UE4Editor-UnrealEd.dll]
Address = 0xe9452834 (filename not found) [in C:\Program Files\Unreal Engine\4.4\Engine\Binaries\Win64\UE4Editor-UnrealEd.dll]
Address = 0xe9453335 (filename not found) [in C:\Program Files\Unreal Engine\4.4\Engine\Binaries\Win64\UE4Editor-UnrealEd.dll]
Address = 0xe09992aa (filename not found) [in C:\Program Files\Unreal Engine\4.4\Engine\Binaries\Win64\UE4Editor-LevelEditor.dll]
Address = 0xef925246 (filename not found) [in C:\Program Files\Unreal Engine\4.4\Engine\Binaries\Win64\UE4Editor-Slate.dll]
Address = 0xefa6be27 (filename not found) [in C:\Program Files\Unreal Engine\4.4\Engine\Binaries\Win64\UE4Editor-Slate.dll]
Address = 0xefa74dd8 (filename not found) [in C:\Program Files\Unreal Engine\4.4\Engine\Binaries\Win64\UE4Editor-Slate.dll]
Address = 0xefa3cd5c (filename not found) [in C:\Program Files\Unreal Engine\4.4\Engine\Binaries\Win64\UE4Editor-Slate.dll]
Address = 0xefb0569a (filename not found) [in C:\Program Files\Unreal Engine\4.4\Engine\Binaries\Win64\UE4Editor-Slate.dll]
Address = 0xefb3f169 (filename not found) [in C:\Program Files\Unreal Engine\4.4\Engine\Binaries\Win64\UE4Editor-Slate.dll]
Address = 0xef961ddf (filename not found) [in C:\Program Files\Unreal Engine\4.4\Engine\Binaries\Win64\UE4Editor-Slate.dll]
Address = 0xef951989 (filename not found) [in C:\Program Files\Unreal Engine\4.4\Engine\Binaries\Win64\UE4Editor-Slate.dll]
Address = 0xf06034d5 (filename not found) [in C:\Program Files\Unreal Engine\4.4\Engine\Binaries\Win64\UE4Editor-Core.dll]
Address = 0xf05ef871 (filename not found) [in C:\Program Files\Unreal Engine\4.4\Engine\Binaries\Win64\UE4Editor-Core.dll]
Address = 0xf060461e (filename not found) [in C:\Program Files\Unreal Engine\4.4\Engine\Binaries\Win64\UE4Editor-Core.dll]
Address = 0xf05ec6e2 (filename not found) [in C:\Program Files\Unreal Engine\4.4\Engine\Binaries\Win64\UE4Editor-Core.dll]
Address = 0x779f9bd1 (filename not found) [in C:\Windows\system32\USER32.dll]
Address = 0x779f98da (filename not found) [in C:\Windows\system32\USER32.dll]
Address = 0xf0604ac6 (filename not found) [in C:\Program Files\Unreal Engine\4.4\Engine\Binaries\Win64\UE4Editor-Core.dll]
FEngineLoop::Tick() 0x3f83708d + 8 bytes [File=d:\buildfarm\buildmachine_++depot+ue4-releases+4.4\engine\source\runtime\launch\private\launchengineloop.cpp:2080] [in C:\Program Files\Unreal Engine\4.4\Engine\Binaries\Win64\UE4Editor.exe]
GuardedMain() 0x3f82ca3c + 0 bytes [File=d:\buildfarm\buildmachine_++depot+ue4-releases+4.4\engine\source\runtime\launch\private\launch.cpp:133] [in C:\Program Files\Unreal Engine\4.4\Engine\Binaries\Win64\UE4Editor.exe]
GuardedMainWrapper() 0x3f82caaa + 5 bytes [File=d:\buildfarm\buildmachine_++depot+ue4-releases+4.4\engine\source\runtime\launch\private\windows\launchwindows.cpp:125] [in C:\Program Files\Unreal Engine\4.4\Engine\Binaries\Win64\UE4Editor.exe]
WinMain() 0x3f8388c9 + 17 bytes [File=d:\buildfarm\buildmachine_++depot+ue4-releases+4.4\engine\source\runtime\launch\private\windows\launchwindows.cpp:201] [in C:\Program Files\Unreal Engine\4.4\Engine\Binaries\Win64\UE4Editor.exe]
__tmainCRTStartup() 0x3f8396f9 + 21 bytes [File=f:\dd\vctools\crt\crtw32\dllstuff\crtexe.c:618] [in C:\Program Files\Unreal Engine\4.4\Engine\Binaries\Win64\UE4Editor.exe]
Address = 0x77af59ed (filename not found) [in C:\Windows\system32\kernel32.dll]
Address = 0x77c2c541 (filename not found) [in C:\Windows\SYSTEM32\ntdll.dll]
Address = 0x77c2c541 (filename not found) [in C:\Windows\SYSTEM32\ntdll.dll]

[2014.10.09-21.59.40:313][841]LogOutputDevice: === Handled error: ===
Ensure condition failed: 1 == StructProperty->ArrayDim [File:D:\BuildFarm\buildmachine_++depot+UE4-Releases+4.4\Engine\Source\Editor\KismetCompiler\Private\KismetCompilerVMBackend.cpp] [Line: 460]

Stack: Address = 0xf0695216 (filename not found) [in C:\Program Files\Unreal Engine\4.4\Engine\Binaries\Win64\UE4Editor-Core.dll]
Address = 0xf05219d1 (filename not found) [in C:\Program Files\Unreal Engine\4.4\Engine\Binaries\Win64\UE4Editor-Core.dll]
Address = 0xeca18874 (filename not found) [in C:\Program Files\Unreal Engine\4.4\Engine\Binaries\Win64\UE4Editor-KismetCompiler.dll]
Address = 0xeca1803c (filename not found) [in C:\Program Files\Unreal Engine\4.4\Engine\Binaries\Win64\UE4Editor-KismetCompiler.dll]
Address = 0xeca27938 (filename not found) [in C:\Program Files\Unreal Engine\4.4\Engine\Binaries\Win64\UE4Editor-KismetCompiler.dll]
Address = 0xeca078f7 (filename not found) [in C:\Program Files\Unreal Engine\4.4\Engine\Binaries\Win64\UE4Editor-KismetCompiler.dll]
Address = 0xeca27b8d (filename not found) [in C:\Program Files\Unreal Engine\4.4\Engine\Binaries\Win64\UE4Editor-KismetCompiler.dll]
Address = 0xeca031a3 (filename not found) [in C:\Program Files\Unreal Engine\4.4\Engine\Binaries\Win64\UE4Editor-KismetCompiler.dll]
Address = 0xeca03ccc (filename not found) [in C:\Program Files\Unreal Engine\4.4\Engine\Binaries\Win64\UE4Editor-KismetCompiler.dll]
Address = 0xeca0383e (filename not found) [in C:\Program Files\Unreal Engine\4.4\Engine\Binaries\Win64\UE4Editor-KismetCompiler.dll]
Address = 0xe9a34bf8 (filename not found) [in C:\Program Files\Unreal Engine\4.4\Engine\Binaries\Win64\UE4Editor-UnrealEd.dll]
Address = 0xea558e07 (filename not found) [in C:\Program Files\Unreal Engine\4.4\Engine\Binaries\Win64\UE4Editor-Engine.dll]
Address = 0xf00e80cf (filename not found) [in C:\Program Files\Unreal Engine\4.4\Engine\Binaries\Win64\UE4Editor-CoreUObject.dll]
Address = 0xf0190183 (filename not found) [in C:\Program Files\Unreal Engine\4.4\Engine\Binaries\Win64\UE4Editor-CoreUObject.dll]
Address = 0xf01aab54 (filename not found) [in C:\Program Files\Unreal Engine\4.4\Engine\Binaries\Win64\UE4Editor-CoreUObject.dll]
Address = 0xf018fa5e (filename not found) [in C:\Program Files\Unreal Engine\4.4\Engine\Binaries\Win64\UE4Editor-CoreUObject.dll]
Address = 0xf01aab54 (filename not found) [in C:\Program Files\Unreal Engine\4.4\Engine\Binaries\Win64\UE4Editor-CoreUObject.dll]
Address = 0xf018fa5e (filename not found) [in C:\Program Files\Unreal Engine\4.4\Engine\Binaries\Win64\UE4Editor-CoreUObject.dll]
Address = 0xf01ac972 (filename not found) [in C:\Program Files\Unreal Engine\4.4\Engine\Binaries\Win64\UE4Editor-CoreUObject.dll]
Address = 0xf0205f5a (filename not found) [in C:\Program Files\Unreal Engine\4.4\Engine\Binaries\Win64\UE4Editor-CoreUObject.dll]
Address = 0xf01cc1ae (filename not found) [in C:\Program Files\Unreal Engine\4.4\Engine\Binaries\Win64\UE4Editor-CoreUObject.dll]
Address = 0xf01cb535 (filename not found) [in C:\Program Files\Unreal Engine\4.4\Engine\Binaries\Win64\UE4Editor-CoreUObject.dll]
Address = 0xf01cc2da (filename not found) [in C:\Program Files\Unreal Engine\4.4\Engine\Binaries\Win64\UE4Editor-CoreUObject.dll]
Address = 0xf01cb535 (filename not found) [in C:\Program Files\Unreal Engine\4.4\Engine\Binaries\Win64\UE4Editor-CoreUObject.dll]
Address = 0xf01cb44a (filename not found) [in C:\Program Files\Unreal Engine\4.4\Engine\Binaries\Win64\UE4Editor-CoreUObject.dll]
Address = 0xf0197ce0 (filename not found) [in C:\Program Files\Unreal Engine\4.4\Engine\Binaries\Win64\UE4Editor-CoreUObject.dll]
Address = 0xf01ca7b0 (filename not found) [in C:\Program Files\Unreal Engine\4.4\Engine\Binaries\Win64\UE4Editor-CoreUObject.dll]
Address = 0xf01912c8 (filename not found) [in C:\Program Files\Unreal Engine\4.4\Engine\Binaries\Win64\UE4Editor-CoreUObject.dll]
Address = 0xf01a3b6a (filename not found) [in C:\Program Files\Unreal Engine\4.4\Engine\Binaries\Win64\UE4Editor-CoreUObject.dll]
Address = 0xf0205e92 (filename not found) [in C:\Program Files\Unreal Engine\4.4\Engine\Binaries\Win64\UE4Editor-CoreUObject.dll]
Address = 0xe93f92e4 (filename not found) [in C:\Program Files\Unreal Engine\4.4\Engine\Binaries\Win64\UE4Editor-UnrealEd.dll]
Address = 0xe93ec4ed (filename not found) [in C:\Program Files\Unreal Engine\4.4\Engine\Binaries\Win64\UE4Editor-UnrealEd.dll]
Address = 0xe93da291 (filename not found) [in C:\Program Files\Unreal Engine\4.4\Engine\Binaries\Win64\UE4Editor-UnrealEd.dll]
Address = 0xe96df0f0 (filename not found) [in C:\Program Files\Unreal Engine\4.4\Engine\Binaries\Win64\UE4Editor-UnrealEd.dll]
Address = 0xe9452834 (filename not found) [in C:\Program Files\Unreal Engine\4.4\Engine\Binaries\Win64\UE4Editor-UnrealEd.dll]
Address = 0xe9453335 (filename not found) [in C:\Program Files\Unreal Engine\4.4\Engine\Binaries\Win64\UE4Editor-UnrealEd.dll]
Address = 0xe09992aa (filename not found) [in C:\Program Files\Unreal Engine\4.4\Engine\Binaries\Win64\UE4Editor-LevelEditor.dll]
Address = 0xef925246 (filename not found) [in C:\Program Files\Unreal Engine\4.4\Engine\Binaries\Win64\UE4Editor-Slate.dll]
Address = 0xefa6be27 (filename not found) [in C:\Program Files\Unreal Engine\4.4\Engine\Binaries\Win64\UE4Editor-Slate.dll]
Address = 0xefa74dd8 (filename not found) [in C:\Program Files\Unreal Engine\4.4\Engine\Binaries\Win64\UE4Editor-Slate.dll]
Address = 0xefa3cd5c (filename not found) [in C:\Program Files\Unreal Engine\4.4\Engine\Binaries\Win64\UE4Editor-Slate.dll]
Address = 0xefb0569a (filename not found) [in C:\Program Files\Unreal Engine\4.4\Engine\Binaries\Win64\UE4Editor-Slate.dll]
Address = 0xefb3f169 (filename not found) [in C:\Program Files\Unreal Engine\4.4\Engine\Binaries\Win64\UE4Editor-Slate.dll]
Address = 0xef961ddf (filename not found) [in C:\Program Files\Unreal Engine\4.4\Engine\Binaries\Win64\UE4Editor-Slate.dll]
Address = 0xef951989 (filename not found) [in C:\Program Files\Unreal Engine\4.4\Engine\Binaries\Win64\UE4Editor-Slate.dll]
Address = 0xf06034d5 (filename not found) [in C:\Program Files\Unreal Engine\4.4\Engine\Binaries\Win64\UE4Editor-Core.dll]
Address = 0xf05ef871 (filename not found) [in C:\Program Files\Unreal Engine\4.4\Engine\Binaries\Win64\UE4Editor-Core.dll]
Address = 0xf060461e (filename not found) [in C:\Program Files\Unreal Engine\4.4\Engine\Binaries\Win64\UE4Editor-Core.dll]
Address = 0xf05ec6e2 (filename not found) [in C:\Program Files\Unreal Engine\4.4\Engine\Binaries\Win64\UE4Editor-Core.dll]
Address = 0x779f9bd1 (filename not found) [in C:\Windows\system32\USER32.dll]
Address = 0x779f98da (filename not found) [in C:\Windows\system32\USER32.dll]
Address = 0xf0604ac6 (filename not found) [in C:\Program Files\Unreal Engine\4.4\Engine\Binaries\Win64\UE4Editor-Core.dll]
FEngineLoop::Tick() 0x3f83708d + 8 bytes [File=d:\buildfarm\buildmachine_++depot+ue4-releases+4.4\engine\source\runtime\launch\private\launchengineloop.cpp:2080] [in C:\Program Files\Unreal Engine\4.4\Engine\Binaries\Win64\UE4Editor.exe]
GuardedMain() 0x3f82ca3c + 0 bytes [File=d:\buildfarm\buildmachine_++depot+ue4-releases+4.4\engine\source\runtime\launch\private\launch.cpp:133] [in C:\Program Files\Unreal Engine\4.4\Engine\Binaries\Win64\UE4Editor.exe]
GuardedMainWrapper() 0x3f82caaa + 5 bytes [File=d:\buildfarm\buildmachine_++depot+ue4-releases+4.4\engine\source\runtime\launch\private\windows\launchwindows.cpp:125] [in C:\Program Files\Unreal Engine\4.4\Engine\Binaries\Win64\UE4Editor.exe]
WinMain() 0x3f8388c9 + 17 bytes [File=d:\buildfarm\buildmachine_++depot+ue4-releases+4.4\engine\source\runtime\launch\private\windows\launchwindows.cpp:201] [in C:\Program Files\Unreal Engine\4.4\Engine\Binaries\Win64\UE4Editor.exe]
__tmainCRTStartup() 0x3f8396f9 + 21 bytes [File=f:\dd\vctools\crt\crtw32\dllstuff\crtexe.c:618] [in C:\Program Files\Unreal Engine\4.4\Engine\Binaries\Win64\UE4Editor.exe]
Address = 0x77af59ed (filename not found) [in C:\Windows\system32\kernel32.dll]
Address = 0x77c2c541 (filename not found) [in C:\Windows\SYSTEM32\ntdll.dll]
Address = 0x77c2c541 (filename not found) [in C:\Windows\SYSTEM32\ntdll.dll]

[2014.10.09-21.59.41:274][841]BlueprintLog:Warning: Warning Blueprint MyGame has been migrated and requires re-saving to avoid import errors
[2014.10.09-21.59.41:844][841]LogEditorServer: Finished looking for orphan Actors (0.000 secs)
[2014.10.09-21.59.41:845][841]LogAIModule: Creating AISystem for world Programming
[2014.10.09-21.59.41:868][841]Cmd: MAP CHECKDEP
[2014.10.09-21.59.41:869][841]MapCheck: New page: Programming - Oct 9, 2014, 1:59:41 PM
[2014.10.09-21.59.42:011][841]MapCheck: Info ========== Map Check: 0 Error(s), 0 Warning(s), [141.819ms] ==========
[2014.10.09-21.59.42:011][841]LogFileHelpers: Loading map 'Programming' took 3.158
[2014.10.09-22.00.08:234][  4]LogContentBrowser:Verbose: The content browser source was changed by the sources view to '/Game/Particles'
[2014.10.09-22.02.28:815][ 87]Cmd: CLOSE_SLATE_MAINFRAME
[2014.10.09-22.02.29:071][ 88]Cmd: QUIT_EDITOR
[2014.10.09-22.02.29:208][ 88]LogWindowsTextInputMethodSystem:Error: Terminating failed while unadvising the language notification sink from the TSF source.
[2014.10.09-22.02.29:209][ 88]LogExit: Preparing to exit.
[2014.10.09-22.02.29:471][ 88]LogExit: Editor shut down
[2014.10.09-22.02.29:473][ 88]LogExit: Transaction tracking system shut down
[2014.10.09-22.02.29:488][ 88]LogParticles: Destroying 0 GPU particle simulations for FXSystem 0x00000000341A9760
[2014.10.09-22.02.29:513][ 88]LogExit: Object subsystem successfully closed.
[2014.10.09-22.02.29:569][ 88]LogModuleManager: Shutting down and abandoning module AndroidDeviceDetection (162)
[2014.10.09-22.02.29:569][ 88]LogModuleManager: Shutting down and abandoning module HTTP (161)
[2014.10.09-22.02.29:570][ 88]LogModuleManager: Shutting down and abandoning module CrashTracker (160)
[2014.10.09-22.02.29:570][ 88]LogModuleManager: Shutting down and abandoning module SuperSearch (159)
[2014.10.09-22.02.29:570][ 88]LogModuleManager: Shutting down and abandoning module SceneOutliner (158)
[2014.10.09-22.02.29:570][ 88]LogModuleManager: Shutting down and abandoning module EditorWidgets (157)
[2014.10.09-22.02.29:570][ 88]LogModuleManager: Shutting down and abandoning module CollectionManager (156)
[2014.10.09-22.02.29:570][ 88]LogModuleManager: Shutting down and abandoning module WorldBrowser (155)
[2014.10.09-22.02.29:570][ 88]LogModuleManager: Shutting down and abandoning module StatsViewer (154)
[2014.10.09-22.02.29:570][ 88]LogModuleManager: Shutting down and abandoning module FoliageEdit (153)
[2014.10.09-22.02.29:570][ 88]LogModuleManager: Shutting down and abandoning module LandscapeEditor (152)
[2014.10.09-22.02.29:570][ 88]LogModuleManager: Shutting down and abandoning module MeshPaint (151)
[2014.10.09-22.02.29:570][ 88]LogModuleManager: Shutting down and abandoning module ActorPickerMode (150)
[2014.10.09-22.02.29:570][ 88]LogModuleManager: Shutting down and abandoning module GeometryMode (149)
[2014.10.09-22.02.29:570][ 88]LogModuleManager: Shutting down and abandoning module TextureAlignMode (148)
[2014.10.09-22.02.29:570][ 88]LogModuleManager: Shutting down and abandoning module BspMode (147)
[2014.10.09-22.02.29:570][ 88]LogModuleManager: Shutting down and abandoning module PlacementMode (146)
[2014.10.09-22.02.29:570][ 88]LogModuleManager: Shutting down and abandoning module DesktopPlatform (145)
[2014.10.09-22.02.29:570][ 88]LogModuleManager: Shutting down and abandoning module AutomationWorker (144)
[2014.10.09-22.02.29:570][ 88]LogModuleManager: Shutting down and abandoning module EditorLiveStreaming (143)
[2014.10.09-22.02.29:570][ 88]LogModuleManager: Shutting down and abandoning module BehaviorTreeEditor (142)
[2014.10.09-22.02.29:570][ 88]LogModuleManager: Shutting down and abandoning module DeviceProfileEditor (141)
[2014.10.09-22.02.29:570][ 88]LogModuleManager: Shutting down and abandoning module UndoHistory (140)
[2014.10.09-22.02.29:570][ 88]LogModuleManager: Shutting down and abandoning module GameplayTagsEditor (139)
[2014.10.09-22.02.29:570][ 88]LogModuleManager: Shutting down and abandoning module UserFeedback (138)
[2014.10.09-22.02.29:570][ 88]LogModuleManager: Shutting down and abandoning module XmlParser (137)
[2014.10.09-22.02.29:570][ 88]LogModuleManager: Shutting down and abandoning module Blutility (136)
[2014.10.09-22.02.29:570][ 88]LogModuleManager: Shutting down and abandoning module IOSPlatformEditor (135)
[2014.10.09-22.02.29:570][ 88]LogModuleManager: Shutting down and abandoning module IOSRuntimeSettings (134)
[2014.10.09-22.02.29:570][ 88]LogModuleManager: Shutting down and abandoning module AndroidPlatformEditor (133)
[2014.10.09-22.02.29:570][ 88]LogModuleManager: Shutting down and abandoning module AndroidRuntimeSettings (132)
[2014.10.09-22.02.29:570][ 88]LogModuleManager: Shutting down and abandoning module ProjectTargetPlatformEditor (131)
[2014.10.09-22.02.29:570][ 88]LogModuleManager: Shutting down and abandoning module ProjectSettingsViewer (130)
[2014.10.09-22.02.29:571][ 88]LogModuleManager: Shutting down and abandoning module InputBindingEditor (129)
[2014.10.09-22.02.29:571][ 88]LogModuleManager: Shutting down and abandoning module EditorSettingsViewer (128)
[2014.10.09-22.02.29:571][ 88]LogModuleManager: Shutting down and abandoning module SettingsEditor (127)
[2014.10.09-22.02.29:571][ 88]LogModuleManager: Shutting down and abandoning module SessionLauncher (126)
[2014.10.09-22.02.29:571][ 88]LogModuleManager: Shutting down and abandoning module SessionFrontend (125)
[2014.10.09-22.02.29:571][ 88]LogModuleManager: Shutting down and abandoning module ProfilerClient (124)
[2014.10.09-22.02.29:571][ 88]LogModuleManager: Shutting down and abandoning module TargetDeviceServices (123)
[2014.10.09-22.02.29:571][ 88]LogModuleManager: Shutting down and abandoning module DeviceManager (122)
[2014.10.09-22.02.29:571][ 88]LogModuleManager: Shutting down and abandoning module AutomationController (121)
[2014.10.09-22.02.29:571][ 88]LogModuleManager: Shutting down and abandoning module AutomationWindow (120)
[2014.10.09-22.02.29:571][ 88]LogModuleManager: Shutting down and abandoning module Layers (119)
[2014.10.09-22.02.29:571][ 88]LogModuleManager: Shutting down and abandoning module ComponentVisualizers (118)
[2014.10.09-22.02.29:571][ 88]LogModuleManager: Shutting down and abandoning module DetailCustomizations (117)
[2014.10.09-22.02.29:571][ 88]LogModuleManager: Shutting down and abandoning module PackagesDialog (116)
[2014.10.09-22.02.29:571][ 88]LogModuleManager: Shutting down and abandoning module DirectoryWatcher (115)
[2014.10.09-22.02.29:571][ 88]LogModuleManager: Shutting down and abandoning module AssetRegistry (114)
[2014.10.09-22.02.29:648][ 88]LogModuleManager: Shutting down and abandoning module Persona (113)
[2014.10.09-22.02.29:648][ 88]LogModuleManager: Shutting down and abandoning module GraphEditor (112)
[2014.10.09-22.02.29:648][ 88]LogModuleManager: Shutting down and abandoning module ClassViewer (111)
[2014.10.09-22.02.29:648][ 88]LogModuleManager: Shutting down and abandoning module Toolbox (110)
[2014.10.09-22.02.29:648][ 88]LogModuleManager: Shutting down and abandoning module ModuleUI (109)
[2014.10.09-22.02.29:648][ 88]LogModuleManager: Shutting down and abandoning module Sequencer (108)
[2014.10.09-22.02.29:648][ 88]LogModuleManager: Shutting down and abandoning module MovieSceneTools (107)
[2014.10.09-22.02.29:648][ 88]LogModuleManager: Shutting down and abandoning module OutputLog (106)
[2014.10.09-22.02.29:648][ 88]LogModuleManager: Shutting down and abandoning module GammaUI (105)
[2014.10.09-22.02.29:648][ 88]LogModuleManager: Shutting down and abandoning module Documentation (104)
[2014.10.09-22.02.29:648][ 88]LogModuleManager: Shutting down and abandoning module GameLiveStreaming (103)
[2014.10.09-22.02.29:648][ 88]LogModuleManager: Shutting down and abandoning module StreamingPauseRendering (102)
[2014.10.09-22.02.29:648][ 88]LogModuleManager: Shutting down and abandoning module AnalyticsET (101)
[2014.10.09-22.02.29:648][ 88]LogModuleManager: Shutting down and abandoning module Analytics (100)
[2014.10.09-22.02.29:648][ 88]LogModuleManager: Shutting down and abandoning module GameplayDebugger (99)
[2014.10.09-22.02.29:648][ 88]LogModuleManager: Shutting down and abandoning module AIModule (98)
[2014.10.09-22.02.29:648][ 88]LogModuleManager: Shutting down and abandoning module ProfilerService (97)
[2014.10.09-22.02.29:877][ 88]LogModuleManager: Shutting down and abandoning module TaskGraph (96)
[2014.10.09-22.02.29:877][ 88]LogModuleManager: Shutting down and abandoning module SlateRemote (95)
[2014.10.09-22.02.29:877][ 88]LogModuleManager: Shutting down and abandoning module ScriptEditorPlugin (94)
[2014.10.09-22.02.29:877][ 88]LogModuleManager: Shutting down and abandoning module CustomMeshComponent (93)
[2014.10.09-22.02.29:877][ 88]LogModuleManager: Shutting down and abandoning module CableComponent (92)
[2014.10.09-22.02.29:877][ 88]LogModuleManager: Shutting down and abandoning module MessagingDebugger (91)
[2014.10.09-22.02.29:877][ 88]LogModuleManager: Shutting down and abandoning module ViewportSnapping (90)
[2014.10.09-22.02.29:877][ 88]LogModuleManager: Shutting down and abandoning module SmartSnapping (89)
[2014.10.09-22.02.29:877][ 88]LogModuleManager: Shutting down and abandoning module PaperTiledImporter (88)
[2014.10.09-22.02.29:877][ 88]LogModuleManager: Shutting down and abandoning module PaperJsonImporter (87)
[2014.10.09-22.02.29:877][ 88]LogModuleManager: Shutting down and abandoning module GameProjectGeneration (86)
[2014.10.09-22.02.29:877][ 88]LogModuleManager: Shutting down and abandoning module Matinee (85)
[2014.10.09-22.02.29:877][ 88]LogModuleManager: Shutting down and abandoning module Kismet (84)
[2014.10.09-22.02.29:877][ 88]LogModuleManager: Shutting down and abandoning module SlateReflector (83)
[2014.10.09-22.02.29:877][ 88]LogModuleManager: Shutting down and abandoning module LevelEditor (82)
[2014.10.09-22.02.29:878][ 88]LogModuleManager: Shutting down and abandoning module IntroTutorials (81)
[2014.10.09-22.02.29:878][ 88]LogModuleManager: Shutting down and abandoning module ContentBrowser (80)
[2014.10.09-22.02.29:878][ 88]LogModuleManager: Shutting down and abandoning module PropertyEditor (79)
[2014.10.09-22.02.29:878][ 88]LogModuleManager: Shutting down and abandoning module AssetTools (78)
[2014.10.09-22.02.29:878][ 88]LogModuleManager: Shutting down and abandoning module Paper2DEditor (77)
[2014.10.09-22.02.29:878][ 88]LogModuleManager: Shutting down and abandoning module SpeedTreeImporter (76)
[2014.10.09-22.02.29:878][ 88]LogModuleManager: Shutting down and abandoning module PluginsEditor (75)
[2014.10.09-22.02.29:878][ 88]LogModuleManager: Shutting down and abandoning module MainFrame (74)
[2014.10.09-22.02.29:878][ 88]LogModuleManager: Shutting down and abandoning module EpicSurvey (73)
[2014.10.09-22.02.29:878][ 88]LogModuleManager: Shutting down and abandoning module VisualStudioSourceCodeAccess (72)
[2014.10.09-22.02.29:878][ 88]LogModuleManager: Shutting down and abandoning module UObjectPlugin (71)
[2014.10.09-22.02.29:878][ 88]LogModuleManager: Shutting down and abandoning module SubversionSourceControl (70)
[2014.10.09-22.02.29:878][ 88]LogModuleManager: Shutting down and abandoning module SourceControl (69)
[2014.10.09-22.02.29:878][ 88]LogModuleManager: Shutting down and abandoning module PerforceSourceControl (68)
[2014.10.09-22.02.29:878][ 88]LogModuleManager: Shutting down and abandoning module BlankPlugin (67)
[2014.10.09-22.02.29:878][ 88]LogModuleManager: Shutting down and abandoning module ScriptPlugin (66)
[2014.10.09-22.02.29:878][ 88]LogModuleManager: Shutting down and abandoning module UdpMessaging (65)
[2014.10.09-22.02.29:978][ 88]LogModuleManager: Shutting down and abandoning module Paper2D (64)
[2014.10.09-22.02.29:978][ 88]LogModuleManager: Shutting down and abandoning module WindowsMoviePlayer (63)
[2014.10.09-22.02.29:981][ 88]LogModuleManager: Shutting down and abandoning module ImageWrapper (62)
[2014.10.09-22.02.29:981][ 88]LogModuleManager: Shutting down and abandoning module OnlineBlueprintSupport (61)
[2014.10.09-22.02.29:981][ 88]LogModuleManager: Shutting down and abandoning module FunctionalTesting (60)
[2014.10.09-22.02.29:981][ 88]LogModuleManager: Shutting down and abandoning module CollisionAnalyzer (59)
[2014.10.09-22.02.29:981][ 88]LogModuleManager: Shutting down and abandoning module WorkspaceMenuStructure (58)
[2014.10.09-22.02.29:981][ 88]LogModuleManager: Shutting down and abandoning module MessageLog (57)
[2014.10.09-22.02.29:981][ 88]LogModuleManager: Shutting down and abandoning module UMGEditor (56)
[2014.10.09-22.02.29:981][ 88]LogModuleManager: Shutting down and abandoning module UMG (55)
[2014.10.09-22.02.29:981][ 88]LogModuleManager: Shutting down and abandoning module Slate (54)
[2014.10.09-22.02.29:981][ 88]LogModuleManager: Shutting down and abandoning module EditorStyle (53)
[2014.10.09-22.02.29:983][ 88]LogModuleManager: Shutting down and abandoning module SessionServices (52)
[2014.10.09-22.02.29:983][ 88]LogModuleManager: Shutting down and abandoning module SourceCodeAccess (51)
[2014.10.09-22.02.29:983][ 88]LogModuleManager: Shutting down and abandoning module HeadMountedDisplay (50)
[2014.10.09-22.02.29:983][ 88]LogModuleManager: Shutting down and abandoning module XAudio2 (49)
[2014.10.09-22.02.29:983][ 88]LogModuleManager: Shutting down and abandoning module Networking (47)
[2014.10.09-22.02.29:983][ 88]LogModuleManager: Shutting down and abandoning module Core (46)
[2014.10.09-22.02.29:983][ 88]LogModuleManager: Shutting down and abandoning module KismetCompiler (45)
[2014.10.09-22.02.29:983][ 88]LogModuleManager: Shutting down and abandoning module PhysXFormats (44)
[2014.10.09-22.02.29:983][ 88]LogModuleManager: Shutting down and abandoning module MeshUtilities (43)
[2014.10.09-22.02.29:983][ 88]LogModuleManager: Shutting down and abandoning module DerivedDataCache (42)
[2014.10.09-22.02.30:028][ 88]LogDerivedDataCache: Shutdown
[2014.10.09-22.02.30:028][ 88]LogModuleManager: Shutting down and abandoning module ShaderFormatOpenGL (41)
[2014.10.09-22.02.30:028][ 88]LogModuleManager: Shutting down and abandoning module ShaderFormatD3D (40)
[2014.10.09-22.02.30:028][ 88]LogModuleManager: Shutting down and abandoning module MetalShaderFormat (39)
[2014.10.09-22.02.30:028][ 88]LogModuleManager: Shutting down and abandoning module TextureFormatUncompressed (38)
[2014.10.09-22.02.30:028][ 88]LogModuleManager: Shutting down and abandoning module TextureFormatPVR (37)
[2014.10.09-22.02.30:028][ 88]LogModuleManager: Shutting down and abandoning module TextureFormatDXT (36)
[2014.10.09-22.02.30:028][ 88]LogModuleManager: Shutting down and abandoning module TextureFormatAndroid (35)
[2014.10.09-22.02.30:028][ 88]LogModuleManager: Shutting down and abandoning module AudioFormatOpus (34)
[2014.10.09-22.02.30:028][ 88]LogModuleManager: Shutting down and abandoning module AudioFormatOgg (33)
[2014.10.09-22.02.30:028][ 88]LogModuleManager: Shutting down and abandoning module AudioFormatADPCM (32)
[2014.10.09-22.02.30:028][ 88]LogModuleManager: Shutting down and abandoning module Messaging (31)
[2014.10.09-22.02.30:028][ 88]LogModuleManager: Shutting down and abandoning module IOSTargetPlatform (30)
[2014.10.09-22.02.30:028][ 88]LogModuleManager: Shutting down and abandoning module Android_PVRTCTargetPlatform (29)
[2014.10.09-22.02.30:028][ 88]LogModuleManager: Shutting down and abandoning module Android_ETC2TargetPlatform (28)
[2014.10.09-22.02.30:028][ 88]LogModuleManager: Shutting down and abandoning module Android_ETC1TargetPlatform (27)
[2014.10.09-22.02.30:028][ 88]LogModuleManager: Shutting down and abandoning module Android_DXTTargetPlatform (26)
[2014.10.09-22.02.30:028][ 88]LogModuleManager: Shutting down and abandoning module Android_ATCTargetPlatform (25)
[2014.10.09-22.02.30:028][ 88]LogModuleManager: Shutting down and abandoning module AndroidTargetPlatform (24)
[2014.10.09-22.02.30:028][ 88]LogModuleManager: Shutting down and abandoning module WindowsTargetPlatform (23)
[2014.10.09-22.02.30:028][ 88]LogModuleManager: Shutting down and abandoning module WindowsServerTargetPlatform (22)
[2014.10.09-22.02.30:028][ 88]LogModuleManager: Shutting down and abandoning module WindowsNoEditorTargetPlatform (21)
[2014.10.09-22.02.30:028][ 88]LogModuleManager: Shutting down and abandoning module WindowsClientTargetPlatform (20)
[2014.10.09-22.02.30:028][ 88]LogModuleManager: Shutting down and abandoning module TargetPlatform (19)
[2014.10.09-22.02.30:028][ 88]LogModuleManager: Shutting down and abandoning module InputCore (18)
[2014.10.09-22.02.30:028][ 88]LogModuleManager: Shutting down and abandoning module Settings (17)
[2014.10.09-22.02.30:028][ 88]LogModuleManager: Shutting down and abandoning module ExampleDeviceProfileSelector (14)
[2014.10.09-22.02.30:028][ 88]LogModuleManager: Shutting down and abandoning module OculusRift (13)
[2014.10.09-22.02.30:028][ 88]LogModuleManager: Shutting down and abandoning module TextureCompressor (12)
[2014.10.09-22.02.30:028][ 88]LogModuleManager: Shutting down and abandoning module ShaderCore (11)
[2014.10.09-22.02.30:028][ 88]LogModuleManager: Shutting down and abandoning module OpenGLDrv (10)
[2014.10.09-22.02.30:028][ 88]LogModuleManager: Shutting down and abandoning module D3D11RHI (9)
[2014.10.09-22.02.30:028][ 88]LogModuleManager: Shutting down and abandoning module SlateRHIRenderer (8)
[2014.10.09-22.02.30:028][ 88]LogModuleManager: Shutting down and abandoning module Renderer (7)
[2014.10.09-22.02.30:028][ 88]LogModuleManager: Shutting down and abandoning module Engine (6)
[2014.10.09-22.02.30:028][ 88]LogModuleManager: Shutting down and abandoning module CoreUObject (5)
[2014.10.09-22.02.30:028][ 88]LogModuleManager: Shutting down and abandoning module NetworkFile (4)
[2014.10.09-22.02.30:028][ 88]LogModuleManager: Shutting down and abandoning module StreamingFile (3)
[2014.10.09-22.02.30:028][ 88]LogModuleManager: Shutting down and abandoning module SandboxFile (2)
[2014.10.09-22.02.30:028][ 88]LogModuleManager: Shutting down and abandoning module PakFile (1)
[2014.10.09-22.02.30:029][ 88]LogExit: Exiting.
[2014.10.09-22.02.30:031][ 88]Log file closed, 10/09/14 18:02:30
