Log file open, 10/09/14 17:36:58
LogInit:Display: Running engine for game: Phobophobia
LogInit: Version: 4.4.3-2296771+++depot+UE4-Releases+4.4
LogInit: API Version: 2255576
LogInit: Compiled (64-bit): Sep 13 2014 22:30:58
LogInit: Build Configuration: Development
LogInit: Branch Name: ++depot+UE4-Releases+4.4
LogInit: Command line:  
LogInit: Base directory: C:/Program Files/Unreal Engine/4.4/Engine/Binaries/Win64/
LogInit: Rocket: 1
[2014.10.09-21.36.58:679][  0]LogTaskGraph: Started task graph with 3 named threads and 4 total threads.
[2014.10.09-21.36.58:710][  0]LogOnline:Warning: No default platform service specified for OnlineSubsystem
[2014.10.09-21.36.58:721][  0]LogInit: Presizing for 0 objects not considered by GC, pre-allocating 0 bytes.
[2014.10.09-21.36.58:728][  0]LogInit: Object subsystem initialized
[2014.10.09-21.36.58:730][  0]LogInit: Selected Device Profile: [Windows]
[2014.10.09-21.36.58:730][  0]LogInit: Applying CVar settings loaded from the selected device profile: [Windows]
[2014.10.09-21.36.58:739][  0]LogInit: Computer: MININT-IBCU80N
[2014.10.09-21.36.58:740][  0]LogInit: User: Mitchell
[2014.10.09-21.36.58:741][  0]LogInit: CPU Page size=4096, Cores=4
[2014.10.09-21.36.58:741][  0]LogInit: High frequency timer resolution =2.143642 MHz
[2014.10.09-21.36.58:742][  0]LogMemory: Memory total: Physical=7.9GB (8GB approx) Virtual=8192.0GB
[2014.10.09-21.36.58:742][  0]LogMemory: Platform Memory Stats for Windows
[2014.10.09-21.36.58:742][  0]LogMemory: Process Physical Memory: 62.87 MB used, 62.87 MB peak
[2014.10.09-21.36.58:742][  0]LogMemory: Process Virtual Memory: 38.54 MB used, 38.54 MB peak
[2014.10.09-21.36.58:742][  0]LogMemory: Physical Memory: 3308.35 MB used, 8086.17 MB total
[2014.10.09-21.36.58:742][  0]LogMemory: Virtual Memory: 261.83 MB used, 8388608.00 MB total
[2014.10.09-21.36.58:785][  0]LogD3D11RHI: Found D3D11 adapter 0: Intel(R) HD Graphics Family (Feature Level 11_0)
[2014.10.09-21.36.58:785][  0]LogD3D11RHI: Adapter has 64MB of dedicated video memory, 0MB of dedicated system memory, and 1632MB of shared system memory, 1 output[s]
[2014.10.09-21.36.58:786][  0]LogD3D11RHI: Chosen D3D11 Adapter Id = 0
[2014.10.09-21.36.58:797][  0]LogRHI: Texture pool is 616 MB (70% of 880 MB)
[2014.10.09-21.36.58:815][  0]LogD3D11RHI: Async texture creation enabled
[2014.10.09-21.36.58:939][  0]LogContentStreaming: Texture pool size is 0.000000MB
[2014.10.09-21.37.00:578][  0]LogTargetPlatformManager:Display: Building Assets For Windows
[2014.10.09-21.37.01:019][  0]LogTargetPlatformManager:Display: Building Assets For Windows
[2014.10.09-21.37.01:069][  0]LogDerivedDataCache:Display: Max Cache Size: 512 MB
[2014.10.09-21.37.01:109][  0]LogDerivedDataCache: Loaded boot cache 0.04s 39MB C:/Users/Mitchell/AppData/Local/UnrealEngine/4.4/DerivedDataCache/Boot.ddc.
[2014.10.09-21.37.01:109][  0]LogDerivedDataCache:Display: Loaded Boot cache: C:/Users/Mitchell/AppData/Local/UnrealEngine/4.4/DerivedDataCache/Boot.ddc
[2014.10.09-21.37.01:109][  0]LogDerivedDataCache: FDerivedDataBackendGraph:  Pak pak cache file ../../../../../../Users/Mitchell/Documents/Unhinged/Phobophobia 4.4/DerivedDataCache/DDC.ddp not found, will not use a pak cache.
[2014.10.09-21.37.01:109][  0]LogDerivedDataCache: Unable to find inner node Pak for hierarchical cache Hierarchy.
[2014.10.09-21.37.01:129][  0]LogDerivedDataCache:Display: Pak cache opened for reading ../../../Engine/DerivedDataCache/DDC.ddp.
[2014.10.09-21.37.01:140][  0]LogDerivedDataCache: Using Local data cache path C:/Users/Mitchell/AppData/Local/UnrealEngine/4.4/DerivedDataCache: Writable
[2014.10.09-21.37.01:322][  0]LogMeshUtilities: No automatic mesh reduction module available
[2014.10.09-21.37.01:322][  0]LogMeshUtilities: No automatic mesh merging module available
[2014.10.09-21.37.01:904][  0]LogInit: WinSock: version 1.1 (2.2), MaxSocks=32767, MaxUdp=65467
[2014.10.09-21.37.02:864][  0]LogStats:Warning: MetaData mismatch. Did you assign a stat to two groups? New //STATGROUP_Threads//FMonitoredProcess///Thread_5c2c_0///////STATCAT_Advanced//// old //STATGROUP_Threads//FMonitoredProcess///Thread_5a6c_0///////STATCAT_Advanced////
[2014.10.09-21.37.02:864][  0]UdpMessaging: Initializing bridge on interface 0.0.0.0:0 to multicast group 230.0.0.1:6666.
[2014.10.09-21.37.02:989][  0]SourceControl: Info Source control is disabled
[2014.10.09-21.37.02:989][  0]SourceControl: Info Source control is disabled
[2014.10.09-21.37.02:998][  0]SourceControl: Info Source control is disabled
[2014.10.09-21.37.03:205][  0]BlueprintLog: New page: Editor Load
[2014.10.09-21.37.03:326][  0]LogObj: 21438 objects as part of root set at end of initial load.
[2014.10.09-21.37.03:326][  0]LogUObjectAllocator: 4218656 out of 0 bytes used by permanent object pool.
[2014.10.09-21.37.03:503][  0]LogEngine: Initializing Engine...
[2014.10.09-21.37.03:614][  0]LogInit: XAudio2 using 'Speakers (Realtek High Definition Audio)' : 2 channels at 48 kHz using 32 bits per sample (channel mask 0x3)
[2014.10.09-21.37.03:629][  0]LogInit: FAudioDevice initialized.
[2014.10.09-21.37.03:651][  0]LogAIModule: Creating AISystem for world NewWorld
[2014.10.09-21.37.03:672][  0]LogDerivedDataCache: Saved boot cache 0.02s 39MB C:/Users/Mitchell/AppData/Local/UnrealEngine/4.4/DerivedDataCache/Boot.ddc.
[2014.10.09-21.37.03:677][  0]LogInit: Texture streaming: Enabled
[2014.10.09-21.37.03:715][  0]LogInit: Transaction tracking system initialized
[2014.10.09-21.37.03:847][  0]LogAssetRegistry: FAssetRegistry took 0.0096 seconds to start up
[2014.10.09-21.37.04:386][  0]LogTargetPlatformManager:Display: Building Assets For Windows
[2014.10.09-21.37.04:731][  0]LogTargetPlatformManager:Display: Building Assets For Windows
[2014.10.09-21.37.04:888][  0]LogConsoleResponse:Display: 
[2014.10.09-21.37.05:092][  0]LogStats:Warning: MetaData mismatch. Did you assign a stat to two groups? New //STATGROUP_Threads//FMonitoredProcess///Thread_5dd0_0///////STATCAT_Advanced//// old //STATGROUP_Threads//FMonitoredProcess///Thread_5a6c_0///////STATCAT_Advanced////
[2014.10.09-21.37.05:092][  0]LogStats:Warning: MetaData mismatch. Did you assign a stat to two groups? New //STATGROUP_Threads//FMonitoredProcess///Thread_59b8_0///////STATCAT_Advanced//// old //STATGROUP_Threads//FMonitoredProcess///Thread_5a6c_0///////STATCAT_Advanced////
[2014.10.09-21.37.05:092][  0]SourceControl: Info Source control is disabled
[2014.10.09-21.37.05:092][  0]Cmd: MAP LOAD FILE="../../../../../../Users/Mitchell/Documents/Unhinged/Phobophobia 4.4/Content/Maps/Main_Menu.umap" TEMPLATE=0 SHOWPROGRESS=1
[2014.10.09-21.37.05:093][  0]LightingResults: New page: Lighting Build
[2014.10.09-21.37.05:103][  0]MapCheck: New page: Map Check
[2014.10.09-21.37.05:103][  0]LightingResults: New page: Lighting Build
[2014.10.09-21.37.05:116][  0]LogParticles: Destroying 0 GPU particle simulations for FXSystem 0x00000000167107C0
[2014.10.09-21.37.05:177][  0]LogEditorServer: Finished looking for orphan Actors (0.000 secs)
[2014.10.09-21.37.05:177][  0]LogAIModule: Creating AISystem for world Main_Menu
[2014.10.09-21.37.05:178][  0]Cmd: MAP CHECKDEP
[2014.10.09-21.37.05:178][  0]MapCheck: New page: Main_Menu - Oct 9, 2014, 1:37:05 PM
[2014.10.09-21.37.05:309][  0]MapCheck: Info ========== Map Check: 0 Error(s), 0 Warning(s), [131.084ms] ==========
[2014.10.09-21.37.05:309][  0]LogFileHelpers: Loading map 'Main_Menu' took 0.217
[2014.10.09-21.37.05:453][  0]LogCollectionManager: Loaded 0 collections in 0.002220 seconds
[2014.10.09-21.37.05:568][  0]LogCrashTracker: Crashtracker disabled due to settings.
[2014.10.09-21.37.05:635][  0]LogLoad: Full Startup: 8.97 seconds (BP compile: 0.02 seconds)
[2014.10.09-21.37.05:652][  0]LogContentBrowser:Verbose: The content browser source was changed by the sources view to '/Game/Textures'
[2014.10.09-21.37.05:781][  0]LogRenderer:Warning: Reallocating scene render targets to support 736x584.
[2014.10.09-21.37.06:089][  2]LogAssetRegistry: Asset discovery search completed in 2.2520 seconds
[2014.10.09-21.37.35:959][485]Cmd: MAP LOAD FILE="../../../../../../Users/Mitchell/Documents/Unhinged/Phobophobia 4.4/Content/Maps/Programming.umap" TEMPLATE=0 SHOWPROGRESS=1
[2014.10.09-21.37.35:959][485]LightingResults: New page: Lighting Build
[2014.10.09-21.37.35:981][485]LoadErrors: New page: Loading map: Programming.umap
[2014.10.09-21.37.35:981][485]MapCheck: New page: Map Check
[2014.10.09-21.37.35:981][485]LightingResults: New page: Lighting Build
[2014.10.09-21.37.36:008][485]LogParticles: Destroying 0 GPU particle simulations for FXSystem 0x0000000010F839C0
[2014.10.09-21.37.36:892][485]LogOutputDevice: === Handled error: ===
Ensure condition failed: 1 == StructProperty->ArrayDim [File:D:\BuildFarm\buildmachine_++depot+UE4-Releases+4.4\Engine\Source\Editor\KismetCompiler\Private\KismetCompilerVMBackend.cpp] [Line: 460]

Stack: Address = 0xf00b5216 (filename not found) [in C:\Program Files\Unreal Engine\4.4\Engine\Binaries\Win64\UE4Editor-Core.dll]
Address = 0xeff419d1 (filename not found) [in C:\Program Files\Unreal Engine\4.4\Engine\Binaries\Win64\UE4Editor-Core.dll]
Address = 0xedc78874 (filename not found) [in C:\Program Files\Unreal Engine\4.4\Engine\Binaries\Win64\UE4Editor-KismetCompiler.dll]
Address = 0xedc7803c (filename not found) [in C:\Program Files\Unreal Engine\4.4\Engine\Binaries\Win64\UE4Editor-KismetCompiler.dll]
Address = 0xedc87938 (filename not found) [in C:\Program Files\Unreal Engine\4.4\Engine\Binaries\Win64\UE4Editor-KismetCompiler.dll]
Address = 0xedc678f7 (filename not found) [in C:\Program Files\Unreal Engine\4.4\Engine\Binaries\Win64\UE4Editor-KismetCompiler.dll]
Address = 0xedc87b8d (filename not found) [in C:\Program Files\Unreal Engine\4.4\Engine\Binaries\Win64\UE4Editor-KismetCompiler.dll]
Address = 0xedc631a3 (filename not found) [in C:\Program Files\Unreal Engine\4.4\Engine\Binaries\Win64\UE4Editor-KismetCompiler.dll]
Address = 0xedc63ccc (filename not found) [in C:\Program Files\Unreal Engine\4.4\Engine\Binaries\Win64\UE4Editor-KismetCompiler.dll]
Address = 0xedc6383e (filename not found) [in C:\Program Files\Unreal Engine\4.4\Engine\Binaries\Win64\UE4Editor-KismetCompiler.dll]
Address = 0xebfd191a (filename not found) [in C:\Program Files\Unreal Engine\4.4\Engine\Binaries\Win64\UE4Editor-UnrealEd.dll]
Address = 0xebf98254 (filename not found) [in C:\Program Files\Unreal Engine\4.4\Engine\Binaries\Win64\UE4Editor-UnrealEd.dll]
Address = 0xf0724adb (filename not found) [in C:\Program Files\Unreal Engine\4.4\Engine\Binaries\Win64\UE4Editor-CoreUObject.dll]
Address = 0xf076ffe6 (filename not found) [in C:\Program Files\Unreal Engine\4.4\Engine\Binaries\Win64\UE4Editor-CoreUObject.dll]
Address = 0xf078ab54 (filename not found) [in C:\Program Files\Unreal Engine\4.4\Engine\Binaries\Win64\UE4Editor-CoreUObject.dll]
Address = 0xf075ebc4 (filename not found) [in C:\Program Files\Unreal Engine\4.4\Engine\Binaries\Win64\UE4Editor-CoreUObject.dll]
Address = 0xf0731f68 (filename not found) [in C:\Program Files\Unreal Engine\4.4\Engine\Binaries\Win64\UE4Editor-CoreUObject.dll]
Address = 0xf079426f (filename not found) [in C:\Program Files\Unreal Engine\4.4\Engine\Binaries\Win64\UE4Editor-CoreUObject.dll]
Address = 0xf0770179 (filename not found) [in C:\Program Files\Unreal Engine\4.4\Engine\Binaries\Win64\UE4Editor-CoreUObject.dll]
Address = 0xf078ab54 (filename not found) [in C:\Program Files\Unreal Engine\4.4\Engine\Binaries\Win64\UE4Editor-CoreUObject.dll]
Address = 0xf076fa5e (filename not found) [in C:\Program Files\Unreal Engine\4.4\Engine\Binaries\Win64\UE4Editor-CoreUObject.dll]
Address = 0xf078ab54 (filename not found) [in C:\Program Files\Unreal Engine\4.4\Engine\Binaries\Win64\UE4Editor-CoreUObject.dll]
Address = 0xf076fa5e (filename not found) [in C:\Program Files\Unreal Engine\4.4\Engine\Binaries\Win64\UE4Editor-CoreUObject.dll]
Address = 0xf078c972 (filename not found) [in C:\Program Files\Unreal Engine\4.4\Engine\Binaries\Win64\UE4Editor-CoreUObject.dll]
Address = 0xf07e5f5a (filename not found) [in C:\Program Files\Unreal Engine\4.4\Engine\Binaries\Win64\UE4Editor-CoreUObject.dll]
Address = 0xf07ac1ae (filename not found) [in C:\Program Files\Unreal Engine\4.4\Engine\Binaries\Win64\UE4Editor-CoreUObject.dll]
Address = 0xf07ab535 (filename not found) [in C:\Program Files\Unreal Engine\4.4\Engine\Binaries\Win64\UE4Editor-CoreUObject.dll]
Address = 0xf07ac2da (filename not found) [in C:\Program Files\Unreal Engine\4.4\Engine\Binaries\Win64\UE4Editor-CoreUObject.dll]
Address = 0xf07ab535 (filename not found) [in C:\Program Files\Unreal Engine\4.4\Engine\Binaries\Win64\UE4Editor-CoreUObject.dll]
Address = 0xf07ab44a (filename not found) [in C:\Program Files\Unreal Engine\4.4\Engine\Binaries\Win64\UE4Editor-CoreUObject.dll]
Address = 0xf0777ce0 (filename not found) [in C:\Program Files\Unreal Engine\4.4\Engine\Binaries\Win64\UE4Editor-CoreUObject.dll]
Address = 0xf07aa7b0 (filename not found) [in C:\Program Files\Unreal Engine\4.4\Engine\Binaries\Win64\UE4Editor-CoreUObject.dll]
Address = 0xf07712c8 (filename not found) [in C:\Program Files\Unreal Engine\4.4\Engine\Binaries\Win64\UE4Editor-CoreUObject.dll]
Address = 0xf0783b6a (filename not found) [in C:\Program Files\Unreal Engine\4.4\Engine\Binaries\Win64\UE4Editor-CoreUObject.dll]
Address = 0xf07e5e92 (filename not found) [in C:\Program Files\Unreal Engine\4.4\Engine\Binaries\Win64\UE4Editor-CoreUObject.dll]
Address = 0xeb9b92e4 (filename not found) [in C:\Program Files\Unreal Engine\4.4\Engine\Binaries\Win64\UE4Editor-UnrealEd.dll]
Address = 0xeb9ac4ed (filename not found) [in C:\Program Files\Unreal Engine\4.4\Engine\Binaries\Win64\UE4Editor-UnrealEd.dll]
Address = 0xeb99a291 (filename not found) [in C:\Program Files\Unreal Engine\4.4\Engine\Binaries\Win64\UE4Editor-UnrealEd.dll]
Address = 0xebc9f0f0 (filename not found) [in C:\Program Files\Unreal Engine\4.4\Engine\Binaries\Win64\UE4Editor-UnrealEd.dll]
Address = 0xeba12834 (filename not found) [in C:\Program Files\Unreal Engine\4.4\Engine\Binaries\Win64\UE4Editor-UnrealEd.dll]
Address = 0xeba13335 (filename not found) [in C:\Program Files\Unreal Engine\4.4\Engine\Binaries\Win64\UE4Editor-UnrealEd.dll]
Address = 0xe13c92aa (filename not found) [in C:\Program Files\Unreal Engine\4.4\Engine\Binaries\Win64\UE4Editor-LevelEditor.dll]
Address = 0xef845246 (filename not found) [in C:\Program Files\Unreal Engine\4.4\Engine\Binaries\Win64\UE4Editor-Slate.dll]
Address = 0xef98be27 (filename not found) [in C:\Program Files\Unreal Engine\4.4\Engine\Binaries\Win64\UE4Editor-Slate.dll]
Address = 0xef994dd8 (filename not found) [in C:\Program Files\Unreal Engine\4.4\Engine\Binaries\Win64\UE4Editor-Slate.dll]
Address = 0xef95cd5c (filename not found) [in C:\Program Files\Unreal Engine\4.4\Engine\Binaries\Win64\UE4Editor-Slate.dll]
Address = 0xefa2569a (filename not found) [in C:\Program Files\Unreal Engine\4.4\Engine\Binaries\Win64\UE4Editor-Slate.dll]
Address = 0xefa5f169 (filename not found) [in C:\Program Files\Unreal Engine\4.4\Engine\Binaries\Win64\UE4Editor-Slate.dll]
Address = 0xef881ddf (filename not found) [in C:\Program Files\Unreal Engine\4.4\Engine\Binaries\Win64\UE4Editor-Slate.dll]
Address = 0xef871989 (filename not found) [in C:\Program Files\Unreal Engine\4.4\Engine\Binaries\Win64\UE4Editor-Slate.dll]
Address = 0xf00234d5 (filename not found) [in C:\Program Files\Unreal Engine\4.4\Engine\Binaries\Win64\UE4Editor-Core.dll]
Address = 0xf000f871 (filename not found) [in C:\Program Files\Unreal Engine\4.4\Engine\Binaries\Win64\UE4Editor-Core.dll]
Address = 0xf002461e (filename not found) [in C:\Program Files\Unreal Engine\4.4\Engine\Binaries\Win64\UE4Editor-Core.dll]
Address = 0xf000c6e2 (filename not found) [in C:\Program Files\Unreal Engine\4.4\Engine\Binaries\Win64\UE4Editor-Core.dll]
Address = 0x779f9bd1 (filename not found) [in C:\Windows\system32\USER32.dll]
Address = 0x779f98da (filename not found) [in C:\Windows\system32\USER32.dll]
Address = 0xf0024ac6 (filename not found) [in C:\Program Files\Unreal Engine\4.4\Engine\Binaries\Win64\UE4Editor-Core.dll]
FEngineLoop::Tick() 0x3f15708d + 8 bytes [File=d:\buildfarm\buildmachine_++depot+ue4-releases+4.4\engine\source\runtime\launch\private\launchengineloop.cpp:2080] [in C:\Program Files\Unreal Engine\4.4\Engine\Binaries\Win64\UE4Editor.exe]
GuardedMain() 0x3f14ca3c + 0 bytes [File=d:\buildfarm\buildmachine_++depot+ue4-releases+4.4\engine\source\runtime\launch\private\launch.cpp:133] [in C:\Program Files\Unreal Engine\4.4\Engine\Binaries\Win64\UE4Editor.exe]
GuardedMainWrapper() 0x3f14caaa + 5 bytes [File=d:\buildfarm\buildmachine_++depot+ue4-releases+4.4\engine\source\runtime\launch\private\windows\launchwindows.cpp:125] [in C:\Program Files\Unreal Engine\4.4\Engine\Binaries\Win64\UE4Editor.exe]
WinMain() 0x3f1588c9 + 17 bytes [File=d:\buildfarm\buildmachine_++depot+ue4-releases+4.4\engine\source\runtime\launch\private\windows\launchwindows.cpp:201] [in C:\Program Files\Unreal Engine\4.4\Engine\Binaries\Win64\UE4Editor.exe]
__tmainCRTStartup() 0x3f1596f9 + 21 bytes [File=f:\dd\vctools\crt\crtw32\dllstuff\crtexe.c:618] [in C:\Program Files\Unreal Engine\4.4\Engine\Binaries\Win64\UE4Editor.exe]
Address = 0x77af59ed (filename not found) [in C:\Windows\system32\kernel32.dll]
Address = 0x77c2c541 (filename not found) [in C:\Windows\SYSTEM32\ntdll.dll]
Address = 0x77c2c541 (filename not found) [in C:\Windows\SYSTEM32\ntdll.dll]

[2014.10.09-21.37.37:404][485]LogOutputDevice: === Handled error: ===
Ensure condition failed: 1 == StructProperty->ArrayDim [File:D:\BuildFarm\buildmachine_++depot+UE4-Releases+4.4\Engine\Source\Editor\KismetCompiler\Private\KismetCompilerVMBackend.cpp] [Line: 460]

Stack: Address = 0xf00b5216 (filename not found) [in C:\Program Files\Unreal Engine\4.4\Engine\Binaries\Win64\UE4Editor-Core.dll]
Address = 0xeff419d1 (filename not found) [in C:\Program Files\Unreal Engine\4.4\Engine\Binaries\Win64\UE4Editor-Core.dll]
Address = 0xedc78874 (filename not found) [in C:\Program Files\Unreal Engine\4.4\Engine\Binaries\Win64\UE4Editor-KismetCompiler.dll]
Address = 0xedc7803c (filename not found) [in C:\Program Files\Unreal Engine\4.4\Engine\Binaries\Win64\UE4Editor-KismetCompiler.dll]
Address = 0xedc87938 (filename not found) [in C:\Program Files\Unreal Engine\4.4\Engine\Binaries\Win64\UE4Editor-KismetCompiler.dll]
Address = 0xedc678f7 (filename not found) [in C:\Program Files\Unreal Engine\4.4\Engine\Binaries\Win64\UE4Editor-KismetCompiler.dll]
Address = 0xedc87b8d (filename not found) [in C:\Program Files\Unreal Engine\4.4\Engine\Binaries\Win64\UE4Editor-KismetCompiler.dll]
Address = 0xedc631a3 (filename not found) [in C:\Program Files\Unreal Engine\4.4\Engine\Binaries\Win64\UE4Editor-KismetCompiler.dll]
Address = 0xedc63ccc (filename not found) [in C:\Program Files\Unreal Engine\4.4\Engine\Binaries\Win64\UE4Editor-KismetCompiler.dll]
Address = 0xedc6383e (filename not found) [in C:\Program Files\Unreal Engine\4.4\Engine\Binaries\Win64\UE4Editor-KismetCompiler.dll]
Address = 0xebff4bf8 (filename not found) [in C:\Program Files\Unreal Engine\4.4\Engine\Binaries\Win64\UE4Editor-UnrealEd.dll]
Address = 0xe7f98e07 (filename not found) [in C:\Program Files\Unreal Engine\4.4\Engine\Binaries\Win64\UE4Editor-Engine.dll]
Address = 0xf06c80cf (filename not found) [in C:\Program Files\Unreal Engine\4.4\Engine\Binaries\Win64\UE4Editor-CoreUObject.dll]
Address = 0xf0770183 (filename not found) [in C:\Program Files\Unreal Engine\4.4\Engine\Binaries\Win64\UE4Editor-CoreUObject.dll]
Address = 0xf078ab54 (filename not found) [in C:\Program Files\Unreal Engine\4.4\Engine\Binaries\Win64\UE4Editor-CoreUObject.dll]
Address = 0xf076fa5e (filename not found) [in C:\Program Files\Unreal Engine\4.4\Engine\Binaries\Win64\UE4Editor-CoreUObject.dll]
Address = 0xf078ab54 (filename not found) [in C:\Program Files\Unreal Engine\4.4\Engine\Binaries\Win64\UE4Editor-CoreUObject.dll]
Address = 0xf076fa5e (filename not found) [in C:\Program Files\Unreal Engine\4.4\Engine\Binaries\Win64\UE4Editor-CoreUObject.dll]
Address = 0xf078c972 (filename not found) [in C:\Program Files\Unreal Engine\4.4\Engine\Binaries\Win64\UE4Editor-CoreUObject.dll]
Address = 0xf07e5f5a (filename not found) [in C:\Program Files\Unreal Engine\4.4\Engine\Binaries\Win64\UE4Editor-CoreUObject.dll]
Address = 0xf07ac1ae (filename not found) [in C:\Program Files\Unreal Engine\4.4\Engine\Binaries\Win64\UE4Editor-CoreUObject.dll]
Address = 0xf07ab535 (filename not found) [in C:\Program Files\Unreal Engine\4.4\Engine\Binaries\Win64\UE4Editor-CoreUObject.dll]
Address = 0xf07ac2da (filename not found) [in C:\Program Files\Unreal Engine\4.4\Engine\Binaries\Win64\UE4Editor-CoreUObject.dll]
Address = 0xf07ab535 (filename not found) [in C:\Program Files\Unreal Engine\4.4\Engine\Binaries\Win64\UE4Editor-CoreUObject.dll]
Address = 0xf07ab44a (filename not found) [in C:\Program Files\Unreal Engine\4.4\Engine\Binaries\Win64\UE4Editor-CoreUObject.dll]
Address = 0xf0777ce0 (filename not found) [in C:\Program Files\Unreal Engine\4.4\Engine\Binaries\Win64\UE4Editor-CoreUObject.dll]
Address = 0xf07aa7b0 (filename not found) [in C:\Program Files\Unreal Engine\4.4\Engine\Binaries\Win64\UE4Editor-CoreUObject.dll]
Address = 0xf07712c8 (filename not found) [in C:\Program Files\Unreal Engine\4.4\Engine\Binaries\Win64\UE4Editor-CoreUObject.dll]
Address = 0xf0783b6a (filename not found) [in C:\Program Files\Unreal Engine\4.4\Engine\Binaries\Win64\UE4Editor-CoreUObject.dll]
Address = 0xf07e5e92 (filename not found) [in C:\Program Files\Unreal Engine\4.4\Engine\Binaries\Win64\UE4Editor-CoreUObject.dll]
Address = 0xeb9b92e4 (filename not found) [in C:\Program Files\Unreal Engine\4.4\Engine\Binaries\Win64\UE4Editor-UnrealEd.dll]
Address = 0xeb9ac4ed (filename not found) [in C:\Program Files\Unreal Engine\4.4\Engine\Binaries\Win64\UE4Editor-UnrealEd.dll]
Address = 0xeb99a291 (filename not found) [in C:\Program Files\Unreal Engine\4.4\Engine\Binaries\Win64\UE4Editor-UnrealEd.dll]
Address = 0xebc9f0f0 (filename not found) [in C:\Program Files\Unreal Engine\4.4\Engine\Binaries\Win64\UE4Editor-UnrealEd.dll]
Address = 0xeba12834 (filename not found) [in C:\Program Files\Unreal Engine\4.4\Engine\Binaries\Win64\UE4Editor-UnrealEd.dll]
Address = 0xeba13335 (filename not found) [in C:\Program Files\Unreal Engine\4.4\Engine\Binaries\Win64\UE4Editor-UnrealEd.dll]
Address = 0xe13c92aa (filename not found) [in C:\Program Files\Unreal Engine\4.4\Engine\Binaries\Win64\UE4Editor-LevelEditor.dll]
Address = 0xef845246 (filename not found) [in C:\Program Files\Unreal Engine\4.4\Engine\Binaries\Win64\UE4Editor-Slate.dll]
Address = 0xef98be27 (filename not found) [in C:\Program Files\Unreal Engine\4.4\Engine\Binaries\Win64\UE4Editor-Slate.dll]
Address = 0xef994dd8 (filename not found) [in C:\Program Files\Unreal Engine\4.4\Engine\Binaries\Win64\UE4Editor-Slate.dll]
Address = 0xef95cd5c (filename not found) [in C:\Program Files\Unreal Engine\4.4\Engine\Binaries\Win64\UE4Editor-Slate.dll]
Address = 0xefa2569a (filename not found) [in C:\Program Files\Unreal Engine\4.4\Engine\Binaries\Win64\UE4Editor-Slate.dll]
Address = 0xefa5f169 (filename not found) [in C:\Program Files\Unreal Engine\4.4\Engine\Binaries\Win64\UE4Editor-Slate.dll]
Address = 0xef881ddf (filename not found) [in C:\Program Files\Unreal Engine\4.4\Engine\Binaries\Win64\UE4Editor-Slate.dll]
Address = 0xef871989 (filename not found) [in C:\Program Files\Unreal Engine\4.4\Engine\Binaries\Win64\UE4Editor-Slate.dll]
Address = 0xf00234d5 (filename not found) [in C:\Program Files\Unreal Engine\4.4\Engine\Binaries\Win64\UE4Editor-Core.dll]
Address = 0xf000f871 (filename not found) [in C:\Program Files\Unreal Engine\4.4\Engine\Binaries\Win64\UE4Editor-Core.dll]
Address = 0xf002461e (filename not found) [in C:\Program Files\Unreal Engine\4.4\Engine\Binaries\Win64\UE4Editor-Core.dll]
Address = 0xf000c6e2 (filename not found) [in C:\Program Files\Unreal Engine\4.4\Engine\Binaries\Win64\UE4Editor-Core.dll]
Address = 0x779f9bd1 (filename not found) [in C:\Windows\system32\USER32.dll]
Address = 0x779f98da (filename not found) [in C:\Windows\system32\USER32.dll]
Address = 0xf0024ac6 (filename not found) [in C:\Program Files\Unreal Engine\4.4\Engine\Binaries\Win64\UE4Editor-Core.dll]
FEngineLoop::Tick() 0x3f15708d + 8 bytes [File=d:\buildfarm\buildmachine_++depot+ue4-releases+4.4\engine\source\runtime\launch\private\launchengineloop.cpp:2080] [in C:\Program Files\Unreal Engine\4.4\Engine\Binaries\Win64\UE4Editor.exe]
GuardedMain() 0x3f14ca3c + 0 bytes [File=d:\buildfarm\buildmachine_++depot+ue4-releases+4.4\engine\source\runtime\launch\private\launch.cpp:133] [in C:\Program Files\Unreal Engine\4.4\Engine\Binaries\Win64\UE4Editor.exe]
GuardedMainWrapper() 0x3f14caaa + 5 bytes [File=d:\buildfarm\buildmachine_++depot+ue4-releases+4.4\engine\source\runtime\launch\private\windows\launchwindows.cpp:125] [in C:\Program Files\Unreal Engine\4.4\Engine\Binaries\Win64\UE4Editor.exe]
WinMain() 0x3f1588c9 + 17 bytes [File=d:\buildfarm\buildmachine_++depot+ue4-releases+4.4\engine\source\runtime\launch\private\windows\launchwindows.cpp:201] [in C:\Program Files\Unreal Engine\4.4\Engine\Binaries\Win64\UE4Editor.exe]
__tmainCRTStartup() 0x3f1596f9 + 21 bytes [File=f:\dd\vctools\crt\crtw32\dllstuff\crtexe.c:618] [in C:\Program Files\Unreal Engine\4.4\Engine\Binaries\Win64\UE4Editor.exe]
Address = 0x77af59ed (filename not found) [in C:\Windows\system32\kernel32.dll]
Address = 0x77c2c541 (filename not found) [in C:\Windows\SYSTEM32\ntdll.dll]
Address = 0x77c2c541 (filename not found) [in C:\Windows\SYSTEM32\ntdll.dll]

[2014.10.09-21.37.38:246][485]BlueprintLog:Warning: Warning Blueprint MyGame has been migrated and requires re-saving to avoid import errors
[2014.10.09-21.37.39:066][485]LogEditorServer: Finished looking for orphan Actors (0.000 secs)
[2014.10.09-21.37.39:066][485]LogAIModule: Creating AISystem for world Programming
[2014.10.09-21.37.39:091][485]Cmd: MAP CHECKDEP
[2014.10.09-21.37.39:091][485]MapCheck: New page: Programming - Oct 9, 2014, 1:37:39 PM
[2014.10.09-21.37.39:235][485]MapCheck: Info ========== Map Check: 0 Error(s), 0 Warning(s), [143.607ms] ==========
[2014.10.09-21.37.39:235][485]LogFileHelpers: Loading map 'Programming' took 3.277
[2014.10.09-21.38.07:779][422]LogFactory: FactoryCreateBinary: Texture with TextureFactory (0 0 ../../../../../../Users/Mitchell/Desktop/textureCandleFlame.png)
[2014.10.09-21.38.07:782][422]0.000013 seconds to analyze Texture2D /Game/Textures/textureCandleFlame.textureCandleFlame

[2014.10.09-21.38.07:796][422]LogTexture:Display: Building textures: textureCandleFlame (AutoDXT)
[2014.10.09-21.38.07:903][422]LogContentBrowser:Verbose: The content browser source was changed by the sources view to 'None'
[2014.10.09-21.38.07:903][422]LogContentBrowser:Verbose: The content browser source was changed by the sources view to '/Game/Textures'
[2014.10.09-21.38.15:721][735]BlueprintLog: New page: Pre-PIE auto-recompile
[2014.10.09-21.38.15:722][735]LogPlayLevel: [PIE] Compiling Programming before PIE...
[2014.10.09-21.38.15:868][735]LogPlayLevel: PIE:  Blueprint regeneration took 146 ms (1 blueprints)
[2014.10.09-21.38.15:868][735]PIE: New page: SIE session: Programming (Oct 9, 2014, 1:38:15 PM)
[2014.10.09-21.38.15:894][735]LogPlayLevel: PIE: StaticDuplicateObject took: (0.025705s)
[2014.10.09-21.38.15:895][735]LogPlayLevel: PIE: World Init took: (0.000614s)
[2014.10.09-21.38.15:895][735]LogPlayLevel: PIE: Created PIE world by copying editor world from /Game/Maps/Programming.Programming to /Game/Maps/UEDPIE_0_Programming.Programming (0.026512s)
[2014.10.09-21.38.15:937][735]LogWorld: Game class is 'MyGame_C'
[2014.10.09-21.38.15:939][735]LogAIModule: Creating AISystem for world Programming
[2014.10.09-21.38.15:943][735]LogWorld: Bringing World /Game/Maps/UEDPIE_0_Programming.Programming up for play (max tick rate 0) at 2014.10.09-17.38.15
[2014.10.09-21.38.15:945][735]LogWorld: Bringing up level for play took: 0.005828
[2014.10.09-21.38.15:945][735]PIE: Info Play in editor start time for /Game/Maps/UEDPIE_0_Programming 0.781
[2014.10.09-21.38.16:025][736]LogRenderer:Warning: Reallocating scene render targets to support 736x592.
[2014.10.09-21.38.18:611][819]Cmd: SELECT NONE
[2014.10.09-21.38.20:454][912]LogParticles: Destroying 0 GPU particle simulations for FXSystem 0x000000001C234F40
[2014.10.09-21.38.25:191][101]LogContentBrowser:Verbose: The content browser source was changed by the sources view to '/Game/Particles'
[2014.10.09-21.38.27:123][175]LogContentBrowser:Verbose: The content browser source was changed by the sources view to '/Game/Particles/Materials'
[2014.10.09-21.38.30:354][261]LogContentBrowser:Verbose: The content browser source was changed by the sources view to '/Game/Particles/Materials'
[2014.10.09-21.38.44:149][615]LogLinker:Warning: Can't find file '/Game/Textures/textureCandleFlame'
[2014.10.09-21.38.44:149][615]LogLinker:Warning: Can't find file for asset '/Game/Textures/textureCandleFlame' while loading ../../../../../../Users/Mitchell/Documents/Unhinged/Phobophobia 4.4/Content/Particles/Materials/materialCandleFlame.uasset.
[2014.10.09-21.38.44:149][615]LoadErrors:Error: Error /Game/Particles/Materials/materialCandleFlame : Can't find file for asset. /Game/Textures/textureCandleFlame
[2014.10.09-21.38.44:149][615]LogLinker:Warning: Can't find file '/Game/Textures/textureCandleFlame'
[2014.10.09-21.38.44:149][615]LogLinker:Warning: Can't find file for asset '/Game/Textures/textureCandleFlame' while loading ../../../../../../Users/Mitchell/Documents/Unhinged/Phobophobia 4.4/Content/Particles/Materials/materialCandleFlame.uasset.
[2014.10.09-21.38.44:150][615]LogLinker:Warning: Can't find file '/Game/Textures/textureCandleFlame'
[2014.10.09-21.38.44:150][615]LoadErrors: Info Failed to load /Game/Textures/textureCandleFlame.textureCandleFlame Referenced by MaterialExpressionTextureSample_0 Property /Script/Engine.MaterialExpressionTextureBase:Texture
[2014.10.09-21.38.44:151][615]LogLinker:Warning: Can't find file for asset '/Game/Textures/textureCandleFlame' while loading NULL.
[2014.10.09-21.38.44:204][615]LogMaterial: Missing cached shader map for material materialCandleFlame, compiling.
[2014.10.09-21.38.44:205][615]LogMaterial:Warning: Failed to compile Material /Game/Particles/Materials/materialCandleFlame.materialCandleFlame for platform PCD3D_SM5, Default Material will be used in game.
[2014.10.09-21.38.44:205][615]LogMaterial:Warning: 	(Node TextureSample) TextureSample> Missing input texture
[2014.10.09-21.38.44:235][615]LogMaterial: Missing cached shader map for material PreviewMaterial_0, compiling.
[2014.10.09-21.38.44:235][615]LogMaterial:Warning: Failed to compile Material /Engine/Transient.PreviewMaterial_0 for platform PCD3D_SM5, Default Material will be used in game.
[2014.10.09-21.38.44:235][615]LogMaterial:Warning: 	(Node TextureSample) TextureSample> Missing input texture
[2014.10.09-21.38.44:242][615]LogActorComponent: UnregisterComponent: (/Engine/Transient.SkeletalMeshComponent_0) Not registered. Aborting.
[2014.10.09-21.38.44:329][615]LogActorComponent: UnregisterComponent: (/Engine/Transient.SkeletalMeshComponent_0) Not registered. Aborting.
[2014.10.09-21.38.44:329][615]LogActorComponent: RegisterComponentWithWorld: (/Engine/Transient.MaterialEditorMeshComponent_0) Already registered. Aborting.
[2014.10.09-21.38.44:330][615]LogActorComponent: UnregisterComponent: (/Engine/Transient.SkeletalMeshComponent_0) Not registered. Aborting.
[2014.10.09-21.38.44:330][615]LogActorComponent: RegisterComponentWithWorld: (/Engine/Transient.MaterialEditorMeshComponent_0) Already registered. Aborting.
[2014.10.09-21.38.44:333][615]LogMaterial: Missing cached shader map for material PreviewMaterial_0, compiling.
[2014.10.09-21.38.44:334][615]LogMaterial:Warning: Failed to compile Material /Engine/Transient.PreviewMaterial_0 for platform PCD3D_SM5, Default Material will be used in game.
[2014.10.09-21.38.44:334][615]LogMaterial:Warning: 	(Node TextureSample) TextureSample> Missing input texture
[2014.10.09-21.38.44:375][615]LogMaterial: Missing cached shader map for material FMatExpressionPreview MaterialExpressionTextureSample_0, compiling.
[2014.10.09-21.38.44:377][615]MaterialEditorStats:Error: Error [SM5] (Node TextureSample) TextureSample> Missing input texture
[2014.10.09-21.38.59:349][115]LogMaterial: Missing cached shader map for material PreviewMaterial_0, compiling.
[2014.10.09-21.38.59:409][115]LogMaterial: Missing cached shader map for material FMatExpressionPreview MaterialExpressionTextureSample_0, compiling.
[2014.10.09-21.39.01:785][167]MaterialEditorStats: Info Base pass shader with only dynamic lighting: 64 instructions
[2014.10.09-21.39.01:785][167]MaterialEditorStats: Info Vertex shader: 46 instructions
[2014.10.09-21.39.01:785][167]MaterialEditorStats: Info Texture samplers: 5/16
[2014.10.09-21.39.13:525][486]LogMaterial: Missing cached shader map for material PreviewMaterial_0, compiling.
[2014.10.09-21.39.13:526][486]LogMaterial:Warning: Failed to compile Material /Engine/Transient.PreviewMaterial_0 for platform PCD3D_SM5, Default Material will be used in game.
[2014.10.09-21.39.13:526][486]LogMaterial:Warning: 	(Node TextureSample) TextureSample> Sampler type is Grayscale, should be Color for /Game/Textures/textureCandleFlame.textureCandleFlame
[2014.10.09-21.39.13:549][486]LogMaterial: Missing cached shader map for material FMatExpressionPreview MaterialExpressionTextureSample_0, compiling.
[2014.10.09-21.39.13:554][486]MaterialEditorStats:Error: Error [SM5] (Node TextureSample) TextureSample> Sampler type is Grayscale, should be Color for /Game/Textures/textureCandleFlame.textureCandleFlame
[2014.10.09-21.39.32:918][133]LogMaterial: Missing cached shader map for material PreviewMaterial_0, compiling.
[2014.10.09-21.39.32:918][133]LogMaterial:Warning: Failed to compile Material /Engine/Transient.PreviewMaterial_0 for platform PCD3D_SM5, Default Material will be used in game.
[2014.10.09-21.39.32:918][133]LogMaterial:Warning: 	(Node TextureSample) TextureSample> Sampler type is Linear Color, should be Color for /Game/Textures/textureCandleFlame.textureCandleFlame
[2014.10.09-21.39.32:944][133]LogMaterial: Missing cached shader map for material FMatExpressionPreview MaterialExpressionTextureSample_0, compiling.
[2014.10.09-21.39.32:948][133]MaterialEditorStats:Error: Error [SM5] (Node TextureSample) TextureSample> Sampler type is Linear Color, should be Color for /Game/Textures/textureCandleFlame.textureCandleFlame
[2014.10.09-21.39.34:631][190]LogMaterial: Missing cached shader map for material PreviewMaterial_0, compiling.
[2014.10.09-21.39.34:661][190]LogMaterial: Missing cached shader map for material FMatExpressionPreview MaterialExpressionTextureSample_0, compiling.
[2014.10.09-21.39.36:902][235]MaterialEditorStats: Info Base pass shader with only dynamic lighting: 64 instructions
[2014.10.09-21.39.36:902][235]MaterialEditorStats: Info Vertex shader: 46 instructions
[2014.10.09-21.39.36:902][235]MaterialEditorStats: Info Texture samplers: 5/16
[2014.10.09-21.39.40:038][288]LogContentBrowser:Verbose: The content browser source was changed by the sources view to '/Game/Textures'
[2014.10.09-21.41.36:573][826]LogEditorFactories: Performing atomic reimport of [C:/Users/Mitchell/Desktop/DIG 4525C/textureCandleFlame.png]
[2014.10.09-21.41.36:573][826]LogFactory: FactoryCreateBinary: Texture2D with ReimportTextureFactory (0 0 C:/Users/Mitchell/Desktop/DIG 4525C/textureCandleFlame.png)
[2014.10.09-21.41.36:578][826]LogTexture:Display: Building textures: textureCandleFlame (AutoDXT)
[2014.10.09-21.41.36:671][826]LogEditorFactories: -- imported successfully
[2014.10.09-21.42.43:901][771]LogEditorFactories: Performing atomic reimport of [C:/Users/Mitchell/Desktop/textureCandleFlame.psd]
[2014.10.09-21.42.43:901][771]LogFactory: FactoryCreateBinary: Texture2D with ReimportTextureFactory (0 0 C:/Users/Mitchell/Desktop/textureCandleFlame.psd)
[2014.10.09-21.42.44:018][771]LogTexture:Display: Building textures: textureCandleFlame (AutoDXT)
[2014.10.09-21.42.44:040][771]LogEditorFactories: -- imported successfully
[2014.10.09-21.42.52:899][ 12]LogMaterial: Missing cached shader map for material PreviewMaterial_0, compiling.
[2014.10.09-21.42.55:208][ 67]MaterialEditorStats: Info Base pass shader with only dynamic lighting: 64 instructions
[2014.10.09-21.42.55:208][ 67]MaterialEditorStats: Info Vertex shader: 46 instructions
[2014.10.09-21.42.55:208][ 67]MaterialEditorStats: Info Texture samplers: 5/16
[2014.10.09-21.43.03:916][224]LogMaterial: Missing cached shader map for material PreviewMaterial_0, compiling.
[2014.10.09-21.43.04:023][224]LogMaterial: Missing cached shader map for material materialCandleFlame, compiling.
[2014.10.09-21.43.04:056][224]LogMaterial: Missing cached shader map for material materialCandleFlame, compiling.
[2014.10.09-21.43.04:081][224]LogMaterial: 0.005407 seconds spent updating 1 materials, 1 interfaces, 0 instances, 0 with static permutations.
[2014.10.09-21.43.07:214][333]LogContentBrowser:Verbose: The content browser source was changed by the sources view to '/Game/Particles'
[2014.10.09-21.43.19:038][847]LogContentBrowser:Verbose: The content browser source was changed by the sources view to '/Game/Particles'
[2014.10.09-21.43.27:894][174]LogLinker:Warning: Asset '../../../Engine/Content/EditorMaterials/Cascade/CASC_Lights.uasset' has been saved with empty engine version. The asset will be loaded but may be incompatible.
[2014.10.09-21.47.38:526][652]LogParticles: Destroying 0 GPU particle simulations for FXSystem 0x00000000223159E0
[2014.10.09-21.47.38:700][652]LogSavePackage: Save=110.937836ms
[2014.10.09-21.47.38:700][652]LogSavePackage: Moving '../../../../../../Users/Mitchell/Documents/Unhinged/Phobophobia 4.4/Saved/Programming_Auto16FA6954041E3BE201C1B9DB71F46ADEC.tmp' to '../../../../../../Users/Mitchell/Documents/Unhinged/Phobophobia 4.4/Saved/Autosaves/Game/Maps/Programming_Auto1.umap'
[2014.10.09-21.47.38:715][652]LogFileHelpers: Editor autosave (incl. sublevels) for '/Game/Maps/Programming' took 0.212
[2014.10.09-21.47.38:715][652]LogFileHelpers: Editor autosave (incl. sublevels) for all levels took 0.212
[2014.10.09-21.47.38:723][652]OBJ SavePackage: Generating thumbnails for [1] asset(s) in package [/Game/Textures/textureCandleFlame] ([1] browsable assets)...
[2014.10.09-21.47.38:761][652]OBJ SavePackage:     Rendered thumbnail for [Texture2D /Game/Textures/textureCandleFlame.textureCandleFlame]
[2014.10.09-21.47.38:761][652]OBJ SavePackage: Finished generating thumbnails for package [/Game/Textures/textureCandleFlame]
[2014.10.09-21.47.38:943][652]LogSavePackage: Save=149.405075ms
[2014.10.09-21.47.38:943][652]LogSavePackage: Moving '../../../../../../Users/Mitchell/Documents/Unhinged/Phobophobia 4.4/Saved/textureCandleFlame_Auto1C5A439BC49C1D4BC99305EB75B3AD44F.tmp' to '../../../../../../Users/Mitchell/Documents/Unhinged/Phobophobia 4.4/Saved/Autosaves/Game/Textures/textureCandleFlame_Auto1.uasset'
[2014.10.09-21.47.38:967][652]OBJ SavePackage: Generating thumbnails for [1] asset(s) in package [/Game/Particles/Materials/materialCandleFlame] ([1] browsable assets)...
[2014.10.09-21.47.39:015][652]OBJ SavePackage:     Rendered thumbnail for [Material /Game/Particles/Materials/materialCandleFlame.materialCandleFlame]
[2014.10.09-21.47.39:015][652]OBJ SavePackage: Finished generating thumbnails for package [/Game/Particles/Materials/materialCandleFlame]
[2014.10.09-21.47.39:399][652]LogSavePackage: Save=350.040710ms
[2014.10.09-21.47.39:399][652]LogSavePackage: Moving '../../../../../../Users/Mitchell/Documents/Unhinged/Phobophobia 4.4/Saved/materialCandleFlame_Auto104FBD3394D6786D9A0CC60A802B90E95.tmp' to '../../../../../../Users/Mitchell/Documents/Unhinged/Phobophobia 4.4/Saved/Autosaves/Game/Particles/Materials/materialCandleFlame_Auto1.uasset'
[2014.10.09-21.47.39:494][652]OBJ SavePackage: Generating thumbnails for [1] asset(s) in package [/Game/Particles/particleCandleFlame] ([1] browsable assets)...
[2014.10.09-21.47.39:527][652]OBJ SavePackage:     Rendered thumbnail for [ParticleSystem /Game/Particles/particleCandleFlame.particleCandleFlame]
[2014.10.09-21.47.39:528][652]OBJ SavePackage: Finished generating thumbnails for package [/Game/Particles/particleCandleFlame]
[2014.10.09-21.47.39:600][652]LogSavePackage: Save=52.251728ms
[2014.10.09-21.47.39:600][652]LogSavePackage: Moving '../../../../../../Users/Mitchell/Documents/Unhinged/Phobophobia 4.4/Saved/particleCandleFlame_Auto1721F7EE748EB69E2D0FB7DA83CF7ECD3.tmp' to '../../../../../../Users/Mitchell/Documents/Unhinged/Phobophobia 4.4/Saved/Autosaves/Game/Particles/particleCandleFlame_Auto1.uasset'
[2014.10.09-21.47.39:622][652]LogFileHelpers: Auto-saving content packages took 0.907
[2014.10.09-21.50.00:631][458]LogContentBrowser:Verbose: The content browser source was changed by the sources view to '/Game/Textures'
[2014.10.09-21.50.06:117][636]LogCascade: Quitting Cascade. FXSystem=0x0000000016263D80
[2014.10.09-21.50.10:828][926]LogEditorFactories: Performing atomic reimport of [C:/Users/Mitchell/Desktop/textureCandleFlame.psd]
[2014.10.09-21.50.10:828][926]LogFactory: FactoryCreateBinary: Texture2D with ReimportTextureFactory (0 0 C:/Users/Mitchell/Desktop/textureCandleFlame.psd)
[2014.10.09-21.50.10:831][926]LogTexture:Display: Building textures: textureCandleFlame (AutoDXT)
[2014.10.09-21.50.10:854][926]LogEditorFactories: -- imported successfully
[2014.10.09-21.50.17:616][196]LogContentBrowser:Verbose: The content browser source was changed by the sources view to '/Game/Particles'
[2014.10.09-21.51.53:929][597]LogCascade: Quitting Cascade. FXSystem=0x0000000003EF4E00
[2014.10.09-21.52.00:473][797]Cmd: OBJ SAVEPACKAGE PACKAGE="/Game/Maps/Programming" FILE="../../../../../../Users/Mitchell/Documents/Unhinged/Phobophobia 4.4/Content/Maps/Programming.umap" SILENT=true AUTOSAVING=false KEEPDIRTY=false
[2014.10.09-21.52.00:508][797]LogParticles: Destroying 0 GPU particle simulations for FXSystem 0x0000000003EF4E00
[2014.10.09-21.52.00:508][797]LogParticles: Destroying 0 GPU particle simulations for FXSystem 0x0000000016263D80
[2014.10.09-21.52.00:635][797]LogSavePackage: Save=99.064583ms
[2014.10.09-21.52.00:635][797]LogSavePackage: Moving '../../../../../../Users/Mitchell/Documents/Unhinged/Phobophobia 4.4/Saved/Programming787E788E4D70B47B9733BD8FAC0C209E.tmp' to '../../../../../../Users/Mitchell/Documents/Unhinged/Phobophobia 4.4/Content/Maps/Programming.umap'
[2014.10.09-21.52.05:764][968]LogContentBrowser:Verbose: The content browser source was changed by the sources view to '/Game/Particles/Materials'
[2014.10.09-21.52.07:131][992]LogMaterial: Missing cached shader map for material PreviewMaterial_1, compiling.
[2014.10.09-21.52.07:145][992]LogActorComponent: UnregisterComponent: (/Engine/Transient.SkeletalMeshComponent_1) Not registered. Aborting.
[2014.10.09-21.52.07:219][992]LogActorComponent: UnregisterComponent: (/Engine/Transient.SkeletalMeshComponent_1) Not registered. Aborting.
[2014.10.09-21.52.07:219][992]LogActorComponent: RegisterComponentWithWorld: (/Engine/Transient.MaterialEditorMeshComponent_1) Already registered. Aborting.
[2014.10.09-21.52.07:219][992]LogActorComponent: UnregisterComponent: (/Engine/Transient.SkeletalMeshComponent_1) Not registered. Aborting.
[2014.10.09-21.52.07:219][992]LogActorComponent: RegisterComponentWithWorld: (/Engine/Transient.MaterialEditorMeshComponent_1) Already registered. Aborting.
[2014.10.09-21.52.07:222][992]LogMaterial: Missing cached shader map for material PreviewMaterial_1, compiling.
[2014.10.09-21.52.07:253][992]LogMaterial: Missing cached shader map for material FMatExpressionPreview MaterialExpressionParticleSubUV_0, compiling.
[2014.10.09-21.52.09:823][ 63]MaterialEditorStats: Info Base pass shader with only dynamic lighting: 47 instructions
[2014.10.09-21.52.09:823][ 63]MaterialEditorStats: Info Base pass shader for self shadowed translucency: 83 instructions
[2014.10.09-21.52.09:823][ 63]MaterialEditorStats: Info Vertex shader: 70 instructions
[2014.10.09-21.52.09:823][ 63]MaterialEditorStats: Info Texture samplers: 5/16
[2014.10.09-21.54.10:429][ 10]LogContentBrowser:Verbose: The content browser source was changed by the sources view to 'None'
[2014.10.09-21.54.10:430][ 10]LogContentBrowser:Verbose: The content browser source was changed by the sources view to '/Game/Textures'
[2014.10.09-21.54.38:522][717]Cmd: QUIT_EDITOR
[2014.10.09-21.54.38:653][717]LogWindowsTextInputMethodSystem:Error: Terminating failed while unadvising the language notification sink from the TSF source.
[2014.10.09-21.54.38:654][717]LogExit: Preparing to exit.
[2014.10.09-21.54.39:020][717]LogExit: Editor shut down
[2014.10.09-21.54.39:021][717]LogExit: Transaction tracking system shut down
[2014.10.09-21.54.39:037][717]LogParticles: Destroying 0 GPU particle simulations for FXSystem 0x000000002FFA4860
[2014.10.09-21.54.39:041][717]LogParticles: Destroying 0 GPU particle simulations for FXSystem 0x000000001B8FD940
[2014.10.09-21.54.39:047][717]LogParticles: Destroying 0 GPU particle simulations for FXSystem 0x000000000CDFC400
[2014.10.09-21.54.39:074][717]LogParticles: Destroying 0 GPU particle simulations for FXSystem 0x000000000CDFC180
[2014.10.09-21.54.39:074][717]LogParticles: Destroying 0 GPU particle simulations for FXSystem 0x00000000172FA980
[2014.10.09-21.54.39:074][717]LogExit: Object subsystem successfully closed.
[2014.10.09-21.54.39:123][717]LogModuleManager: Shutting down and abandoning module DistCurveEditor (166)
[2014.10.09-21.54.39:123][717]LogModuleManager: Shutting down and abandoning module Cascade (165)
[2014.10.09-21.54.39:123][717]LogModuleManager: Shutting down and abandoning module TextureEditor (164)
[2014.10.09-21.54.39:123][717]LogModuleManager: Shutting down and abandoning module MaterialEditor (163)
[2014.10.09-21.54.39:123][717]LogModuleManager: Shutting down and abandoning module AndroidDeviceDetection (162)
[2014.10.09-21.54.39:123][717]LogModuleManager: Shutting down and abandoning module HTTP (161)
[2014.10.09-21.54.39:124][717]LogModuleManager: Shutting down and abandoning module CrashTracker (160)
[2014.10.09-21.54.39:124][717]LogModuleManager: Shutting down and abandoning module SuperSearch (159)
[2014.10.09-21.54.39:124][717]LogModuleManager: Shutting down and abandoning module SceneOutliner (158)
[2014.10.09-21.54.39:124][717]LogModuleManager: Shutting down and abandoning module EditorWidgets (157)
[2014.10.09-21.54.39:124][717]LogModuleManager: Shutting down and abandoning module CollectionManager (156)
[2014.10.09-21.54.39:124][717]LogModuleManager: Shutting down and abandoning module WorldBrowser (155)
[2014.10.09-21.54.39:124][717]LogModuleManager: Shutting down and abandoning module StatsViewer (154)
[2014.10.09-21.54.39:124][717]LogModuleManager: Shutting down and abandoning module FoliageEdit (153)
[2014.10.09-21.54.39:124][717]LogModuleManager: Shutting down and abandoning module LandscapeEditor (152)
[2014.10.09-21.54.39:124][717]LogModuleManager: Shutting down and abandoning module MeshPaint (151)
[2014.10.09-21.54.39:124][717]LogModuleManager: Shutting down and abandoning module ActorPickerMode (150)
[2014.10.09-21.54.39:124][717]LogModuleManager: Shutting down and abandoning module GeometryMode (149)
[2014.10.09-21.54.39:124][717]LogModuleManager: Shutting down and abandoning module TextureAlignMode (148)
[2014.10.09-21.54.39:124][717]LogModuleManager: Shutting down and abandoning module BspMode (147)
[2014.10.09-21.54.39:124][717]LogModuleManager: Shutting down and abandoning module PlacementMode (146)
[2014.10.09-21.54.39:124][717]LogModuleManager: Shutting down and abandoning module DesktopPlatform (145)
[2014.10.09-21.54.39:124][717]LogModuleManager: Shutting down and abandoning module AutomationWorker (144)
[2014.10.09-21.54.39:124][717]LogModuleManager: Shutting down and abandoning module EditorLiveStreaming (143)
[2014.10.09-21.54.39:124][717]LogModuleManager: Shutting down and abandoning module BehaviorTreeEditor (142)
[2014.10.09-21.54.39:124][717]LogModuleManager: Shutting down and abandoning module DeviceProfileEditor (141)
[2014.10.09-21.54.39:124][717]LogModuleManager: Shutting down and abandoning module UndoHistory (140)
[2014.10.09-21.54.39:124][717]LogModuleManager: Shutting down and abandoning module GameplayTagsEditor (139)
[2014.10.09-21.54.39:124][717]LogModuleManager: Shutting down and abandoning module UserFeedback (138)
[2014.10.09-21.54.39:124][717]LogModuleManager: Shutting down and abandoning module XmlParser (137)
[2014.10.09-21.54.39:124][717]LogModuleManager: Shutting down and abandoning module Blutility (136)
[2014.10.09-21.54.39:124][717]LogModuleManager: Shutting down and abandoning module IOSPlatformEditor (135)
[2014.10.09-21.54.39:124][717]LogModuleManager: Shutting down and abandoning module IOSRuntimeSettings (134)
[2014.10.09-21.54.39:124][717]LogModuleManager: Shutting down and abandoning module AndroidPlatformEditor (133)
[2014.10.09-21.54.39:124][717]LogModuleManager: Shutting down and abandoning module AndroidRuntimeSettings (132)
[2014.10.09-21.54.39:124][717]LogModuleManager: Shutting down and abandoning module ProjectTargetPlatformEditor (131)
[2014.10.09-21.54.39:124][717]LogModuleManager: Shutting down and abandoning module ProjectSettingsViewer (130)
[2014.10.09-21.54.39:124][717]LogModuleManager: Shutting down and abandoning module InputBindingEditor (129)
[2014.10.09-21.54.39:124][717]LogModuleManager: Shutting down and abandoning module EditorSettingsViewer (128)
[2014.10.09-21.54.39:124][717]LogModuleManager: Shutting down and abandoning module SettingsEditor (127)
[2014.10.09-21.54.39:124][717]LogModuleManager: Shutting down and abandoning module SessionLauncher (126)
[2014.10.09-21.54.39:125][717]LogModuleManager: Shutting down and abandoning module SessionFrontend (125)
[2014.10.09-21.54.39:125][717]LogModuleManager: Shutting down and abandoning module ProfilerClient (124)
[2014.10.09-21.54.39:125][717]LogModuleManager: Shutting down and abandoning module TargetDeviceServices (123)
[2014.10.09-21.54.39:125][717]LogModuleManager: Shutting down and abandoning module DeviceManager (122)
[2014.10.09-21.54.39:125][717]LogModuleManager: Shutting down and abandoning module AutomationController (121)
[2014.10.09-21.54.39:125][717]LogModuleManager: Shutting down and abandoning module AutomationWindow (120)
[2014.10.09-21.54.39:125][717]LogModuleManager: Shutting down and abandoning module Layers (119)
[2014.10.09-21.54.39:125][717]LogModuleManager: Shutting down and abandoning module ComponentVisualizers (118)
[2014.10.09-21.54.39:125][717]LogModuleManager: Shutting down and abandoning module DetailCustomizations (117)
[2014.10.09-21.54.39:125][717]LogModuleManager: Shutting down and abandoning module PackagesDialog (116)
[2014.10.09-21.54.39:125][717]LogModuleManager: Shutting down and abandoning module DirectoryWatcher (115)
[2014.10.09-21.54.39:125][717]LogModuleManager: Shutting down and abandoning module AssetRegistry (114)
[2014.10.09-21.54.39:187][717]LogModuleManager: Shutting down and abandoning module Persona (113)
[2014.10.09-21.54.39:187][717]LogModuleManager: Shutting down and abandoning module GraphEditor (112)
[2014.10.09-21.54.39:187][717]LogModuleManager: Shutting down and abandoning module ClassViewer (111)
[2014.10.09-21.54.39:187][717]LogModuleManager: Shutting down and abandoning module Toolbox (110)
[2014.10.09-21.54.39:187][717]LogModuleManager: Shutting down and abandoning module ModuleUI (109)
[2014.10.09-21.54.39:187][717]LogModuleManager: Shutting down and abandoning module Sequencer (108)
[2014.10.09-21.54.39:187][717]LogModuleManager: Shutting down and abandoning module MovieSceneTools (107)
[2014.10.09-21.54.39:187][717]LogModuleManager: Shutting down and abandoning module OutputLog (106)
[2014.10.09-21.54.39:187][717]LogModuleManager: Shutting down and abandoning module GammaUI (105)
[2014.10.09-21.54.39:187][717]LogModuleManager: Shutting down and abandoning module Documentation (104)
[2014.10.09-21.54.39:187][717]LogModuleManager: Shutting down and abandoning module GameLiveStreaming (103)
[2014.10.09-21.54.39:188][717]LogModuleManager: Shutting down and abandoning module StreamingPauseRendering (102)
[2014.10.09-21.54.39:188][717]LogModuleManager: Shutting down and abandoning module AnalyticsET (101)
[2014.10.09-21.54.39:188][717]LogModuleManager: Shutting down and abandoning module Analytics (100)
[2014.10.09-21.54.39:188][717]LogModuleManager: Shutting down and abandoning module GameplayDebugger (99)
[2014.10.09-21.54.39:188][717]LogModuleManager: Shutting down and abandoning module AIModule (98)
[2014.10.09-21.54.39:188][717]LogModuleManager: Shutting down and abandoning module ProfilerService (97)
[2014.10.09-21.54.39:260][717]LogModuleManager: Shutting down and abandoning module TaskGraph (96)
[2014.10.09-21.54.39:260][717]LogModuleManager: Shutting down and abandoning module SlateRemote (95)
[2014.10.09-21.54.39:260][717]LogModuleManager: Shutting down and abandoning module ScriptEditorPlugin (94)
[2014.10.09-21.54.39:260][717]LogModuleManager: Shutting down and abandoning module CustomMeshComponent (93)
[2014.10.09-21.54.39:260][717]LogModuleManager: Shutting down and abandoning module CableComponent (92)
[2014.10.09-21.54.39:260][717]LogModuleManager: Shutting down and abandoning module MessagingDebugger (91)
[2014.10.09-21.54.39:260][717]LogModuleManager: Shutting down and abandoning module ViewportSnapping (90)
[2014.10.09-21.54.39:260][717]LogModuleManager: Shutting down and abandoning module SmartSnapping (89)
[2014.10.09-21.54.39:260][717]LogModuleManager: Shutting down and abandoning module PaperTiledImporter (88)
[2014.10.09-21.54.39:260][717]LogModuleManager: Shutting down and abandoning module PaperJsonImporter (87)
[2014.10.09-21.54.39:260][717]LogModuleManager: Shutting down and abandoning module GameProjectGeneration (86)
[2014.10.09-21.54.39:260][717]LogModuleManager: Shutting down and abandoning module Matinee (85)
[2014.10.09-21.54.39:260][717]LogModuleManager: Shutting down and abandoning module Kismet (84)
[2014.10.09-21.54.39:260][717]LogModuleManager: Shutting down and abandoning module SlateReflector (83)
[2014.10.09-21.54.39:260][717]LogModuleManager: Shutting down and abandoning module LevelEditor (82)
[2014.10.09-21.54.39:261][717]LogModuleManager: Shutting down and abandoning module IntroTutorials (81)
[2014.10.09-21.54.39:261][717]LogModuleManager: Shutting down and abandoning module ContentBrowser (80)
[2014.10.09-21.54.39:261][717]LogModuleManager: Shutting down and abandoning module PropertyEditor (79)
[2014.10.09-21.54.39:261][717]LogModuleManager: Shutting down and abandoning module AssetTools (78)
[2014.10.09-21.54.39:261][717]LogModuleManager: Shutting down and abandoning module Paper2DEditor (77)
[2014.10.09-21.54.39:261][717]LogModuleManager: Shutting down and abandoning module SpeedTreeImporter (76)
[2014.10.09-21.54.39:261][717]LogModuleManager: Shutting down and abandoning module PluginsEditor (75)
[2014.10.09-21.54.39:261][717]LogModuleManager: Shutting down and abandoning module MainFrame (74)
[2014.10.09-21.54.39:261][717]LogModuleManager: Shutting down and abandoning module EpicSurvey (73)
[2014.10.09-21.54.39:261][717]LogModuleManager: Shutting down and abandoning module VisualStudioSourceCodeAccess (72)
[2014.10.09-21.54.39:261][717]LogModuleManager: Shutting down and abandoning module UObjectPlugin (71)
[2014.10.09-21.54.39:261][717]LogModuleManager: Shutting down and abandoning module SubversionSourceControl (70)
[2014.10.09-21.54.39:261][717]LogModuleManager: Shutting down and abandoning module SourceControl (69)
[2014.10.09-21.54.39:261][717]LogModuleManager: Shutting down and abandoning module PerforceSourceControl (68)
[2014.10.09-21.54.39:261][717]LogModuleManager: Shutting down and abandoning module BlankPlugin (67)
[2014.10.09-21.54.39:261][717]LogModuleManager: Shutting down and abandoning module ScriptPlugin (66)
[2014.10.09-21.54.39:261][717]LogModuleManager: Shutting down and abandoning module UdpMessaging (65)
[2014.10.09-21.54.39:361][717]LogModuleManager: Shutting down and abandoning module Paper2D (64)
[2014.10.09-21.54.39:361][717]LogModuleManager: Shutting down and abandoning module WindowsMoviePlayer (63)
[2014.10.09-21.54.39:361][717]LogModuleManager: Shutting down and abandoning module ImageWrapper (62)
[2014.10.09-21.54.39:361][717]LogModuleManager: Shutting down and abandoning module OnlineBlueprintSupport (61)
[2014.10.09-21.54.39:361][717]LogModuleManager: Shutting down and abandoning module FunctionalTesting (60)
[2014.10.09-21.54.39:361][717]LogModuleManager: Shutting down and abandoning module CollisionAnalyzer (59)
[2014.10.09-21.54.39:361][717]LogModuleManager: Shutting down and abandoning module WorkspaceMenuStructure (58)
[2014.10.09-21.54.39:361][717]LogModuleManager: Shutting down and abandoning module MessageLog (57)
[2014.10.09-21.54.39:361][717]LogModuleManager: Shutting down and abandoning module UMGEditor (56)
[2014.10.09-21.54.39:361][717]LogModuleManager: Shutting down and abandoning module UMG (55)
[2014.10.09-21.54.39:361][717]LogModuleManager: Shutting down and abandoning module Slate (54)
[2014.10.09-21.54.39:361][717]LogModuleManager: Shutting down and abandoning module EditorStyle (53)
[2014.10.09-21.54.39:363][717]LogModuleManager: Shutting down and abandoning module SessionServices (52)
[2014.10.09-21.54.39:363][717]LogModuleManager: Shutting down and abandoning module SourceCodeAccess (51)
[2014.10.09-21.54.39:363][717]LogModuleManager: Shutting down and abandoning module HeadMountedDisplay (50)
[2014.10.09-21.54.39:363][717]LogModuleManager: Shutting down and abandoning module XAudio2 (49)
[2014.10.09-21.54.39:363][717]LogModuleManager: Shutting down and abandoning module Networking (47)
[2014.10.09-21.54.39:363][717]LogModuleManager: Shutting down and abandoning module Core (46)
[2014.10.09-21.54.39:363][717]LogModuleManager: Shutting down and abandoning module KismetCompiler (45)
[2014.10.09-21.54.39:363][717]LogModuleManager: Shutting down and abandoning module PhysXFormats (44)
[2014.10.09-21.54.39:363][717]LogModuleManager: Shutting down and abandoning module MeshUtilities (43)
[2014.10.09-21.54.39:363][717]LogModuleManager: Shutting down and abandoning module DerivedDataCache (42)
[2014.10.09-21.54.39:446][717]LogDerivedDataCache: Shutdown
[2014.10.09-21.54.39:446][717]LogModuleManager: Shutting down and abandoning module ShaderFormatOpenGL (41)
[2014.10.09-21.54.39:446][717]LogModuleManager: Shutting down and abandoning module ShaderFormatD3D (40)
[2014.10.09-21.54.39:446][717]LogModuleManager: Shutting down and abandoning module MetalShaderFormat (39)
[2014.10.09-21.54.39:446][717]LogModuleManager: Shutting down and abandoning module TextureFormatUncompressed (38)
[2014.10.09-21.54.39:446][717]LogModuleManager: Shutting down and abandoning module TextureFormatPVR (37)
[2014.10.09-21.54.39:446][717]LogModuleManager: Shutting down and abandoning module TextureFormatDXT (36)
[2014.10.09-21.54.39:446][717]LogModuleManager: Shutting down and abandoning module TextureFormatAndroid (35)
[2014.10.09-21.54.39:446][717]LogModuleManager: Shutting down and abandoning module AudioFormatOpus (34)
[2014.10.09-21.54.39:446][717]LogModuleManager: Shutting down and abandoning module AudioFormatOgg (33)
[2014.10.09-21.54.39:446][717]LogModuleManager: Shutting down and abandoning module AudioFormatADPCM (32)
[2014.10.09-21.54.39:446][717]LogModuleManager: Shutting down and abandoning module Messaging (31)
[2014.10.09-21.54.39:446][717]LogModuleManager: Shutting down and abandoning module IOSTargetPlatform (30)
[2014.10.09-21.54.39:446][717]LogModuleManager: Shutting down and abandoning module Android_PVRTCTargetPlatform (29)
[2014.10.09-21.54.39:446][717]LogModuleManager: Shutting down and abandoning module Android_ETC2TargetPlatform (28)
[2014.10.09-21.54.39:446][717]LogModuleManager: Shutting down and abandoning module Android_ETC1TargetPlatform (27)
[2014.10.09-21.54.39:446][717]LogModuleManager: Shutting down and abandoning module Android_DXTTargetPlatform (26)
[2014.10.09-21.54.39:446][717]LogModuleManager: Shutting down and abandoning module Android_ATCTargetPlatform (25)
[2014.10.09-21.54.39:446][717]LogModuleManager: Shutting down and abandoning module AndroidTargetPlatform (24)
[2014.10.09-21.54.39:446][717]LogModuleManager: Shutting down and abandoning module WindowsTargetPlatform (23)
[2014.10.09-21.54.39:446][717]LogModuleManager: Shutting down and abandoning module WindowsServerTargetPlatform (22)
[2014.10.09-21.54.39:446][717]LogModuleManager: Shutting down and abandoning module WindowsNoEditorTargetPlatform (21)
[2014.10.09-21.54.39:446][717]LogModuleManager: Shutting down and abandoning module WindowsClientTargetPlatform (20)
[2014.10.09-21.54.39:446][717]LogModuleManager: Shutting down and abandoning module TargetPlatform (19)
[2014.10.09-21.54.39:446][717]LogModuleManager: Shutting down and abandoning module InputCore (18)
[2014.10.09-21.54.39:446][717]LogModuleManager: Shutting down and abandoning module Settings (17)
[2014.10.09-21.54.39:446][717]LogModuleManager: Shutting down and abandoning module ExampleDeviceProfileSelector (14)
[2014.10.09-21.54.39:446][717]LogModuleManager: Shutting down and abandoning module OculusRift (13)
[2014.10.09-21.54.39:446][717]LogModuleManager: Shutting down and abandoning module TextureCompressor (12)
[2014.10.09-21.54.39:446][717]LogModuleManager: Shutting down and abandoning module ShaderCore (11)
[2014.10.09-21.54.39:446][717]LogModuleManager: Shutting down and abandoning module OpenGLDrv (10)
[2014.10.09-21.54.39:446][717]LogModuleManager: Shutting down and abandoning module D3D11RHI (9)
[2014.10.09-21.54.39:446][717]LogModuleManager: Shutting down and abandoning module SlateRHIRenderer (8)
[2014.10.09-21.54.39:446][717]LogModuleManager: Shutting down and abandoning module Renderer (7)
[2014.10.09-21.54.39:446][717]LogModuleManager: Shutting down and abandoning module Engine (6)
[2014.10.09-21.54.39:446][717]LogModuleManager: Shutting down and abandoning module CoreUObject (5)
[2014.10.09-21.54.39:446][717]LogModuleManager: Shutting down and abandoning module NetworkFile (4)
[2014.10.09-21.54.39:446][717]LogModuleManager: Shutting down and abandoning module StreamingFile (3)
[2014.10.09-21.54.39:446][717]LogModuleManager: Shutting down and abandoning module SandboxFile (2)
[2014.10.09-21.54.39:446][717]LogModuleManager: Shutting down and abandoning module PakFile (1)
[2014.10.09-21.54.39:447][717]LogExit: Exiting.
[2014.10.09-21.54.39:449][717]Log file closed, 10/09/14 17:54:39
