Log file open, 10/10/14 13:16:47
LogInit:Display: Running engine for game: Phobophobia
LogInit: Version: 4.4.3-2296771+++depot+UE4-Releases+4.4
LogInit: API Version: 2255576
LogInit: Compiled (64-bit): Sep 13 2014 22:30:58
LogInit: Build Configuration: Development
LogInit: Branch Name: ++depot+UE4-Releases+4.4
LogInit: Command line:  
LogInit: Base directory: C:/Program Files/Unreal Engine/4.4/Engine/Binaries/Win64/
LogInit: Rocket: 1
[2014.10.10-17.16.47:509][  0]LogTaskGraph: Started task graph with 3 named threads and 4 total threads.
[2014.10.10-17.16.47:538][  0]LogOnline:Warning: No default platform service specified for OnlineSubsystem
[2014.10.10-17.16.47:549][  0]LogInit: Presizing for 0 objects not considered by GC, pre-allocating 0 bytes.
[2014.10.10-17.16.47:556][  0]LogInit: Object subsystem initialized
[2014.10.10-17.16.47:558][  0]LogInit: Selected Device Profile: [Windows]
[2014.10.10-17.16.47:558][  0]LogInit: Applying CVar settings loaded from the selected device profile: [Windows]
[2014.10.10-17.16.47:564][  0]LogInit: Computer: MININT-IBCU80N
[2014.10.10-17.16.47:564][  0]LogInit: User: Mitchell
[2014.10.10-17.16.47:565][  0]LogInit: CPU Page size=4096, Cores=4
[2014.10.10-17.16.47:565][  0]LogInit: High frequency timer resolution =2.143632 MHz
[2014.10.10-17.16.47:565][  0]LogMemory: Memory total: Physical=7.9GB (8GB approx) Virtual=8192.0GB
[2014.10.10-17.16.47:565][  0]LogMemory: Platform Memory Stats for Windows
[2014.10.10-17.16.47:566][  0]LogMemory: Process Physical Memory: 62.96 MB used, 62.96 MB peak
[2014.10.10-17.16.47:566][  0]LogMemory: Process Virtual Memory: 38.77 MB used, 38.77 MB peak
[2014.10.10-17.16.47:566][  0]LogMemory: Physical Memory: 3037.87 MB used, 8086.17 MB total
[2014.10.10-17.16.47:566][  0]LogMemory: Virtual Memory: 261.83 MB used, 8388608.00 MB total
[2014.10.10-17.16.47:605][  0]LogD3D11RHI: Found D3D11 adapter 0: Intel(R) HD Graphics Family (Feature Level 11_0)
[2014.10.10-17.16.47:605][  0]LogD3D11RHI: Adapter has 64MB of dedicated video memory, 0MB of dedicated system memory, and 1632MB of shared system memory, 1 output[s]
[2014.10.10-17.16.47:605][  0]LogD3D11RHI: Chosen D3D11 Adapter Id = 0
[2014.10.10-17.16.47:613][  0]LogRHI: Texture pool is 616 MB (70% of 880 MB)
[2014.10.10-17.16.47:633][  0]LogD3D11RHI: Async texture creation enabled
[2014.10.10-17.16.47:797][  0]LogContentStreaming: Texture pool size is 0.000000MB
[2014.10.10-17.16.49:498][  0]LogTargetPlatformManager:Display: Building Assets For Windows
[2014.10.10-17.16.49:974][  0]LogTargetPlatformManager:Display: Building Assets For Windows
[2014.10.10-17.16.50:024][  0]LogDerivedDataCache:Display: Max Cache Size: 512 MB
[2014.10.10-17.16.50:226][  0]LogDerivedDataCache: Loaded boot cache 0.20s 39MB C:/Users/Mitchell/AppData/Local/UnrealEngine/4.4/DerivedDataCache/Boot.ddc.
[2014.10.10-17.16.50:226][  0]LogDerivedDataCache:Display: Loaded Boot cache: C:/Users/Mitchell/AppData/Local/UnrealEngine/4.4/DerivedDataCache/Boot.ddc
[2014.10.10-17.16.50:226][  0]LogDerivedDataCache: FDerivedDataBackendGraph:  Pak pak cache file ../../../../../../Users/Mitchell/Documents/Unhinged/Phobophobia 4.4/DerivedDataCache/DDC.ddp not found, will not use a pak cache.
[2014.10.10-17.16.50:226][  0]LogDerivedDataCache: Unable to find inner node Pak for hierarchical cache Hierarchy.
[2014.10.10-17.16.50:248][  0]LogDerivedDataCache:Display: Pak cache opened for reading ../../../Engine/DerivedDataCache/DDC.ddp.
[2014.10.10-17.16.50:260][  0]LogDerivedDataCache: Using Local data cache path C:/Users/Mitchell/AppData/Local/UnrealEngine/4.4/DerivedDataCache: Writable
[2014.10.10-17.16.50:464][  0]LogMeshUtilities: No automatic mesh reduction module available
[2014.10.10-17.16.50:464][  0]LogMeshUtilities: No automatic mesh merging module available
[2014.10.10-17.16.51:128][  0]LogInit: WinSock: version 1.1 (2.2), MaxSocks=32767, MaxUdp=65467
[2014.10.10-17.16.52:098][  0]LogStats:Warning: MetaData mismatch. Did you assign a stat to two groups? New //STATGROUP_Threads//FMonitoredProcess///Thread_1848_0///////STATCAT_Advanced//// old //STATGROUP_Threads//FMonitoredProcess///Thread_2900_0///////STATCAT_Advanced////
[2014.10.10-17.16.52:098][  0]UdpMessaging: Initializing bridge on interface 0.0.0.0:0 to multicast group 230.0.0.1:6666.
[2014.10.10-17.16.52:224][  0]SourceControl: Info Source control is disabled
[2014.10.10-17.16.52:224][  0]SourceControl: Info Source control is disabled
[2014.10.10-17.16.52:233][  0]SourceControl: Info Source control is disabled
[2014.10.10-17.16.52:440][  0]BlueprintLog: New page: Editor Load
[2014.10.10-17.16.52:561][  0]LogObj: 21438 objects as part of root set at end of initial load.
[2014.10.10-17.16.52:561][  0]LogUObjectAllocator: 4218656 out of 0 bytes used by permanent object pool.
[2014.10.10-17.16.52:741][  0]LogEngine: Initializing Engine...
[2014.10.10-17.16.52:871][  0]LogInit: XAudio2 using 'Speakers (Realtek High Definition Audio)' : 2 channels at 48 kHz using 32 bits per sample (channel mask 0x3)
[2014.10.10-17.16.52:885][  0]LogInit: FAudioDevice initialized.
[2014.10.10-17.16.52:906][  0]LogAIModule: Creating AISystem for world NewWorld
[2014.10.10-17.16.52:964][  0]LogDerivedDataCache: Saved boot cache 0.06s 39MB C:/Users/Mitchell/AppData/Local/UnrealEngine/4.4/DerivedDataCache/Boot.ddc.
[2014.10.10-17.16.52:969][  0]LogInit: Texture streaming: Enabled
[2014.10.10-17.16.53:005][  0]LogInit: Transaction tracking system initialized
[2014.10.10-17.16.53:135][  0]LogAssetRegistry: FAssetRegistry took 0.0100 seconds to start up
[2014.10.10-17.16.53:663][  0]LogTargetPlatformManager:Display: Building Assets For Windows
[2014.10.10-17.16.54:019][  0]LogTargetPlatformManager:Display: Building Assets For Windows
[2014.10.10-17.16.54:177][  0]LogConsoleResponse:Display: 
[2014.10.10-17.16.54:384][  0]LogStats:Warning: MetaData mismatch. Did you assign a stat to two groups? New //STATGROUP_Threads//FMonitoredProcess///Thread_2830_0///////STATCAT_Advanced//// old //STATGROUP_Threads//FMonitoredProcess///Thread_2900_0///////STATCAT_Advanced////
[2014.10.10-17.16.54:384][  0]LogStats:Warning: MetaData mismatch. Did you assign a stat to two groups? New //STATGROUP_Threads//FMonitoredProcess///Thread_26f0_0///////STATCAT_Advanced//// old //STATGROUP_Threads//FMonitoredProcess///Thread_2900_0///////STATCAT_Advanced////
[2014.10.10-17.16.54:384][  0]SourceControl: Info Source control is disabled
[2014.10.10-17.16.54:384][  0]Cmd: MAP LOAD FILE="../../../../../../Users/Mitchell/Documents/Unhinged/Phobophobia 4.4/Content/Maps/Main_Menu.umap" TEMPLATE=0 SHOWPROGRESS=1
[2014.10.10-17.16.54:384][  0]LightingResults: New page: Lighting Build
[2014.10.10-17.16.54:395][  0]MapCheck: New page: Map Check
[2014.10.10-17.16.54:395][  0]LightingResults: New page: Lighting Build
[2014.10.10-17.16.54:408][  0]LogParticles: Destroying 0 GPU particle simulations for FXSystem 0x00000000143507C0
[2014.10.10-17.16.54:490][  0]LogEditorServer: Finished looking for orphan Actors (0.000 secs)
[2014.10.10-17.16.54:494][  0]LogAIModule: Creating AISystem for world Main_Menu
[2014.10.10-17.16.54:495][  0]Cmd: MAP CHECKDEP
[2014.10.10-17.16.54:496][  0]MapCheck: New page: Main_Menu - Oct 10, 2014, 9:16:54 AM
[2014.10.10-17.16.54:610][  0]MapCheck: Info ========== Map Check: 0 Error(s), 0 Warning(s), [114.722ms] ==========
[2014.10.10-17.16.54:610][  0]LogFileHelpers: Loading map 'Main_Menu' took 0.226
[2014.10.10-17.16.54:714][  0]LogCollectionManager: Loaded 0 collections in 0.001029 seconds
[2014.10.10-17.16.54:807][  0]LogCrashTracker: Crashtracker disabled due to settings.
[2014.10.10-17.16.54:871][  0]LogLoad: Full Startup: 9.37 seconds (BP compile: 0.02 seconds)
[2014.10.10-17.16.54:888][  0]LogContentBrowser:Verbose: The content browser source was changed by the sources view to '/Game/Particles'
[2014.10.10-17.16.55:034][  0]LogRenderer:Warning: Reallocating scene render targets to support 808x584.
[2014.10.10-17.16.55:370][  3]LogAssetRegistry: Asset discovery search completed in 2.2452 seconds
[2014.10.10-17.17.14:527][ 63]Cmd: MAP LOAD FILE="../../../../../../Users/Mitchell/Documents/Unhinged/Phobophobia 4.4/Content/Maps/Programming.umap" TEMPLATE=0 SHOWPROGRESS=1
[2014.10.10-17.17.14:528][ 63]LightingResults: New page: Lighting Build
[2014.10.10-17.17.14:548][ 63]LoadErrors: New page: Loading map: Programming.umap
[2014.10.10-17.17.14:549][ 63]MapCheck: New page: Map Check
[2014.10.10-17.17.14:549][ 63]LightingResults: New page: Lighting Build
[2014.10.10-17.17.14:571][ 63]LogParticles: Destroying 0 GPU particle simulations for FXSystem 0x00000000101E7B00
[2014.10.10-17.17.15:447][ 63]LogOutputDevice: === Handled error: ===
Ensure condition failed: 1 == StructProperty->ArrayDim [File:D:\BuildFarm\buildmachine_++depot+UE4-Releases+4.4\Engine\Source\Editor\KismetCompiler\Private\KismetCompilerVMBackend.cpp] [Line: 460]

Stack: Address = 0xeeea5216 (filename not found) [in C:\Program Files\Unreal Engine\4.4\Engine\Binaries\Win64\UE4Editor-Core.dll]
Address = 0xeed319d1 (filename not found) [in C:\Program Files\Unreal Engine\4.4\Engine\Binaries\Win64\UE4Editor-Core.dll]
Address = 0xe9b58874 (filename not found) [in C:\Program Files\Unreal Engine\4.4\Engine\Binaries\Win64\UE4Editor-KismetCompiler.dll]
Address = 0xe9b5803c (filename not found) [in C:\Program Files\Unreal Engine\4.4\Engine\Binaries\Win64\UE4Editor-KismetCompiler.dll]
Address = 0xe9b67938 (filename not found) [in C:\Program Files\Unreal Engine\4.4\Engine\Binaries\Win64\UE4Editor-KismetCompiler.dll]
Address = 0xe9b478f7 (filename not found) [in C:\Program Files\Unreal Engine\4.4\Engine\Binaries\Win64\UE4Editor-KismetCompiler.dll]
Address = 0xe9b67b8d (filename not found) [in C:\Program Files\Unreal Engine\4.4\Engine\Binaries\Win64\UE4Editor-KismetCompiler.dll]
Address = 0xe9b431a3 (filename not found) [in C:\Program Files\Unreal Engine\4.4\Engine\Binaries\Win64\UE4Editor-KismetCompiler.dll]
Address = 0xe9b43ccc (filename not found) [in C:\Program Files\Unreal Engine\4.4\Engine\Binaries\Win64\UE4Editor-KismetCompiler.dll]
Address = 0xe9b4383e (filename not found) [in C:\Program Files\Unreal Engine\4.4\Engine\Binaries\Win64\UE4Editor-KismetCompiler.dll]
Address = 0xeb6a191a (filename not found) [in C:\Program Files\Unreal Engine\4.4\Engine\Binaries\Win64\UE4Editor-UnrealEd.dll]
Address = 0xeb668254 (filename not found) [in C:\Program Files\Unreal Engine\4.4\Engine\Binaries\Win64\UE4Editor-UnrealEd.dll]
Address = 0xf02a4adb (filename not found) [in C:\Program Files\Unreal Engine\4.4\Engine\Binaries\Win64\UE4Editor-CoreUObject.dll]
Address = 0xf02effe6 (filename not found) [in C:\Program Files\Unreal Engine\4.4\Engine\Binaries\Win64\UE4Editor-CoreUObject.dll]
Address = 0xf030ab54 (filename not found) [in C:\Program Files\Unreal Engine\4.4\Engine\Binaries\Win64\UE4Editor-CoreUObject.dll]
Address = 0xf02debc4 (filename not found) [in C:\Program Files\Unreal Engine\4.4\Engine\Binaries\Win64\UE4Editor-CoreUObject.dll]
Address = 0xf02b1f68 (filename not found) [in C:\Program Files\Unreal Engine\4.4\Engine\Binaries\Win64\UE4Editor-CoreUObject.dll]
Address = 0xf031426f (filename not found) [in C:\Program Files\Unreal Engine\4.4\Engine\Binaries\Win64\UE4Editor-CoreUObject.dll]
Address = 0xf02f0179 (filename not found) [in C:\Program Files\Unreal Engine\4.4\Engine\Binaries\Win64\UE4Editor-CoreUObject.dll]
Address = 0xf030ab54 (filename not found) [in C:\Program Files\Unreal Engine\4.4\Engine\Binaries\Win64\UE4Editor-CoreUObject.dll]
Address = 0xf02efa5e (filename not found) [in C:\Program Files\Unreal Engine\4.4\Engine\Binaries\Win64\UE4Editor-CoreUObject.dll]
Address = 0xf030ab54 (filename not found) [in C:\Program Files\Unreal Engine\4.4\Engine\Binaries\Win64\UE4Editor-CoreUObject.dll]
Address = 0xf02efa5e (filename not found) [in C:\Program Files\Unreal Engine\4.4\Engine\Binaries\Win64\UE4Editor-CoreUObject.dll]
Address = 0xf030c972 (filename not found) [in C:\Program Files\Unreal Engine\4.4\Engine\Binaries\Win64\UE4Editor-CoreUObject.dll]
Address = 0xf0365f5a (filename not found) [in C:\Program Files\Unreal Engine\4.4\Engine\Binaries\Win64\UE4Editor-CoreUObject.dll]
Address = 0xf032c1ae (filename not found) [in C:\Program Files\Unreal Engine\4.4\Engine\Binaries\Win64\UE4Editor-CoreUObject.dll]
Address = 0xf032b535 (filename not found) [in C:\Program Files\Unreal Engine\4.4\Engine\Binaries\Win64\UE4Editor-CoreUObject.dll]
Address = 0xf032c2da (filename not found) [in C:\Program Files\Unreal Engine\4.4\Engine\Binaries\Win64\UE4Editor-CoreUObject.dll]
Address = 0xf032b535 (filename not found) [in C:\Program Files\Unreal Engine\4.4\Engine\Binaries\Win64\UE4Editor-CoreUObject.dll]
Address = 0xf032b44a (filename not found) [in C:\Program Files\Unreal Engine\4.4\Engine\Binaries\Win64\UE4Editor-CoreUObject.dll]
Address = 0xf02f7ce0 (filename not found) [in C:\Program Files\Unreal Engine\4.4\Engine\Binaries\Win64\UE4Editor-CoreUObject.dll]
Address = 0xf032a7b0 (filename not found) [in C:\Program Files\Unreal Engine\4.4\Engine\Binaries\Win64\UE4Editor-CoreUObject.dll]
Address = 0xf02f12c8 (filename not found) [in C:\Program Files\Unreal Engine\4.4\Engine\Binaries\Win64\UE4Editor-CoreUObject.dll]
Address = 0xf0303b6a (filename not found) [in C:\Program Files\Unreal Engine\4.4\Engine\Binaries\Win64\UE4Editor-CoreUObject.dll]
Address = 0xf0365e92 (filename not found) [in C:\Program Files\Unreal Engine\4.4\Engine\Binaries\Win64\UE4Editor-CoreUObject.dll]
Address = 0xeb0892e4 (filename not found) [in C:\Program Files\Unreal Engine\4.4\Engine\Binaries\Win64\UE4Editor-UnrealEd.dll]
Address = 0xeb07c4ed (filename not found) [in C:\Program Files\Unreal Engine\4.4\Engine\Binaries\Win64\UE4Editor-UnrealEd.dll]
Address = 0xeb06a291 (filename not found) [in C:\Program Files\Unreal Engine\4.4\Engine\Binaries\Win64\UE4Editor-UnrealEd.dll]
Address = 0xeb36f0f0 (filename not found) [in C:\Program Files\Unreal Engine\4.4\Engine\Binaries\Win64\UE4Editor-UnrealEd.dll]
Address = 0xeb0e2834 (filename not found) [in C:\Program Files\Unreal Engine\4.4\Engine\Binaries\Win64\UE4Editor-UnrealEd.dll]
Address = 0xeb0e3335 (filename not found) [in C:\Program Files\Unreal Engine\4.4\Engine\Binaries\Win64\UE4Editor-UnrealEd.dll]
Address = 0xe13692aa (filename not found) [in C:\Program Files\Unreal Engine\4.4\Engine\Binaries\Win64\UE4Editor-LevelEditor.dll]
Address = 0xec075246 (filename not found) [in C:\Program Files\Unreal Engine\4.4\Engine\Binaries\Win64\UE4Editor-Slate.dll]
Address = 0xec1bbe27 (filename not found) [in C:\Program Files\Unreal Engine\4.4\Engine\Binaries\Win64\UE4Editor-Slate.dll]
Address = 0xec1c4dd8 (filename not found) [in C:\Program Files\Unreal Engine\4.4\Engine\Binaries\Win64\UE4Editor-Slate.dll]
Address = 0xec18cd5c (filename not found) [in C:\Program Files\Unreal Engine\4.4\Engine\Binaries\Win64\UE4Editor-Slate.dll]
Address = 0xec25569a (filename not found) [in C:\Program Files\Unreal Engine\4.4\Engine\Binaries\Win64\UE4Editor-Slate.dll]
Address = 0xec28f169 (filename not found) [in C:\Program Files\Unreal Engine\4.4\Engine\Binaries\Win64\UE4Editor-Slate.dll]
Address = 0xec0b1ddf (filename not found) [in C:\Program Files\Unreal Engine\4.4\Engine\Binaries\Win64\UE4Editor-Slate.dll]
Address = 0xec0a1989 (filename not found) [in C:\Program Files\Unreal Engine\4.4\Engine\Binaries\Win64\UE4Editor-Slate.dll]
Address = 0xeee134d5 (filename not found) [in C:\Program Files\Unreal Engine\4.4\Engine\Binaries\Win64\UE4Editor-Core.dll]
Address = 0xeedff871 (filename not found) [in C:\Program Files\Unreal Engine\4.4\Engine\Binaries\Win64\UE4Editor-Core.dll]
Address = 0xeee1461e (filename not found) [in C:\Program Files\Unreal Engine\4.4\Engine\Binaries\Win64\UE4Editor-Core.dll]
Address = 0xeedfc6e2 (filename not found) [in C:\Program Files\Unreal Engine\4.4\Engine\Binaries\Win64\UE4Editor-Core.dll]
Address = 0x76f29bd1 (filename not found) [in C:\Windows\system32\USER32.dll]
Address = 0x76f298da (filename not found) [in C:\Windows\system32\USER32.dll]
Address = 0xeee14ac6 (filename not found) [in C:\Program Files\Unreal Engine\4.4\Engine\Binaries\Win64\UE4Editor-Core.dll]
FEngineLoop::Tick() 0x3f16708d + 8 bytes [File=d:\buildfarm\buildmachine_++depot+ue4-releases+4.4\engine\source\runtime\launch\private\launchengineloop.cpp:2080] [in C:\Program Files\Unreal Engine\4.4\Engine\Binaries\Win64\UE4Editor.exe]
GuardedMain() 0x3f15ca3c + 0 bytes [File=d:\buildfarm\buildmachine_++depot+ue4-releases+4.4\engine\source\runtime\launch\private\launch.cpp:133] [in C:\Program Files\Unreal Engine\4.4\Engine\Binaries\Win64\UE4Editor.exe]
GuardedMainWrapper() 0x3f15caaa + 5 bytes [File=d:\buildfarm\buildmachine_++depot+ue4-releases+4.4\engine\source\runtime\launch\private\windows\launchwindows.cpp:125] [in C:\Program Files\Unreal Engine\4.4\Engine\Binaries\Win64\UE4Editor.exe]
WinMain() 0x3f1688c9 + 17 bytes [File=d:\buildfarm\buildmachine_++depot+ue4-releases+4.4\engine\source\runtime\launch\private\windows\launchwindows.cpp:201] [in C:\Program Files\Unreal Engine\4.4\Engine\Binaries\Win64\UE4Editor.exe]
__tmainCRTStartup() 0x3f1696f9 + 21 bytes [File=f:\dd\vctools\crt\crtw32\dllstuff\crtexe.c:618] [in C:\Program Files\Unreal Engine\4.4\Engine\Binaries\Win64\UE4Editor.exe]
Address = 0x770259ed (filename not found) [in C:\Windows\system32\kernel32.dll]
Address = 0x7715c541 (filename not found) [in C:\Windows\SYSTEM32\ntdll.dll]
Address = 0x7715c541 (filename not found) [in C:\Windows\SYSTEM32\ntdll.dll]

[2014.10.10-17.17.15:917][ 63]LogOutputDevice: === Handled error: ===
Ensure condition failed: 1 == StructProperty->ArrayDim [File:D:\BuildFarm\buildmachine_++depot+UE4-Releases+4.4\Engine\Source\Editor\KismetCompiler\Private\KismetCompilerVMBackend.cpp] [Line: 460]

Stack: Address = 0xeeea5216 (filename not found) [in C:\Program Files\Unreal Engine\4.4\Engine\Binaries\Win64\UE4Editor-Core.dll]
Address = 0xeed319d1 (filename not found) [in C:\Program Files\Unreal Engine\4.4\Engine\Binaries\Win64\UE4Editor-Core.dll]
Address = 0xe9b58874 (filename not found) [in C:\Program Files\Unreal Engine\4.4\Engine\Binaries\Win64\UE4Editor-KismetCompiler.dll]
Address = 0xe9b5803c (filename not found) [in C:\Program Files\Unreal Engine\4.4\Engine\Binaries\Win64\UE4Editor-KismetCompiler.dll]
Address = 0xe9b67938 (filename not found) [in C:\Program Files\Unreal Engine\4.4\Engine\Binaries\Win64\UE4Editor-KismetCompiler.dll]
Address = 0xe9b478f7 (filename not found) [in C:\Program Files\Unreal Engine\4.4\Engine\Binaries\Win64\UE4Editor-KismetCompiler.dll]
Address = 0xe9b67b8d (filename not found) [in C:\Program Files\Unreal Engine\4.4\Engine\Binaries\Win64\UE4Editor-KismetCompiler.dll]
Address = 0xe9b431a3 (filename not found) [in C:\Program Files\Unreal Engine\4.4\Engine\Binaries\Win64\UE4Editor-KismetCompiler.dll]
Address = 0xe9b43ccc (filename not found) [in C:\Program Files\Unreal Engine\4.4\Engine\Binaries\Win64\UE4Editor-KismetCompiler.dll]
Address = 0xe9b4383e (filename not found) [in C:\Program Files\Unreal Engine\4.4\Engine\Binaries\Win64\UE4Editor-KismetCompiler.dll]
Address = 0xeb6c4bf8 (filename not found) [in C:\Program Files\Unreal Engine\4.4\Engine\Binaries\Win64\UE4Editor-UnrealEd.dll]
Address = 0xec7e8e07 (filename not found) [in C:\Program Files\Unreal Engine\4.4\Engine\Binaries\Win64\UE4Editor-Engine.dll]
Address = 0xf02480cf (filename not found) [in C:\Program Files\Unreal Engine\4.4\Engine\Binaries\Win64\UE4Editor-CoreUObject.dll]
Address = 0xf02f0183 (filename not found) [in C:\Program Files\Unreal Engine\4.4\Engine\Binaries\Win64\UE4Editor-CoreUObject.dll]
Address = 0xf030ab54 (filename not found) [in C:\Program Files\Unreal Engine\4.4\Engine\Binaries\Win64\UE4Editor-CoreUObject.dll]
Address = 0xf02efa5e (filename not found) [in C:\Program Files\Unreal Engine\4.4\Engine\Binaries\Win64\UE4Editor-CoreUObject.dll]
Address = 0xf030ab54 (filename not found) [in C:\Program Files\Unreal Engine\4.4\Engine\Binaries\Win64\UE4Editor-CoreUObject.dll]
Address = 0xf02efa5e (filename not found) [in C:\Program Files\Unreal Engine\4.4\Engine\Binaries\Win64\UE4Editor-CoreUObject.dll]
Address = 0xf030c972 (filename not found) [in C:\Program Files\Unreal Engine\4.4\Engine\Binaries\Win64\UE4Editor-CoreUObject.dll]
Address = 0xf0365f5a (filename not found) [in C:\Program Files\Unreal Engine\4.4\Engine\Binaries\Win64\UE4Editor-CoreUObject.dll]
Address = 0xf032c1ae (filename not found) [in C:\Program Files\Unreal Engine\4.4\Engine\Binaries\Win64\UE4Editor-CoreUObject.dll]
Address = 0xf032b535 (filename not found) [in C:\Program Files\Unreal Engine\4.4\Engine\Binaries\Win64\UE4Editor-CoreUObject.dll]
Address = 0xf032c2da (filename not found) [in C:\Program Files\Unreal Engine\4.4\Engine\Binaries\Win64\UE4Editor-CoreUObject.dll]
Address = 0xf032b535 (filename not found) [in C:\Program Files\Unreal Engine\4.4\Engine\Binaries\Win64\UE4Editor-CoreUObject.dll]
Address = 0xf032b44a (filename not found) [in C:\Program Files\Unreal Engine\4.4\Engine\Binaries\Win64\UE4Editor-CoreUObject.dll]
Address = 0xf02f7ce0 (filename not found) [in C:\Program Files\Unreal Engine\4.4\Engine\Binaries\Win64\UE4Editor-CoreUObject.dll]
Address = 0xf032a7b0 (filename not found) [in C:\Program Files\Unreal Engine\4.4\Engine\Binaries\Win64\UE4Editor-CoreUObject.dll]
Address = 0xf02f12c8 (filename not found) [in C:\Program Files\Unreal Engine\4.4\Engine\Binaries\Win64\UE4Editor-CoreUObject.dll]
Address = 0xf0303b6a (filename not found) [in C:\Program Files\Unreal Engine\4.4\Engine\Binaries\Win64\UE4Editor-CoreUObject.dll]
Address = 0xf0365e92 (filename not found) [in C:\Program Files\Unreal Engine\4.4\Engine\Binaries\Win64\UE4Editor-CoreUObject.dll]
Address = 0xeb0892e4 (filename not found) [in C:\Program Files\Unreal Engine\4.4\Engine\Binaries\Win64\UE4Editor-UnrealEd.dll]
Address = 0xeb07c4ed (filename not found) [in C:\Program Files\Unreal Engine\4.4\Engine\Binaries\Win64\UE4Editor-UnrealEd.dll]
Address = 0xeb06a291 (filename not found) [in C:\Program Files\Unreal Engine\4.4\Engine\Binaries\Win64\UE4Editor-UnrealEd.dll]
Address = 0xeb36f0f0 (filename not found) [in C:\Program Files\Unreal Engine\4.4\Engine\Binaries\Win64\UE4Editor-UnrealEd.dll]
Address = 0xeb0e2834 (filename not found) [in C:\Program Files\Unreal Engine\4.4\Engine\Binaries\Win64\UE4Editor-UnrealEd.dll]
Address = 0xeb0e3335 (filename not found) [in C:\Program Files\Unreal Engine\4.4\Engine\Binaries\Win64\UE4Editor-UnrealEd.dll]
Address = 0xe13692aa (filename not found) [in C:\Program Files\Unreal Engine\4.4\Engine\Binaries\Win64\UE4Editor-LevelEditor.dll]
Address = 0xec075246 (filename not found) [in C:\Program Files\Unreal Engine\4.4\Engine\Binaries\Win64\UE4Editor-Slate.dll]
Address = 0xec1bbe27 (filename not found) [in C:\Program Files\Unreal Engine\4.4\Engine\Binaries\Win64\UE4Editor-Slate.dll]
Address = 0xec1c4dd8 (filename not found) [in C:\Program Files\Unreal Engine\4.4\Engine\Binaries\Win64\UE4Editor-Slate.dll]
Address = 0xec18cd5c (filename not found) [in C:\Program Files\Unreal Engine\4.4\Engine\Binaries\Win64\UE4Editor-Slate.dll]
Address = 0xec25569a (filename not found) [in C:\Program Files\Unreal Engine\4.4\Engine\Binaries\Win64\UE4Editor-Slate.dll]
Address = 0xec28f169 (filename not found) [in C:\Program Files\Unreal Engine\4.4\Engine\Binaries\Win64\UE4Editor-Slate.dll]
Address = 0xec0b1ddf (filename not found) [in C:\Program Files\Unreal Engine\4.4\Engine\Binaries\Win64\UE4Editor-Slate.dll]
Address = 0xec0a1989 (filename not found) [in C:\Program Files\Unreal Engine\4.4\Engine\Binaries\Win64\UE4Editor-Slate.dll]
Address = 0xeee134d5 (filename not found) [in C:\Program Files\Unreal Engine\4.4\Engine\Binaries\Win64\UE4Editor-Core.dll]
Address = 0xeedff871 (filename not found) [in C:\Program Files\Unreal Engine\4.4\Engine\Binaries\Win64\UE4Editor-Core.dll]
Address = 0xeee1461e (filename not found) [in C:\Program Files\Unreal Engine\4.4\Engine\Binaries\Win64\UE4Editor-Core.dll]
Address = 0xeedfc6e2 (filename not found) [in C:\Program Files\Unreal Engine\4.4\Engine\Binaries\Win64\UE4Editor-Core.dll]
Address = 0x76f29bd1 (filename not found) [in C:\Windows\system32\USER32.dll]
Address = 0x76f298da (filename not found) [in C:\Windows\system32\USER32.dll]
Address = 0xeee14ac6 (filename not found) [in C:\Program Files\Unreal Engine\4.4\Engine\Binaries\Win64\UE4Editor-Core.dll]
FEngineLoop::Tick() 0x3f16708d + 8 bytes [File=d:\buildfarm\buildmachine_++depot+ue4-releases+4.4\engine\source\runtime\launch\private\launchengineloop.cpp:2080] [in C:\Program Files\Unreal Engine\4.4\Engine\Binaries\Win64\UE4Editor.exe]
GuardedMain() 0x3f15ca3c + 0 bytes [File=d:\buildfarm\buildmachine_++depot+ue4-releases+4.4\engine\source\runtime\launch\private\launch.cpp:133] [in C:\Program Files\Unreal Engine\4.4\Engine\Binaries\Win64\UE4Editor.exe]
GuardedMainWrapper() 0x3f15caaa + 5 bytes [File=d:\buildfarm\buildmachine_++depot+ue4-releases+4.4\engine\source\runtime\launch\private\windows\launchwindows.cpp:125] [in C:\Program Files\Unreal Engine\4.4\Engine\Binaries\Win64\UE4Editor.exe]
WinMain() 0x3f1688c9 + 17 bytes [File=d:\buildfarm\buildmachine_++depot+ue4-releases+4.4\engine\source\runtime\launch\private\windows\launchwindows.cpp:201] [in C:\Program Files\Unreal Engine\4.4\Engine\Binaries\Win64\UE4Editor.exe]
__tmainCRTStartup() 0x3f1696f9 + 21 bytes [File=f:\dd\vctools\crt\crtw32\dllstuff\crtexe.c:618] [in C:\Program Files\Unreal Engine\4.4\Engine\Binaries\Win64\UE4Editor.exe]
Address = 0x770259ed (filename not found) [in C:\Windows\system32\kernel32.dll]
Address = 0x7715c541 (filename not found) [in C:\Windows\SYSTEM32\ntdll.dll]
Address = 0x7715c541 (filename not found) [in C:\Windows\SYSTEM32\ntdll.dll]

[2014.10.10-17.17.16:768][ 63]BlueprintLog:Warning: Warning Blueprint MyGame has been migrated and requires re-saving to avoid import errors
[2014.10.10-17.17.17:551][ 63]LogEditorServer: Finished looking for orphan Actors (0.000 secs)
[2014.10.10-17.17.17:551][ 63]LogAIModule: Creating AISystem for world Programming
[2014.10.10-17.17.17:584][ 63]Cmd: MAP CHECKDEP
[2014.10.10-17.17.17:584][ 63]MapCheck: New page: Programming - Oct 10, 2014, 9:17:17 AM
[2014.10.10-17.17.17:738][ 63]MapCheck: Info ========== Map Check: 0 Error(s), 0 Warning(s), [153.348ms] ==========
[2014.10.10-17.17.17:738][ 63]LogFileHelpers: Loading map 'Programming' took 3.212
[2014.10.10-17.17.44:846][176]BlueprintLog: New page: Pre-PIE auto-recompile
[2014.10.10-17.17.44:846][176]LogPlayLevel: [PIE] Compiling Programming before PIE...
[2014.10.10-17.17.45:000][176]LogPlayLevel: PIE:  Blueprint regeneration took 153 ms (1 blueprints)
[2014.10.10-17.17.45:000][176]PIE: New page: PIE session: Programming (Oct 10, 2014, 9:17:45 AM)
[2014.10.10-17.17.45:025][176]LogPlayLevel: PIE: StaticDuplicateObject took: (0.024602s)
[2014.10.10-17.17.45:025][176]LogPlayLevel: PIE: World Init took: (0.000578s)
[2014.10.10-17.17.45:026][176]LogPlayLevel: PIE: Created PIE world by copying editor world from /Game/Maps/Programming.Programming to /Game/Maps/UEDPIE_0_Programming.Programming (0.025363s)
[2014.10.10-17.17.45:075][176]LogWorld: Game class is 'MyGame_C'
[2014.10.10-17.17.45:077][176]LogAIModule: Creating AISystem for world Programming
[2014.10.10-17.17.45:082][176]LogWorld: Bringing World /Game/Maps/UEDPIE_0_Programming.Programming up for play (max tick rate 0) at 2014.10.10-13.17.45
[2014.10.10-17.17.45:083][176]LogWorld: Bringing up level for play took: 0.006044
[2014.10.10-17.17.45:085][176]PIE: Info Play in editor start time for /Game/Maps/UEDPIE_0_Programming 1.237
[2014.10.10-17.17.45:301][177]LogRenderer:Warning: Reallocating scene render targets to support 808x592.
[2014.10.10-17.17.53:814][427]LogBlueprintUserMessages: Has page
[2014.10.10-17.17.56:420][507]LogBlueprintUserMessages: Has page
[2014.10.10-17.17.56:853][520]LogBlueprintUserMessages: Has page
[2014.10.10-17.18.00:583][633]LogBlueprintUserMessages: Has page
[2014.10.10-17.18.04:597][751]LogBlueprintUserMessages: Has page
[2014.10.10-17.18.05:190][768]LogBlueprintUserMessages: Has page
[2014.10.10-17.18.05:593][780]LogBlueprintUserMessages: Has page
[2014.10.10-17.18.13:396][  5]LogBlueprintUserMessages: Has page
[2014.10.10-17.18.25:252][361]LogParticles: Destroying 0 GPU particle simulations for FXSystem 0x00000000271E8FE0
[2014.10.10-17.18.33:995][669]Cmd: QUIT_EDITOR
[2014.10.10-17.18.34:123][669]LogWindowsTextInputMethodSystem:Error: Terminating failed while unadvising the language notification sink from the TSF source.
[2014.10.10-17.18.34:124][669]LogExit: Preparing to exit.
[2014.10.10-17.18.35:288][669]LogExit: Editor shut down
[2014.10.10-17.18.35:289][669]LogExit: Transaction tracking system shut down
[2014.10.10-17.18.35:304][669]LogParticles: Destroying 0 GPU particle simulations for FXSystem 0x000000002EE1CEA0
[2014.10.10-17.18.35:327][669]LogExit: Object subsystem successfully closed.
[2014.10.10-17.18.35:376][669]LogModuleManager: Shutting down and abandoning module AndroidDeviceDetection (161)
[2014.10.10-17.18.35:376][669]LogModuleManager: Shutting down and abandoning module HTTP (160)
[2014.10.10-17.18.35:377][669]LogModuleManager: Shutting down and abandoning module CrashTracker (159)
[2014.10.10-17.18.35:377][669]LogModuleManager: Shutting down and abandoning module SuperSearch (158)
[2014.10.10-17.18.35:377][669]LogModuleManager: Shutting down and abandoning module SceneOutliner (157)
[2014.10.10-17.18.35:377][669]LogModuleManager: Shutting down and abandoning module EditorWidgets (156)
[2014.10.10-17.18.35:377][669]LogModuleManager: Shutting down and abandoning module CollectionManager (155)
[2014.10.10-17.18.35:377][669]LogModuleManager: Shutting down and abandoning module StatsViewer (154)
[2014.10.10-17.18.35:377][669]LogModuleManager: Shutting down and abandoning module FoliageEdit (153)
[2014.10.10-17.18.35:377][669]LogModuleManager: Shutting down and abandoning module LandscapeEditor (152)
[2014.10.10-17.18.35:377][669]LogModuleManager: Shutting down and abandoning module MeshPaint (151)
[2014.10.10-17.18.35:377][669]LogModuleManager: Shutting down and abandoning module ActorPickerMode (150)
[2014.10.10-17.18.35:377][669]LogModuleManager: Shutting down and abandoning module GeometryMode (149)
[2014.10.10-17.18.35:377][669]LogModuleManager: Shutting down and abandoning module TextureAlignMode (148)
[2014.10.10-17.18.35:377][669]LogModuleManager: Shutting down and abandoning module BspMode (147)
[2014.10.10-17.18.35:377][669]LogModuleManager: Shutting down and abandoning module PlacementMode (146)
[2014.10.10-17.18.35:377][669]LogModuleManager: Shutting down and abandoning module DesktopPlatform (145)
[2014.10.10-17.18.35:377][669]LogModuleManager: Shutting down and abandoning module AutomationWorker (144)
[2014.10.10-17.18.35:377][669]LogModuleManager: Shutting down and abandoning module EditorLiveStreaming (143)
[2014.10.10-17.18.35:377][669]LogModuleManager: Shutting down and abandoning module BehaviorTreeEditor (142)
[2014.10.10-17.18.35:377][669]LogModuleManager: Shutting down and abandoning module DeviceProfileEditor (141)
[2014.10.10-17.18.35:377][669]LogModuleManager: Shutting down and abandoning module UndoHistory (140)
[2014.10.10-17.18.35:377][669]LogModuleManager: Shutting down and abandoning module GameplayTagsEditor (139)
[2014.10.10-17.18.35:377][669]LogModuleManager: Shutting down and abandoning module UserFeedback (138)
[2014.10.10-17.18.35:377][669]LogModuleManager: Shutting down and abandoning module XmlParser (137)
[2014.10.10-17.18.35:377][669]LogModuleManager: Shutting down and abandoning module Blutility (136)
[2014.10.10-17.18.35:377][669]LogModuleManager: Shutting down and abandoning module IOSPlatformEditor (135)
[2014.10.10-17.18.35:377][669]LogModuleManager: Shutting down and abandoning module IOSRuntimeSettings (134)
[2014.10.10-17.18.35:377][669]LogModuleManager: Shutting down and abandoning module AndroidPlatformEditor (133)
[2014.10.10-17.18.35:377][669]LogModuleManager: Shutting down and abandoning module AndroidRuntimeSettings (132)
[2014.10.10-17.18.35:377][669]LogModuleManager: Shutting down and abandoning module ProjectTargetPlatformEditor (131)
[2014.10.10-17.18.35:377][669]LogModuleManager: Shutting down and abandoning module ProjectSettingsViewer (130)
[2014.10.10-17.18.35:377][669]LogModuleManager: Shutting down and abandoning module InputBindingEditor (129)
[2014.10.10-17.18.35:377][669]LogModuleManager: Shutting down and abandoning module EditorSettingsViewer (128)
[2014.10.10-17.18.35:377][669]LogModuleManager: Shutting down and abandoning module SettingsEditor (127)
[2014.10.10-17.18.35:377][669]LogModuleManager: Shutting down and abandoning module SessionLauncher (126)
[2014.10.10-17.18.35:377][669]LogModuleManager: Shutting down and abandoning module SessionFrontend (125)
[2014.10.10-17.18.35:377][669]LogModuleManager: Shutting down and abandoning module ProfilerClient (124)
[2014.10.10-17.18.35:377][669]LogModuleManager: Shutting down and abandoning module TargetDeviceServices (123)
[2014.10.10-17.18.35:377][669]LogModuleManager: Shutting down and abandoning module DeviceManager (122)
[2014.10.10-17.18.35:377][669]LogModuleManager: Shutting down and abandoning module AutomationController (121)
[2014.10.10-17.18.35:377][669]LogModuleManager: Shutting down and abandoning module AutomationWindow (120)
[2014.10.10-17.18.35:377][669]LogModuleManager: Shutting down and abandoning module Layers (119)
[2014.10.10-17.18.35:378][669]LogModuleManager: Shutting down and abandoning module ComponentVisualizers (118)
[2014.10.10-17.18.35:378][669]LogModuleManager: Shutting down and abandoning module DetailCustomizations (117)
[2014.10.10-17.18.35:378][669]LogModuleManager: Shutting down and abandoning module PackagesDialog (116)
[2014.10.10-17.18.35:378][669]LogModuleManager: Shutting down and abandoning module DirectoryWatcher (115)
[2014.10.10-17.18.35:378][669]LogModuleManager: Shutting down and abandoning module AssetRegistry (114)
[2014.10.10-17.18.35:433][669]LogModuleManager: Shutting down and abandoning module Persona (113)
[2014.10.10-17.18.35:433][669]LogModuleManager: Shutting down and abandoning module GraphEditor (112)
[2014.10.10-17.18.35:433][669]LogModuleManager: Shutting down and abandoning module ClassViewer (111)
[2014.10.10-17.18.35:433][669]LogModuleManager: Shutting down and abandoning module Toolbox (110)
[2014.10.10-17.18.35:433][669]LogModuleManager: Shutting down and abandoning module ModuleUI (109)
[2014.10.10-17.18.35:433][669]LogModuleManager: Shutting down and abandoning module Sequencer (108)
[2014.10.10-17.18.35:433][669]LogModuleManager: Shutting down and abandoning module MovieSceneTools (107)
[2014.10.10-17.18.35:433][669]LogModuleManager: Shutting down and abandoning module OutputLog (106)
[2014.10.10-17.18.35:433][669]LogModuleManager: Shutting down and abandoning module GammaUI (105)
[2014.10.10-17.18.35:433][669]LogModuleManager: Shutting down and abandoning module Documentation (104)
[2014.10.10-17.18.35:433][669]LogModuleManager: Shutting down and abandoning module GameLiveStreaming (103)
[2014.10.10-17.18.35:433][669]LogModuleManager: Shutting down and abandoning module StreamingPauseRendering (102)
[2014.10.10-17.18.35:433][669]LogModuleManager: Shutting down and abandoning module AnalyticsET (101)
[2014.10.10-17.18.35:433][669]LogModuleManager: Shutting down and abandoning module Analytics (100)
[2014.10.10-17.18.35:433][669]LogModuleManager: Shutting down and abandoning module GameplayDebugger (99)
[2014.10.10-17.18.35:433][669]LogModuleManager: Shutting down and abandoning module AIModule (98)
[2014.10.10-17.18.35:433][669]LogModuleManager: Shutting down and abandoning module ProfilerService (97)
[2014.10.10-17.18.35:461][669]LogModuleManager: Shutting down and abandoning module TaskGraph (96)
[2014.10.10-17.18.35:461][669]LogModuleManager: Shutting down and abandoning module SlateRemote (95)
[2014.10.10-17.18.35:461][669]LogModuleManager: Shutting down and abandoning module ScriptEditorPlugin (94)
[2014.10.10-17.18.35:461][669]LogModuleManager: Shutting down and abandoning module CustomMeshComponent (93)
[2014.10.10-17.18.35:461][669]LogModuleManager: Shutting down and abandoning module CableComponent (92)
[2014.10.10-17.18.35:461][669]LogModuleManager: Shutting down and abandoning module MessagingDebugger (91)
[2014.10.10-17.18.35:461][669]LogModuleManager: Shutting down and abandoning module ViewportSnapping (90)
[2014.10.10-17.18.35:461][669]LogModuleManager: Shutting down and abandoning module SmartSnapping (89)
[2014.10.10-17.18.35:461][669]LogModuleManager: Shutting down and abandoning module PaperTiledImporter (88)
[2014.10.10-17.18.35:461][669]LogModuleManager: Shutting down and abandoning module PaperJsonImporter (87)
[2014.10.10-17.18.35:461][669]LogModuleManager: Shutting down and abandoning module GameProjectGeneration (86)
[2014.10.10-17.18.35:461][669]LogModuleManager: Shutting down and abandoning module Matinee (85)
[2014.10.10-17.18.35:461][669]LogModuleManager: Shutting down and abandoning module Kismet (84)
[2014.10.10-17.18.35:461][669]LogModuleManager: Shutting down and abandoning module SlateReflector (83)
[2014.10.10-17.18.35:461][669]LogModuleManager: Shutting down and abandoning module LevelEditor (82)
[2014.10.10-17.18.35:462][669]LogModuleManager: Shutting down and abandoning module IntroTutorials (81)
[2014.10.10-17.18.35:462][669]LogModuleManager: Shutting down and abandoning module ContentBrowser (80)
[2014.10.10-17.18.35:462][669]LogModuleManager: Shutting down and abandoning module PropertyEditor (79)
[2014.10.10-17.18.35:462][669]LogModuleManager: Shutting down and abandoning module AssetTools (78)
[2014.10.10-17.18.35:462][669]LogModuleManager: Shutting down and abandoning module Paper2DEditor (77)
[2014.10.10-17.18.35:462][669]LogModuleManager: Shutting down and abandoning module SpeedTreeImporter (76)
[2014.10.10-17.18.35:462][669]LogModuleManager: Shutting down and abandoning module PluginsEditor (75)
[2014.10.10-17.18.35:462][669]LogModuleManager: Shutting down and abandoning module MainFrame (74)
[2014.10.10-17.18.35:462][669]LogModuleManager: Shutting down and abandoning module EpicSurvey (73)
[2014.10.10-17.18.35:462][669]LogModuleManager: Shutting down and abandoning module VisualStudioSourceCodeAccess (72)
[2014.10.10-17.18.35:462][669]LogModuleManager: Shutting down and abandoning module UObjectPlugin (71)
[2014.10.10-17.18.35:462][669]LogModuleManager: Shutting down and abandoning module SubversionSourceControl (70)
[2014.10.10-17.18.35:462][669]LogModuleManager: Shutting down and abandoning module SourceControl (69)
[2014.10.10-17.18.35:462][669]LogModuleManager: Shutting down and abandoning module PerforceSourceControl (68)
[2014.10.10-17.18.35:462][669]LogModuleManager: Shutting down and abandoning module BlankPlugin (67)
[2014.10.10-17.18.35:462][669]LogModuleManager: Shutting down and abandoning module ScriptPlugin (66)
[2014.10.10-17.18.35:462][669]LogModuleManager: Shutting down and abandoning module UdpMessaging (65)
[2014.10.10-17.18.35:562][669]LogModuleManager: Shutting down and abandoning module Paper2D (64)
[2014.10.10-17.18.35:562][669]LogModuleManager: Shutting down and abandoning module WindowsMoviePlayer (63)
[2014.10.10-17.18.35:565][669]LogModuleManager: Shutting down and abandoning module ImageWrapper (62)
[2014.10.10-17.18.35:565][669]LogModuleManager: Shutting down and abandoning module OnlineBlueprintSupport (61)
[2014.10.10-17.18.35:565][669]LogModuleManager: Shutting down and abandoning module FunctionalTesting (60)
[2014.10.10-17.18.35:565][669]LogModuleManager: Shutting down and abandoning module CollisionAnalyzer (59)
[2014.10.10-17.18.35:565][669]LogModuleManager: Shutting down and abandoning module WorkspaceMenuStructure (58)
[2014.10.10-17.18.35:565][669]LogModuleManager: Shutting down and abandoning module MessageLog (57)
[2014.10.10-17.18.35:565][669]LogModuleManager: Shutting down and abandoning module UMGEditor (56)
[2014.10.10-17.18.35:565][669]LogModuleManager: Shutting down and abandoning module UMG (55)
[2014.10.10-17.18.35:565][669]LogModuleManager: Shutting down and abandoning module Slate (54)
[2014.10.10-17.18.35:565][669]LogModuleManager: Shutting down and abandoning module EditorStyle (53)
[2014.10.10-17.18.35:567][669]LogModuleManager: Shutting down and abandoning module SessionServices (52)
[2014.10.10-17.18.35:567][669]LogModuleManager: Shutting down and abandoning module SourceCodeAccess (51)
[2014.10.10-17.18.35:567][669]LogModuleManager: Shutting down and abandoning module HeadMountedDisplay (50)
[2014.10.10-17.18.35:567][669]LogModuleManager: Shutting down and abandoning module XAudio2 (49)
[2014.10.10-17.18.35:567][669]LogModuleManager: Shutting down and abandoning module Networking (47)
[2014.10.10-17.18.35:567][669]LogModuleManager: Shutting down and abandoning module Core (46)
[2014.10.10-17.18.35:567][669]LogModuleManager: Shutting down and abandoning module KismetCompiler (45)
[2014.10.10-17.18.35:567][669]LogModuleManager: Shutting down and abandoning module PhysXFormats (44)
[2014.10.10-17.18.35:567][669]LogModuleManager: Shutting down and abandoning module MeshUtilities (43)
[2014.10.10-17.18.35:567][669]LogModuleManager: Shutting down and abandoning module DerivedDataCache (42)
[2014.10.10-17.18.35:820][669]LogDerivedDataCache: Shutdown
[2014.10.10-17.18.35:820][669]LogModuleManager: Shutting down and abandoning module ShaderFormatOpenGL (41)
[2014.10.10-17.18.35:820][669]LogModuleManager: Shutting down and abandoning module ShaderFormatD3D (40)
[2014.10.10-17.18.35:820][669]LogModuleManager: Shutting down and abandoning module MetalShaderFormat (39)
[2014.10.10-17.18.35:820][669]LogModuleManager: Shutting down and abandoning module TextureFormatUncompressed (38)
[2014.10.10-17.18.35:820][669]LogModuleManager: Shutting down and abandoning module TextureFormatPVR (37)
[2014.10.10-17.18.35:820][669]LogModuleManager: Shutting down and abandoning module TextureFormatDXT (36)
[2014.10.10-17.18.35:821][669]LogModuleManager: Shutting down and abandoning module TextureFormatAndroid (35)
[2014.10.10-17.18.35:821][669]LogModuleManager: Shutting down and abandoning module AudioFormatOpus (34)
[2014.10.10-17.18.35:821][669]LogModuleManager: Shutting down and abandoning module AudioFormatOgg (33)
[2014.10.10-17.18.35:821][669]LogModuleManager: Shutting down and abandoning module AudioFormatADPCM (32)
[2014.10.10-17.18.35:821][669]LogModuleManager: Shutting down and abandoning module Messaging (31)
[2014.10.10-17.18.35:821][669]LogModuleManager: Shutting down and abandoning module IOSTargetPlatform (30)
[2014.10.10-17.18.35:821][669]LogModuleManager: Shutting down and abandoning module Android_PVRTCTargetPlatform (29)
[2014.10.10-17.18.35:821][669]LogModuleManager: Shutting down and abandoning module Android_ETC2TargetPlatform (28)
[2014.10.10-17.18.35:821][669]LogModuleManager: Shutting down and abandoning module Android_ETC1TargetPlatform (27)
[2014.10.10-17.18.35:821][669]LogModuleManager: Shutting down and abandoning module Android_DXTTargetPlatform (26)
[2014.10.10-17.18.35:821][669]LogModuleManager: Shutting down and abandoning module Android_ATCTargetPlatform (25)
[2014.10.10-17.18.35:821][669]LogModuleManager: Shutting down and abandoning module AndroidTargetPlatform (24)
[2014.10.10-17.18.35:821][669]LogModuleManager: Shutting down and abandoning module WindowsTargetPlatform (23)
[2014.10.10-17.18.35:821][669]LogModuleManager: Shutting down and abandoning module WindowsServerTargetPlatform (22)
[2014.10.10-17.18.35:821][669]LogModuleManager: Shutting down and abandoning module WindowsNoEditorTargetPlatform (21)
[2014.10.10-17.18.35:821][669]LogModuleManager: Shutting down and abandoning module WindowsClientTargetPlatform (20)
[2014.10.10-17.18.35:821][669]LogModuleManager: Shutting down and abandoning module TargetPlatform (19)
[2014.10.10-17.18.35:821][669]LogModuleManager: Shutting down and abandoning module InputCore (18)
[2014.10.10-17.18.35:821][669]LogModuleManager: Shutting down and abandoning module Settings (17)
[2014.10.10-17.18.35:821][669]LogModuleManager: Shutting down and abandoning module ExampleDeviceProfileSelector (14)
[2014.10.10-17.18.35:821][669]LogModuleManager: Shutting down and abandoning module OculusRift (13)
[2014.10.10-17.18.35:821][669]LogModuleManager: Shutting down and abandoning module TextureCompressor (12)
[2014.10.10-17.18.35:821][669]LogModuleManager: Shutting down and abandoning module ShaderCore (11)
[2014.10.10-17.18.35:821][669]LogModuleManager: Shutting down and abandoning module OpenGLDrv (10)
[2014.10.10-17.18.35:821][669]LogModuleManager: Shutting down and abandoning module D3D11RHI (9)
[2014.10.10-17.18.35:821][669]LogModuleManager: Shutting down and abandoning module SlateRHIRenderer (8)
[2014.10.10-17.18.35:821][669]LogModuleManager: Shutting down and abandoning module Renderer (7)
[2014.10.10-17.18.35:821][669]LogModuleManager: Shutting down and abandoning module Engine (6)
[2014.10.10-17.18.35:821][669]LogModuleManager: Shutting down and abandoning module CoreUObject (5)
[2014.10.10-17.18.35:821][669]LogModuleManager: Shutting down and abandoning module NetworkFile (4)
[2014.10.10-17.18.35:821][669]LogModuleManager: Shutting down and abandoning module StreamingFile (3)
[2014.10.10-17.18.35:821][669]LogModuleManager: Shutting down and abandoning module SandboxFile (2)
[2014.10.10-17.18.35:821][669]LogModuleManager: Shutting down and abandoning module PakFile (1)
[2014.10.10-17.18.35:821][669]LogExit: Exiting.
[2014.10.10-17.18.35:824][669]Log file closed, 10/10/14 13:18:35
