Log file open, 09/29/14 16:35:15
LogInit:Display: Running engine for game: Phobophobia
LogInit: Version: 4.4.0-2255576+++depot+UE4-Releases+4.4
LogInit: API Version: 2255576
LogInit: Compiled (64-bit): Aug 13 2014 22:39:32
LogInit: Build Configuration: Development
LogInit: Branch Name: ++depot+UE4-Releases+4.4
LogInit: Command line:  
LogInit: Base directory: C:/Program Files/Unreal/Unreal Engine/4.4/Engine/Binaries/Win64/
LogInit: Rocket: 1
[2014.09.29-20.35.15:543][  0]LogTaskGraph: Started task graph with 3 named threads and 4 total threads.
[2014.09.29-20.35.15:602][  0]LogOnline:Warning: No default platform service specified for OnlineSubsystem
[2014.09.29-20.35.16:161][  0]LogInit: Presizing for 0 objects not considered by GC, pre-allocating 0 bytes.
[2014.09.29-20.35.16:601][  0]LogInit: Object subsystem initialized
[2014.09.29-20.35.16:903][  0]LogInit: Selected Device Profile: [Windows]
[2014.09.29-20.35.16:903][  0]LogInit: Applying CVar settings loaded from the selected device profile: [Windows]
[2014.09.29-20.35.17:251][  0]LogInit: Computer: ZS-LAPTOP
[2014.09.29-20.35.17:251][  0]LogInit: User: ZeroSennin
[2014.09.29-20.35.17:253][  0]LogInit: CPU Page size=4096, Cores=2
[2014.09.29-20.35.17:253][  0]LogInit: High frequency timer resolution =2.046210 MHz
[2014.09.29-20.35.17:253][  0]LogMemory: Memory total: Physical=3.9GB (4GB approx) Virtual=8192.0GB
[2014.09.29-20.35.17:254][  0]LogMemory: Platform Memory Stats for Windows
[2014.09.29-20.35.17:254][  0]LogMemory: Process Physical Memory: 60.56 MB used, 60.56 MB peak
[2014.09.29-20.35.17:254][  0]LogMemory: Process Virtual Memory: 36.91 MB used, 36.91 MB peak
[2014.09.29-20.35.17:254][  0]LogMemory: Physical Memory: 2175.35 MB used, 4043.86 MB total
[2014.09.29-20.35.17:254][  0]LogMemory: Virtual Memory: 247.24 MB used, 8388608.00 MB total
[2014.09.29-20.35.17:555][  0]LogD3D11RHI: Found D3D11 adapter 0: Intel(R) HD Graphics 3000 (Feature Level 10_0)
[2014.09.29-20.35.17:555][  0]LogD3D11RHI: Adapter has 64MB of dedicated video memory, 0MB of dedicated system memory, and 1632MB of shared system memory, 1 output[s]
[2014.09.29-20.35.17:555][  0]LogD3D11RHI: Chosen D3D11 Adapter Id = 0
[2014.09.29-20.35.17:585][  0]LogRHI: Texture pool is 616 MB (70% of 880 MB)
[2014.09.29-20.35.17:597][  0]LogD3D11RHI: Async texture creation enabled
[2014.09.29-20.35.20:884][  0]LogContentStreaming: Texture pool size is 0.000000MB
[2014.09.29-20.35.38:886][  0]LogTargetPlatformManager:Display: Building Assets For Windows
[2014.09.29-20.35.42:013][  0]LogTargetPlatformManager:Display: Building Assets For Windows
[2014.09.29-20.35.42:292][  0]LogDerivedDataCache:Display: Max Cache Size: 512 MB
[2014.09.29-20.35.42:293][  0]LogDerivedDataCache:Warning: Could not find memory cache C:/Users/Zero-Sennin/AppData/Local/UnrealEngine/4.4/DerivedDataCache/Boot.ddc.
[2014.09.29-20.35.42:293][  0]LogDerivedDataCache:Warning: Could not load Boot cache: C:/Users/Zero-Sennin/AppData/Local/UnrealEngine/4.4/DerivedDataCache/Boot.ddc
[2014.09.29-20.35.42:294][  0]LogDerivedDataCache: FDerivedDataBackendGraph:  Pak pak cache file ../../../../../../../Users/Zero-Sennin/Documents/GitHub/Unhinged/Phobophobia 4.4/DerivedDataCache/DDC.ddp not found, will not use a pak cache.
[2014.09.29-20.35.42:294][  0]LogDerivedDataCache: Unable to find inner node Pak for hierarchical cache Hierarchy.
[2014.09.29-20.35.42:464][  0]LogDerivedDataCache:Display: Pak cache opened for reading ../../../Engine/DerivedDataCache/DDC.ddp.
[2014.09.29-20.35.42:479][  0]LogDerivedDataCache: Using Local data cache path C:/Users/Zero-Sennin/AppData/Local/UnrealEngine/4.4/DerivedDataCache: Writable
[2014.09.29-20.36.00:688][  0]LogMeshUtilities: No automatic mesh reduction module available
[2014.09.29-20.36.00:688][  0]LogMeshUtilities: No automatic mesh merging module available
[2014.09.29-20.36.11:282][  0]LogInit: WinSock: version 1.1 (2.2), MaxSocks=32767, MaxUdp=65467
[2014.09.29-20.36.52:374][  0]LogStats:Warning: MetaData mismatch. Did you assign a stat to two groups? New //STATGROUP_Threads//FMonitoredProcess///Thread_130c_0///////STATCAT_Advanced//// old //STATGROUP_Threads//FMonitoredProcess///Thread_11d0_0///////STATCAT_Advanced////
[2014.09.29-20.36.52:374][  0]UdpMessaging: Initializing bridge on interface 0.0.0.0:0 to multicast group 230.0.0.1:6666.
[2014.09.29-20.36.52:892][  0]SourceControl: Info Source control is disabled
[2014.09.29-20.36.52:892][  0]SourceControl: Info Source control is disabled
[2014.09.29-20.36.52:912][  0]SourceControl: Info Source control is disabled
[2014.09.29-20.36.56:679][  0]BlueprintLog: New page: Editor Load
[2014.09.29-20.36.57:762][  0]LogObj: 21438 objects as part of root set at end of initial load.
[2014.09.29-20.36.57:762][  0]LogUObjectAllocator: 4218648 out of 0 bytes used by permanent object pool.
[2014.09.29-20.36.59:758][  0]LogAutomationTest:Warning: Smoke tests took > 1s to run: 1.78s
[2014.09.29-20.36.59:844][  0]LogEngine: Initializing Engine...
[2014.09.29-20.37.02:339][  0]LogInit: XAudio2 using '…5¹Ôü«ü/ØÃÉÛó (Conexant SmartAudio HD)' : 2 channels at 44.1 kHz using 16 bits per sample (channel mask 0x3)
[2014.09.29-20.37.02:529][  0]LogInit: FAudioDevice initialized.
[2014.09.29-20.37.03:173][  0]LogAIModule: Creating AISystem for world NewWorld
[2014.09.29-20.37.03:363][  0]LogDerivedDataCache: Saved boot cache 0.04s 34MB C:/Users/Zero-Sennin/AppData/Local/UnrealEngine/4.4/DerivedDataCache/Boot.ddc.
[2014.09.29-20.37.03:380][  0]LogInit: Texture streaming: Enabled
[2014.09.29-20.37.03:588][  0]LogInit: Transaction tracking system initialized
[2014.09.29-20.37.04:998][  0]LogAssetRegistry: FAssetRegistry took 0.0134 seconds to start up
[2014.09.29-20.37.09:419][  0]LogTargetPlatformManager:Display: Building Assets For Windows
[2014.09.29-20.37.10:414][  0]LogTargetPlatformManager:Display: Building Assets For Windows
[2014.09.29-20.37.11:755][  0]LogConsoleResponse:Display: 
[2014.09.29-20.37.18:435][  0]LogStats:Warning: MetaData mismatch. Did you assign a stat to two groups? New //STATGROUP_Threads//FMonitoredProcess///Thread_ef8_0///////STATCAT_Advanced//// old //STATGROUP_Threads//FMonitoredProcess///Thread_11d0_0///////STATCAT_Advanced////
[2014.09.29-20.37.18:435][  0]LogStats:Warning: MetaData mismatch. Did you assign a stat to two groups? New //STATGROUP_Threads//FMonitoredProcess///Thread_aac_0///////STATCAT_Advanced//// old //STATGROUP_Threads//FMonitoredProcess///Thread_11d0_0///////STATCAT_Advanced////
[2014.09.29-20.37.18:435][  0]SourceControl: Info Source control is disabled
[2014.09.29-20.37.18:525][  0]Cmd: MAP LOAD FILE="../../../../../../../Users/Zero-Sennin/Documents/GitHub/Unhinged/Phobophobia 4.4/Content/Maps/Swimming.umap" TEMPLATE=0 SHOWPROGRESS=1
[2014.09.29-20.37.18:535][  0]LightingResults: New page: Lighting Build
[2014.09.29-20.37.18:692][  0]MapCheck: New page: Map Check
[2014.09.29-20.37.18:692][  0]LightingResults: New page: Lighting Build
[2014.09.29-20.37.18:933][  0]LogParticles: Destroying 0 GPU particle simulations for FXSystem 0x000000000C108540
[2014.09.29-20.37.29:178][  0]LogOutputDevice: === Handled error: ===
Ensure condition failed: 1 == StructProperty->ArrayDim [File:D:\BuildFarm\buildmachine_++depot+UE4-Releases+4.4\Engine\Source\Editor\KismetCompiler\Private\KismetCompilerVMBackend.cpp] [Line: 460]

Stack: Address = 0xe9435166 (filename not found) [in C:\Program Files\Unreal\Unreal Engine\4.4\Engine\Binaries\Win64\UE4Editor-Core.dll]
Address = 0xe92c19c1 (filename not found) [in C:\Program Files\Unreal\Unreal Engine\4.4\Engine\Binaries\Win64\UE4Editor-Core.dll]
Address = 0xe37a8874 (filename not found) [in C:\Program Files\Unreal\Unreal Engine\4.4\Engine\Binaries\Win64\UE4Editor-KismetCompiler.dll]
Address = 0xe37a803c (filename not found) [in C:\Program Files\Unreal\Unreal Engine\4.4\Engine\Binaries\Win64\UE4Editor-KismetCompiler.dll]
Address = 0xe37b7938 (filename not found) [in C:\Program Files\Unreal\Unreal Engine\4.4\Engine\Binaries\Win64\UE4Editor-KismetCompiler.dll]
Address = 0xe37978f7 (filename not found) [in C:\Program Files\Unreal\Unreal Engine\4.4\Engine\Binaries\Win64\UE4Editor-KismetCompiler.dll]
Address = 0xe37b7b8d (filename not found) [in C:\Program Files\Unreal\Unreal Engine\4.4\Engine\Binaries\Win64\UE4Editor-KismetCompiler.dll]
Address = 0xe37931a3 (filename not found) [in C:\Program Files\Unreal\Unreal Engine\4.4\Engine\Binaries\Win64\UE4Editor-KismetCompiler.dll]
Address = 0xe3793ccc (filename not found) [in C:\Program Files\Unreal\Unreal Engine\4.4\Engine\Binaries\Win64\UE4Editor-KismetCompiler.dll]
Address = 0xe379383e (filename not found) [in C:\Program Files\Unreal\Unreal Engine\4.4\Engine\Binaries\Win64\UE4Editor-KismetCompiler.dll]
Address = 0xe52a191a (filename not found) [in C:\Program Files\Unreal\Unreal Engine\4.4\Engine\Binaries\Win64\UE4Editor-UnrealEd.dll]
Address = 0xe5268254 (filename not found) [in C:\Program Files\Unreal\Unreal Engine\4.4\Engine\Binaries\Win64\UE4Editor-UnrealEd.dll]
Address = 0xe8e34adb (filename not found) [in C:\Program Files\Unreal\Unreal Engine\4.4\Engine\Binaries\Win64\UE4Editor-CoreUObject.dll]
Address = 0xe8e7ffe6 (filename not found) [in C:\Program Files\Unreal\Unreal Engine\4.4\Engine\Binaries\Win64\UE4Editor-CoreUObject.dll]
Address = 0xe8e9ab54 (filename not found) [in C:\Program Files\Unreal\Unreal Engine\4.4\Engine\Binaries\Win64\UE4Editor-CoreUObject.dll]
Address = 0xe8e6ebc4 (filename not found) [in C:\Program Files\Unreal\Unreal Engine\4.4\Engine\Binaries\Win64\UE4Editor-CoreUObject.dll]
Address = 0xe8e41f68 (filename not found) [in C:\Program Files\Unreal\Unreal Engine\4.4\Engine\Binaries\Win64\UE4Editor-CoreUObject.dll]
Address = 0xe8ea426f (filename not found) [in C:\Program Files\Unreal\Unreal Engine\4.4\Engine\Binaries\Win64\UE4Editor-CoreUObject.dll]
Address = 0xe8e80179 (filename not found) [in C:\Program Files\Unreal\Unreal Engine\4.4\Engine\Binaries\Win64\UE4Editor-CoreUObject.dll]
Address = 0xe8e9ab54 (filename not found) [in C:\Program Files\Unreal\Unreal Engine\4.4\Engine\Binaries\Win64\UE4Editor-CoreUObject.dll]
Address = 0xe8e7fa5e (filename not found) [in C:\Program Files\Unreal\Unreal Engine\4.4\Engine\Binaries\Win64\UE4Editor-CoreUObject.dll]
Address = 0xe8e9ab54 (filename not found) [in C:\Program Files\Unreal\Unreal Engine\4.4\Engine\Binaries\Win64\UE4Editor-CoreUObject.dll]
Address = 0xe8e7fa5e (filename not found) [in C:\Program Files\Unreal\Unreal Engine\4.4\Engine\Binaries\Win64\UE4Editor-CoreUObject.dll]
Address = 0xe8e9c972 (filename not found) [in C:\Program Files\Unreal\Unreal Engine\4.4\Engine\Binaries\Win64\UE4Editor-CoreUObject.dll]
Address = 0xe8ef5f5a (filename not found) [in C:\Program Files\Unreal\Unreal Engine\4.4\Engine\Binaries\Win64\UE4Editor-CoreUObject.dll]
Address = 0xe8ebc1ae (filename not found) [in C:\Program Files\Unreal\Unreal Engine\4.4\Engine\Binaries\Win64\UE4Editor-CoreUObject.dll]
Address = 0xe8ebb535 (filename not found) [in C:\Program Files\Unreal\Unreal Engine\4.4\Engine\Binaries\Win64\UE4Editor-CoreUObject.dll]
Address = 0xe8ebc2da (filename not found) [in C:\Program Files\Unreal\Unreal Engine\4.4\Engine\Binaries\Win64\UE4Editor-CoreUObject.dll]
Address = 0xe8ebb535 (filename not found) [in C:\Program Files\Unreal\Unreal Engine\4.4\Engine\Binaries\Win64\UE4Editor-CoreUObject.dll]
Address = 0xe8ebb44a (filename not found) [in C:\Program Files\Unreal\Unreal Engine\4.4\Engine\Binaries\Win64\UE4Editor-CoreUObject.dll]
Address = 0xe8e87ce0 (filename not found) [in C:\Program Files\Unreal\Unreal Engine\4.4\Engine\Binaries\Win64\UE4Editor-CoreUObject.dll]
Address = 0xe8eba7b0 (filename not found) [in C:\Program Files\Unreal\Unreal Engine\4.4\Engine\Binaries\Win64\UE4Editor-CoreUObject.dll]
Address = 0xe8e812c8 (filename not found) [in C:\Program Files\Unreal\Unreal Engine\4.4\Engine\Binaries\Win64\UE4Editor-CoreUObject.dll]
Address = 0xe8e93b6a (filename not found) [in C:\Program Files\Unreal\Unreal Engine\4.4\Engine\Binaries\Win64\UE4Editor-CoreUObject.dll]
Address = 0xe8ef5e92 (filename not found) [in C:\Program Files\Unreal\Unreal Engine\4.4\Engine\Binaries\Win64\UE4Editor-CoreUObject.dll]
Address = 0xe4c892e4 (filename not found) [in C:\Program Files\Unreal\Unreal Engine\4.4\Engine\Binaries\Win64\UE4Editor-UnrealEd.dll]
Address = 0xe4c7c4ed (filename not found) [in C:\Program Files\Unreal\Unreal Engine\4.4\Engine\Binaries\Win64\UE4Editor-UnrealEd.dll]
Address = 0xe4c6a291 (filename not found) [in C:\Program Files\Unreal\Unreal Engine\4.4\Engine\Binaries\Win64\UE4Editor-UnrealEd.dll]
Address = 0xe4f6f0f0 (filename not found) [in C:\Program Files\Unreal\Unreal Engine\4.4\Engine\Binaries\Win64\UE4Editor-UnrealEd.dll]
Address = 0xe4ce2834 (filename not found) [in C:\Program Files\Unreal\Unreal Engine\4.4\Engine\Binaries\Win64\UE4Editor-UnrealEd.dll]
Address = 0xe4ce24f8 (filename not found) [in C:\Program Files\Unreal\Unreal Engine\4.4\Engine\Binaries\Win64\UE4Editor-UnrealEd.dll]
Address = 0xe4f9e690 (filename not found) [in C:\Program Files\Unreal\Unreal Engine\4.4\Engine\Binaries\Win64\UE4Editor-UnrealEd.dll]
Address = 0xe4f6e220 (filename not found) [in C:\Program Files\Unreal\Unreal Engine\4.4\Engine\Binaries\Win64\UE4Editor-UnrealEd.dll]
GuardedMain() 0x3f41c3bd + 0 bytes [File=d:\buildfarm\buildmachine_++depot+ue4-releases+4.4\engine\source\runtime\launch\private\launch.cpp:125] [in C:\Program Files\Unreal\Unreal Engine\4.4\Engine\Binaries\Win64\UE4Editor.exe]
GuardedMainWrapper() 0x3f41c4ea + 5 bytes [File=d:\buildfarm\buildmachine_++depot+ue4-releases+4.4\engine\source\runtime\launch\private\windows\launchwindows.cpp:125] [in C:\Program Files\Unreal\Unreal Engine\4.4\Engine\Binaries\Win64\UE4Editor.exe]
WinMain() 0x3f4281d9 + 17 bytes [File=d:\buildfarm\buildmachine_++depot+ue4-releases+4.4\engine\source\runtime\launch\private\windows\launchwindows.cpp:201] [in C:\Program Files\Unreal\Unreal Engine\4.4\Engine\Binaries\Win64\UE4Editor.exe]
__tmainCRTStartup() 0x3f429009 + 21 bytes [File=f:\dd\vctools\crt\crtw32\dllstuff\crtexe.c:618] [in C:\Program Files\Unreal\Unreal Engine\4.4\Engine\Binaries\Win64\UE4Editor.exe]
Address = 0x76e059ed (filename not found) [in C:\Windows\system32\kernel32.dll]
Address = 0x76f3c541 (filename not found) [in C:\Windows\SYSTEM32\ntdll.dll]
Address = 0x76f3c541 (filename not found) [in C:\Windows\SYSTEM32\ntdll.dll]

[2014.09.29-20.37.38:687][  0]LogOutputDevice: === Handled error: ===
Ensure condition failed: 1 == StructProperty->ArrayDim [File:D:\BuildFarm\buildmachine_++depot+UE4-Releases+4.4\Engine\Source\Editor\KismetCompiler\Private\KismetCompilerVMBackend.cpp] [Line: 460]

Stack: Address = 0xe9435166 (filename not found) [in C:\Program Files\Unreal\Unreal Engine\4.4\Engine\Binaries\Win64\UE4Editor-Core.dll]
Address = 0xe92c19c1 (filename not found) [in C:\Program Files\Unreal\Unreal Engine\4.4\Engine\Binaries\Win64\UE4Editor-Core.dll]
Address = 0xe37a8874 (filename not found) [in C:\Program Files\Unreal\Unreal Engine\4.4\Engine\Binaries\Win64\UE4Editor-KismetCompiler.dll]
Address = 0xe37a803c (filename not found) [in C:\Program Files\Unreal\Unreal Engine\4.4\Engine\Binaries\Win64\UE4Editor-KismetCompiler.dll]
Address = 0xe37b7938 (filename not found) [in C:\Program Files\Unreal\Unreal Engine\4.4\Engine\Binaries\Win64\UE4Editor-KismetCompiler.dll]
Address = 0xe37978f7 (filename not found) [in C:\Program Files\Unreal\Unreal Engine\4.4\Engine\Binaries\Win64\UE4Editor-KismetCompiler.dll]
Address = 0xe37b7b8d (filename not found) [in C:\Program Files\Unreal\Unreal Engine\4.4\Engine\Binaries\Win64\UE4Editor-KismetCompiler.dll]
Address = 0xe37931a3 (filename not found) [in C:\Program Files\Unreal\Unreal Engine\4.4\Engine\Binaries\Win64\UE4Editor-KismetCompiler.dll]
Address = 0xe3793ccc (filename not found) [in C:\Program Files\Unreal\Unreal Engine\4.4\Engine\Binaries\Win64\UE4Editor-KismetCompiler.dll]
Address = 0xe379383e (filename not found) [in C:\Program Files\Unreal\Unreal Engine\4.4\Engine\Binaries\Win64\UE4Editor-KismetCompiler.dll]
Address = 0xe52c4bf8 (filename not found) [in C:\Program Files\Unreal\Unreal Engine\4.4\Engine\Binaries\Win64\UE4Editor-UnrealEd.dll]
Address = 0xe69d8e07 (filename not found) [in C:\Program Files\Unreal\Unreal Engine\4.4\Engine\Binaries\Win64\UE4Editor-Engine.dll]
Address = 0xe8dd80cf (filename not found) [in C:\Program Files\Unreal\Unreal Engine\4.4\Engine\Binaries\Win64\UE4Editor-CoreUObject.dll]
Address = 0xe8e80183 (filename not found) [in C:\Program Files\Unreal\Unreal Engine\4.4\Engine\Binaries\Win64\UE4Editor-CoreUObject.dll]
Address = 0xe8e9ab54 (filename not found) [in C:\Program Files\Unreal\Unreal Engine\4.4\Engine\Binaries\Win64\UE4Editor-CoreUObject.dll]
Address = 0xe8e7fa5e (filename not found) [in C:\Program Files\Unreal\Unreal Engine\4.4\Engine\Binaries\Win64\UE4Editor-CoreUObject.dll]
Address = 0xe8e9ab54 (filename not found) [in C:\Program Files\Unreal\Unreal Engine\4.4\Engine\Binaries\Win64\UE4Editor-CoreUObject.dll]
Address = 0xe8e7fa5e (filename not found) [in C:\Program Files\Unreal\Unreal Engine\4.4\Engine\Binaries\Win64\UE4Editor-CoreUObject.dll]
Address = 0xe8e9c972 (filename not found) [in C:\Program Files\Unreal\Unreal Engine\4.4\Engine\Binaries\Win64\UE4Editor-CoreUObject.dll]
Address = 0xe8ef5f5a (filename not found) [in C:\Program Files\Unreal\Unreal Engine\4.4\Engine\Binaries\Win64\UE4Editor-CoreUObject.dll]
Address = 0xe8ebc1ae (filename not found) [in C:\Program Files\Unreal\Unreal Engine\4.4\Engine\Binaries\Win64\UE4Editor-CoreUObject.dll]
Address = 0xe8ebb535 (filename not found) [in C:\Program Files\Unreal\Unreal Engine\4.4\Engine\Binaries\Win64\UE4Editor-CoreUObject.dll]
Address = 0xe8ebc2da (filename not found) [in C:\Program Files\Unreal\Unreal Engine\4.4\Engine\Binaries\Win64\UE4Editor-CoreUObject.dll]
Address = 0xe8ebb535 (filename not found) [in C:\Program Files\Unreal\Unreal Engine\4.4\Engine\Binaries\Win64\UE4Editor-CoreUObject.dll]
Address = 0xe8ebb44a (filename not found) [in C:\Program Files\Unreal\Unreal Engine\4.4\Engine\Binaries\Win64\UE4Editor-CoreUObject.dll]
Address = 0xe8e87ce0 (filename not found) [in C:\Program Files\Unreal\Unreal Engine\4.4\Engine\Binaries\Win64\UE4Editor-CoreUObject.dll]
Address = 0xe8eba7b0 (filename not found) [in C:\Program Files\Unreal\Unreal Engine\4.4\Engine\Binaries\Win64\UE4Editor-CoreUObject.dll]
Address = 0xe8e812c8 (filename not found) [in C:\Program Files\Unreal\Unreal Engine\4.4\Engine\Binaries\Win64\UE4Editor-CoreUObject.dll]
Address = 0xe8e93b6a (filename not found) [in C:\Program Files\Unreal\Unreal Engine\4.4\Engine\Binaries\Win64\UE4Editor-CoreUObject.dll]
Address = 0xe8ef5e92 (filename not found) [in C:\Program Files\Unreal\Unreal Engine\4.4\Engine\Binaries\Win64\UE4Editor-CoreUObject.dll]
Address = 0xe4c892e4 (filename not found) [in C:\Program Files\Unreal\Unreal Engine\4.4\Engine\Binaries\Win64\UE4Editor-UnrealEd.dll]
Address = 0xe4c7c4ed (filename not found) [in C:\Program Files\Unreal\Unreal Engine\4.4\Engine\Binaries\Win64\UE4Editor-UnrealEd.dll]
Address = 0xe4c6a291 (filename not found) [in C:\Program Files\Unreal\Unreal Engine\4.4\Engine\Binaries\Win64\UE4Editor-UnrealEd.dll]
Address = 0xe4f6f0f0 (filename not found) [in C:\Program Files\Unreal\Unreal Engine\4.4\Engine\Binaries\Win64\UE4Editor-UnrealEd.dll]
Address = 0xe4ce2834 (filename not found) [in C:\Program Files\Unreal\Unreal Engine\4.4\Engine\Binaries\Win64\UE4Editor-UnrealEd.dll]
Address = 0xe4ce24f8 (filename not found) [in C:\Program Files\Unreal\Unreal Engine\4.4\Engine\Binaries\Win64\UE4Editor-UnrealEd.dll]
Address = 0xe4f9e690 (filename not found) [in C:\Program Files\Unreal\Unreal Engine\4.4\Engine\Binaries\Win64\UE4Editor-UnrealEd.dll]
Address = 0xe4f6e220 (filename not found) [in C:\Program Files\Unreal\Unreal Engine\4.4\Engine\Binaries\Win64\UE4Editor-UnrealEd.dll]
GuardedMain() 0x3f41c3bd + 0 bytes [File=d:\buildfarm\buildmachine_++depot+ue4-releases+4.4\engine\source\runtime\launch\private\launch.cpp:125] [in C:\Program Files\Unreal\Unreal Engine\4.4\Engine\Binaries\Win64\UE4Editor.exe]
GuardedMainWrapper() 0x3f41c4ea + 5 bytes [File=d:\buildfarm\buildmachine_++depot+ue4-releases+4.4\engine\source\runtime\launch\private\windows\launchwindows.cpp:125] [in C:\Program Files\Unreal\Unreal Engine\4.4\Engine\Binaries\Win64\UE4Editor.exe]
WinMain() 0x3f4281d9 + 17 bytes [File=d:\buildfarm\buildmachine_++depot+ue4-releases+4.4\engine\source\runtime\launch\private\windows\launchwindows.cpp:201] [in C:\Program Files\Unreal\Unreal Engine\4.4\Engine\Binaries\Win64\UE4Editor.exe]
__tmainCRTStartup() 0x3f429009 + 21 bytes [File=f:\dd\vctools\crt\crtw32\dllstuff\crtexe.c:618] [in C:\Program Files\Unreal\Unreal Engine\4.4\Engine\Binaries\Win64\UE4Editor.exe]
Address = 0x76e059ed (filename not found) [in C:\Windows\system32\kernel32.dll]
Address = 0x76f3c541 (filename not found) [in C:\Windows\SYSTEM32\ntdll.dll]
Address = 0x76f3c541 (filename not found) [in C:\Windows\SYSTEM32\ntdll.dll]

[2014.09.29-20.37.47:651][  0]LogTexture:Display: Building textures: Torch_Flattened_Bump_Map (BC5)
[2014.09.29-20.37.50:909][  0]LogTexture:Display: Building textures: Torch_Flattened_Diffuse (AutoDXT)
[2014.09.29-20.38.05:979][  0]LogTexture:Display: Building textures: Torch_Flattened_Specular (AutoDXT)
[2014.09.29-20.38.07:776][  0]LogMaterial: Missing cached shader map for material Torch_Flattened_Mat, compiling.
[2014.09.29-20.38.08:964][  0]LogTexture:Display: Building textures: Torch_Flattened_Bump_Map (AutoDXT)
[2014.09.29-20.38.21:231][  0]LogTexture:Display: Building textures: Torch_Flattened_Diffuse (AutoDXT)
[2014.09.29-20.38.31:549][  0]LogTexture:Display: Building textures: Torch_Flattened_Specular (AutoDXT)
[2014.09.29-20.38.33:978][  0]LogMaterial: Missing cached shader map for material materialTorch, compiling.
[2014.09.29-20.38.34:208][  0]LogStaticMesh: Building static mesh torch...
[2014.09.29-20.41.38:760][  0]LogStaticMesh: Built static mesh [184544.265625ms] /Game/Meshes/torch.torch
[2014.09.29-20.41.42:656][  0]LogStaticMesh: Building static mesh meshHuman...
[2014.09.29-20.41.47:532][  0]LogStaticMesh: Built static mesh [4876.195313ms] /Game/Blueprints/meshHuman.meshHuman
[2014.09.29-20.41.49:420][  0]LogTexture:Display: Building textures: T_Caustics (AutoDXT)
[2014.09.29-20.41.53:888][  0]LogTexture:Display: Building textures: TilingNoise06_N (BC5)
[2014.09.29-20.41.59:405][  0]LogTexture:Display: Building textures: T_raindrop (AutoDXT)
[2014.09.29-20.42.00:042][  0]LogTexture:Display: Building textures: T_raindrop_normal (BC5)
[2014.09.29-20.42.00:242][  0]LogMaterial: Missing cached shader map for material M_raindrop, compiling.
[2014.09.29-20.42.01:504][  0]LogStaticMesh: Building static mesh SM_DemoCube...
[2014.09.29-20.42.01:596][  0]LogStaticMesh: Built static mesh [92.477798ms] /Game/Meshes/SM_DemoCube.SM_DemoCube
[2014.09.29-20.42.01:597][  0]LogStaticMesh: Building static mesh MyMesh...
[2014.09.29-20.42.01:598][  0]LogStaticMesh: Built static mesh [1.342482ms] /Game/Unsorted/MyMesh.MyMesh
[2014.09.29-20.42.01:598][  0]LogStaticMesh: Building static mesh small_crate...
[2014.09.29-20.42.02:429][  0]LogStaticMesh: Built static mesh [831.228943ms] /Game/Meshes/small_crate.small_crate
[2014.09.29-20.42.03:106][  0]LogTexture:Display: Building textures: textureJournalPage1 (AutoDXT)
[2014.09.29-20.42.12:097][  0]LogTexture:Display: Building textures: ShadowMapTexture2D_2 (BGRA8)
[2014.09.29-20.42.12:237][  0]BlueprintLog:Warning: Warning Blueprint MyGame has been migrated and requires re-saving to avoid import errors
[2014.09.29-20.42.15:293][  0]LogTexture:Display: Building textures: crate_texture (AutoDXT)
[2014.09.29-20.42.37:143][  0]LogTexture:Display: Building textures: crate_texture_bump_map (BC5)
[2014.09.29-20.42.41:192][  0]LogTexture:Display: Building textures: crate_texture_specular_map (AutoDXT)
[2014.09.29-20.42.57:423][  0]LogMaterial: Missing cached shader map for material phongE1, compiling.
[2014.09.29-20.42.57:619][  0]LogTexture:Display: Building textures: ThumbnailTexture (DXT1)
[2014.09.29-20.42.59:597][  0]LogTexture:Display: Building textures: HQ_Lightmap0_2 (AutoDXT)
[2014.09.29-20.42.59:650][  0]LogTexture:Display: Building textures: HQ_Lightmap0_3 (AutoDXT)
[2014.09.29-20.42.59:655][  0]LogTexture:Display: Building textures: LQ_Lightmap_0_2 (DXT1)
[2014.09.29-20.42.59:675][  0]LogTexture:Display: Building textures: LQ_Lightmap_0_3 (DXT1)
[2014.09.29-20.42.59:783][  0]LogTexture:Display: Building textures: ShadowMapTexture2D_1 (BGRA8)
[2014.09.29-20.43.14:963][  0]LogEditorServer: Finished looking for orphan Actors (0.014 secs)
[2014.09.29-20.43.15:241][  0]LogAIModule: Creating AISystem for world Swimming
[2014.09.29-20.43.16:081][  0]Cmd: MAP CHECKDEP
[2014.09.29-20.43.16:232][  0]MapCheck: New page: Swimming - Sep 29, 2014, 12:43:16 PM
[2014.09.29-20.43.21:540][  0]MapCheck: Info ========== Map Check: 0 Error(s), 0 Warning(s), [5,370.18ms] ==========
[2014.09.29-20.43.21:541][  0]LogFileHelpers: Loading map 'Swimming' took 363.009
[2014.09.29-20.43.46:847][  0]LogCollectionManager: Loaded 0 collections in 0.024346 seconds
[2014.09.29-20.44.02:789][  0]LogCrashTracker: Crashtracker disabled due to settings.
[2014.09.29-20.44.07:820][  0]LogLoad: Full Startup: 557.10 seconds (BP compile: 14.95 seconds)
[2014.09.29-20.44.13:707][  0]LogRenderer:Warning: Reallocating scene render targets to support 944x720.
[2014.09.29-20.44.19:569][  1]LogContentBrowser:Verbose: The content browser source was changed by the sources view to '/Game/Blueprints'
[2014.09.29-20.44.49:865][ 15]LogAssetRegistry: Asset discovery search completed in 464.8635 seconds
[2014.09.29-20.45.30:557][138]LogSynthBenchmark:Display: FSynthBenchmark (V0.92):
[2014.09.29-20.45.30:557][138]LogSynthBenchmark:Display: ===============
[2014.09.29-20.45.30:557][138]LogSynthBenchmark:Display: Main Processor:
[2014.09.29-20.45.31:210][138]LogSynthBenchmark:Display:          ... 0.064598 s/Run 'RayIntersect'
[2014.09.29-20.45.31:210][138]LogSynthBenchmark:Display:          ... 0.066082 s/Run 'Fractal'
[2014.09.29-20.45.31:210][138]LogSynthBenchmark:Display: 
[2014.09.29-20.45.31:210][138]LogSynthBenchmark:Display:   CompiledTarget_x_Bits: 64
[2014.09.29-20.45.31:210][138]LogSynthBenchmark:Display:   UE_BUILD_SHIPPING: 0
[2014.09.29-20.45.31:210][138]LogSynthBenchmark:Display:   UE_BUILD_TEST: 0
[2014.09.29-20.45.31:210][138]LogSynthBenchmark:Display:   UE_BUILD_DEBUG: 0
[2014.09.29-20.45.31:210][138]LogSynthBenchmark:Display:   TotalPhysicalGBRam: 4
[2014.09.29-20.45.31:210][138]LogSynthBenchmark:Display:   NumberOfCores (physical): 2
[2014.09.29-20.45.31:210][138]LogSynthBenchmark:Display:   NumberOfCores (logical): 4
[2014.09.29-20.45.31:210][138]LogSynthBenchmark:Display:   CPU Perf Index 0: 39.6
[2014.09.29-20.45.31:210][138]LogSynthBenchmark:Display:   CPU Perf Index 1: 43.3
[2014.09.29-20.45.31:210][138]LogSynthBenchmark:Display:  
[2014.09.29-20.45.31:210][138]LogSynthBenchmark:Display: Graphics:
[2014.09.29-20.45.31:210][138]LogSynthBenchmark:Display:   Adapter Name: 'Intel(R) HD Graphics 3000'
[2014.09.29-20.45.31:211][138]LogSynthBenchmark:Display:   (On Optimus the name might be wrong, memory should be ok)
[2014.09.29-20.45.31:211][138]LogSynthBenchmark:Display:   Vendor Id: 0x8086
[2014.09.29-20.45.31:211][138]LogSynthBenchmark:Display:   GPU Memory: 64/0/1632 MB
[2014.09.29-20.46.00:599][138]LogSynthBenchmark:Display:          ... 0.142 GigaPix/s, Confidence=100% 'ALUHeavyNoise'
[2014.09.29-20.46.00:599][138]LogSynthBenchmark:Display:          ... 0.155 GigaPix/s, Confidence=100% 'TexHeavy'
[2014.09.29-20.46.00:599][138]LogSynthBenchmark:Display:          ... 0.126 GigaPix/s, Confidence=100% 'DepTexHeavy'
[2014.09.29-20.46.00:599][138]LogSynthBenchmark:Display:          ... 0.932 GigaPix/s, Confidence=89% 'FillOnly'
[2014.09.29-20.46.00:599][138]LogSynthBenchmark:Display:          ... 0.016 GigaPix/s, Confidence=100% 'Bandwidth'
[2014.09.29-20.46.00:599][138]LogSynthBenchmark:Display: 
[2014.09.29-20.46.00:599][138]LogSynthBenchmark:Display:   GPU Perf Index 0: 3.1
[2014.09.29-20.46.00:599][138]LogSynthBenchmark:Display:   GPU Perf Index 1: 2.1
[2014.09.29-20.46.00:599][138]LogSynthBenchmark:Display:   GPU Perf Index 2: 3.3
[2014.09.29-20.46.00:599][138]LogSynthBenchmark:Display:   GPU Perf Index 3: 3.7
[2014.09.29-20.46.00:599][138]LogSynthBenchmark:Display:   GPU Perf Index 4: 1.5
[2014.09.29-20.46.00:599][138]LogSynthBenchmark:Display:   CPUIndex: 39.6
[2014.09.29-20.46.00:599][138]LogSynthBenchmark:Display:   GPUIndex: 3.1
[2014.09.29-20.46.00:599][138]LogSynthBenchmark:Display: 
[2014.09.29-20.46.00:599][138]LogSynthBenchmark:Display:          ... Total Time: 30.040731 sec
[2014.09.29-20.46.01:308][138]LogRenderer:Warning: Reallocating scene render targets to support 944x720.
[2014.09.29-20.46.03:692][139]LogContentStreaming: Texture pool size now 200 MB
[2014.09.29-20.46.06:004][254]LogSynthBenchmark:Display: FSynthBenchmark (V0.92):
[2014.09.29-20.46.06:004][254]LogSynthBenchmark:Display: ===============
[2014.09.29-20.