Log file open, 09/22/14 16:36:42
LogInit:Display: Running engine for game: Phobophobia
LogInit: Version: 4.4.3-2296771+++depot+UE4-Releases+4.4
LogInit: API Version: 2255576
LogInit: Compiled (64-bit): Sep 13 2014 22:30:58
LogInit: Build Configuration: Development
LogInit: Branch Name: ++depot+UE4-Releases+4.4
LogInit: Command line: 
LogInit: Base directory: C:/Program Files/Unreal Engine/4.4/Engine/Binaries/Win64/
LogInit: Rocket: 1
[2014.09.22-20.36.42:671][  0]LogTaskGraph: Started task graph with 3 named threads and 4 total threads.
[2014.09.22-20.36.42:700][  0]LogOnline:Warning: No default platform service specified for OnlineSubsystem
[2014.09.22-20.36.42:709][  0]LogInit: Presizing for 0 objects not considered by GC, pre-allocating 0 bytes.
[2014.09.22-20.36.42:717][  0]LogInit: Object subsystem initialized
[2014.09.22-20.36.42:719][  0]LogInit: Selected Device Profile: [Windows]
[2014.09.22-20.36.42:719][  0]LogInit: Applying CVar settings loaded from the selected device profile: [Windows]
[2014.09.22-20.36.42:726][  0]LogInit: Computer: PJ
[2014.09.22-20.36.42:726][  0]LogInit: User: ParkerJoseph
[2014.09.22-20.36.42:727][  0]LogInit: CPU Page size=4096, Cores=4
[2014.09.22-20.36.42:727][  0]LogInit: High frequency timer resolution =2.143568 MHz
[2014.09.22-20.36.42:727][  0]LogMemory: Memory total: Physical=8.0GB (8GB approx) Virtual=131072.0GB
[2014.09.22-20.36.42:727][  0]LogMemory: Platform Memory Stats for Windows
[2014.09.22-20.36.42:727][  0]LogMemory: Process Physical Memory: 59.66 MB used, 59.75 MB peak
[2014.09.22-20.36.42:727][  0]LogMemory: Process Virtual Memory: 35.92 MB used, 36.02 MB peak
[2014.09.22-20.36.42:727][  0]LogMemory: Physical Memory: 3603.11 MB used, 8169.40 MB total
[2014.09.22-20.36.42:727][  0]LogMemory: Virtual Memory: 265.38 MB used, 134217728.00 MB total
[2014.09.22-20.36.42:741][  0]LogD3D11RHI: Found D3D11 adapter 0: AMD Radeon HD 6900M Series (Feature Level 11_0)
[2014.09.22-20.36.42:741][  0]LogD3D11RHI: Adapter has 2035MB of dedicated video memory, 0MB of dedicated system memory, and 3840MB of shared system memory, 1 output[s]
[2014.09.22-20.36.42:742][  0]LogD3D11RHI: Found D3D11 adapter 1: Microsoft Basic Render Driver (Feature Level 11_0)
[2014.09.22-20.36.42:742][  0]LogD3D11RHI: Adapter has 0MB of dedicated video memory, 0MB of dedicated system memory, and 256MB of shared system memory, 0 output[s]
[2014.09.22-20.36.42:742][  0]LogD3D11RHI: Chosen D3D11 Adapter Id = 0
[2014.09.22-20.36.42:745][  0]LogRHI: Texture pool is 1361 MB (70% of 1945 MB)
[2014.09.22-20.36.42:751][  0]LogD3D11RHI: Async texture creation disabled: no driver support
[2014.09.22-20.36.42:852][  0]LogContentStreaming: Texture pool size is 0.000000MB
[2014.09.22-20.36.44:488][  0]LogTargetPlatformManager:Display: Building Assets For Windows
[2014.09.22-20.36.44:908][  0]LogTargetPlatformManager:Display: Building Assets For Windows
[2014.09.22-20.36.44:944][  0]LogDerivedDataCache:Display: Max Cache Size: 512 MB
[2014.09.22-20.36.44:983][  0]LogDerivedDataCache: Loaded boot cache 0.04s 39MB C:/Users/ParkerJoseph/AppData/Local/UnrealEngine/4.4/DerivedDataCache/Boot.ddc.
[2014.09.22-20.36.44:984][  0]LogDerivedDataCache:Display: Loaded Boot cache: C:/Users/ParkerJoseph/AppData/Local/UnrealEngine/4.4/DerivedDataCache/Boot.ddc
[2014.09.22-20.36.44:984][  0]LogDerivedDataCache: FDerivedDataBackendGraph:  Pak pak cache file ../../../../../../Users/ParkerJoseph/Documents/UnhingedTest/Phobophobia 4.4/DerivedDataCache/DDC.ddp not found, will not use a pak cache.
[2014.09.22-20.36.44:984][  0]LogDerivedDataCache: Unable to find inner node Pak for hierarchical cache Hierarchy.
[2014.09.22-20.36.45:003][  0]LogDerivedDataCache:Display: Pak cache opened for reading ../../../Engine/DerivedDataCache/DDC.ddp.
[2014.09.22-20.36.45:015][  0]LogDerivedDataCache: Using Local data cache path C:/Users/ParkerJoseph/AppData/Local/UnrealEngine/4.4/DerivedDataCache: Writable
[2014.09.22-20.36.45:168][  0]LogMeshUtilities: No automatic mesh reduction module available
[2014.09.22-20.36.45:168][  0]LogMeshUtilities: No automatic mesh merging module available
[2014.09.22-20.36.45:494][  0]LogInit: WinSock: version 1.1 (2.2), MaxSocks=32767, MaxUdp=65467
[2014.09.22-20.36.46:177][  0]LogStats:Warning: MetaData mismatch. Did you assign a stat to two groups? New //STATGROUP_Threads//FMonitoredProcess///Thread_974_0///////STATCAT_Advanced//// old //STATGROUP_Threads//FMonitoredProcess///Thread_1328_0///////STATCAT_Advanced////
[2014.09.22-20.36.46:177][  0]UdpMessaging: Initializing bridge on interface 0.0.0.0:0 to multicast group 230.0.0.1:6666.
[2014.09.22-20.36.46:273][  0]SourceControl: Info Source control is disabled
[2014.09.22-20.36.46:273][  0]SourceControl: Info Source control is disabled
[2014.09.22-20.36.46:278][  0]SourceControl: Info Source control is disabled
[2014.09.22-20.36.46:458][  0]BlueprintLog: New page: Editor Load
[2014.09.22-20.36.46:542][  0]LogObj: 21438 objects as part of root set at end of initial load.
[2014.09.22-20.36.46:542][  0]LogUObjectAllocator: 4218656 out of 0 bytes used by permanent object pool.
[2014.09.22-20.36.46:702][  0]LogEngine: Initializing Engine...
[2014.09.22-20.36.46:809][  0]LogInit: XAudio2 using 'Headphones (High Definition Audio Device)' : 2 channels at 44.1 kHz using 16 bits per sample (channel mask 0x3)
[2014.09.22-20.36.46:815][  0]LogInit: FAudioDevice initialized.
[2014.09.22-20.36.46:829][  0]LogAIModule: Creating AISystem for world NewWorld
[2014.09.22-20.36.46:848][  0]LogDerivedDataCache: Saved boot cache 0.02s 39MB C:/Users/ParkerJoseph/AppData/Local/UnrealEngine/4.4/DerivedDataCache/Boot.ddc.
[2014.09.22-20.36.46:855][  0]LogInit: Texture streaming: Enabled
[2014.09.22-20.36.46:880][  0]LogInit: Transaction tracking system initialized
[2014.09.22-20.36.46:966][  0]LogAssetRegistry: FAssetRegistry took 0.0104 seconds to start up
[2014.09.22-20.36.47:424][  0]LogTargetPlatformManager:Display: Building Assets For Windows
[2014.09.22-20.36.47:756][  0]LogTargetPlatformManager:Display: Building Assets For Windows
[2014.09.22-20.36.47:856][  0]LogConsoleResponse:Display: 
[2014.09.22-20.36.48:056][  0]LogStats:Warning: MetaData mismatch. Did you assign a stat to two groups? New //STATGROUP_Threads//FMonitoredProcess///Thread_10a8_0///////STATCAT_Advanced//// old //STATGROUP_Threads//FMonitoredProcess///Thread_1328_0///////STATCAT_Advanced////
[2014.09.22-20.36.48:056][  0]LogStats:Warning: MetaData mismatch. Did you assign a stat to two groups? New //STATGROUP_Threads//FMonitoredProcess///Thread_134c_0///////STATCAT_Advanced//// old //STATGROUP_Threads//FMonitoredProcess///Thread_1328_0///////STATCAT_Advanced////
[2014.09.22-20.36.48:056][  0]SourceControl: Info Source control is disabled
[2014.09.22-20.36.48:057][  0]Cmd: MAP LOAD FILE="../../../../../../Users/ParkerJoseph/Documents/UnhingedTest/Phobophobia 4.4/Content/Maps/Swimming.umap" TEMPLATE=0 SHOWPROGRESS=1
[2014.09.22-20.36.48:057][  0]LightingResults: New page: Lighting Build
[2014.09.22-20.36.48:063][  0]MapCheck: New page: Map Check
[2014.09.22-20.36.48:063][  0]LightingResults: New page: Lighting Build
[2014.09.22-20.36.48:096][  0]LogParticles: Destroying 0 GPU particle simulations for FXSystem 0x0000000A5EE34860
[2014.09.22-20.36.48:999][  0]LogTexture:Display: Building textures: Torch_Flattened_Bump_Map (AutoDXT)
[2014.09.22-20.36.51:884][  0]LogTexture:Display: Building textures: Torch_Flattened_Bump_Map (BC5)
[2014.09.22-20.36.52:661][  0]LogTexture:Display: Building textures: Torch_Flattened_Diffuse (AutoDXT)
[2014.09.22-20.36.55:205][  0]LogTexture:Display: Building textures: Torch_Flattened_Specular (AutoDXT)
[2014.09.22-20.36.55:686][  0]LogMaterial: Missing cached shader map for material Torch_Flattened_Mat, compiling.
[2014.09.22-20.36.55:878][  0]LogTexture:Display: Building textures: Torch_Flattened_Diffuse (AutoDXT)
[2014.09.22-20.36.59:309][  0]LogTexture:Display: Building textures: Torch_Flattened_Specular (AutoDXT)
[2014.09.22-20.37.00:111][  0]LogMaterial: Missing cached shader map for material materialTorch, compiling.
[2014.09.22-20.37.00:116][  0]LogStaticMesh: Building static mesh torch...
[2014.09.22-20.38.19:302][  0]LogStaticMesh: Built static mesh [79186.445313ms] /Game/Meshes/torch.torch
[2014.09.22-20.38.19:808][  0]LogStaticMesh: Building static mesh meshHuman...
[2014.09.22-20.38.20:676][  0]LogStaticMesh: Built static mesh [868.561218ms] /Game/Blueprints/meshHuman.meshHuman
[2014.09.22-20.38.20:773][  0]LogStaticMesh: Building static mesh SM_DemoCube...
[2014.09.22-20.38.20:783][  0]LogStaticMesh: Built static mesh [9.995951ms] /Game/Meshes/SM_DemoCube.SM_DemoCube
[2014.09.22-20.38.20:783][  0]LogStaticMesh: Building static mesh MyMesh...
[2014.09.22-20.38.20:784][  0]LogStaticMesh: Built static mesh [0.570078ms] /Game/Unsorted/MyMesh.MyMesh
[2014.09.22-20.38.20:784][  0]LogStaticMesh: Building static mesh small_crate...
[2014.09.22-20.38.20:801][  0]LogStaticMesh: Built static mesh [16.835482ms] /Game/Meshes/small_crate.small_crate
[2014.09.22-20.38.20:903][  0]LogTexture:Display: Building textures: textureJournalPage1 (AutoDXT)
[2014.09.22-20.38.26:467][  0]LogTexture:Display: Building textures: ShadowMapTexture2D_1 (BGRA8)
[2014.09.22-20.38.26:469][  0]LogTexture:Display: Building textures: ShadowMapTexture2D_2 (BGRA8)
[2014.09.22-20.38.26:471][  0]BlueprintLog:Warning: Warning Blueprint MyGame has been migrated and requires re-saving to avoid import errors
[2014.09.22-20.38.27:762][  0]LogTexture:Display: Building textures: crate_texture (AutoDXT)
[2014.09.22-20.38.36:700][  0]LogTexture:Display: Building textures: crate_texture_bump_map (BC5)
[2014.09.22-20.38.37:647][  0]LogTexture:Display: Building textures: crate_texture_specular_map (AutoDXT)
[2014.09.22-20.38.40:808][  0]LogMaterial: Missing cached shader map for material phongE1, compiling.
[2014.09.22-20.38.40:832][  0]LogTexture:Display: Building textures: T_Caustics (AutoDXT)
[2014.09.22-20.38.41:019][  0]LogTexture:Display: Building textures: T_raindrop (AutoDXT)
[2014.09.22-20.38.41:049][  0]LogTexture:Display: Building textures: T_raindrop_normal (BC5)
[2014.09.22-20.38.41:299][  0]LogTexture:Display: Building textures: TilingNoise06_N (BC5)
[2014.09.22-20.38.42:231][  0]LogMaterial: Missing cached shader map for material M_raindrop, compiling.
[2014.09.22-20.38.42:265][  0]LogTexture:Display: Building textures: ThumbnailTexture (DXT1)
[2014.09.22-20.38.42:472][  0]LogTexture:Display: Building textures: HQ_Lightmap0_1 (AutoDXT)
[2014.09.22-20.38.42:640][  0]LogTexture:Display: Building textures: HQ_Lightmap0_2 (AutoDXT)
[2014.09.22-20.38.42:657][  0]LogTexture:Display: Building textures: HQ_Lightmap0_3 (AutoDXT)
[2014.09.22-20.38.42:673][  0]LogTexture:Display: Building textures: LQ_Lightmap_0_1 (DXT1)
[2014.09.22-20.38.42:767][  0]LogTexture:Display: Building textures: LQ_Lightmap_0_2 (DXT1)
[2014.09.22-20.38.42:773][  0]LogTexture:Display: Building textures: LQ_Lightmap_0_3 (DXT1)
[2014.09.22-20.38.42:783][  0]LogTexture:Display: Building textures: ShadowMapTexture2D_0 (BGRA8)
[2014.09.22-20.38.42:870][  0]LogEditorServer: Finished looking for orphan Actors (0.000 secs)
[2014.09.22-20.38.42:871][  0]LogAIModule: Creating AISystem for world Swimming
[2014.09.22-20.38.42:871][  0]Cmd: MAP CHECKDEP
[2014.09.22-20.38.42:872][  0]MapCheck: New page: Swimming - Sep 22, 2014, 12:38:42 PM
[2014.09.22-20.38.42:986][  0]MapCheck: Info ========== Map Check: 0 Error(s), 0 Warning(s), [114.677ms] ==========
[2014.09.22-20.38.42:986][  0]LogFileHelpers: Loading map 'Swimming' took 114.929
[2014.09.22-20.38.43:124][  0]LogCollectionManager: Loaded 0 collections in 0.001669 seconds
[2014.09.22-20.38.43:437][  0]LogCrashTracker: Crashtracker disabled due to settings.
[2014.09.22-20.38.43:565][  0]LogLoad: Full Startup: 122.74 seconds (BP compile: 0.23 seconds)
[2014.09.22-20.38.43:587][  0]LogContentBrowser:Verbose: The content browser source was changed by the sources view to '/Game/Blueprints'
[2014.09.22-20.38.43:998][  0]LogRenderer:Warning: Reallocating scene render targets to support 1136x912.
[2014.09.22-20.38.44:503][  3]LogAssetRegistry: Asset discovery search completed in 117.5480 seconds
[2014.09.22-20.38.47:536][165]LogSynthBenchmark:Display: FSynthBenchmark (V0.92):
[2014.09.22-20.38.47:536][165]LogSynthBenchmark:Display: ===============
[2014.09.22-20.38.47:536][165]LogSynthBenchmark:Display: Main Processor:
[2014.09.22-20.38.47:591][165]LogSynthBenchmark:Display:          ... 0.027856 s/Run 'RayIntersect'
[2014.09.22-20.38.47:591][165]LogSynthBenchmark:Display:          ... 0.027184 s/Run 'Fractal'
[2014.09.22-20.38.47:591][165]LogSynthBenchmark:Display: 
[2014.09.22-20.38.47:591][165]LogSynthBenchmark:Display:   CompiledTarget_x_Bits: 64
[2014.09.22-20.38.47:591][165]LogSynthBenchmark:Display:   UE_BUILD_SHIPPING: 0
[2014.09.22-20.38.47:591][165]LogSynthBenchmark:Display:   UE_BUILD_TEST: 0
[2014.09.22-20.38.47:591][165]LogSynthBenchmark:Display:   UE_BUILD_DEBUG: 0
[2014.09.22-20.38.47:591][165]LogSynthBenchmark:Display:   TotalPhysicalGBRam: 8
[2014.09.22-20.38.47:591][165]LogSynthBenchmark:Display:   NumberOfCores (physical): 4
[2014.09.22-20.38.47:591][165]LogSynthBenchmark:Display:   NumberOfCores (logical): 8
[2014.09.22-20.38.47:591][165]LogSynthBenchmark:Display:   CPU Perf Index 0: 91.9
[2014.09.22-20.38.47:591][165]LogSynthBenchmark:Display:   CPU Perf Index 1: 105.2
[2014.09.22-20.38.47:591][165]LogSynthBenchmark:Display:  
[2014.09.22-20.38.47:591][165]LogSynthBenchmark:Display: Graphics:
[2014.09.22-20.38.47:591][165]LogSynthBenchmark:Display:   Adapter Name: 'AMD Radeon HD 6900M Series'
[2014.09.22-20.38.47:591][165]LogSynthBenchmark:Display:   (On Optimus the name might be wrong, memory should be ok)
[2014.09.22-20.38.47:591][165]LogSynthBenchmark:Display:   Vendor Id: 0x1002
[2014.09.22-20.38.47:591][165]LogSynthBenchmark:Display:   GPU Memory: 2036/0/3840 MB
[2014.09.22-20.38.47:591][165]LogSynthBenchmark:Display:   CPUIndex: 91.9
[2014.09.22-20.38.47:591][165]LogSynthBenchmark:Display:   GPUIndex: -1.$
[2014.09.22-20.38.47:591][165]LogSynthBenchmark:Display: 
[2014.09.22-20.38.47:592][165]LogSynthBenchmark:Display:          ... Total Time: 0.055464 sec
[2014.09.22-20.38.53:267][418]LogActorComponent: UnregisterComponent: (/Engine/Transient.CharacterMovementComponent_0) Not registered. Aborting.
[2014.09.22-20.38.53:786][419]Cmd: QUIT_EDITOR
[2014.09.22-20.38.54:003][419]LogWindowsTextInputMethodSystem:Error: Terminating failed while unadvising the language notification sink from the TSF source.
[2014.09.22-20.38.54:008][419]LogExit: Preparing to exit.
[2014.09.22-20.38.54:361][419]LogExit: Editor shut down
[2014.09.22-20.38.54:361][419]LogExit: Transaction tracking system shut down
[2014.09.22-20.38.54:366][419]LogParticles: Destroying 0 GPU particle simulations for FXSystem 0x0000000A640E5EE0
[2014.09.22-20.38.54:367][419]LogParticles: Destroying 0 GPU particle simulations for FXSystem 0x0000000A6F9F4F40
[2014.09.22-20.38.54:456][419]LogParticles: Destroying 0 GPU particle simulations for FXSystem 0x0000000A740984A0
[2014.09.22-20.38.54:456][419]LogExit: Object subsystem successfully closed.
[2014.09.22-20.38.54:541][419]LogModuleManager: Shutting down and abandoning module AndroidDeviceDetection (162)
[2014.09.22-20.38.54:541][419]LogModuleManager: Shutting down and abandoning module SynthBenchmark (161)
[2014.09.22-20.38.54:541][419]LogModuleManager: Shutting down and abandoning module HTTP (160)
[2014.09.22-20.38.54:541][419]LogModuleManager: Shutting down and abandoning module CrashTracker (159)
[2014.09.22-20.38.54:541][419]LogModuleManager: Shutting down and abandoning module SuperSearch (158)
[2014.09.22-20.38.54:542][419]LogModuleManager: Shutting down and abandoning module SceneOutliner (157)
[2014.09.22-20.38.54:542][419]LogModuleManager: Shutting down and abandoning module EditorWidgets (156)
[2014.09.22-20.38.54:542][419]LogModuleManager: Shutting down and abandoning module CollectionManager (155)
[2014.09.22-20.38.54:542][419]LogModuleManager: Shutting down and abandoning module StatsViewer (154)
[2014.09.22-20.38.54:543][419]LogModuleManager: Shutting down and abandoning module FoliageEdit (153)
[2014.09.22-20.38.54:543][419]LogModuleManager: Shutting down and abandoning module LandscapeEditor (152)
[2014.09.22-20.38.54:545][419]LogModuleManager: Shutting down and abandoning module MeshPaint (151)
[2014.09.22-20.38.54:545][419]LogModuleManager: Shutting down and abandoning module ActorPickerMode (150)
[2014.09.22-20.38.54:545][419]LogModuleManager: Shutting down and abandoning module GeometryMode (149)
[2014.09.22-20.38.54:545][419]LogModuleManager: Shutting down and abandoning module TextureAlignMode (148)
[2014.09.22-20.38.54:545][419]LogModuleManager: Shutting down and abandoning module BspMode (147)
[2014.09.22-20.38.54:545][419]LogModuleManager: Shutting down and abandoning module PlacementMode (146)
[2014.09.22-20.38.54:545][419]LogModuleManager: Shutting down and abandoning module DesktopPlatform (145)
[2014.09.22-20.38.54:546][419]LogModuleManager: Shutting down and abandoning module AutomationWorker (144)
[2014.09.22-20.38.54:546][419]LogModuleManager: Shutting down and abandoning module EditorLiveStreaming (143)
[2014.09.22-20.38.54:546][419]LogModuleManager: Shutting down and abandoning module BehaviorTreeEditor (142)
[2014.09.22-20.38.54:548][419]LogModuleManager: Shutting down and abandoning module DeviceProfileEditor (141)
[2014.09.22-20.38.54:548][419]LogModuleManager: Shutting down and abandoning module UndoHistory (140)
[2014.09.22-20.38.54:548][419]LogModuleManager: Shutting down and abandoning module GameplayTagsEditor (139)
[2014.09.22-20.38.54:548][419]LogModuleManager: Shutting down and abandoning module UserFeedback (138)
[2014.09.22-20.38.54:548][419]LogModuleManager: Shutting down and abandoning module XmlParser (137)
[2014.09.22-20.38.54:548][419]LogModuleManager: Shutting down and abandoning module Blutility (136)
[2014.09.22-20.38.54:549][419]LogModuleManager: Shutting down and abandoning module IOSPlatformEditor (135)
[2014.09.22-20.38.54:549][419]LogModuleManager: Shutting down and abandoning module IOSRuntimeSettings (134)
[2014.09.22-20.38.54:549][419]LogModuleManager: Shutting down and abandoning module AndroidPlatformEditor (133)
[2014.09.22-20.38.54:549][419]LogModuleManager: Shutting down and abandoning module AndroidRuntimeSettings (132)
[2014.09.22-20.38.54:549][419]LogModuleManager: Shutting down and abandoning module ProjectTargetPlatformEditor (131)
[2014.09.22-20.38.54:549][419]LogModuleManager: Shutting down and abandoning module ProjectSettingsViewer (130)
[2014.09.22-20.38.54:549][419]LogModuleManager: Shutting down and abandoning module InputBindingEditor (129)
[2014.09.22-20.38.54:550][419]LogModuleManager: Shutting down and abandoning module EditorSettingsViewer (128)
[2014.09.22-20.38.54:550][419]LogModuleManager: Shutting down and abandoning module SettingsEditor (127)
[2014.09.22-20.38.54:551][419]LogModuleManager: Shutting down and abandoning module SessionLauncher (126)
[2014.09.22-20.38.54:551][419]LogModuleManager: Shutting down and abandoning module SessionFrontend (125)
[2014.09.22-20.38.54:552][419]LogModuleManager: Shutting down and abandoning module ProfilerClient (124)
[2014.09.22-20.38.54:553][419]LogModuleManager: Shutting down and abandoning module TargetDeviceServices (123)
[2014.09.22-20.38.54:553][419]LogModuleManager: Shutting down and abandoning module DeviceManager (122)
[2014.09.22-20.38.54:553][419]LogModuleManager: Shutting down and abandoning module AutomationController (121)
[2014.09.22-20.38.54:554][419]LogModuleManager: Shutting down and abandoning module AutomationWindow (120)
[2014.09.22-20.38.54:555][419]LogModuleManager: Shutting down and abandoning module Layers (119)
[2014.09.22-20.38.54:557][419]LogModuleManager: Shutting down and abandoning module ComponentVisualizers (118)
[2014.09.22-20.38.54:557][419]LogModuleManager: Shutting down and abandoning module DetailCustomizations (117)
[2014.09.22-20.38.54:559][419]LogModuleManager: Shutting down and abandoning module PackagesDialog (116)
[2014.09.22-20.38.54:560][419]LogModuleManager: Shutting down and abandoning module DirectoryWatcher (115)
[2014.09.22-20.38.54:561][419]LogModuleManager: Shutting down and abandoning module AssetRegistry (114)
[2014.09.22-20.38.54:613][419]LogModuleManager: Shutting down and abandoning module Persona (113)
[2014.09.22-20.38.54:615][419]LogModuleManager: Shutting down and abandoning module GraphEditor (112)
[2014.09.22-20.38.54:615][419]LogModuleManager: Shutting down and abandoning module ClassViewer (111)
[2014.09.22-20.38.54:616][419]LogModuleManager: Shutting down and abandoning module Toolbox (110)
[2014.09.22-20.38.54:616][419]LogModuleManager: Shutting down and abandoning module ModuleUI (109)
[2014.09.22-20.38.54:616][419]LogModuleManager: Shutting down and abandoning module Sequencer (108)
[2014.09.22-20.38.54:618][419]LogModuleManager: Shutting down and abandoning module MovieSceneTools (107)
[2014.09.22-20.38.54:619][419]LogModuleManager: Shutting down and abandoning module OutputLog (106)
[2014.09.22-20.38.54:619][419]LogModuleManager: Shutting down and abandoning module GammaUI (105)
[2014.09.22-20.38.54:620][419]LogModuleManager: Shutting down and abandoning module Documentation (104)
[2014.09.22-20.38.54:620][419]LogModuleManager: Shutting down and abandoning module GameLiveStreaming (103)
[2014.09.22-20.38.54:620][419]LogModuleManager: Shutting down and abandoning module StreamingPauseRendering (102)
[2014.09.22-20.38.54:620][419]LogModuleManager: Shutting down and abandoning module AnalyticsET (101)
[2014.09.22-20.38.54:620][419]LogModuleManager: Shutting down and abandoning module Analytics (100)
[2014.09.22-20.38.54:620][419]LogModuleManager: Shutting down and abandoning module GameplayDebugger (99)
[2014.09.22-20.38.54:620][419]LogModuleManager: Shutting down and abandoning module AIModule (98)
[2014.09.22-20.38.54:620][419]LogModuleManager: Shutting down and abandoning module ProfilerService (97)
[2014.09.22-20.38.54:648][419]LogModuleManager: Shutting down and abandoning module TaskGraph (96)
[2014.09.22-20.38.54:649][419]LogModuleManager: Shutting down and abandoning module SlateRemote (95)
[2014.09.22-20.38.54:650][419]LogModuleManager: Shutting down and abandoning module ScriptEditorPlugin (94)
[2014.09.22-20.38.54:650][419]LogModuleManager: Shutting down and abandoning module CustomMeshComponent (93)
[2014.09.22-20.38.54:650][419]LogModuleManager: Shutting down and abandoning module CableComponent (92)
[2014.09.22-20.38.54:650][419]LogModuleManager: Shutting down and abandoning module MessagingDebugger (91)
[2014.09.22-20.38.54:650][419]LogModuleManager: Shutting down and abandoning module ViewportSnapping (90)
[2014.09.22-20.38.54:650][419]LogModuleManager: Shutting down and abandoning module SmartSnapping (89)
[2014.09.22-20.38.54:650][419]LogModuleManager: Shutting down and abandoning module PaperTiledImporter (88)
[2014.09.22-20.38.54:650][419]LogModuleManager: Shutting down and abandoning module PaperJsonImporter (87)
[2014.09.22-20.38.54:650][419]LogModuleManager: Shutting down and abandoning module GameProjectGeneration (86)
[2014.09.22-20.38.54:650][419]LogModuleManager: Shutting down and abandoning module Matinee (85)
[2014.09.22-20.38.54:651][419]LogModuleManager: Shutting down and abandoning module Kismet (84)
[2014.09.22-20.38.54:652][419]LogModuleManager: Shutting down and abandoning module SlateReflector (83)
[2014.09.22-20.38.54:653][419]LogModuleManager: Shutting down and abandoning module LevelEditor (82)
[2014.09.22-20.38.54:655][419]LogModuleManager: Shutting down and abandoning module IntroTutorials (81)
[2014.09.22-20.38.54:655][419]LogModuleManager: Shutting down and abandoning module ContentBrowser (80)
[2014.09.22-20.38.54:656][419]LogModuleManager: Shutting down and abandoning module PropertyEditor (79)
[2014.09.22-20.38.54:656][419]LogModuleManager: Shutting down and abandoning module AssetTools (78)
[2014.09.22-20.38.54:658][419]LogModuleManager: Shutting down and abandoning module Paper2DEditor (77)
[2014.09.22-20.38.54:659][419]LogModuleManager: Shutting down and abandoning module SpeedTreeImporter (76)
[2014.09.22-20.38.54:659][419]LogModuleManager: Shutting down and abandoning module PluginsEditor (75)
[2014.09.22-20.38.54:659][419]LogModuleManager: Shutting down and abandoning module MainFrame (74)
[2014.09.22-20.38.54:659][419]LogModuleManager: Shutting down and abandoning module EpicSurvey (73)
[2014.09.22-20.38.54:659][419]LogModuleManager: Shutting down and abandoning module VisualStudioSourceCodeAccess (72)
[2014.09.22-20.38.54:659][419]LogModuleManager: Shutting down and abandoning module UObjectPlugin (71)
[2014.09.22-20.38.54:659][419]LogModuleManager: Shutting down and abandoning module SubversionSourceControl (70)
[2014.09.22-20.38.54:659][419]LogModuleManager: Shutting down and abandoning module SourceControl (69)
[2014.09.22-20.38.54:659][419]LogModuleManager: Shutting down and abandoning module PerforceSourceControl (68)
[2014.09.22-20.38.54:660][419]LogModuleManager: Shutting down and abandoning module BlankPlugin (67)
[2014.09.22-20.38.54:660][419]LogModuleManager: Shutting down and abandoning module ScriptPlugin (66)
[2014.09.22-20.38.54:660][419]LogModuleManager: Shutting down and abandoning module UdpMessaging (65)
[2014.09.22-20.38.54:761][419]LogModuleManager: Shutting down and abandoning module Paper2D (64)
[2014.09.22-20.38.54:761][419]LogModuleManager: Shutting down and abandoning module WindowsMoviePlayer (63)
[2014.09.22-20.38.54:767][419]LogModuleManager: Shutting down and abandoning module ImageWrapper (62)
[2014.09.22-20.38.54:767][419]LogModuleManager: Shutting down and abandoning module OnlineBlueprintSupport (61)
[2014.09.22-20.38.54:767][419]LogModuleManager: Shutting down and abandoning module FunctionalTesting (60)
[2014.09.22-20.38.54:768][419]LogModuleManager: Shutting down and abandoning module CollisionAnalyzer (59)
[2014.09.22-20.38.54:769][419]LogModuleManager: Shutting down and abandoning module WorkspaceMenuStructure (58)
[2014.09.22-20.38.54:769][419]LogModuleManager: Shutting down and abandoning module MessageLog (57)
[2014.09.22-20.38.54:769][419]LogModuleManager: Shutting down and abandoning module UMGEditor (56)
[2014.09.22-20.38.54:770][419]LogModuleManager: Shutting down and abandoning module UMG (55)
[2014.09.22-20.38.54:771][419]LogModuleManager: Shutting down and abandoning module Slate (54)
[2014.09.22-20.38.54:771][419]LogModuleManager: Shutting down and abandoning module EditorStyle (53)
[2014.09.22-20.38.54:773][419]LogModuleManager: Shutting down and abandoning module SessionServices (52)
[2014.09.22-20.38.54:773][419]LogModuleManager: Shutting down and abandoning module SourceCodeAccess (51)
[2014.09.22-20.38.54:773][419]LogModuleManager: Shutting down and abandoning module HeadMountedDisplay (50)
[2014.09.22-20.38.54:773][419]LogModuleManager: Shutting down and abandoning module XAudio2 (49)
[2014.09.22-20.38.54:773][419]LogModuleManager: Shutting down and abandoning module Networking (47)
[2014.09.22-20.38.54:773][419]LogModuleManager: Shutting down and abandoning module Core (46)
[2014.09.22-20.38.54:773][419]LogModuleManager: Shutting down and abandoning module KismetCompiler (45)
[2014.09.22-20.38.54:773][419]LogModuleManager: Shutting down and abandoning module PhysXFormats (44)
[2014.09.22-20.38.54:773][419]LogModuleManager: Shutting down and abandoning module MeshUtilities (43)
[2014.09.22-20.38.54:774][419]LogModuleManager: Shutting down and abandoning module DerivedDataCache (42)
[2014.09.22-20.38.54:813][419]LogDerivedDataCache: Shutdown
[2014.09.22-20.38.54:813][419]LogModuleManager: Shutting down and abandoning module ShaderFormatOpenGL (41)
[2014.09.22-20.38.54:813][419]LogModuleManager: Shutting down and abandoning module ShaderFormatD3D (40)
[2014.09.22-20.38.54:813][419]LogModuleManager: Shutting down and abandoning module MetalShaderFormat (39)
[2014.09.22-20.38.54:814][419]LogModuleManager: Shutting down and abandoning module TextureFormatUncompressed (38)
[2014.09.22-20.38.54:814][419]LogModuleManager: Shutting down and abandoning module TextureFormatPVR (37)
[2014.09.22-20.38.54:814][419]LogModuleManager: Shutting down and abandoning module TextureFormatDXT (36)
[2014.09.22-20.38.54:814][419]LogModuleManager: Shutting down and abandoning module TextureFormatAndroid (35)
[2014.09.22-20.38.54:814][419]LogModuleManager: Shutting down and abandoning module AudioFormatOpus (34)
[2014.09.22-20.38.54:814][419]LogModuleManager: Shutting down and abandoning module AudioFormatOgg (33)
[2014.09.22-20.38.54:814][419]LogModuleManager: Shutting down and abandoning module AudioFormatADPCM (32)
[2014.09.22-20.38.54:814][419]LogModuleManager: Shutting down and abandoning module Messaging (31)
[2014.09.22-20.38.54:814][419]LogModuleManager: Shutting down and abandoning module IOSTargetPlatform (30)
[2014.09.22-20.38.54:814][419]LogModuleManager: Shutting down and abandoning module Android_PVRTCTargetPlatform (29)
[2014.09.22-20.38.54:814][419]LogModuleManager: Shutting down and abandoning module Android_ETC2TargetPlatform (28)
[2014.09.22-20.38.54:814][419]LogModuleManager: Shutting down and abandoning module Android_ETC1TargetPlatform (27)
[2014.09.22-20.38.54:814][419]LogModuleManager: Shutting down and abandoning module Android_DXTTargetPlatform (26)
[2014.09.22-20.38.54:814][419]LogModuleManager: Shutting down and abandoning module Android_ATCTargetPlatform (25)
[2014.09.22-20.38.54:814][419]LogModuleManager: Shutting down and abandoning module AndroidTargetPlatform (24)
[2014.09.22-20.38.54:814][419]LogModuleManager: Shutting down and abandoning module WindowsTargetPlatform (23)
[2014.09.22-20.38.54:814][419]LogModuleManager: Shutting down and abandoning module WindowsServerTargetPlatform (22)
[2014.09.22-20.38.54:814][419]LogModuleManager: Shutting down and abandoning module WindowsNoEditorTargetPlatform (21)
[2014.09.22-20.38.54:814][419]LogModuleManager: Shutting down and abandoning module WindowsClientTargetPlatform (20)
[2014.09.22-20.38.54:815][419]LogModuleManager: Shutting down and abandoning module TargetPlatform (19)
[2014.09.22-20.38.54:815][419]LogModuleManager: Shutting down and abandoning module InputCore (18)
[2014.09.22-20.38.54:815][419]LogModuleManager: Shutting down and abandoning module Settings (17)
[2014.09.22-20.38.54:815][419]LogModuleManager: Shutting down and abandoning module ExampleDeviceProfileSelector (14)
[2014.09.22-20.38.54:815][419]LogModuleManager: Shutting down and abandoning module OculusRift (13)
[2014.09.22-20.38.54:815][419]LogModuleManager: Shutting down and abandoning module TextureCompressor (12)
[2014.09.22-20.38.54:815][419]LogModuleManager: Shutting down and abandoning module ShaderCore (11)
[2014.09.22-20.38.54:815][419]LogModuleManager: Shutting down and abandoning module OpenGLDrv (10)
[2014.09.22-20.38.54:815][419]LogModuleManager: Shutting down and abandoning module D3D11RHI (9)
[2014.09.22-20.38.54:815][419]LogModuleManager: Shutting down and abandoning module SlateRHIRenderer (8)
[2014.09.22-20.38.54:815][419]LogModuleManager: Shutting down and abandoning module Renderer (7)
[2014.09.22-20.38.54:815][419]LogModuleManager: Shutting down and abandoning module Engine (6)
[2014.09.22-20.38.54:815][419]LogModuleManager: Shutting down and abandoning module CoreUObject (5)
[2014.09.22-20.38.54:815][419]LogModuleManager: Shutting down and abandoning module NetworkFile (4)
[2014.09.22-20.38.54:815][419]LogModuleManager: Shutting down and abandoning module StreamingFile (3)
[2014.09.22-20.38.54:816][419]LogModuleManager: Shutting down and abandoning module SandboxFile (2)
[2014.09.22-20.38.54:816][419]LogModuleManager: Shutting down and abandoning module PakFile (1)
[2014.09.22-20.38.54:818][419]LogExit: Exiting.
[2014.09.22-20.38.54:837][419]Log file closed, 09/22/14 16:38:54
