Log file open, 11/18/14 14:33:06
LogInit:Display: Running engine for game: Phobophobia
LogInit: Version: 4.4.3-2296771+++depot+UE4-Releases+4.4
LogInit: API Version: 2255576
LogInit: Compiled (64-bit): Sep 13 2014 22:30:58
LogInit: Build Configuration: Development
LogInit: Branch Name: ++depot+UE4-Releases+4.4
LogInit: Command line:  
LogInit: Base directory: C:/Program Files/Unreal Engine/4.4/Engine/Binaries/Win64/
LogInit: Rocket: 1
[2014.11.18-19.33.06:296][  0]LogTaskGraph: Started task graph with 3 named threads and 4 total threads.
[2014.11.18-19.33.06:324][  0]LogOnline:Warning: No default platform service specified for OnlineSubsystem
[2014.11.18-19.33.06:343][  0]LogInit: Presizing for 0 objects not considered by GC, pre-allocating 0 bytes.
[2014.11.18-19.33.06:367][  0]LogInit: Object subsystem initialized
[2014.11.18-19.33.06:370][  0]LogInit: Selected Device Profile: [Windows]
[2014.11.18-19.33.06:370][  0]LogInit: Applying CVar settings loaded from the selected device profile: [Windows]
[2014.11.18-19.33.06:376][  0]LogInit: Computer: PJ
[2014.11.18-19.33.06:376][  0]LogInit: User: ParkerJoseph
[2014.11.18-19.33.06:377][  0]LogInit: CPU Page size=4096, Cores=4
[2014.11.18-19.33.06:377][  0]LogInit: High frequency timer resolution =2.143572 MHz
[2014.11.18-19.33.06:377][  0]LogMemory: Memory total: Physical=8.0GB (8GB approx) Virtual=131072.0GB
[2014.11.18-19.33.06:377][  0]LogMemory: Platform Memory Stats for Windows
[2014.11.18-19.33.06:377][  0]LogMemory: Process Physical Memory: 59.75 MB used, 59.75 MB peak
[2014.11.18-19.33.06:377][  0]LogMemory: Process Virtual Memory: 36.02 MB used, 36.02 MB peak
[2014.11.18-19.33.06:377][  0]LogMemory: Physical Memory: 1058.27 MB used, 8169.40 MB total
[2014.11.18-19.33.06:377][  0]LogMemory: Virtual Memory: 265.37 MB used, 134217728.00 MB total
[2014.11.18-19.33.06:428][  0]LogD3D11RHI: Found D3D11 adapter 0: AMD Radeon HD 6900M Series (Feature Level 11_0)
[2014.11.18-19.33.06:428][  0]LogD3D11RHI: Adapter has 2035MB of dedicated video memory, 0MB of dedicated system memory, and 3840MB of shared system memory, 1 output[s]
[2014.11.18-19.33.06:435][  0]LogD3D11RHI: Found D3D11 adapter 1: Microsoft Basic Render Driver (Feature Level 11_0)
[2014.11.18-19.33.06:435][  0]LogD3D11RHI: Adapter has 0MB of dedicated video memory, 0MB of dedicated system memory, and 256MB of shared system memory, 0 output[s]
[2014.11.18-19.33.06:435][  0]LogD3D11RHI: Chosen D3D11 Adapter Id = 0
[2014.11.18-19.33.06:437][  0]LogRHI: Texture pool is 1361 MB (70% of 1945 MB)
[2014.11.18-19.33.06:442][  0]LogD3D11RHI: Async texture creation disabled: no driver support
[2014.11.18-19.33.06:593][  0]LogContentStreaming: Texture pool size is 0.000000MB
[2014.11.18-19.33.08:196][  0]LogTargetPlatformManager:Display: Building Assets For Windows
[2014.11.18-19.33.08:578][  0]LogTargetPlatformManager:Display: Building Assets For Windows
[2014.11.18-19.33.08:614][  0]LogDerivedDataCache:Display: Max Cache Size: 512 MB
[2014.11.18-19.33.08:765][  0]LogDerivedDataCache: Loaded boot cache 0.15s 44MB C:/Users/ParkerJoseph/AppData/Local/UnrealEngine/4.4/DerivedDataCache/Boot.ddc.
[2014.11.18-19.33.08:765][  0]LogDerivedDataCache:Display: Loaded Boot cache: C:/Users/ParkerJoseph/AppData/Local/UnrealEngine/4.4/DerivedDataCache/Boot.ddc
[2014.11.18-19.33.08:765][  0]LogDerivedDataCache: FDerivedDataBackendGraph:  Pak pak cache file ../../../../../../Users/ParkerJoseph/Documents/UnhingedTest/Phobophobia 4.4/DerivedDataCache/DDC.ddp not found, will not use a pak cache.
[2014.11.18-19.33.08:765][  0]LogDerivedDataCache: Unable to find inner node Pak for hierarchical cache Hierarchy.
[2014.11.18-19.33.08:786][  0]LogDerivedDataCache:Display: Pak cache opened for reading ../../../Engine/DerivedDataCache/DDC.ddp.
[2014.11.18-19.33.08:798][  0]LogDerivedDataCache: Using Local data cache path C:/Users/ParkerJoseph/AppData/Local/UnrealEngine/4.4/DerivedDataCache: Writable
[2014.11.18-19.33.09:343][  0]LogMeshUtilities: No automatic mesh reduction module available
[2014.11.18-19.33.09:343][  0]LogMeshUtilities: No automatic mesh merging module available
[2014.11.18-19.33.09:711][  0]LogInit: WinSock: version 1.1 (2.2), MaxSocks=32767, MaxUdp=65467
[2014.11.18-19.33.11:197][  0]LogStats:Warning: MetaData mismatch. Did you assign a stat to two groups? New //STATGROUP_Threads//FMonitoredProcess///Thread_908_0///////STATCAT_Advanced//// old //STATGROUP_Threads//FMonitoredProcess///Thread_17a4_0///////STATCAT_Advanced////
[2014.11.18-19.33.11:197][  0]UdpMessaging: Initializing bridge on interface 0.0.0.0:0 to multicast group 230.0.0.1:6666.
[2014.11.18-19.33.11:334][  0]SourceControl: Info Source control is disabled
[2014.11.18-19.33.11:335][  0]SourceControl: Info Source control is disabled
[2014.11.18-19.33.11:339][  0]SourceControl: Info Source control is disabled
[2014.11.18-19.33.11:546][  0]BlueprintLog: New page: Editor Load
[2014.11.18-19.33.11:649][  0]LogObj: 21438 objects as part of root set at end of initial load.
[2014.11.18-19.33.11:649][  0]LogUObjectAllocator: 4218648 out of 0 bytes used by permanent object pool.
[2014.11.18-19.33.11:826][  0]LogEngine: Initializing Engine...
[2014.11.18-19.33.11:990][  0]LogInit: XAudio2 using 'Speakers (High Definition Audio Device)' : 2 channels at 44.1 kHz using 16 bits per sample (channel mask 0x3)
[2014.11.18-19.33.12:365][  0]LogInit: FAudioDevice initialized.
[2014.11.18-19.33.12:402][  0]LogAIModule: Creating AISystem for world NewWorld
[2014.11.18-19.33.12:429][  0]LogDerivedDataCache: Saved boot cache 0.03s 39MB C:/Users/ParkerJoseph/AppData/Local/UnrealEngine/4.4/DerivedDataCache/Boot.ddc.
[2014.11.18-19.33.12:435][  0]LogInit: Texture streaming: Enabled
[2014.11.18-19.33.12:483][  0]LogInit: Transaction tracking system initialized
[2014.11.18-19.33.12:592][  0]LogAssetRegistry: FAssetRegistry took 0.0110 seconds to start up
[2014.11.18-19.33.13:010][  0]LogTargetPlatformManager:Display: Building Assets For Windows
[2014.11.18-19.33.13:310][  0]LogTargetPlatformManager:Display: Building Assets For Windows
[2014.11.18-19.33.13:432][  0]LogConsoleResponse:Display: 
[2014.11.18-19.33.13:618][  0]LogStats:Warning: MetaData mismatch. Did you assign a stat to two groups? New //STATGROUP_Threads//FMonitoredProcess///Thread_136c_0///////STATCAT_Advanced//// old //STATGROUP_Threads//FMonitoredProcess///Thread_17a4_0///////STATCAT_Advanced////
[2014.11.18-19.33.13:618][  0]LogStats:Warning: MetaData mismatch. Did you assign a stat to two groups? New //STATGROUP_Threads//FMonitoredProcess///Thread_1524_0///////STATCAT_Advanced//// old //STATGROUP_Threads//FMonitoredProcess///Thread_17a4_0///////STATCAT_Advanced////
[2014.11.18-19.33.13:618][  0]SourceControl: Info Source control is disabled
[2014.11.18-19.33.13:619][  0]Cmd: MAP LOAD FILE="../../../../../../Users/ParkerJoseph/Documents/UnhingedTest/Phobophobia 4.4/Content/Maps/Main_Menu.umap" TEMPLATE=0 SHOWPROGRESS=1
[2014.11.18-19.33.13:619][  0]LightingResults: New page: Lighting Build
[2014.11.18-19.33.13:625][  0]MapCheck: New page: Map Check
[2014.11.18-19.33.13:626][  0]LightingResults: New page: Lighting Build
[2014.11.18-19.33.13:638][  0]LogParticles: Destroying 0 GPU particle simulations for FXSystem 0x0000009326D89300
[2014.11.18-19.33.13:720][  0]LogEditorServer: Finished looking for orphan Actors (0.000 secs)
[2014.11.18-19.33.13:720][  0]LogAIModule: Creating AISystem for world Main_Menu
[2014.11.18-19.33.13:720][  0]Cmd: MAP CHECKDEP
[2014.11.18-19.33.13:720][  0]MapCheck: New page: Main_Menu - Nov 18, 2014, 9:33:13 AM
[2014.11.18-19.33.13:768][  0]MapCheck: Info ========== Map Check: 0 Error(s), 0 Warning(s), [47.925ms] ==========
[2014.11.18-19.33.13:768][  0]LogFileHelpers: Loading map 'Main_Menu' took 0.150
[2014.11.18-19.33.14:063][  0]LogCollectionManager: Loaded 0 collections in 0.001288 seconds
[2014.11.18-19.33.14:154][  0]LogCrashTracker: Crashtracker disabled due to settings.
[2014.11.18-19.33.14:207][  0]LogLoad: Full Startup: 8.95 seconds (BP compile: 0.02 seconds)
[2014.11.18-19.33.14:239][  0]LogContentBrowser:Verbose: The content browser source was changed by the sources view to '/Game/UMG'
[2014.11.18-19.33.14:396][  0]LogRenderer:Warning: Reallocating scene render targets to support 1136x912.
[2014.11.18-19.33.14:574][  3]LogAssetRegistry: Asset discovery search completed in 1.9932 seconds
[2014.11.18-19.33.32:950][946]Cmd: MAP LOAD FILE="../../../../../../Users/ParkerJoseph/Documents/UnhingedTest/Phobophobia 4.4/Content/Maps/Level_1.umap" TEMPLATE=0 SHOWPROGRESS=1
[2014.11.18-19.33.32:950][946]LightingResults: New page: Lighting Build
[2014.11.18-19.33.32:963][946]LoadErrors: New page: Loading map: Level_1.umap
[2014.11.18-19.33.32:963][946]MapCheck: New page: Map Check
[2014.11.18-19.33.32:963][946]LightingResults: New page: Lighting Build
[2014.11.18-19.33.32:976][946]LogParticles: Destroying 0 GPU particle simulations for FXSystem 0x0000009321468860
[2014.11.18-19.33.33:292][946]LoadErrors:Error: Error Failed import: Function /Game/Blueprints/blueprintCharacterInterface.blueprintCharacterInterface_C:CurrentLevel  in /Game/Blueprints/blueprintCharacter
[2014.11.18-19.33.33:993][946]LogOutputDevice: === Handled error: ===
Ensure condition failed: 1 == StructProperty->ArrayDim [File:D:\BuildFarm\buildmachine_++depot+UE4-Releases+4.4\Engine\Source\Editor\KismetCompiler\Private\KismetCompilerVMBackend.cpp] [Line: 460]

Stack: Address = 0x26965216 (filename not found) [in C:\Program Files\Unreal Engine\4.4\Engine\Binaries\Win64\UE4Editor-Core.dll]
Address = 0x267f19d1 (filename not found) [in C:\Program Files\Unreal Engine\4.4\Engine\Binaries\Win64\UE4Editor-Core.dll]
Address = 0x27368874 (filename not found) [in C:\Program Files\Unreal Engine\4.4\Engine\Binaries\Win64\UE4Editor-KismetCompiler.dll]
Address = 0x2736803c (filename not found) [in C:\Program Files\Unreal Engine\4.4\Engine\Binaries\Win64\UE4Editor-KismetCompiler.dll]
Address = 0x27377938 (filename not found) [in C:\Program Files\Unreal Engine\4.4\Engine\Binaries\Win64\UE4Editor-KismetCompiler.dll]
Address = 0x273578f7 (filename not found) [in C:\Program Files\Unreal Engine\4.4\Engine\Binaries\Win64\UE4Editor-KismetCompiler.dll]
Address = 0x27377b8d (filename not found) [in C:\Program Files\Unreal Engine\4.4\Engine\Binaries\Win64\UE4Editor-KismetCompiler.dll]
Address = 0x273531a3 (filename not found) [in C:\Program Files\Unreal Engine\4.4\Engine\Binaries\Win64\UE4Editor-KismetCompiler.dll]
Address = 0x27353ccc (filename not found) [in C:\Program Files\Unreal Engine\4.4\Engine\Binaries\Win64\UE4Editor-KismetCompiler.dll]
Address = 0x2735383e (filename not found) [in C:\Program Files\Unreal Engine\4.4\Engine\Binaries\Win64\UE4Editor-KismetCompiler.dll]
Address = 0x20c6191a (filename not found) [in C:\Program Files\Unreal Engine\4.4\Engine\Binaries\Win64\UE4Editor-UnrealEd.dll]
Address = 0x20c28254 (filename not found) [in C:\Program Files\Unreal Engine\4.4\Engine\Binaries\Win64\UE4Editor-UnrealEd.dll]
Address = 0x285b4adb (filename not found) [in C:\Program Files\Unreal Engine\4.4\Engine\Binaries\Win64\UE4Editor-CoreUObject.dll]
Address = 0x285fffe6 (filename not found) [in C:\Program Files\Unreal Engine\4.4\Engine\Binaries\Win64\UE4Editor-CoreUObject.dll]
Address = 0x2861ab54 (filename not found) [in C:\Program Files\Unreal Engine\4.4\Engine\Binaries\Win64\UE4Editor-CoreUObject.dll]
Address = 0x285eebc4 (filename not found) [in C:\Program Files\Unreal Engine\4.4\Engine\Binaries\Win64\UE4Editor-CoreUObject.dll]
Address = 0x285c1f68 (filename not found) [in C:\Program Files\Unreal Engine\4.4\Engine\Binaries\Win64\UE4Editor-CoreUObject.dll]
Address = 0x2862426f (filename not found) [in C:\Program Files\Unreal Engine\4.4\Engine\Binaries\Win64\UE4Editor-CoreUObject.dll]
Address = 0x28600179 (filename not found) [in C:\Program Files\Unreal Engine\4.4\Engine\Binaries\Win64\UE4Editor-CoreUObject.dll]
Address = 0x2861ab54 (filename not found) [in C:\Program Files\Unreal Engine\4.4\Engine\Binaries\Win64\UE4Editor-CoreUObject.dll]
Address = 0x285ffa5e (filename not found) [in C:\Program Files\Unreal Engine\4.4\Engine\Binaries\Win64\UE4Editor-CoreUObject.dll]
Address = 0x2861ab54 (filename not found) [in C:\Program Files\Unreal Engine\4.4\Engine\Binaries\Win64\UE4Editor-CoreUObject.dll]
Address = 0x285ffa5e (filename not found) [in C:\Program Files\Unreal Engine\4.4\Engine\Binaries\Win64\UE4Editor-CoreUObject.dll]
Address = 0x2861c972 (filename not found) [in C:\Program Files\Unreal Engine\4.4\Engine\Binaries\Win64\UE4Editor-CoreUObject.dll]
Address = 0x28675f5a (filename not found) [in C:\Program Files\Unreal Engine\4.4\Engine\Binaries\Win64\UE4Editor-CoreUObject.dll]
Address = 0x2863c1ae (filename not found) [in C:\Program Files\Unreal Engine\4.4\Engine\Binaries\Win64\UE4Editor-CoreUObject.dll]
Address = 0x2863b535 (filename not found) [in C:\Program Files\Unreal Engine\4.4\Engine\Binaries\Win64\UE4Editor-CoreUObject.dll]
Address = 0x2863c2da (filename not found) [in C:\Program Files\Unreal Engine\4.4\Engine\Binaries\Win64\UE4Editor-CoreUObject.dll]
Address = 0x2863b535 (filename not found) [in C:\Program Files\Unreal Engine\4.4\Engine\Binaries\Win64\UE4Editor-CoreUObject.dll]
Address = 0x2863b44a (filename not found) [in C:\Program Files\Unreal Engine\4.4\Engine\Binaries\Win64\UE4Editor-CoreUObject.dll]
Address = 0x28607ce0 (filename not found) [in C:\Program Files\Unreal Engine\4.4\Engine\Binaries\Win64\UE4Editor-CoreUObject.dll]
Address = 0x2863a7b0 (filename not found) [in C:\Program Files\Unreal Engine\4.4\Engine\Binaries\Win64\UE4Editor-CoreUObject.dll]
Address = 0x286012c8 (filename not found) [in C:\Program Files\Unreal Engine\4.4\Engine\Binaries\Win64\UE4Editor-CoreUObject.dll]
Address = 0x28613b6a (filename not found) [in C:\Program Files\Unreal Engine\4.4\Engine\Binaries\Win64\UE4Editor-CoreUObject.dll]
Address = 0x28675e92 (filename not found) [in C:\Program Files\Unreal Engine\4.4\Engine\Binaries\Win64\UE4Editor-CoreUObject.dll]
Address = 0x206492e4 (filename not found) [in C:\Program Files\Unreal Engine\4.4\Engine\Binaries\Win64\UE4Editor-UnrealEd.dll]
Address = 0x2063c4ed (filename not found) [in C:\Program Files\Unreal Engine\4.4\Engine\Binaries\Win64\UE4Editor-UnrealEd.dll]
Address = 0x2062a291 (filename not found) [in C:\Program Files\Unreal Engine\4.4\Engine\Binaries\Win64\UE4Editor-UnrealEd.dll]
Address = 0x2092f0f0 (filename not found) [in C:\Program Files\Unreal Engine\4.4\Engine\Binaries\Win64\UE4Editor-UnrealEd.dll]
Address = 0x206a2834 (filename not found) [in C:\Program Files\Unreal Engine\4.4\Engine\Binaries\Win64\UE4Editor-UnrealEd.dll]
Address = 0x206a3335 (filename not found) [in C:\Program Files\Unreal Engine\4.4\Engine\Binaries\Win64\UE4Editor-UnrealEd.dll]
Address = 0x1a0192aa (filename not found) [in C:\Program Files\Unreal Engine\4.4\Engine\Binaries\Win64\UE4Editor-LevelEditor.dll]
Address = 0x260f5246 (filename not found) [in C:\Program Files\Unreal Engine\4.4\Engine\Binaries\Win64\UE4Editor-Slate.dll]
Address = 0x2623be27 (filename not found) [in C:\Program Files\Unreal Engine\4.4\Engine\Binaries\Win64\UE4Editor-Slate.dll]
Address = 0x26244dd8 (filename not found) [in C:\Program Files\Unreal Engine\4.4\Engine\Binaries\Win64\UE4Editor-Slate.dll]
Address = 0x2620cd5c (filename not found) [in C:\Program Files\Unreal Engine\4.4\Engine\Binaries\Win64\UE4Editor-Slate.dll]
Address = 0x262d569a (filename not found) [in C:\Program Files\Unreal Engine\4.4\Engine\Binaries\Win64\UE4Editor-Slate.dll]
Address = 0x2630f169 (filename not found) [in C:\Program Files\Unreal Engine\4.4\Engine\Binaries\Win64\UE4Editor-Slate.dll]
Address = 0x261321da (filename not found) [in C:\Program Files\Unreal Engine\4.4\Engine\Binaries\Win64\UE4Editor-Slate.dll]
Address = 0x26121989 (filename not found) [in C:\Program Files\Unreal Engine\4.4\Engine\Binaries\Win64\UE4Editor-Slate.dll]
Address = 0x268d34d5 (filename not found) [in C:\Program Files\Unreal Engine\4.4\Engine\Binaries\Win64\UE4Editor-Core.dll]
Address = 0x268bf871 (filename not found) [in C:\Program Files\Unreal Engine\4.4\Engine\Binaries\Win64\UE4Editor-Core.dll]
Address = 0x268d461e (filename not found) [in C:\Program Files\Unreal Engine\4.4\Engine\Binaries\Win64\UE4Editor-Core.dll]
Address = 0x268bc6e2 (filename not found) [in C:\Program Files\Unreal Engine\4.4\Engine\Binaries\Win64\UE4Editor-Core.dll]
Address = 0x47c52434 (filename not found) [in C:\WINDOWS\system32\USER32.dll]
Address = 0x47c52297 (filename not found) [in C:\WINDOWS\system32\USER32.dll]
Address = 0x268d4ac6 (filename not found) [in C:\Program Files\Unreal Engine\4.4\Engine\Binaries\Win64\UE4Editor-Core.dll]
FEngineLoop::Tick() 0x3fe2708d + 8 bytes [File=d:\buildfarm\buildmachine_++depot+ue4-releases+4.4\engine\source\runtime\launch\private\launchengineloop.cpp:2080] [in C:\Program Files\Unreal Engine\4.4\Engine\Binaries\Win64\UE4Editor.exe]
GuardedMain() 0x3fe1ca3c + 0 bytes [File=d:\buildfarm\buildmachine_++depot+ue4-releases+4.4\engine\source\runtime\launch\private\launch.cpp:133] [in C:\Program Files\Unreal Engine\4.4\Engine\Binaries\Win64\UE4Editor.exe]
GuardedMainWrapper() 0x3fe1caaa + 5 bytes [File=d:\buildfarm\buildmachine_++depot+ue4-releases+4.4\engine\source\runtime\launch\private\windows\launchwindows.cpp:125] [in C:\Program Files\Unreal Engine\4.4\Engine\Binaries\Win64\UE4Editor.exe]
WinMain() 0x3fe288c9 + 17 bytes [File=d:\buildfarm\buildmachine_++depot+ue4-releases+4.4\engine\source\runtime\launch\private\windows\launchwindows.cpp:201] [in C:\Program Files\Unreal Engine\4.4\Engine\Binaries\Win64\UE4Editor.exe]
__tmainCRTStartup() 0x3fe296f9 + 21 bytes [File=f:\dd\vctools\crt\crtw32\dllstuff\crtexe.c:618] [in C:\Program Files\Unreal Engine\4.4\Engine\Binaries\Win64\UE4Editor.exe]
Address = 0x47df16ad (filename not found) [in C:\WINDOWS\system32\KERNEL32.DLL]
Address = 0x4a094409 (filename not found) [in C:\WINDOWS\SYSTEM32\ntdll.dll]
Address = 0x4a094409 (filename not found) [in C:\WINDOWS\SYSTEM32\ntdll.dll]

[2014.11.18-19.33.34:762][946]LogOutputDevice: === Handled error: ===
Ensure condition failed: 1 == StructProperty->ArrayDim [File:D:\BuildFarm\buildmachine_++depot+UE4-Releases+4.4\Engine\Source\Editor\KismetCompiler\Private\KismetCompilerVMBackend.cpp] [Line: 460]

Stack: Address = 0x26965216 (filename not found) [in C:\Program Files\Unreal Engine\4.4\Engine\Binaries\Win64\UE4Editor-Core.dll]
Address = 0x267f19d1 (filename not found) [in C:\Program Files\Unreal Engine\4.4\Engine\Binaries\Win64\UE4Editor-Core.dll]
Address = 0x27368874 (filename not found) [in C:\Program Files\Unreal Engine\4.4\Engine\Binaries\Win64\UE4Editor-KismetCompiler.dll]
Address = 0x2736803c (filename not found) [in C:\Program Files\Unreal Engine\4.4\Engine\Binaries\Win64\UE4Editor-KismetCompiler.dll]
Address = 0x27377938 (filename not found) [in C:\Program Files\Unreal Engine\4.4\Engine\Binaries\Win64\UE4Editor-KismetCompiler.dll]
Address = 0x273578f7 (filename not found) [in C:\Program Files\Unreal Engine\4.4\Engine\Binaries\Win64\UE4Editor-KismetCompiler.dll]
Address = 0x27377b8d (filename not found) [in C:\Program Files\Unreal Engine\4.4\Engine\Binaries\Win64\UE4Editor-KismetCompiler.dll]
Address = 0x273531a3 (filename not found) [in C:\Program Files\Unreal Engine\4.4\Engine\Binaries\Win64\UE4Editor-KismetCompiler.dll]
Address = 0x27353ccc (filename not found) [in C:\Program Files\Unreal Engine\4.4\Engine\Binaries\Win64\UE4Editor-KismetCompiler.dll]
Address = 0x2735383e (filename not found) [in C:\Program Files\Unreal Engine\4.4\Engine\Binaries\Win64\UE4Editor-KismetCompiler.dll]
Address = 0x20c84bf8 (filename not found) [in C:\Program Files\Unreal Engine\4.4\Engine\Binaries\Win64\UE4Editor-UnrealEd.dll]
Address = 0x217a8e07 (filename not found) [in C:\Program Files\Unreal Engine\4.4\Engine\Binaries\Win64\UE4Editor-Engine.dll]
Address = 0x285580cf (filename not found) [in C:\Program Files\Unreal Engine\4.4\Engine\Binaries\Win64\UE4Editor-CoreUObject.dll]
Address = 0x28600183 (filename not found) [in C:\Program Files\Unreal Engine\4.4\Engine\Binaries\Win64\UE4Editor-CoreUObject.dll]
Address = 0x2861ab54 (filename not found) [in C:\Program Files\Unreal Engine\4.4\Engine\Binaries\Win64\UE4Editor-CoreUObject.dll]
Address = 0x285ffa5e (filename not found) [in C:\Program Files\Unreal Engine\4.4\Engine\Binaries\Win64\UE4Editor-CoreUObject.dll]
Address = 0x2861ab54 (filename not found) [in C:\Program Files\Unreal Engine\4.4\Engine\Binaries\Win64\UE4Editor-CoreUObject.dll]
Address = 0x285ffa5e (filename not found) [in C:\Program Files\Unreal Engine\4.4\Engine\Binaries\Win64\UE4Editor-CoreUObject.dll]
Address = 0x2861c972 (filename not found) [in C:\Program Files\Unreal Engine\4.4\Engine\Binaries\Win64\UE4Editor-CoreUObject.dll]
Address = 0x28675f5a (filename not found) [in C:\Program Files\Unreal Engine\4.4\Engine\Binaries\Win64\UE4Editor-CoreUObject.dll]
Address = 0x2863c1ae (filename not found) [in C:\Program Files\Unreal Engine\4.4\Engine\Binaries\Win64\UE4Editor-CoreUObject.dll]
Address = 0x2863b535 (filename not found) [in C:\Program Files\Unreal Engine\4.4\Engine\Binaries\Win64\UE4Editor-CoreUObject.dll]
Address = 0x2863c2da (filename not found) [in C:\Program Files\Unreal Engine\4.4\Engine\Binaries\Win64\UE4Editor-CoreUObject.dll]
Address = 0x2863b535 (filename not found) [in C:\Program Files\Unreal Engine\4.4\Engine\Binaries\Win64\UE4Editor-CoreUObject.dll]
Address = 0x2863b44a (filename not found) [in C:\Program Files\Unreal Engine\4.4\Engine\Binaries\Win64\UE4Editor-CoreUObject.dll]
Address = 0x28607ce0 (filename not found) [in C:\Program Files\Unreal Engine\4.4\Engine\Binaries\Win64\UE4Editor-CoreUObject.dll]
Address = 0x2863a7b0 (filename not found) [in C:\Program Files\Unreal Engine\4.4\Engine\Binaries\Win64\UE4Editor-CoreUObject.dll]
Address = 0x286012c8 (filename not found) [in C:\Program Files\Unreal Engine\4.4\Engine\Binaries\Win64\UE4Editor-CoreUObject.dll]
Address = 0x28613b6a (filename not found) [in C:\Program Files\Unreal Engine\4.4\Engine\Binaries\Win64\UE4Editor-CoreUObject.dll]
Address = 0x28675e92 (filename not found) [in C:\Program Files\Unreal Engine\4.4\Engine\Binaries\Win64\UE4Editor-CoreUObject.dll]
Address = 0x206492e4 (filename not found) [in C:\Program Files\Unreal Engine\4.4\Engine\Binaries\Win64\UE4Editor-UnrealEd.dll]
Address = 0x2063c4ed (filename not found) [in C:\Program Files\Unreal Engine\4.4\Engine\Binaries\Win64\UE4Editor-UnrealEd.dll]
Address = 0x2062a291 (filename not found) [in C:\Program Files\Unreal Engine\4.4\Engine\Binaries\Win64\UE4Editor-UnrealEd.dll]
Address = 0x2092f0f0 (filename not found) [in C:\Program Files\Unreal Engine\4.4\Engine\Binaries\Win64\UE4Editor-UnrealEd.dll]
Address = 0x206a2834 (filename not found) [in C:\Program Files\Unreal Engine\4.4\Engine\Binaries\Win64\UE4Editor-UnrealEd.dll]
Address = 0x206a3335 (filename not found) [in C:\Program Files\Unreal Engine\4.4\Engine\Binaries\Win64\UE4Editor-UnrealEd.dll]
Address = 0x1a0192aa (filename not found) [in C:\Program Files\Unreal Engine\4.4\Engine\Binaries\Win64\UE4Editor-LevelEditor.dll]
Address = 0x260f5246 (filename not found) [in C:\Program Files\Unreal Engine\4.4\Engine\Binaries\Win64\UE4Editor-Slate.dll]
Address = 0x2623be27 (filename not found) [in C:\Program Files\Unreal Engine\4.4\Engine\Binaries\Win64\UE4Editor-Slate.dll]
Address = 0x26244dd8 (filename not found) [in C:\Program Files\Unreal Engine\4.4\Engine\Binaries\Win64\UE4Editor-Slate.dll]
Address = 0x2620cd5c (filename not found) [in C:\Program Files\Unreal Engine\4.4\Engine\Binaries\Win64\UE4Editor-Slate.dll]
Address = 0x262d569a (filename not found) [in C:\Program Files\Unreal Engine\4.4\Engine\Binaries\Win64\UE4Editor-Slate.dll]
Address = 0x2630f169 (filename not found) [in C:\Program Files\Unreal Engine\4.4\Engine\Binaries\Win64\UE4Editor-Slate.dll]
Address = 0x261321da (filename not found) [in C:\Program Files\Unreal Engine\4.4\Engine\Binaries\Win64\UE4Editor-Slate.dll]
Address = 0x26121989 (filename not found) [in C:\Program Files\Unreal Engine\4.4\Engine\Binaries\Win64\UE4Editor-Slate.dll]
Address = 0x268d34d5 (filename not found) [in C:\Program Files\Unreal Engine\4.4\Engine\Binaries\Win64\UE4Editor-Core.dll]
Address = 0x268bf871 (filename not found) [in C:\Program Files\Unreal Engine\4.4\Engine\Binaries\Win64\UE4Editor-Core.dll]
Address = 0x268d461e (filename not found) [in C:\Program Files\Unreal Engine\4.4\Engine\Binaries\Win64\UE4Editor-Core.dll]
Address = 0x268bc6e2 (filename not found) [in C:\Program Files\Unreal Engine\4.4\Engine\Binaries\Win64\UE4Editor-Core.dll]
Address = 0x47c52434 (filename not found) [in C:\WINDOWS\system32\USER32.dll]
Address = 0x47c52297 (filename not found) [in C:\WINDOWS\system32\USER32.dll]
Address = 0x268d4ac6 (filename not found) [in C:\Program Files\Unreal Engine\4.4\Engine\Binaries\Win64\UE4Editor-Core.dll]
FEngineLoop::Tick() 0x3fe2708d + 8 bytes [File=d:\buildfarm\buildmachine_++depot+ue4-releases+4.4\engine\source\runtime\launch\private\launchengineloop.cpp:2080] [in C:\Program Files\Unreal Engine\4.4\Engine\Binaries\Win64\UE4Editor.exe]
GuardedMain() 0x3fe1ca3c + 0 bytes [File=d:\buildfarm\buildmachine_++depot+ue4-releases+4.4\engine\source\runtime\launch\private\launch.cpp:133] [in C:\Program Files\Unreal Engine\4.4\Engine\Binaries\Win64\UE4Editor.exe]
GuardedMainWrapper() 0x3fe1caaa + 5 bytes [File=d:\buildfarm\buildmachine_++depot+ue4-releases+4.4\engine\source\runtime\launch\private\windows\launchwindows.cpp:125] [in C:\Program Files\Unreal Engine\4.4\Engine\Binaries\Win64\UE4Editor.exe]
WinMain() 0x3fe288c9 + 17 bytes [File=d:\buildfarm\buildmachine_++depot+ue4-releases+4.4\engine\source\runtime\launch\private\windows\launchwindows.cpp:201] [in C:\Program Files\Unreal Engine\4.4\Engine\Binaries\Win64\UE4Editor.exe]
__tmainCRTStartup() 0x3fe296f9 + 21 bytes [File=f:\dd\vctools\crt\crtw32\dllstuff\crtexe.c:618] [in C:\Program Files\Unreal Engine\4.4\Engine\Binaries\Win64\UE4Editor.exe]
Address = 0x47df16ad (filename not found) [in C:\WINDOWS\system32\KERNEL32.DLL]
Address = 0x4a094409 (filename not found) [in C:\WINDOWS\SYSTEM32\ntdll.dll]
Address = 0x4a094409 (filename not found) [in C:\WINDOWS\SYSTEM32\ntdll.dll]

[2014.11.18-19.33.35:580][946]LogTexture:Display: Building textures: HQ_Lightmap0_80 (AutoDXT)
[2014.11.18-19.33.35:604][946]LogTexture:Display: Building textures: HQ_Lightmap0_82 (AutoDXT)
[2014.11.18-19.33.35:614][946]LogTexture:Display: Building textures: HQ_Lightmap1_22 (AutoDXT)
[2014.11.18-19.33.35:679][946]LogTexture:Display: Building textures: HQ_Lightmap1_5 (AutoDXT)
[2014.11.18-19.33.35:702][946]LogTexture:Display: Building textures: HQ_Lightmap1_81 (AutoDXT)
[2014.11.18-19.33.35:721][946]LogTexture:Display: Building textures: HQ_Lightmap1_83 (AutoDXT)
[2014.11.18-19.33.35:724][946]LogTexture:Display: Building textures: LQ_Lightmap_0_80 (DXT1)
[2014.11.18-19.33.35:743][946]LogTexture:Display: Building textures: LQ_Lightmap_0_82 (DXT1)
[2014.11.18-19.33.35:750][946]LogTexture:Display: Building textures: LQ_Lightmap_1_22 (DXT1)
[2014.11.18-19.33.35:789][946]LogTexture:Display: Building textures: LQ_Lightmap_1_5 (DXT1)
[2014.11.18-19.33.35:802][946]LogTexture:Display: Building textures: LQ_Lightmap_1_81 (DXT1)
[2014.11.18-19.33.35:819][946]LogTexture:Display: Building textures: LQ_Lightmap_1_83 (DXT1)
[2014.11.18-19.33.35:823][946]LogTexture:Display: Building textures: ShadowMapTexture2D_21 (BGRA8)
[2014.11.18-19.33.35:833][946]LogTexture:Display: Building textures: ShadowMapTexture2D_4 (BGRA8)
[2014.11.18-19.33.35:850][946]LogTexture:Display: Building textures: ShadowMapTexture2D_81 (BGRA8)
[2014.11.18-19.33.35:852][946]LogTexture:Display: Building textures: ShadowMapTexture2D_82 (BGRA8)
[2014.11.18-19.33.35:854][946]LogTexture:Display: Building textures: ShadowMapTexture2D_83 (BGRA8)
[2014.11.18-19.33.35:857][946]LogTexture:Display: Building textures: ShadowMapTexture2D_84 (BGRA8)
[2014.11.18-19.33.36:181][946]LogTexture:Display: Building textures: HQ_Lightmap0_11 (AutoDXT)
[2014.11.18-19.33.36:365][946]LogTexture:Display: Building textures: ShadowMapTexture2D_10 (BGRA8)
[2014.11.18-19.33.36:408][946]LogTexture:Display: Building textures: HQ_Lightmap1_19 (AutoDXT)
[2014.11.18-19.33.36:667][946]LogTexture:Display: Building textures: ShadowMapTexture2D_18 (BGRA8)
[2014.11.18-19.33.36:696][946]LogTexture:Display: Building textures: HQ_Lightmap0_62 (AutoDXT)
[2014.11.18-19.33.36:722][946]LogTexture:Display: Building textures: ShadowMapTexture2D_61 (BGRA8)
[2014.11.18-19.33.36:749][946]LogTexture:Display: Building textures: HQ_Lightmap1_18 (AutoDXT)
[2014.11.18-19.33.37:059][946]LogTexture:Display: Building textures: ShadowMapTexture2D_17 (BGRA8)
[2014.11.18-19.33.37:117][946]LogTexture:Display: Building textures: HQ_Lightmap1_9 (AutoDXT)
[2014.11.18-19.33.37:859][946]LogTexture:Display: Building textures: ShadowMapTexture2D_8 (BGRA8)
[2014.11.18-19.33.37:999][946]LogTexture:Display: Building textures: HQ_Lightmap1_58 (AutoDXT)
[2014.11.18-19.33.38:035][946]LogTexture:Display: Building textures: ShadowMapTexture2D_57 (BGRA8)
[2014.11.18-19.33.38:045][946]LogTexture:Display: Building textures: HQ_Lightmap0_17 (AutoDXT)
[2014.11.18-19.33.38:213][946]LogTexture:Display: Building textures: ShadowMapTexture2D_16 (BGRA8)
[2014.11.18-19.33.38:235][946]LogTexture:Display: Building textures: HQ_Lightmap0_3 (AutoDXT)
[2014.11.18-19.33.38:525][946]LogTexture:Display: Building textures: ShadowMapTexture2D_2 (BGRA8)
[2014.11.18-19.33.38:571][946]LogTexture:Display: Building textures: HQ_Lightmap0_8 (AutoDXT)
[2014.11.18-19.33.38:944][946]LogTexture:Display: Building textures: ShadowMapTexture2D_7 (BGRA8)
[2014.11.18-19.33.38:989][946]LogTexture:Display: Building textures: HQ_Lightmap0_16 (AutoDXT)
[2014.11.18-19.33.39:310][946]LogTexture:Display: Building textures: ShadowMapTexture2D_15 (BGRA8)
[2014.11.18-19.33.39:357][946]LogTexture:Display: Building textures: HQ_Lightmap1_4 (AutoDXT)
[2014.11.18-19.33.39:793][946]LogTexture:Display: Building textures: ShadowMapTexture2D_3 (BGRA8)
[2014.11.18-19.33.39:838][946]LogTexture:Display: Building textures: HQ_Lightmap1_15 (AutoDXT)
[2014.11.18-19.33.40:121][946]LogTexture:Display: Building textures: ShadowMapTexture2D_14 (BGRA8)
[2014.11.18-19.33.40:163][946]LogTexture:Display: Building textures: HQ_Lightmap0_14 (AutoDXT)
[2014.11.18-19.33.40:364][946]LogTexture:Display: Building textures: ShadowMapTexture2D_13 (BGRA8)
[2014.11.18-19.33.40:408][946]LogTexture:Display: Building textures: HQ_Lightmap0_21 (AutoDXT)
[2014.11.18-19.33.40:685][946]LogTexture:Display: Building textures: ShadowMapTexture2D_20 (BGRA8)
[2014.11.18-19.33.40:717][946]LogTexture:Display: Building textures: HQ_Lightmap1_56 (AutoDXT)
[2014.11.18-19.33.40:793][946]LogTexture:Display: Building textures: HQ_Lightmap1_12 (AutoDXT)
[2014.11.18-19.33.41:111][946]LogTexture:Display: Building textures: ShadowMapTexture2D_11 (BGRA8)
[2014.11.18-19.33.41:141][946]LogTexture:Display: Building textures: HQ_Lightmap0_60 (AutoDXT)
[2014.11.18-19.33.41:179][946]LogTexture:Display: Building textures: ShadowMapTexture2D_59 (BGRA8)
[2014.11.18-19.33.41:200][946]LogTexture:Display: Building textures: HQ_Lightmap1_10 (AutoDXT)
[2014.11.18-19.33.41:618][946]LogTexture:Display: Building textures: ShadowMapTexture2D_9 (BGRA8)
[2014.11.18-19.33.41:653][946]LogTexture:Display: Building textures: HQ_Lightmap0_13 (AutoDXT)
[2014.11.18-19.33.41:766][946]LogTexture:Display: Building textures: ShadowMapTexture2D_12 (BGRA8)
[2014.11.18-19.33.41:775][946]LogTexture:Display: Building textures: HQ_Lightmap1_57 (AutoDXT)
[2014.11.18-19.33.41:831][946]LogTexture:Display: Building textures: ShadowMapTexture2D_56 (BGRA8)
[2014.11.18-19.33.41:834][946]LogTexture:Display: Building textures: HQ_Lightmap0_61 (AutoDXT)
[2014.11.18-19.33.41:846][946]LogTexture:Display: Building textures: ShadowMapTexture2D_60 (BGRA8)
[2014.11.18-19.33.41:848][946]LogTexture:Display: Building textures: ShadowMapTexture2D_55 (BGRA8)
[2014.11.18-19.33.41:856][946]LogTexture:Display: Building textures: HQ_Lightmap1_20 (AutoDXT)
[2014.11.18-19.33.41:935][946]LogTexture:Display: Building textures: ShadowMapTexture2D_19 (BGRA8)
[2014.11.18-19.33.41:948][946]LogTexture:Display: Building textures: HQ_Lightmap1_55 (AutoDXT)
[2014.11.18-19.33.42:032][946]LogTexture:Display: Building textures: ShadowMapTexture2D_54 (BGRA8)
[2014.11.18-19.33.42:043][946]LogTexture:Display: Building textures: HQ_Lightmap1_6 (AutoDXT)
[2014.11.18-19.33.42:116][946]LogTexture:Display: Building textures: LQ_Lightmap_0_11 (DXT1)
[2014.11.18-19.33.42:233][946]LogTexture:Display: Building textures: LQ_Lightmap_0_13 (DXT1)
[2014.11.18-19.33.42:292][946]LogTexture:Display: Building textures: LQ_Lightmap_0_14 (DXT1)
[2014.11.18-19.33.42:405][946]LogTexture:Display: Building textures: LQ_Lightmap_0_16 (DXT1)
[2014.11.18-19.33.42:596][946]LogTexture:Display: Building textures: LQ_Lightmap_0_17 (DXT1)
[2014.11.18-19.33.42:698][946]LogTexture:Display: Building textures: LQ_Lightmap_0_21 (DXT1)
[2014.11.18-19.33.42:861][946]LogTexture:Display: Building textures: LQ_Lightmap_0_3 (DXT1)
[2014.11.18-19.33.43:032][946]LogTexture:Display: Building textures: LQ_Lightmap_0_60 (DXT1)
[2014.11.18-19.33.43:059][946]LogTexture:Display: Building textures: LQ_Lightmap_0_61 (DXT1)
[2014.11.18-19.33.43:067][946]LogTexture:Display: Building textures: LQ_Lightmap_0_62 (DXT1)
[2014.11.18-19.33.43:101][946]LogTexture:Display: Building textures: LQ_Lightmap_0_8 (DXT1)
[2014.11.18-19.33.43:337][946]LogTexture:Display: Building textures: LQ_Lightmap_1_10 (DXT1)
[2014.11.18-19.33.43:572][946]LogTexture:Display: Building textures: LQ_Lightmap_1_12 (DXT1)
[2014.11.18-19.33.43:748][946]LogTexture:Display: Building textures: LQ_Lightmap_1_15 (DXT1)
[2014.11.18-19.33.43:903][946]LogTexture:Display: Building textures: LQ_Lightmap_1_18 (DXT1)
[2014.11.18-19.33.44:086][946]LogTexture:Display: Building textures: LQ_Lightmap_1_19 (DXT1)
[2014.11.18-19.33.44:240][946]LogTexture:Display: Building textures: LQ_Lightmap_1_20 (DXT1)
[2014.11.18-19.33.44:301][946]LogTexture:Display: Building textures: LQ_Lightmap_1_4 (DXT1)
[2014.11.18-19.33.44:540][946]LogTexture:Display: Building textures: LQ_Lightmap_1_55 (DXT1)
[2014.11.18-19.33.44:585][946]LogTexture:Display: Building textures: LQ_Lightmap_1_56 (DXT1)
[2014.11.18-19.33.44:618][946]LogTexture:Display: Building textures: LQ_Lightmap_1_57 (DXT1)
[2014.11.18-19.33.44:639][946]LogTexture:Display: Building textures: LQ_Lightmap_1_58 (DXT1)
[2014.11.18-19.33.44:660][946]LogTexture:Display: Building textures: LQ_Lightmap_1_6 (DXT1)
[2014.11.18-19.33.44:705][946]LogTexture:Display: Building textures: LQ_Lightmap_1_9 (DXT1)
[2014.11.18-19.33.45:148][946]LogTexture:Display: Building textures: ShadowMapTexture2D_5 (BGRA8)
[2014.11.18-19.33.45:235][946]LogMaterial:Warning: Material /Game/Materials/Level_1/Materials/texturePlatformWood_Mat.texturePlatformWood_Mat needed to have new flag set bUsedWithStaticLighting !
[2014.11.18-19.33.45:249][946]LogMaterial: Missing cached shader map for material texturePlatformWood_Mat, compiling.
[2014.11.18-19.33.45:283][946]LogMaterial: 0.000155 seconds spent updating 1 materials, 1 interfaces, 0 instances, 0 with static permutations.
[2014.11.18-19.33.45:684][946]LogTexture:Display: Building textures: HQ_Lightmap0_94 (AutoDXT)
[2014.11.18-19.33.45:692][946]LogTexture:Display: Building textures: ShadowMapTexture2D_95 (BGRA8)
[2014.11.18-19.33.45:695][946]LogTexture:Display: Building textures: LQ_Lightmap_0_94 (DXT1)
[2014.11.18-19.33.45:701][946]LogMaterial:Warning: Material /Game/Materials/Level_1/Materials/textureArrowDiffuse_Mat.textureArrowDiffuse_Mat needed to have new flag set bUsedWithStaticLighting !
[2014.11.18-19.33.45:704][946]LogMaterial: Missing cached shader map for material textureArrowDiffuse_Mat, compiling.
[2014.11.18-19.33.45:710][946]LogMaterial: 0.000083 seconds spent updating 1 materials, 1 interfaces, 0 instances, 0 with static permutations.
[2014.11.18-19.33.45:823][946]LogTexture:Display: Building textures: HQ_Lightmap1_51 (AutoDXT)
[2014.11.18-19.33.45:847][946]LogTexture:Display: Building textures: LQ_Lightmap_1_51 (DXT1)
[2014.11.18-19.33.45:870][946]LogTexture:Display: Building textures: ShadowMapTexture2D_50 (BGRA8)
[2014.11.18-19.33.45:873][946]LogTexture:Display: Building textures: HQ_Lightmap1_50 (AutoDXT)
[2014.11.18-19.33.45:895][946]LogTexture:Display: Building textures: LQ_Lightmap_1_50 (DXT1)
[2014.11.18-19.33.45:917][946]LogTexture:Display: Building textures: ShadowMapTexture2D_49 (BGRA8)
[2014.11.18-19.33.45:927][946]LogTexture:Display: Building textures: HQ_Lightmap0_41 (AutoDXT)
[2014.11.18-19.33.45:952][946]LogTexture:Display: Building textures: LQ_Lightmap_0_41 (DXT1)
[2014.11.18-19.33.45:975][946]LogTexture:Display: Building textures: ShadowMapTexture2D_40 (BGRA8)
[2014.11.18-19.33.45:985][946]LogTexture:Display: Building textures: HQ_Lightmap1_40 (AutoDXT)
[2014.11.18-19.33.46:009][946]LogTexture:Display: Building textures: LQ_Lightmap_1_40 (DXT1)
[2014.11.18-19.33.46:036][946]LogTexture:Display: Building textures: ShadowMapTexture2D_39 (BGRA8)
[2014.11.18-19.33.46:039][946]LogTexture:Display: Building textures: HQ_Lightmap0_54 (AutoDXT)
[2014.11.18-19.33.46:065][946]LogTexture:Display: Building textures: LQ_Lightmap_0_54 (DXT1)
[2014.11.18-19.33.46:085][946]LogTexture:Display: Building textures: ShadowMapTexture2D_53 (BGRA8)
[2014.11.18-19.33.46:094][946]LogTexture:Display: Building textures: HQ_Lightmap1_38 (AutoDXT)
[2014.11.18-19.33.46:111][946]LogTexture:Display: Building textures: LQ_Lightmap_1_38 (DXT1)
[2014.11.18-19.33.46:130][946]LogTexture:Display: Building textures: ShadowMapTexture2D_37 (BGRA8)
[2014.11.18-19.33.46:139][946]LogTexture:Display: Building textures: HQ_Lightmap1_37 (AutoDXT)
[2014.11.18-19.33.46:143][946]LogTexture:Display: Building textures: LQ_Lightmap_1_37 (DXT1)
[2014.11.18-19.33.46:146][946]LogTexture:Display: Building textures: ShadowMapTexture2D_36 (BGRA8)
[2014.11.18-19.33.46:150][946]LogTexture:Display: Building textures: HQ_Lightmap1_36 (AutoDXT)
[2014.11.18-19.33.46:154][946]LogTexture:Display: Building textures: LQ_Lightmap_1_36 (DXT1)
[2014.11.18-19.33.46:157][946]LogTexture:Display: Building textures: ShadowMapTexture2D_35 (BGRA8)
[2014.11.18-19.33.46:160][946]LogTexture:Display: Building textures: HQ_Lightmap0_35 (AutoDXT)
[2014.11.18-19.33.46:193][946]LogTexture:Display: Building textures: LQ_Lightmap_0_35 (DXT1)
[2014.11.18-19.33.46:222][946]LogTexture:Display: Building textures: ShadowMapTexture2D_34 (BGRA8)
[2014.11.18-19.33.46:226][946]LogTexture:Display: Building textures: HQ_Lightmap0_34 (AutoDXT)
[2014.11.18-19.33.46:248][946]LogTexture:Display: Building textures: LQ_Lightmap_0_34 (DXT1)
[2014.11.18-19.33.46:272][946]LogTexture:Display: Building textures: ShadowMapTexture2D_33 (BGRA8)
[2014.11.18-19.33.46:276][946]LogTexture:Display: Building textures: HQ_Lightmap1_33 (AutoDXT)
[2014.11.18-19.33.46:300][946]LogTexture:Display: Building textures: LQ_Lightmap_1_33 (DXT1)
[2014.11.18-19.33.46:320][946]LogTexture:Display: Building textures: ShadowMapTexture2D_32 (BGRA8)
[2014.11.18-19.33.46:323][946]LogTexture:Display: Building textures: HQ_Lightmap0_32 (AutoDXT)
[2014.11.18-19.33.46:352][946]LogTexture:Display: Building textures: LQ_Lightmap_0_32 (DXT1)
[2014.11.18-19.33.46:376][946]LogTexture:Display: Building textures: ShadowMapTexture2D_31 (BGRA8)
[2014.11.18-19.33.46:379][946]LogTexture:Display: Building textures: HQ_Lightmap1_49 (AutoDXT)
[2014.11.18-19.33.46:403][946]LogTexture:Display: Building textures: LQ_Lightmap_1_49 (DXT1)
[2014.11.18-19.33.46:424][946]LogTexture:Display: Building textures: ShadowMapTexture2D_48 (BGRA8)
[2014.11.18-19.33.46:436][946]LogTexture:Display: Building textures: HQ_Lightmap0_31 (AutoDXT)
[2014.11.18-19.33.46:460][946]LogTexture:Display: Building textures: LQ_Lightmap_0_31 (DXT1)
[2014.11.18-19.33.46:482][946]LogTexture:Display: Building textures: ShadowMapTexture2D_30 (BGRA8)
[2014.11.18-19.33.46:486][946]LogTexture:Display: Building textures: HQ_Lightmap1_30 (AutoDXT)
[2014.11.18-19.33.46:506][946]LogTexture:Display: Building textures: LQ_Lightmap_1_30 (DXT1)
[2014.11.18-19.33.46:523][946]LogTexture:Display: Building textures: ShadowMapTexture2D_29 (BGRA8)
[2014.11.18-19.33.46:526][946]LogTexture:Display: Building textures: HQ_Lightmap1_29 (AutoDXT)
[2014.11.18-19.33.46:530][946]LogTexture:Display: Building textures: LQ_Lightmap_1_29 (DXT1)
[2014.11.18-19.33.46:533][946]LogTexture:Display: Building textures: ShadowMapTexture2D_28 (BGRA8)
[2014.11.18-19.33.46:536][946]LogTexture:Display: Building textures: HQ_Lightmap0_28 (AutoDXT)
[2014.11.18-19.33.46:539][946]LogTexture:Display: Building textures: LQ_Lightmap_0_28 (DXT1)
[2014.11.18-19.33.46:542][946]LogTexture:Display: Building textures: ShadowMapTexture2D_27 (BGRA8)
[2014.11.18-19.33.46:546][946]LogTexture:Display: Building textures: HQ_Lightmap1_27 (AutoDXT)
[2014.11.18-19.33.46:577][946]LogTexture:Display: Building textures: LQ_Lightmap_1_27 (DXT1)
[2014.11.18-19.33.46:602][946]LogTexture:Display: Building textures: ShadowMapTexture2D_26 (BGRA8)
[2014.11.18-19.33.46:606][946]LogTexture:Display: Building textures: HQ_Lightmap1_52 (AutoDXT)
[2014.11.18-19.33.46:634][946]LogTexture:Display: Building textures: LQ_Lightmap_1_52 (DXT1)
[2014.11.18-19.33.46:653][946]LogTexture:Display: Building textures: ShadowMapTexture2D_51 (BGRA8)
[2014.11.18-19.33.46:657][946]LogTexture:Display: Building textures: HQ_Lightmap1_53 (AutoDXT)
[2014.11.18-19.33.46:680][946]LogTexture:Display: Building textures: LQ_Lightmap_1_53 (DXT1)
[2014.11.18-19.33.46:701][946]LogTexture:Display: Building textures: ShadowMapTexture2D_52 (BGRA8)
[2014.11.18-19.33.46:704][946]LogTexture:Display: Building textures: HQ_Lightmap1_26 (AutoDXT)
[2014.11.18-19.33.46:727][946]LogTexture:Display: Building textures: LQ_Lightmap_1_26 (DXT1)
[2014.11.18-19.33.46:750][946]LogTexture:Display: Building textures: ShadowMapTexture2D_25 (BGRA8)
[2014.11.18-19.33.46:753][946]LogTexture:Display: Building textures: HQ_Lightmap1_25 (AutoDXT)
[2014.11.18-19.33.46:777][946]LogTexture:Display: Building textures: LQ_Lightmap_1_25 (DXT1)
[2014.11.18-19.33.46:798][946]LogTexture:Display: Building textures: ShadowMapTexture2D_24 (BGRA8)
[2014.11.18-19.33.46:800][946]LogTexture:Display: Building textures: HQ_Lightmap1_39 (AutoDXT)
[2014.11.18-19.33.46:810][946]LogTexture:Display: Building textures: LQ_Lightmap_1_39 (DXT1)
[2014.11.18-19.33.46:817][946]LogTexture:Display: Building textures: ShadowMapTexture2D_38 (BGRA8)
[2014.11.18-19.33.46:820][946]LogTexture:Display: Building textures: HQ_Lightmap0_48 (AutoDXT)
[2014.11.18-19.33.46:852][946]LogTexture:Display: Building textures: LQ_Lightmap_0_48 (DXT1)
[2014.11.18-19.33.46:873][946]LogTexture:Display: Building textures: ShadowMapTexture2D_47 (BGRA8)
[2014.11.18-19.33.46:875][946]LogTexture:Display: Building textures: HQ_Lightmap0_24 (AutoDXT)
[2014.11.18-19.33.46:879][946]LogTexture:Display: Building textures: LQ_Lightmap_0_24 (DXT1)
[2014.11.18-19.33.46:882][946]LogTexture:Display: Building textures: ShadowMapTexture2D_23 (BGRA8)
[2014.11.18-19.33.46:887][946]LogTexture:Display: Building textures: HQ_Lightmap1_23 (AutoDXT)
[2014.11.18-19.33.46:890][946]LogTexture:Display: Building textures: LQ_Lightmap_1_23 (DXT1)
[2014.11.18-19.33.46:893][946]LogTexture:Display: Building textures: ShadowMapTexture2D_22 (BGRA8)
[2014.11.18-19.33.46:895][946]LogTexture:Display: Building textures: HQ_Lightmap0_47 (AutoDXT)
[2014.11.18-19.33.46:928][946]LogTexture:Display: Building textures: LQ_Lightmap_0_47 (DXT1)
[2014.11.18-19.33.46:950][946]LogTexture:Display: Building textures: ShadowMapTexture2D_46 (BGRA8)
[2014.11.18-19.33.46:953][946]LogTexture:Display: Building textures: HQ_Lightmap0_46 (AutoDXT)
[2014.11.18-19.33.46:966][946]LogTexture:Display: Building textures: LQ_Lightmap_0_46 (DXT1)
[2014.11.18-19.33.46:977][946]LogTexture:Display: Building textures: ShadowMapTexture2D_45 (BGRA8)
[2014.11.18-19.33.46:979][946]LogTexture:Display: Building textures: HQ_Lightmap0_45 (AutoDXT)
[2014.11.18-19.33.46:983][946]LogTexture:Display: Building textures: LQ_Lightmap_0_45 (DXT1)
[2014.11.18-19.33.46:986][946]LogTexture:Display: Building textures: ShadowMapTexture2D_44 (BGRA8)
[2014.11.18-19.33.46:989][946]LogTexture:Display: Building textures: HQ_Lightmap0_44 (AutoDXT)
[2014.11.18-19.33.46:993][946]LogTexture:Display: Building textures: LQ_Lightmap_0_44 (DXT1)
[2014.11.18-19.33.46:996][946]LogTexture:Display: Building textures: ShadowMapTexture2D_43 (BGRA8)
[2014.11.18-19.33.46:999][946]LogTexture:Display: Building textures: HQ_Lightmap0_43 (AutoDXT)
[2014.11.18-19.33.47:037][946]LogTexture:Display: Building textures: LQ_Lightmap_0_43 (DXT1)
[2014.11.18-19.33.47:060][946]LogTexture:Display: Building textures: ShadowMapTexture2D_42 (BGRA8)
[2014.11.18-19.33.47:070][946]LogTexture:Display: Building textures: HQ_Lightmap0_42 (AutoDXT)
[2014.11.18-19.33.47:093][946]LogTexture:Display: Building textures: LQ_Lightmap_0_42 (DXT1)
[2014.11.18-19.33.47:116][946]LogTexture:Display: Building textures: ShadowMapTexture2D_41 (BGRA8)
[2014.11.18-19.33.47:135][946]LogTexture:Display: Building textures: HQ_Lightmap1_1 (AutoDXT)
[2014.11.18-19.33.47:370][946]LogTexture:Display: Building textures: LQ_Lightmap_1_1 (DXT1)
[2014.11.18-19.33.47:520][946]LogTexture:Display: Building textures: ShadowMapTexture2D_0 (BGRA8)
[2014.11.18-19.33.47:977][946]LogTexture:Display: Building textures: HQ_Lightmap1_86 (AutoDXT)
[2014.11.18-19.33.48:009][946]LogTexture:Display: Building textures: ShadowMapTexture2D_87 (BGRA8)
[2014.11.18-19.33.48:011][946]LogTexture:Display: Building textures: HQ_Lightmap0_93 (AutoDXT)
[2014.11.18-19.33.48:034][946]LogTexture:Display: Building textures: ShadowMapTexture2D_94 (BGRA8)
[2014.11.18-19.33.48:038][946]LogTexture:Display: Building textures: HQ_Lightmap0_84 (AutoDXT)
[2014.11.18-19.33.48:083][946]LogTexture:Display: Building textures: ShadowMapTexture2D_85 (BGRA8)
[2014.11.18-19.33.48:088][946]LogTexture:Display: Building textures: HQ_Lightmap1_89 (AutoDXT)
[2014.11.18-19.33.48:120][946]LogTexture:Display: Building textures: ShadowMapTexture2D_90 (BGRA8)
[2014.11.18-19.33.48:123][946]LogTexture:Display: Building textures: HQ_Lightmap0_92 (AutoDXT)
[2014.11.18-19.33.48:140][946]LogTexture:Display: Building textures: ShadowMapTexture2D_93 (BGRA8)
[2014.11.18-19.33.48:143][946]LogTexture:Display: Building textures: HQ_Lightmap1_91 (AutoDXT)
[2014.11.18-19.33.48:168][946]LogTexture:Display: Building textures: ShadowMapTexture2D_92 (BGRA8)
[2014.11.18-19.33.48:170][946]LogTexture:Display: Building textures: HQ_Lightmap0_90 (AutoDXT)
[2014.11.18-19.33.48:183][946]LogTexture:Display: Building textures: ShadowMapTexture2D_91 (BGRA8)
[2014.11.18-19.33.48:186][946]LogTexture:Display: Building textures: HQ_Lightmap0_88 (AutoDXT)
[2014.11.18-19.33.48:223][946]LogTexture:Display: Building textures: ShadowMapTexture2D_89 (BGRA8)
[2014.11.18-19.33.48:234][946]LogTexture:Display: Building textures: HQ_Lightmap0_87 (AutoDXT)
[2014.11.18-19.33.48:263][946]LogTexture:Display: Building textures: ShadowMapTexture2D_88 (BGRA8)
[2014.11.18-19.33.48:266][946]LogTexture:Display: Building textures: HQ_Lightmap1_85 (AutoDXT)
[2014.11.18-19.33.48:308][946]LogTexture:Display: Building textures: ShadowMapTexture2D_86 (BGRA8)
[2014.11.18-19.33.48:312][946]LogTexture:Display: Building textures: LQ_Lightmap_0_84 (DXT1)
[2014.11.18-19.33.48:349][946]LogTexture:Display: Building textures: LQ_Lightmap_0_87 (DXT1)
[2014.11.18-19.33.48:368][946]LogTexture:Display: Building textures: LQ_Lightmap_0_88 (DXT1)
[2014.11.18-19.33.48:387][946]LogTexture:Display: Building textures: LQ_Lightmap_0_90 (DXT1)
[2014.11.18-19.33.48:397][946]LogTexture:Display: Building textures: LQ_Lightmap_0_92 (DXT1)
[2014.11.18-19.33.48:408][946]LogTexture:Display: Building textures: LQ_Lightmap_0_93 (DXT1)
[2014.11.18-19.33.48:420][946]LogTexture:Display: Building textures: LQ_Lightmap_1_85 (DXT1)
[2014.11.18-19.33.48:456][946]LogTexture:Display: Building textures: LQ_Lightmap_1_86 (DXT1)
[2014.11.18-19.33.48:475][946]LogTexture:Display: Building textures: LQ_Lightmap_1_89 (DXT1)
[2014.11.18-19.33.48:496][946]LogTexture:Display: Building textures: LQ_Lightmap_1_91 (DXT1)
[2014.11.18-19.33.49:537][946]LogTexture:Display: Building textures: HQ_Lightmap1_7 (AutoDXT)
[2014.11.18-19.33.49:646][946]LogTexture:Display: Building textures: ShadowMapTexture2D_6 (BGRA8)
[2014.11.18-19.33.49:658][946]LogTexture:Display: Building textures: HQ_Lightmap0_65 (AutoDXT)
[2014.11.18-19.33.49:746][946]LogTexture:Display: Building textures: ShadowMapTexture2D_64 (BGRA8)
[2014.11.18-19.33.49:755][946]LogTexture:Display: Building textures: HQ_Lightmap0_72 (AutoDXT)
[2014.11.18-19.33.49:793][946]LogTexture:Display: Building textures: ShadowMapTexture2D_72 (BGRA8)
[2014.11.18-19.33.49:801][946]LogTexture:Display: Building textures: HQ_Lightmap1_63 (AutoDXT)
[2014.11.18-19.33.49:933][946]LogTexture:Display: Building textures: ShadowMapTexture2D_62 (BGRA8)
[2014.11.18-19.33.49:946][946]LogTexture:Display: Building textures: HQ_Lightmap0_59 (AutoDXT)
[2014.11.18-19.33.50:072][946]LogTexture:Display: Building textures: ShadowMapTexture2D_58 (BGRA8)
[2014.11.18-19.33.50:085][946]LogTexture:Display: Building textures: HQ_Lightmap1_64 (AutoDXT)
[2014.11.18-19.33.50:249][946]LogTexture:Display: Building textures: ShadowMapTexture2D_63 (BGRA8)
[2014.11.18-19.33.50:258][946]LogTexture:Display: Building textures: HQ_Lightmap1_68 (AutoDXT)
[2014.11.18-19.33.50:274][946]LogTexture:Display: Building textures: ShadowMapTexture2D_67 (BGRA8)
[2014.11.18-19.33.50:275][946]LogTexture:Display: Building textures: HQ_Lightmap0_95 (AutoDXT)
[2014.11.18-19.33.50:283][946]LogTexture:Display: Building textures: ShadowMapTexture2D_96 (BGRA8)
[2014.11.18-19.33.50:284][946]LogTexture:Display: Building textures: HQ_Lightmap0_71 (AutoDXT)
[2014.11.18-19.33.50:296][946]LogTexture:Display: Building textures: ShadowMapTexture2D_71 (BGRA8)
[2014.11.18-19.33.50:297][946]LogTexture:Display: Building textures: HQ_Lightmap0_66 (AutoDXT)
[2014.11.18-19.33.50:303][946]LogTexture:Display: Building textures: ShadowMapTexture2D_65 (BGRA8)
[2014.11.18-19.33.50:306][946]LogTexture:Display: Building textures: HQ_Lightmap0_67 (AutoDXT)
[2014.11.18-19.33.50:341][946]LogTexture:Display: Building textures: ShadowMapTexture2D_66 (BGRA8)
[2014.11.18-19.33.50:344][946]LogTexture:Display: Building textures: HQ_Lightmap0_69 (AutoDXT)
[2014.11.18-19.33.50:353][946]LogTexture:Display: Building textures: ShadowMapTexture2D_69 (BGRA8)
[2014.11.18-19.33.50:354][946]LogTexture:Display: Building textures: HQ_Lightmap0_70 (AutoDXT)
[2014.11.18-19.33.50:361][946]LogTexture:Display: Building textures: ShadowMapTexture2D_70 (BGRA8)
[2014.11.18-19.33.50:362][946]LogTexture:Display: Building textures: HQ_Lightmap0_96 (AutoDXT)
[2014.11.18-19.33.50:363][946]LogTexture:Display: Building textures: ShadowMapTexture2D_97 (BGRA8)
[2014.11.18-19.33.50:366][946]LogTexture:Display: Building textures: HQ_Lightmap0_73 (AutoDXT)
[2014.11.18-19.33.50:433][946]LogTexture:Display: Building textures: ShadowMapTexture2D_74 (BGRA8)
[2014.11.18-19.33.50:436][946]LogTexture:Display: Building textures: HQ_Lightmap1_74 (AutoDXT)
[2014.11.18-19.33.50:463][946]LogTexture:Display: Building textures: ShadowMapTexture2D_75 (BGRA8)
[2014.11.18-19.33.50:465][946]LogTexture:Display: Building textures: HQ_Lightmap0_75 (AutoDXT)
[2014.11.18-19.33.50:494][946]LogTexture:Display: Building textures: ShadowMapTexture2D_76 (BGRA8)
[2014.11.18-19.33.50:497][946]LogTexture:Display: Building textures: HQ_Lightmap0_76 (AutoDXT)
[2014.11.18-19.33.50:528][946]LogTexture:Display: Building textures: ShadowMapTexture2D_77 (BGRA8)
[2014.11.18-19.33.50:531][946]LogTexture:Display: Building textures: HQ_Lightmap1_77 (AutoDXT)
[2014.11.18-19.33.50:541][946]LogTexture:Display: Building textures: ShadowMapTexture2D_78 (BGRA8)
[2014.11.18-19.33.50:542][946]LogTexture:Display: Building textures: HQ_Lightmap0_78 (AutoDXT)
[2014.11.18-19.33.50:548][946]LogTexture:Display: Building textures: ShadowMapTexture2D_79 (BGRA8)
[2014.11.18-19.33.50:550][946]LogTexture:Display: Building textures: HQ_Lightmap0_79 (AutoDXT)
[2014.11.18-19.33.50:560][946]LogTexture:Display: Building textures: ShadowMapTexture2D_80 (BGRA8)
[2014.11.18-19.33.50:571][946]LogTexture:Display: Building textures: HQ_Lightmap1_2 (AutoDXT)
[2014.11.18-19.33.50:666][946]LogTexture:Display: Building textures: LQ_Lightmap_0_59 (DXT1)
[2014.11.18-19.33.50:721][946]LogTexture:Display: Building textures: LQ_Lightmap_0_65 (DXT1)
[2014.11.18-19.33.50:781][946]LogTexture:Display: Building textures: LQ_Lightmap_0_66 (DXT1)
[2014.11.18-19.33.50:785][946]LogTexture:Display: Building textures: LQ_Lightmap_0_67 (DXT1)
[2014.11.18-19.33.50:809][946]LogTexture:Display: Building textures: LQ_Lightmap_0_69 (DXT1)
[2014.11.18-19.33.50:814][946]LogTexture:Display: Building textures: LQ_Lightmap_0_70 (DXT1)
[2014.11.18-19.33.50:819][946]LogTexture:Display: Building textures: LQ_Lightmap_0_71 (DXT1)
[2014.11.18-19.33.50:826][946]LogTexture:Display: Building textures: LQ_Lightmap_0_72 (DXT1)
[2014.11.18-19.33.50:860][946]LogTexture:Display: Building textures: LQ_Lightmap_0_73 (DXT1)
[2014.11.18-19.33.50:905][946]LogTexture:Display: Building textures: LQ_Lightmap_0_75 (DXT1)
[2014.11.18-19.33.50:920][946]LogTexture:Display: Building textures: LQ_Lightmap_0_76 (DXT1)
[2014.11.18-19.33.50:937][946]LogTexture:Display: Building textures: LQ_Lightmap_0_78 (DXT1)
[2014.11.18-19.33.50:940][946]LogTexture:Display: Building textures: LQ_Lightmap_0_79 (DXT1)
[2014.11.18-19.33.50:948][946]LogTexture:Display: Building textures: LQ_Lightmap_0_95 (DXT1)
[2014.11.18-19.33.50:953][946]LogTexture:Display: Building textures: LQ_Lightmap_0_96 (DXT1)
[2014.11.18-19.33.50:964][946]LogTexture:Display: Building textures: LQ_Lightmap_1_2 (DXT1)
[2014.11.18-19.33.51:017][946]LogTexture:Display: Building textures: LQ_Lightmap_1_63 (DXT1)
[2014.11.18-19.33.51:073][946]LogTexture:Display: Building textures: LQ_Lightmap_1_64 (DXT1)
[2014.11.18-19.33.51:133][946]LogTexture:Display: Building textures: LQ_Lightmap_1_68 (DXT1)
[2014.11.18-19.33.51:147][946]LogTexture:Display: Building textures: LQ_Lightmap_1_7 (DXT1)
[2014.11.18-19.33.51:217][946]LogTexture:Display: Building textures: LQ_Lightmap_1_74 (DXT1)
[2014.11.18-19.33.51:231][946]LogTexture:Display: Building textures: LQ_Lightmap_1_77 (DXT1)
[2014.11.18-19.33.51:244][946]LogTexture:Display: Building textures: ShadowMapTexture2D_1 (BGRA8)
[2014.11.18-19.33.51:276][946]LogMaterial:Warning: Material /Game/Materials/Level_3/Material/materialUnderwaterGate.materialUnderwaterGate needed to have new flag set bUsedWithStaticLighting !
[2014.11.18-19.33.51:286][946]LogMaterial: Missing cached shader map for material materialUnderwaterGate, compiling.
[2014.11.18-19.33.51:290][946]LogMaterial: 0.000193 seconds spent updating 1 materials, 1 interfaces, 0 instances, 0 with static permutations.
[2014.11.18-19.33.51:292][946]LogMaterial:Warning: Material /Game/Materials/Level_1/Materials/textureBenchDiffuse_Mat.textureBenchDiffuse_Mat needed to have new flag set bUsedWithStaticLighting !
[2014.11.18-19.33.51:299][946]LogMaterial: Missing cached shader map for material textureBenchDiffuse_Mat, compiling.
[2014.11.18-19.33.51:303][946]LogMaterial: 0.000160 seconds spent updating 1 materials, 1 interfaces, 0 instances, 0 with static permutations.
[2014.11.18-19.33.51:303][946]LogMaterial:Warning: Material /Game/Materials/Level_1/Materials/materialSkiliftTower.materialSkiliftTower needed to have new flag set bUsedWithStaticLighting !
[2014.11.18-19.33.51:305][946]LogMaterial: Missing cached shader map for material materialSkiliftTower, compiling.
[2014.11.18-19.33.51:310][946]LogMaterial: 0.000096 seconds spent updating 1 materials, 1 interfaces, 0 instances, 0 with static permutations.
[2014.11.18-19.33.51:310][946]LogMaterial:Warning: Material /Game/Materials/Level_1/Materials/textureStreetlightDiffuse_Mat.textureStreetlightDiffuse_Mat needed to have new flag set bUsedWithStaticLighting !
[2014.11.18-19.33.51:313][946]LogMaterial: Missing cached shader map for material textureStreetlightDiffuse_Mat, compiling.
[2014.11.18-19.33.51:318][946]LogMaterial: 0.000161 seconds spent updating 1 materials, 1 interfaces, 0 instances, 0 with static permutations.
[2014.11.18-19.33.51:318][946]LogMaterial:Warning: Material /Game/Materials/Level_1/Materials/materialSkiliftBullwheel.materialSkiliftBullwheel needed to have new flag set bUsedWithStaticLighting !
[2014.11.18-19.33.51:321][946]LogMaterial: Missing cached shader map for material materialSkiliftBullwheel, compiling.
[2014.11.18-19.33.51:329][946]LogMaterial: 0.000111 seconds spent updating 1 materials, 1 interfaces, 0 instances, 0 with static permutations.
[2014.11.18-19.33.51:329][946]LogMaterial:Warning: Material /Game/Materials/Level_1/Materials/materialSkiLodge.materialSkiLodge needed to have new flag set bUsedWithStaticLighting !
[2014.11.18-19.33.51:332][946]LogMaterial: Missing cached shader map for material materialSkiLodge, compiling.
[2014.11.18-19.33.51:339][946]LogMaterial: 0.000116 seconds spent updating 1 materials, 1 interfaces, 0 instances, 0 with static permutations.
[2014.11.18-19.33.51:344][946]LogMaterial:Warning: Material /Game/Materials/Level_1/Materials/brick_Mat.brick_Mat needed to have new flag set bUsedWithStaticLighting !
[2014.11.18-19.33.51:356][946]LogMaterial: Missing cached shader map for material brick_Mat, compiling.
[2014.11.18-19.33.51:362][946]LogMaterial: 0.000085 seconds spent updating 1 materials, 1 interfaces, 0 instances, 0 with static permutations.
[2014.11.18-19.33.51:362][946]LogMaterial:Warning: Material /Game/Materials/Level_1/Materials/pipe_diffuse2_Mat.pipe_diffuse2_Mat needed to have new flag set bUsedWithStaticLighting !
[2014.11.18-19.33.51:364][946]LogMaterial: Missing cached shader map for material pipe_diffuse2_Mat, compiling.
[2014.11.18-19.33.51:369][946]LogMaterial: 0.000092 seconds spent updating 1 materials, 1 interfaces, 0 instances, 0 with static permutations.
[2014.11.18-19.33.51:369][946]LogMaterial:Warning: Material /Game/Materials/Level_1/Materials/pipe_Mat.pipe_Mat needed to have new flag set bUsedWithStaticLighting !
[2014.11.18-19.33.51:372][946]LogMaterial: Missing cached shader map for material pipe_Mat, compiling.
[2014.11.18-19.33.51:376][946]LogMaterial: 0.000109 seconds spent updating 1 materials, 1 interfaces, 0 instances, 0 with static permutations.
[2014.11.18-19.33.51:380][946]LogMaterial:Warning: Material /Game/Materials/Level_1/Materials/manhole_diffuse2_Mat.manhole_diffuse2_Mat needed to have new flag set bUsedWithStaticLighting !
[2014.11.18-19.33.51:388][946]LogMaterial: Missing cached shader map for material manhole_diffuse2_Mat, compiling.
[2014.11.18-19.33.51:394][946]LogMaterial: 0.000104 seconds spent updating 1 materials, 1 interfaces, 0 instances, 0 with static permutations.
[2014.11.18-19.33.51:772][946]LogEditorServer: Finished looking for orphan Actors (0.000 secs)
[2014.11.18-19.33.51:776][946]LogAIModule: Creating AISystem for world Level_1
[2014.11.18-19.33.51:827][946]Cmd: MAP CHECKDEP
[2014.11.18-19.33.51:827][946]MapCheck: New page: Level_1 - Nov 18, 2014, 9:33:51 AM
[2014.11.18-19.33.52:018][946]MapCheck: Info ========== Map Check: 0 Error(s), 0 Warning(s), [190.747ms] ==========
[2014.11.18-19.33.52:018][946]LogFileHelpers: Loading map 'Level_1' took 19.068
[2014.11.18-19.33.52:199][947]Cmd: UpdateLandscapeEditorData -warnings
[2014.11.18-19.33.52:200][947]Cmd: UpdateLandscapeEditorData
[2014.11.18-19.34.22:906][718]LogSlate:Warning: GetFontFace failed to load or process 'Roboto-Regular'
[2014.11.18-19.34.22:906][718]LogSlate:Warning: GetFontFace failed to load or process 'Roboto-Regular'
[2014.11.18-19.34.22:916][718]LogSlate:Warning: GetFontFace failed to load or process 'Roboto-Regular'
[2014.11.18-19.34.22:916][718]LogSlate:Warning: GetFontFace failed to load or process 'Roboto-Regular'
[2014.11.18-19.34.22:916][718]LogSlate:Warning: GetFontFace failed to load or process 'Roboto-Regular'
[2014.11.18-19.34.22:916][718]LogSlate:Warning: GetFontFace failed to load or process 'Roboto-Regular'
[2014.11.18-19.34.22:916][718]LogSlate:Warning: GetFontFace failed to load or process 'Roboto-Regular'
[2014.11.18-19.34.22:917][718]LogSlate:Warning: GetFontFace failed to load or process 'Roboto-Regular'
[2014.11.18-19.34.22:917][718]LogSlate:Warning: GetFontFace failed to load or process 'Roboto-Regular'
[2014.11.18-19.34.22:917][718]LogSlate:Warning: GetFontFace failed to load or process 'Roboto-Regular'
[2014.11.18-19.34.22:917][718]LogSlate:Warning: GetFontFace failed to load or process 'Roboto-Regular'
[2014.11.18-19.34.22:917][718]LogSlate:Warning: GetFontFace failed to load or process 'Roboto-Regular'
[2014.11.18-19.34.22:917][718]LogSlate:Warning: GetFontFace failed to load or process 'Roboto-Regular'
[2014.11.18-19.34.22:917][718]LogSlate:Warning: GetFontFace failed to load or process 'Roboto-Regular'
[2014.11.18-19.34.22:917][718]LogSlate:Warning: GetFontFace failed to load or process 'Roboto-Regular'
[2014.11.18-19.34.22:917][718]LogSlate:Warning: GetFontFace failed to load or process 'Roboto-Regular'
[2014.11.18-19.34.22:917][718]LogSlate:Warning: GetFontFace failed to load or process 'Roboto-Regular'
[2014.11.18-19.34.22:917][718]LogSlate:Warning: GetFontFace failed to load or process 'Roboto-Regular'
[2014.11.18-19.34.44:027][927]LogUObjectGlobals:Warning: Failed to find object 'Object None.'
[2014.11.18-19.34.44:031][927]LogUObjectGlobals:Warning: Failed to find object 'Object None.'
[2014.11.18-19.34.44:031][927]LogUObjectGlobals:Warning: Failed to find object 'Object None.'
[2014.11.18-19.34.44:032][927]LogProperty:Warning: ObjectProperty /Script/Engine.EdGraphPin:LinkedTo.LinkedTo: unresolved reference to 'EdGraphPin'"K2Node_CallFunction_262075.EdGraphPin_13817"''
[2014.11.18-19.34.44:032][927]LogProperty:Warning: ObjectProperty /Script/Engine.EdGraphPin:LinkedTo.LinkedTo: unresolved reference to 'EdGraphPin'"K2Node_CallFunction_262075.EdGraphPin_13818"''
[2014.11.18-19.35.05:218][155]LogSlate:Warning: GetFontFace failed to load or process 'Roboto-Regular'
[2014.11.18-19.35.05:218][155]LogSlate:Warning: GetFontFace failed to load or process 'Roboto-Regular'
[2014.11.18-19.35.05:218][155]LogSlate:Warning: GetFontFace failed to load or process 'Roboto-Regular'
[2014.11.18-19.35.05:218][155]LogSlate:Warning: GetFontFace failed to load or process 'Roboto-Regular'
[2014.11.18-19.35.24:101][248]BlueprintLog: New page: Compile Level_1
[2014.11.18-19.35.24:361][248]BlueprintEditorCompileResults: Info [0138.87] Compile of Level_1 successful! [in 8 ms]
[2014.11.18-19.35.25:933][325]BlueprintLog: New page: Pre-PIE auto-recompile
[2014.11.18-19.35.25:933][325]LogPlayLevel: [PIE] Compiling Level_1 before PIE...
[2014.11.18-19.35.26:020][325]LogPlayLevel: [PIE] Compiling Level_1_WallsPlus before PIE...
[2014.11.18-19.35.26:104][325]LogPlayLevel: [PIE] Compiling Level_1_Audio before PIE...
[2014.11.18-19.35.26:189][325]LogPlayLevel: [PIE] Compiling Level_1_Assets before PIE...
[2014.11.18-19.35.26:315][325]LogPlayLevel: PIE:  Blueprint regeneration took 382 ms (4 blueprints)
[2014.11.18-19.35.26:315][325]PIE: New page: PIE session: Level_1 (Nov 18, 2014, 9:35:26 AM)
[2014.11.18-19.35.26:334][325]LogPlayLevel: PIE: StaticDuplicateObject took: (0.019186s)
[2014.11.18-19.35.26:335][325]LogPlayLevel: PIE: World Init took: (0.000618s)
[2014.11.18-19.35.26:335][325]LogPlayLevel: PIE: Created PIE world by copying editor world from /Game/Maps/Level_1.Level_1 to /Game/Maps/UEDPIE_0_Level_1.Level_1 (0.020086s)
[2014.11.18-19.35.26:492][325]LogWorld: Game class is 'MyGame_C'
[2014.11.18-19.35.26:549][325]LogWorld: PIE: Copying PIE streaming level from /Game/Maps/Level_1_WallsPlus.Level_1_WallsPlus to /Game/Maps/UEDPIE_0_Level_1_WallsPlus.Level_1_WallsPlus. OwningWorld: /Game/Maps/UEDPIE_0_Level_1.Level_1
[2014.11.18-19.35.26:584][325]LogWorld: PIE: Copying PIE streaming level from /Game/Maps/Level_1_Audio.Level_1_Audio to /Game/Maps/UEDPIE_0_Level_1_Audio.Level_1_Audio. OwningWorld: /Game/Maps/UEDPIE_0_Level_1.Level_1
[2014.11.18-19.35.26:593][325]LogWorld: PIE: Copying PIE streaming level from /Game/Maps/Level_1_Terrain.Level_1_Terrain to /Game/Maps/UEDPIE_0_Level_1_Terrain.Level_1_Terrain. OwningWorld: /Game/Maps/UEDPIE_0_Level_1.Level_1
[2014.11.18-19.35.26:603][325]LogWorld: PIE: Copying PIE streaming level from /Game/Maps/Level_1_Lighting.Level_1_Lighting to /Game/Maps/UEDPIE_0_Level_1_Lighting.Level_1_Lighting. OwningWorld: /Game/Maps/UEDPIE_0_Level_1.Level_1
[2014.11.18-19.35.26:654][325]LogWorld: PIE: Copying PIE streaming level from /Game/Maps/Level_1_Assets.Level_1_Assets to /Game/Maps/UEDPIE_0_Level_1_Assets.Level_1_Assets. OwningWorld: /Game/Maps/UEDPIE_0_Level_1.Level_1
[2014.11.18-19.35.26:679][325]LogAIModule: Creating AISystem for world Level_1
[2014.11.18-19.35.26:685][325]LogWorld:Warning: *** WARNING - PATHS MAY NOT BE VALID ***
[2014.11.18-19.35.26:685][325]LogWorld: Bringing World /Game/Maps/UEDPIE_0_Level_1.Level_1 up for play (max tick rate 60) at 2014.11.18-14.35.26
[2014.11.18-19.35.26:691][325]LogWorld: Bringing up level for play took: 0.012334
[2014.11.18-19.35.26:695][325]PIE: Info Play in editor start time for /Game/Maps/UEDPIE_0_Level_1 0.8
[2014.11.18-19.35.30:148][519]LogArray:Warning: Attempted to get an item from array actorTags out of bounds [5/4]!
[2014.11.18-19.35.30:164][520]LogArray:Warning: Attempted to get an item from array actorTags out of bounds [5/4]!
[2014.11.18-19.35.31:060][570]LogPackageName: SearchForPackageOnDisk took   0.063s to resolve Level_1.umap
[2014.11.18-19.35.31:128][571]LogPackageName: SearchForPackageOnDisk took   0.060s to resolve Level_1.umap
[2014.11.18-19.35.31:129][571]LogNet: Browse: /Game/Maps/Level_1
[2014.11.18-19.35.31:129][571]LogLoad: LoadMap: /Game/Maps/Level_1
[2014.11.18-19.35.31:129][571]LogArray:Warning: Attempted to get an item from array actorTags out of bounds [5/4]!
[2014.11.18-19.35.31:129][571]LogArray:Warning: Attempted to get an item from array actorTags out of bounds [5/4]!
[2014.11.18-19.35.31:186][571]LogParticles: Destroying 0 GPU particle simulations for FXSystem 0x0000009322A53D80
[2014.11.18-19.35.31:187][571]Cmd: MEM
[2014.11.18-19.35.31:217][571]LogMemory: Platform Memory Stats for Windows
[2014.11.18-19.35.31:217][571]LogMemory: Process Physical Memory: 1256.34 MB used, 1283.79 MB peak
[2014.11.18-19.35.31:217][571]LogMemory: Process Virtual Memory: 1162.09 MB used, 1194.36 MB peak
[2014.11.18-19.35.31:217][571]LogMemory: Physical Memory: 2485.60 MB used, 8169.40 MB total
[2014.11.18-19.35.31:217][571]LogMemory: Virtual Memory: 1730.91 MB used, 134217728.00 MB total
[2014.11.18-19.35.31:217][571]LogMemory: 
[2014.11.18-19.35.31:217][571]Allocator Stats for TBB: (not implemented)
[2014.11.18-19.35.31:236][571]LogPlayLevel: PIE: StaticDuplicateObject took: (0.019513s)
[2014.11.18-19.35.31:237][571]LogPlayLevel: PIE: World Init took: (0.000567s)
[2014.11.18-19.35.31:237][571]LogPlayLevel: PIE: Created PIE world by copying editor world from /Game/Maps/Level_1.Level_1 to /Game/Maps/UEDPIE_0_Level_1.Level_1 (0.020366s)
[2014.11.18-19.35.31:237][571]LogWorld: Game class is 'MyGame_C'
[2014.11.18-19.35.31:294][571]LogWorld: PIE: Copying PIE streaming level from /Game/Maps/Level_1_WallsPlus.Level_1_WallsPlus to /Game/Maps/UEDPIE_0_Level_1_WallsPlus.Level_1_WallsPlus. OwningWorld: /Game/Maps/UEDPIE_0_Level_1.Level_1
[2014.11.18-19.35.31:331][571]LogWorld: PIE: Copying PIE streaming level from /Game/Maps/Level_1_Audio.Level_1_Audio to /Game/Maps/UEDPIE_0_Level_1_Audio.Level_1_Audio. OwningWorld: /Game/Maps/UEDPIE_0_Level_1.Level_1
[2014.11.18-19.35.31:339][571]LogWorld: PIE: Copying PIE streaming level from /Game/Maps/Level_1_Terrain.Level_1_Terrain to /Game/Maps/UEDPIE_0_Level_1_Terrain.Level_1_Terrain. OwningWorld: /Game/Maps/UEDPIE_0_Level_1.Level_1
[2014.11.18-19.35.31:349][571]LogWorld: PIE: Copying PIE streaming level from /Game/Maps/Level_1_Lighting.Level_1_Lighting to /Game/Maps/UEDPIE_0_Level_1_Lighting.Level_1_Lighting. OwningWorld: /Game/Maps/UEDPIE_0_Level_1.Level_1
[2014.11.18-19.35.31:399][571]LogWorld: PIE: Copying PIE streaming level from /Game/Maps/Level_1_Assets.Level_1_Assets to /Game/Maps/UEDPIE_0_Level_1_Assets.Level_1_Assets. OwningWorld: /Game/Maps/UEDPIE_0_Level_1.Level_1
[2014.11.18-19.35.31:423][571]LogAIModule: Creating AISystem for world Level_1
[2014.11.18-19.35.31:429][571]LogWorld:Warning: *** WARNING - PATHS MAY NOT BE VALID ***
[2014.11.18-19.35.31:429][571]LogWorld: Bringing World /Game/Maps/UEDPIE_0_Level_1.Level_1 up for play (max tick rate 60) at 2014.11.18-14.35.31
[2014.11.18-19.35.31:435][571]LogWorld: Bringing up level for play took: 0.012472
[2014.11.18-19.35.38:015][957]LogPackageName: SearchForPackageOnDisk took   0.059s to resolve Level_3_A.umap
[2014.11.18-19.35.38:085][958]LogPackageName: SearchForPackageOnDisk took   0.062s to resolve Level_3_A.umap
[2014.11.18-19.35.38:086][958]LogNet: Browse: /Game/Maps/Level_3_A
[2014.11.18-19.35.38:086][958]LogLoad: LoadMap: /Game/Maps/Level_3_A
[2014.11.18-19.35.38:139][958]LogParticles: Destroying 0 GPU particle simulations for FXSystem 0x0000009342E00540
[2014.11.18-19.35.38:140][958]Cmd: MEM
[2014.11.18-19.35.38:172][958]LogMemory: Platform Memory Stats for Windows
[2014.11.18-19.35.38:172][958]LogMemory: Process Physical Memory: 1259.91 MB used, 1288.02 MB peak
[2014.11.18-19.35.38:172][958]LogMemory: Process Virtual Memory: 1163.27 MB used, 1198.17 MB peak
[2014.11.18-19.35.38:172][958]LogMemory: Physical Memory: 2492.32 MB used, 8169.40 MB total
[2014.11.18-19.35.38:172][958]LogMemory: Virtual Memory: 1733.03 MB used, 134217728.00 MB total
[2014.11.18-19.35.38:172][958]LogMemory: 
[2014.11.18-19.35.38:172][958]Allocator Stats for TBB: (not implemented)
[2014.11.18-19.35.42:188][958]LogWorld: Game class is 'MyGame_C'
[2014.11.18-19.35.42:188][958]LogLevelStreaming: World to duplicate for PIE '/Game/Maps/Level_3_A_Assets' not found. Attempting load.
[2014.11.18-19.35.43:730][958]LogMaterial:Warning: Material /Game/Materials/Level_3/Material/materialStump2.materialStump2 missing bUsedWithStaticLighting=True! Default Material will be used in game.
[2014.11.18-19.35.43:730][958]LogMaterial:Warning: Material /Game/Materials/Level_3/Material/textureCoffinMetal_Mat.textureCoffinMetal_Mat missing bUsedWithStaticLighting=True! Default Material will be used in game.
[2014.11.18-19.35.43:732][958]LogMaterial:Warning: Material /Game/Materials/Level_3/Material/materialCandle.materialCandle missing bUsedWithStaticLighting=True! Default Material will be used in game.
[2014.11.18-19.35.43:743][958]LogMaterial:Warning: Material /Game/Materials/Level_3/Material/materialPulpit.materialPulpit missing bUsedWithStaticLighting=True! Default Material will be used in game.
[2014.11.18-19.35.43:748][958]LogLevelStreaming: World to duplicate for PIE '/Game/Maps/Level_3_A_Terrain' not found. Attempting load.
[2014.11.18-19.35.43:928][958]LogMaterial: Missing cached shader map for material materialTerrain3A, compiling.
[2014.11.18-19.35.45:115][958]LogLevelStreaming: World to duplicate for PIE '/Game/Maps/Level_3_A_Lighting' not found. Attempting load.
[2014.11.18-19.35.45:274][958]LogLevelStreaming: World to duplicate for PIE '/Game/Maps/Level_3_A_Audio' not found. Attempting load.
[2014.11.18-19.35.45:360][958]LogAIModule: Creating AISystem for world Level_3_A
[2014.11.18-19.35.45:366][958]LogWorld:Warning: *** WARNING - PATHS MAY NOT BE VALID ***
[2014.11.18-19.35.45:366][958]LogWorld: Bringing World /Game/Maps/UEDPIE_0_Level_3_A.Level_3_A up for play (max tick rate 60) at 2014.11.18-14.35.45
[2014.11.18-19.35.45:370][958]LogWorld: Bringing up level for play took: 0.010179
[2014.11.18-19.35.51:554][ 59]LogShaderCompilers:Warning: Failed to compile Material /Game/Materials/Level_3/Material/TerrainMaterial/materialTerrain3A.materialTerrain3A for platform PCD3D_SM5, Default Material will be used in game.
[2014.11.18-19.36.02:612][208]LogPackageName: SearchForPackageOnDisk took   0.064s to resolve Level_3_B.umap
[2014.11.18-19.36.02:682][209]LogPackageName: SearchForPackageOnDisk took   0.061s to resolve Level_3_B.umap
[2014.11.18-19.36.02:682][209]LogNet: Browse: /Game/Maps/Level_3_B
[2014.11.18-19.36.02:682][209]LogLoad: LoadMap: /Game/Maps/Level_3_B
[2014.11.18-19.36.02:755][209]LogParticles: Destroying 0 GPU particle simulations for FXSystem 0x000000932DF2F880
[2014.11.18-19.36.02:756][209]Cmd: MEM
[2014.11.18-19.36.02:788][209]LogMemory: Platform Memory Stats for Windows
[2014.11.18-19.36.02:788][209]LogMemory: Process Physical Memory: 2536.96 MB used, 2548.90 MB peak
[2014.11.18-19.36.02:788][209]LogMemory: Process Virtual Memory: 2446.74 MB used, 2461.27 MB peak
[2014.11.18-19.36.02:788][209]LogMemory: Physical Memory: 3960.14 MB used, 8169.40 MB total
[2014.11.18-19.36.02:788][209]LogMemory: Virtual Memory: 3005.23 MB used, 134217728.00 MB total
[2014.11.18-19.36.02:788][209]LogMemory: 
[2014.11.18-19.36.02:788][209]Allocator Stats for TBB: (not implemented)
[2014.11.18-19.36.05:983][209]LogWorld: Game class is 'MyGame_C'
[2014.11.18-19.36.05:983][209]LogLevelStreaming: World to duplicate for PIE '/Game/Maps/Level_3_B_Terrain' not found. Attempting load.
[2014.11.18-19.36.06:789][209]LogLevelStreaming: World to duplicate for PIE '/Game/Maps/Level_3_B_Lighting' not found. Attempting load.
[2014.11.18-19.36.06:859][209]LogLevelStreaming: World to duplicate for PIE '/Game/Maps/Level_3_B_Audio' not found. Attempting load.
[2014.11.18-19.36.06:860][209]LogLevelStreaming: World to duplicate for PIE '/Game/Maps/Level_3_B_Assets' not found. Attempting load.
[2014.11.18-19.36.06:938][209]LogAIModule: Creating AISystem for world Level_3_B
[2014.11.18-19.36.06:945][209]LogMaterial:Warning: Material /Game/Materials/Level_3/Material/materialWallSegement1.materialWallSegement1 missing bUsedWithStaticLighting=True! Default Material will be used in game.
[2014.11.18-19.36.06:957][209]LogWorld: Bringing World /Game/Maps/UEDPIE_0_Level_3_B.Level_3_B up for play (max tick rate 60) at 2014.11.18-14.36.06
[2014.11.18-19.36.06:961][209]LogWorld: Bringing up level for play took: 0.022485
[2014.11.18-19.36.06:963][209]LogArray:Warning: Attempted to get an item from array actorTags out of bounds [5/4]!
[2014.11.18-19.36.07:901][253]LogPackageName: SearchForPackageOnDisk took   0.062s to resolve Level_Finale.umap
[2014.11.18-19.36.07:971][254]LogPackageName: SearchForPackageOnDisk took   0.061s to resolve Level_Finale.umap
[2014.11.18-19.36.07:971][254]LogNet: Browse: /Game/Maps/Level_Finale
[2014.11.18-19.36.07:972][254]LogLoad: LoadMap: /Game/Maps/