Log file open, 10/03/14 13:11:51
LogInit:Display: Running engine for game: Phobophobia
LogInit: Version: 4.4.3-2296771+++depot+UE4-Releases+4.4
LogInit: API Version: 2255576
LogInit: Compiled (64-bit): Sep 13 2014 22:30:58
LogInit: Build Configuration: Development
LogInit: Branch Name: ++depot+UE4-Releases+4.4
LogInit: Command line:  
LogInit: Base directory: C:/Program Files/Unreal Engine/4.4/Engine/Binaries/Win64/
LogInit: Rocket: 1
[2014.10.03-17.11.51:965][  0]LogTaskGraph: Started task graph with 3 named threads and 4 total threads.
[2014.10.03-17.11.52:044][  0]LogOnline:Warning: No default platform service specified for OnlineSubsystem
[2014.10.03-17.11.52:280][  0]LogInit: Presizing for 0 objects not considered by GC, pre-allocating 0 bytes.
[2014.10.03-17.11.52:958][  0]LogInit: Object subsystem initialized
[2014.10.03-17.11.53:257][  0]LogInit: Selected Device Profile: [Windows]
[2014.10.03-17.11.53:257][  0]LogInit: Applying CVar settings loaded from the selected device profile: [Windows]
[2014.10.03-17.11.53:407][  0]LogInit: Computer: SAMS-ASUS
[2014.10.03-17.11.53:407][  0]LogInit: User: Samuel
[2014.10.03-17.11.53:410][  0]LogInit: CPU Page size=4096, Cores=2
[2014.10.03-17.11.53:410][  0]LogInit: High frequency timer resolution =1.656393 MHz
[2014.10.03-17.11.53:410][  0]LogMemory: Memory total: Physical=5.9GB (6GB approx) Virtual=131072.0GB
[2014.10.03-17.11.53:425][  0]LogMemory: Platform Memory Stats for Windows
[2014.10.03-17.11.53:425][  0]LogMemory: Process Physical Memory: 59.69 MB used, 59.79 MB peak
[2014.10.03-17.11.53:425][  0]LogMemory: Process Virtual Memory: 35.94 MB used, 36.06 MB peak
[2014.10.03-17.11.53:425][  0]LogMemory: Physical Memory: 3831.48 MB used, 6029.70 MB total
[2014.10.03-17.11.53:425][  0]LogMemory: Virtual Memory: 264.80 MB used, 134217728.00 MB total
[2014.10.03-17.11.53:486][  0]LogD3D11RHI: Found D3D11 adapter 0: Intel(R) HD Graphics 4000 (Feature Level 11_0)
[2014.10.03-17.11.53:486][  0]LogD3D11RHI: Adapter has 32MB of dedicated video memory, 0MB of dedicated system memory, and 1760MB of shared system memory, 1 output[s]
[2014.10.03-17.11.53:487][  0]LogD3D11RHI: Found D3D11 adapter 1: Microsoft Basic Render Driver (Feature Level 11_0)
[2014.10.03-17.11.53:487][  0]LogD3D11RHI: Adapter has 0MB of dedicated video memory, 0MB of dedicated system memory, and 256MB of shared system memory, 0 output[s]
[2014.10.03-17.11.53:487][  0]LogD3D11RHI: Chosen D3D11 Adapter Id = 0
[2014.10.03-17.11.53:522][  0]LogRHI: Texture pool is 638 MB (70% of 912 MB)
[2014.10.03-17.11.53:526][  0]LogD3D11RHI: Async texture creation enabled
[2014.10.03-17.11.55:124][  0]LogContentStreaming: Texture pool size is 0.000000MB
[2014.10.03-17.12.00:926][  0]LogTargetPlatformManager:Display: Building Assets For Windows
[2014.10.03-17.12.02:100][  0]LogTargetPlatformManager:Display: Building Assets For Windows
[2014.10.03-17.12.02:247][  0]LogDerivedDataCache:Display: Max Cache Size: 512 MB
[2014.10.03-17.12.02:988][  0]LogDerivedDataCache: Loaded boot cache 0.72s 39MB C:/Users/Samuel/AppData/Local/UnrealEngine/4.4/DerivedDataCache/Boot.ddc.
[2014.10.03-17.12.02:988][  0]LogDerivedDataCache:Display: Loaded Boot cache: C:/Users/Samuel/AppData/Local/UnrealEngine/4.4/DerivedDataCache/Boot.ddc
[2014.10.03-17.12.02:988][  0]LogDerivedDataCache: FDerivedDataBackendGraph:  Pak pak cache file ../../../../../../Users/Samuel/Documents/GitHub/Unhinged/Phobophobia 4.4/DerivedDataCache/DDC.ddp not found, will not use a pak cache.
[2014.10.03-17.12.02:988][  0]LogDerivedDataCache: Unable to find inner node Pak for hierarchical cache Hierarchy.
[2014.10.03-17.12.03:031][  0]LogDerivedDataCache:Display: Pak cache opened for reading ../../../Engine/DerivedDataCache/DDC.ddp.
[2014.10.03-17.12.03:057][  0]LogDerivedDataCache: Using Local data cache path C:/Users/Samuel/AppData/Local/UnrealEngine/4.4/DerivedDataCache: Writable
[2014.10.03-17.12.12:428][  0]LogMeshUtilities: No automatic mesh reduction module available
[2014.10.03-17.12.12:428][  0]LogMeshUtilities: No automatic mesh merging module available
[2014.10.03-17.12.16:841][  0]LogInit: WinSock: version 1.1 (2.2), MaxSocks=32767, MaxUdp=65467
[2014.10.03-17.12.32:326][  0]LogStats:Warning: MetaData mismatch. Did you assign a stat to two groups? New //STATGROUP_Threads//FMonitoredProcess///Thread_6c98_0///////STATCAT_Advanced//// old //STATGROUP_Threads//FMonitoredProcess///Thread_4414_0///////STATCAT_Advanced////
[2014.10.03-17.12.32:326][  0]UdpMessaging: Initializing bridge on interface 0.0.0.0:0 to multicast group 230.0.0.1:6666.
[2014.10.03-17.12.32:536][  0]SourceControl: Info Source control is disabled
[2014.10.03-17.12.32:536][  0]SourceControl: Info Source control is disabled
[2014.10.03-17.12.32:542][  0]SourceControl: Info Source control is disabled
[2014.10.03-17.12.34:204][  0]BlueprintLog: New page: Editor Load
[2014.10.03-17.12.34:924][  0]LogObj: 21438 objects as part of root set at end of initial load.
[2014.10.03-17.12.34:924][  0]LogUObjectAllocator: 4218656 out of 0 bytes used by permanent object pool.
[2014.10.03-17.12.35:897][  0]LogEngine: Initializing Engine...
[2014.10.03-17.12.36:575][  0]LogInit: XAudio2 using 'Speakers (VIA HD Audio(Win8.1))' : 2 channels at 48 kHz using 32 bits per sample (channel mask 0x3)
[2014.10.03-17.12.36:688][  0]LogInit: FAudioDevice initialized.
[2014.10.03-17.12.37:023][  0]LogAIModule: Creating AISystem for world NewWorld
[2014.10.03-17.12.37:183][  0]LogDerivedDataCache: Saved boot cache 0.02s 39MB C:/Users/Samuel/AppData/Local/UnrealEngine/4.4/DerivedDataCache/Boot.ddc.
[2014.10.03-17.12.37:188][  0]LogInit: Texture streaming: Enabled
[2014.10.03-17.12.37:811][  0]LogInit: Transaction tracking system initialized
[2014.10.03-17.12.38:470][  0]LogAssetRegistry: FAssetRegistry took 0.0614 seconds to start up
[2014.10.03-17.12.42:597][  0]LogTargetPlatformManager:Display: Building Assets For Windows
[2014.10.03-17.12.43:074][  0]LogTargetPlatformManager:Display: Building Assets For Windows
[2014.10.03-17.12.44:380][  0]LogConsoleResponse:Display: 
[2014.10.03-17.12.49:606][  0]LogStats:Warning: MetaData mismatch. Did you assign a stat to two groups? New //STATGROUP_Threads//FMonitoredProcess///Thread_71f8_0///////STATCAT_Advanced//// old //STATGROUP_Threads//FMonitoredProcess///Thread_4414_0///////STATCAT_Advanced////
[2014.10.03-17.12.49:606][  0]LogStats:Warning: MetaData mismatch. Did you assign a stat to two groups? New //STATGROUP_Threads//FMonitoredProcess///Thread_74ac_0///////STATCAT_Advanced//// old //STATGROUP_Threads//FMonitoredProcess///Thread_4414_0///////STATCAT_Advanced////
[2014.10.03-17.12.49:606][  0]SourceControl: Info Source control is disabled
[2014.10.03-17.12.49:836][  0]Cmd: MAP LOAD FILE="../../../../../../Users/Samuel/Documents/GitHub/Unhinged/Phobophobia 4.4/Content/Maps/Main_Menu.umap" TEMPLATE=0 SHOWPROGRESS=1
[2014.10.03-17.12.49:873][  0]LightingResults: New page: Lighting Build
[2014.10.03-17.12.50:100][  0]MapCheck: New page: Map Check
[2014.10.03-17.12.50:100][  0]LightingResults: New page: Lighting Build
[2014.10.03-17.12.50:522][  0]LogParticles: Destroying 0 GPU particle simulations for FXSystem 0x00000057B4A9D300
[2014.10.03-17.12.52:845][  0]LogTexture:Display: Building textures: background_image (AutoDXT)
[2014.10.03-17.12.56:015][  0]LogEditorServer: Finished looking for orphan Actors (0.000 secs)
[2014.10.03-17.12.56:073][  0]LogAIModule: Creating AISystem for world Main_Menu
[2014.10.03-17.12.56:228][  0]Cmd: MAP CHECKDEP
[2014.10.03-17.12.56:229][  0]MapCheck: New page: Main_Menu - Oct 3, 2014, 9:12:56 AM
[2014.10.03-17.12.56:412][  0]MapCheck: Info ========== Map Check: 0 Error(s), 0 Warning(s), [182.99ms] ==========
[2014.10.03-17.12.56:412][  0]LogFileHelpers: Loading map 'Main_Menu' took 6.685
[2014.10.03-17.13.00:393][  0]LogCollectionManager: Loaded 0 collections in 0.001655 seconds
[2014.10.03-17.13.04:563][  0]LogCrashTracker: Crashtracker disabled due to settings.
[2014.10.03-17.13.05:238][  0]LogLoad: Full Startup: 79.60 seconds (BP compile: 0.98 seconds)
[2014.10.03-17.13.05:367][  0]LogContentBrowser:Verbose: The content browser source was changed by the sources view to '/Game/Blueprints'
[2014.10.03-17.13.06:563][  0]LogRenderer:Warning: Reallocating scene render targets to support 808x584.
[2014.10.03-17.13.15:951][161]LogAssetRegistry: Asset discovery search completed in 37.5421 seconds
[2014.10.03-17.13.42:750][244]Cmd: MAP LOAD FILE="../../../../../../Users/Samuel/Documents/GitHub/Unhinged/Phobophobia 4.4/Content/Maps/Level_1.umap" TEMPLATE=0 SHOWPROGRESS=1
[2014.10.03-17.13.42:793][244]LightingResults: New page: Lighting Build
[2014.10.03-17.13.42:823][244]LoadErrors: New page: Loading map: Level_1.umap
[2014.10.03-17.13.42:851][244]MapCheck: New page: Map Check
[2014.10.03-17.13.42:851][244]LightingResults: New page: Lighting Build
[2014.10.03-17.13.42:874][244]LogParticles: Destroying 0 GPU particle simulations for FXSystem 0x00000057B1F4C4A0
[2014.10.03-17.13.44:468][244]LogTexture:Display: Building textures: LQ_Lightmap_1_6 (DXT1)
[2014.10.03-17.13.44:814][244]LogTexture:Display: Building textures: crate_texture_bump_map (BC5)
[2014.10.03-17.13.46:697][244]LogTexture:Display: Building textures: crate_texture (AutoDXT)
[2014.10.03-17.13.58:281][244]LogTexture:Display: Building textures: crate_texture_specular_map (AutoDXT)
[2014.10.03-17.14.03:562][244]LogMaterial: Missing cached shader map for material phongE1, compiling.
[2014.10.03-17.14.03:675][244]LogStaticMesh: Building static mesh small_crate...
[2014.10.03-17.14.03:728][244]LogStaticMesh: Built static mesh [53.262722ms] /Game/Meshes/small_crate.small_crate
[2014.10.03-17.14.04:136][244]LogTexture:Display: Building textures: HQ_Lightmap0_1 (AutoDXT)
[2014.10.03-17.14.05:030][244]LogTexture:Display: Building textures: HQ_Lightmap0_4 (AutoDXT)
[2014.10.03-17.14.05:494][244]LogTexture:Display: Building textures: HQ_Lightmap0_8 (AutoDXT)
[2014.10.03-17.14.05:567][244]LogTexture:Display: Building textures: HQ_Lightmap1_2 (AutoDXT)
[2014.10.03-17.14.06:366][244]LogTexture:Display: Building textures: HQ_Lightmap1_3 (AutoDXT)
[2014.10.03-17.14.06:967][244]LogTexture:Display: Building textures: HQ_Lightmap1_5 (AutoDXT)
[2014.10.03-17.14.07:131][244]LogTexture:Display: Building textures: HQ_Lightmap1_6 (AutoDXT)
[2014.10.03-17.14.07:168][244]LogTexture:Display: Building textures: HQ_Lightmap1_7 (AutoDXT)
[2014.10.03-17.14.07:242][244]LogTexture:Display: Building textures: LQ_Lightmap_0_1 (DXT1)
[2014.10.03-17.14.07:610][244]LogTexture:Display: Building textures: LQ_Lightmap_0_4 (DXT1)
[2014.10.03-17.14.07:774][244]LogTexture:Display: Building textures: LQ_Lightmap_0_8 (DXT1)
[2014.10.03-17.14.07:816][244]LogTexture:Display: Building textures: LQ_Lightmap_1_2 (DXT1)
[2014.10.03-17.14.08:196][244]LogTexture:Display: Building textures: LQ_Lightmap_1_3 (DXT1)
[2014.10.03-17.14.08:484][244]LogTexture:Display: Building textures: LQ_Lightmap_1_5 (DXT1)
[2014.10.03-17.14.08:567][244]LogTexture:Display: Building textures: LQ_Lightmap_1_7 (DXT1)
[2014.10.03-17.14.08:603][244]LogTexture:Display: Building textures: ShadowMapTexture2D_15 (BGRA8)
[2014.10.03-17.14.08:649][244]LogTexture:Display: Building textures: ShadowMapTexture2D_16 (BGRA8)
[2014.10.03-17.14.08:699][244]LogTexture:Display: Building textures: ShadowMapTexture2D_17 (BGRA8)
[2014.10.03-17.14.08:744][244]LogTexture:Display: Building textures: ShadowMapTexture2D_18 (BGRA8)
[2014.10.03-17.14.08:758][244]LogTexture:Display: Building textures: ShadowMapTexture2D_19 (BGRA8)
[2014.10.03-17.14.08:769][244]LogTexture:Display: Building textures: ShadowMapTexture2D_20 (BGRA8)
[2014.10.03-17.14.08:772][244]LogTexture:Display: Building textures: ShadowMapTexture2D_21 (BGRA8)
[2014.10.03-17.14.08:775][244]LogTexture:Display: Building textures: ShadowMapTexture2D_22 (BGRA8)
[2014.10.03-17.14.09:106][244]LogEditorServer: Finished looking for orphan Actors (0.000 secs)
[2014.10.03-17.14.09:107][244]LogAIModule: Creating AISystem for world Level_1
[2014.10.03-17.14.09:200][244]Cmd: MAP CHECKDEP
[2014.10.03-17.14.09:200][244]MapCheck: New page: Level_1 - Oct 3, 2014, 9:14:09 AM
[2014.10.03-17.14.09:302][244]MapCheck: Info ========== Map Check: 0 Error(s), 0 Warning(s), [101.693ms] ==========
[2014.10.03-17.14.09:302][244]LogFileHelpers: Loading map 'Level_1' took 26.554
[2014.10.03-17.15.52:375][113]LogPlayLevel: PIE:  No blueprints needed recompiling
[2014.10.03-17.15.52:375][113]PIE: New page: PIE session: Level_1 (Oct 3, 2014, 9:15:52 AM)
[2014.10.03-17.15.52:395][113]LogPlayLevel: PIE: StaticDuplicateObject took: (0.018869s)
[2014.10.03-17.15.52:396][113]LogPlayLevel: PIE: World Init took: (0.000807s)
[2014.10.03-17.15.52:396][113]LogPlayLevel: PIE: Created PIE world by copying editor world from /Game/Maps/Level_1.Level_1 to /Game/Maps/UEDPIE_0_Level_1.Level_1 (0.020382s)
[2014.10.03-17.15.53:834][113]LogOutputDevice: === Handled error: ===
Ensure condition failed: 1 == StructProperty->ArrayDim [File:D:\BuildFarm\buildmachine_++depot+UE4-Releases+4.4\Engine\Source\Editor\KismetCompiler\Private\KismetCompilerVMBackend.cpp] [Line: 460]

Stack: Address = 0x60cf5216 (filename not found) [in C:\Program Files\Unreal Engine\4.4\Engine\Binaries\Win64\UE4Editor-Core.dll]
Address = 0x60b819d1 (filename not found) [in C:\Program Files\Unreal Engine\4.4\Engine\Binaries\Win64\UE4Editor-Core.dll]
Address = 0x648e8874 (filename not found) [in C:\Program Files\Unreal Engine\4.4\Engine\Binaries\Win64\UE4Editor-KismetCompiler.dll]
Address = 0x648e803c (filename not found) [in C:\Program Files\Unreal Engine\4.4\Engine\Binaries\Win64\UE4Editor-KismetCompiler.dll]
Address = 0x648f7938 (filename not found) [in C:\Program Files\Unreal Engine\4.4\Engine\Binaries\Win64\UE4Editor-KismetCompiler.dll]
Address = 0x648d78f7 (filename not found) [in C:\Program Files\Unreal Engine\4.4\Engine\Binaries\Win64\UE4Editor-KismetCompiler.dll]
Address = 0x648f7b8d (filename not found) [in C:\Program Files\Unreal Engine\4.4\Engine\Binaries\Win64\UE4Editor-KismetCompiler.dll]
Address = 0x648d31a3 (filename not found) [in C:\Program Files\Unreal Engine\4.4\Engine\Binaries\Win64\UE4Editor-KismetCompiler.dll]
Address = 0x648d3ccc (filename not found) [in C:\Program Files\Unreal Engine\4.4\Engine\Binaries\Win64\UE4Editor-KismetCompiler.dll]
Address = 0x648d383e (filename not found) [in C:\Program Files\Unreal Engine\4.4\Engine\Binaries\Win64\UE4Editor-KismetCompiler.dll]
Address = 0x5b70191a (filename not found) [in C:\Program Files\Unreal Engine\4.4\Engine\Binaries\Win64\UE4Editor-UnrealEd.dll]
Address = 0x5b6c8254 (filename not found) [in C:\Program Files\Unreal Engine\4.4\Engine\Binaries\Win64\UE4Editor-UnrealEd.dll]
Address = 0x6b9e4adb (filename not found) [in C:\Program Files\Unreal Engine\4.4\Engine\Binaries\Win64\UE4Editor-CoreUObject.dll]
Address = 0x6ba2ffe6 (filename not found) [in C:\Program Files\Unreal Engine\4.4\Engine\Binaries\Win64\UE4Editor-CoreUObject.dll]
Address = 0x6ba4ab54 (filename not found) [in C:\Program Files\Unreal Engine\4.4\Engine\Binaries\Win64\UE4Editor-CoreUObject.dll]
Address = 0x6ba1ebc4 (filename not found) [in C:\Program Files\Unreal Engine\4.4\Engine\Binaries\Win64\UE4Editor-CoreUObject.dll]
Address = 0x6b9f1f68 (filename not found) [in C:\Program Files\Unreal Engine\4.4\Engine\Binaries\Win64\UE4Editor-CoreUObject.dll]
Address = 0x6ba5426f (filename not found) [in C:\Program Files\Unreal Engine\4.4\Engine\Binaries\Win64\UE4Editor-CoreUObject.dll]
Address = 0x6ba30179 (filename not found) [in C:\Program Files\Unreal Engine\4.4\Engine\Binaries\Win64\UE4Editor-CoreUObject.dll]
Address = 0x6ba4ab54 (filename not found) [in C:\Program Files\Unreal Engine\4.4\Engine\Binaries\Win64\UE4Editor-CoreUObject.dll]
Address = 0x6ba2fa5e (filename not found) [in C:\Program Files\Unreal Engine\4.4\Engine\Binaries\Win64\UE4Editor-CoreUObject.dll]
Address = 0x6ba4ab54 (filename not found) [in C:\Program Files\Unreal Engine\4.4\Engine\Binaries\Win64\UE4Editor-CoreUObject.dll]
Address = 0x6ba2fa5e (filename not found) [in C:\Program Files\Unreal Engine\4.4\Engine\Binaries\Win64\UE4Editor-CoreUObject.dll]
Address = 0x6ba4c972 (filename not found) [in C:\Program Files\Unreal Engine\4.4\Engine\Binaries\Win64\UE4Editor-CoreUObject.dll]
Address = 0x6baa5f5a (filename not found) [in C:\Program Files\Unreal Engine\4.4\Engine\Binaries\Win64\UE4Editor-CoreUObject.dll]
Address = 0x6ba6c1ae (filename not found) [in C:\Program Files\Unreal Engine\4.4\Engine\Binaries\Win64\UE4Editor-CoreUObject.dll]
Address = 0x6ba6b535 (filename not found) [in C:\Program Files\Unreal Engine\4.4\Engine\Binaries\Win64\UE4Editor-CoreUObject.dll]
Address = 0x6ba6c2da (filename not found) [in C:\Program Files\Unreal Engine\4.4\Engine\Binaries\Win64\UE4Editor-CoreUObject.dll]
Address = 0x6ba6b535 (filename not found) [in C:\Program Files\Unreal Engine\4.4\Engine\Binaries\Win64\UE4Editor-CoreUObject.dll]
Address = 0x6ba6b44a (filename not found) [in C:\Program Files\Unreal Engine\4.4\Engine\Binaries\Win64\UE4Editor-CoreUObject.dll]
Address = 0x6ba37ce0 (filename not found) [in C:\Program Files\Unreal Engine\4.4\Engine\Binaries\Win64\UE4Editor-CoreUObject.dll]
Address = 0x6ba6a7b0 (filename not found) [in C:\Program Files\Unreal Engine\4.4\Engine\Binaries\Win64\UE4Editor-CoreUObject.dll]
Address = 0x6ba312c8 (filename not found) [in C:\Program Files\Unreal Engine\4.4\Engine\Binaries\Win64\UE4Editor-CoreUObject.dll]
Address = 0x6ba43b6a (filename not found) [in C:\Program Files\Unreal Engine\4.4\Engine\Binaries\Win64\UE4Editor-CoreUObject.dll]
Address = 0x6baa5e92 (filename not found) [in C:\Program Files\Unreal Engine\4.4\Engine\Binaries\Win64\UE4Editor-CoreUObject.dll]
Address = 0x6bab11d1 (filename not found) [in C:\Program Files\Unreal Engine\4.4\Engine\Binaries\Win64\UE4Editor-CoreUObject.dll]
Address = 0x6babf887 (filename not found) [in C:\Program Files\Unreal Engine\4.4\Engine\Binaries\Win64\UE4Editor-CoreUObject.dll]
Address = 0x6babf3d7 (filename not found) [in C:\Program Files\Unreal Engine\4.4\Engine\Binaries\Win64\UE4Editor-CoreUObject.dll]
Address = 0x5c969fc3 (filename not found) [in C:\Program Files\Unreal Engine\4.4\Engine\Binaries\Win64\UE4Editor-Engine.dll]
Address = 0x5c3d15d0 (filename not found) [in C:\Program Files\Unreal Engine\4.4\Engine\Binaries\Win64\UE4Editor-Engine.dll]
Address = 0x5b23be81 (filename not found) [in C:\Program Files\Unreal Engine\4.4\Engine\Binaries\Win64\UE4Editor-UnrealEd.dll]
Address = 0x5b280a79 (filename not found) [in C:\Program Files\Unreal Engine\4.4\Engine\Binaries\Win64\UE4Editor-UnrealEd.dll]
Address = 0x5b2964f9 (filename not found) [in C:\Program Files\Unreal Engine\4.4\Engine\Binaries\Win64\UE4Editor-UnrealEd.dll]
Address = 0x5b02a818 (filename not found) [in C:\Program Files\Unreal Engine\4.4\Engine\Binaries\Win64\UE4Editor-UnrealEd.dll]
Address = 0x5b4169a6 (filename not found) [in C:\Program Files\Unreal Engine\4.4\Engine\Binaries\Win64\UE4Editor-UnrealEd.dll]
FEngineLoop::Tick() 0x24f722e  + 0 bytes [File=d:\buildfarm\buildmachine_++depot+ue4-releases+4.4\engine\source\runtime\launch\private\launchengineloop.cpp:2098] [in C:\Program Files\Unreal Engine\4.4\Engine\Binaries\Win64\UE4Editor.exe]
GuardedMain() 0x24eca3c  + 0 bytes [File=d:\buildfarm\buildmachine_++depot+ue4-releases+4.4\engine\source\runtime\launch\private\launch.cpp:133] [in C:\Program Files\Unreal Engine\4.4\Engine\Binaries\Win64\UE4Editor.exe]
GuardedMainWrapper() 0x24ecaaa  + 5 bytes [File=d:\buildfarm\buildmachine_++depot+ue4-releases+4.4\engine\source\runtime\launch\private\windows\launchwindows.cpp:125] [in C:\Program Files\Unreal Engine\4.4\Engine\Binaries\Win64\UE4Editor.exe]
WinMain() 0x24f88c9  + 17 bytes [File=d:\buildfarm\buildmachine_++depot+ue4-releases+4.4\engine\source\runtime\launch\private\windows\launchwindows.cpp:201] [in C:\Program Files\Unreal Engine\4.4\Engine\Binaries\Win64\UE4Editor.exe]
__tmainCRTStartup() 0x24f96f9  + 21 bytes [File=f:\dd\vctools\crt\crtw32\dllstuff\crtexe.c:618] [in C:\Program Files\Unreal Engine\4.4\Engine\Binaries\Win64\UE4Editor.exe]
Address = 0x83ae16ad (filename not found) [in C:\WINDOWS\system32\KERNEL32.DLL]
Address = 0x85c334a5 (filename not found) [in C:\WINDOWS\SYSTEM32\ntdll.dll]
Address = 0x85c334a5 (filename not found) [in C:\WINDOWS\SYSTEM32\ntdll.dll]

[2014.10.03-17.15.56:973][113]LogOutputDevice: === Handled error: ===
Ensure condition failed: 1 == StructProperty->ArrayDim [File:D:\BuildFarm\buildmachine_++depot+UE4-Releases+4.4\Engine\Source\Editor\KismetCompiler\Private\KismetCompilerVMBackend.cpp] [Line: 460]

Stack: Address = 0x60cf5216 (filename not found) [in C:\Program Files\Unreal Engine\4.4\Engine\Binaries\Win64\UE4Editor-Core.dll]
Address = 0x60b819d1 (filename not found) [in C:\Program Files\Unreal Engine\4.4\Engine\Binaries\Win64\UE4Editor-Core.dll]
Address = 0x648e8874 (filename not found) [in C:\Program Files\Unreal Engine\4.4\Engine\Binaries\Win64\UE4Editor-KismetCompiler.dll]
Address = 0x648e803c (filename not found) [in C:\Program Files\Unreal Engine\4.4\Engine\Binaries\Win64\UE4Editor-KismetCompiler.dll]
Address = 0x648f7938 (filename not found) [in C:\Program Files\Unreal Engine\4.4\Engine\Binaries\Win64\UE4Editor-KismetCompiler.dll]
Address = 0x648d78f7 (filename not found) [in C:\Program Files\Unreal Engine\4.4\Engine\Binaries\Win64\UE4Editor-KismetCompiler.dll]
Address = 0x648f7b8d (filename not found) [in C:\Program Files\Unreal Engine\4.4\Engine\Binaries\Win64\UE4Editor-KismetCompiler.dll]
Address = 0x648d31a3 (filename not found) [in C:\Program Files\Unreal Engine\4.4\Engine\Binaries\Win64\UE4Editor-KismetCompiler.dll]
Address = 0x648d3ccc (filename not found) [in C:\Program Files\Unreal Engine\4.4\Engine\Binaries\Win64\UE4Editor-KismetCompiler.dll]
Address = 0x648d383e (filename not found) [in C:\Program Files\Unreal Engine\4.4\Engine\Binaries\Win64\UE4Editor-KismetCompiler.dll]
Address = 0x5b724bf8 (filename not found) [in C:\Program Files\Unreal Engine\4.4\Engine\Binaries\Win64\UE4Editor-UnrealEd.dll]
Address = 0x5c248e07 (filename not found) [in C:\Program Files\Unreal Engine\4.4\Engine\Binaries\Win64\UE4Editor-Engine.dll]
Address = 0x6b9880cf (filename not found) [in C:\Program Files\Unreal Engine\4.4\Engine\Binaries\Win64\UE4Editor-CoreUObject.dll]
Address = 0x6ba30183 (filename not found) [in C:\Program Files\Unreal Engine\4.4\Engine\Binaries\Win64\UE4Editor-CoreUObject.dll]
Address = 0x6ba4ab54 (filename not found) [in C:\Program Files\Unreal Engine\4.4\Engine\Binaries\Win64\UE4Editor-CoreUObject.dll]
Address = 0x6ba2fa5e (filename not found) [in C:\Program Files\Unreal Engine\4.4\Engine\Binaries\Win64\UE4Editor-CoreUObject.dll]
Address = 0x6ba4ab54 (filename not found) [in C:\Program Files\Unreal Engine\4.4\Engine\Binaries\Win64\UE4Editor-CoreUObject.dll]
Address = 0x6ba2fa5e (filename not found) [in C:\Program Files\Unreal Engine\4.4\Engine\Binaries\Win64\UE4Editor-CoreUObject.dll]
Address = 0x6ba4c972 (filename not found) [in C:\Program Files\Unreal Engine\4.4\Engine\Binaries\Win64\UE4Editor-CoreUObject.dll]
Address = 0x6baa5f5a (filename not found) [in C:\Program Files\Unreal Engine\4.4\Engine\Binaries\Win64\UE4Editor-CoreUObject.dll]
Address = 0x6ba6c1ae (filename not found) [in C:\Program Files\Unreal Engine\4.4\Engine\Binaries\Win64\UE4Editor-CoreUObject.dll]
Address = 0x6ba6b535 (filename not found) [in C:\Program Files\Unreal Engine\4.4\Engine\Binaries\Win64\UE4Editor-CoreUObject.dll]
Address = 0x6ba6c2da (filename not found) [in C:\Program Files\Unreal Engine\4.4\Engine\Binaries\Win64\UE4Editor-CoreUObject.dll]
Address = 0x6ba6b535 (filename not found) [in C:\Program Files\Unreal Engine\4.4\Engine\Binaries\Win64\UE4Editor-CoreUObject.dll]
Address = 0x6ba6b44a (filename not found) [in C:\Program Files\Unreal Engine\4.4\Engine\Binaries\Win64\UE4Editor-CoreUObject.dll]
Address = 0x6ba37ce0 (filename not found) [in C:\Program Files\Unreal Engine\4.4\Engine\Binaries\Win64\UE4Editor-CoreUObject.dll]
Address = 0x6ba6a7b0 (filename not found) [in C:\Program Files\Unreal Engine\4.4\Engine\Binaries\Win64\UE4Editor-CoreUObject.dll]
Address = 0x6ba312c8 (filename not found) [in C:\Program Files\Unreal Engine\4.4\Engine\Binaries\Win64\UE4Editor-CoreUObject.dll]
Address = 0x6ba43b6a (filename not found) [in C:\Program Files\Unreal Engine\4.4\Engine\Binaries\Win64\UE4Editor-CoreUObject.dll]
Address = 0x6baa5e92 (filename not found) [in C:\Program Files\Unreal Engine\4.4\Engine\Binaries\Win64\UE4Editor-CoreUObject.dll]
Address = 0x6bab11d1 (filename not found) [in C:\Program Files\Unreal Engine\4.4\Engine\Binaries\Win64\UE4Editor-CoreUObject.dll]
Address = 0x6babf887 (filename not found) [in C:\Program Files\Unreal Engine\4.4\Engine\Binaries\Win64\UE4Editor-CoreUObject.dll]
Address = 0x6babf3d7 (filename not found) [in C:\Program Files\Unreal Engine\4.4\Engine\Binaries\Win64\UE4Editor-CoreUObject.dll]
Address = 0x5c969fc3 (filename not found) [in C:\Program Files\Unreal Engine\4.4\Engine\Binaries\Win64\UE4Editor-Engine.dll]
Address = 0x5c3d15d0 (filename not found) [in C:\Program Files\Unreal Engine\4.4\Engine\Binaries\Win64\UE4Editor-Engine.dll]
Address = 0x5b23be81 (filename not found) [in C:\Program Files\Unreal Engine\4.4\Engine\Binaries\Win64\UE4Editor-UnrealEd.dll]
Address = 0x5b280a79 (filename not found) [in C:\Program Files\Unreal Engine\4.4\Engine\Binaries\Win64\UE4Editor-UnrealEd.dll]
Address = 0x5b2964f9 (filename not found) [in C:\Program Files\Unreal Engine\4.4\Engine\Binaries\Win64\UE4Editor-UnrealEd.dll]
Address = 0x5b02a818 (filename not found) [in C:\Program Files\Unreal Engine\4.4\Engine\Binaries\Win64\UE4Editor-UnrealEd.dll]
Address = 0x5b4169a6 (filename not found) [in C:\Program Files\Unreal Engine\4.4\Engine\Binaries\Win64\UE4Editor-UnrealEd.dll]
FEngineLoop::Tick() 0x24f722e  + 0 bytes [File=d:\buildfarm\buildmachine_++depot+ue4-releases+4.4\engine\source\runtime\launch\private\launchengineloop.cpp:2098] [in C:\Program Files\Unreal Engine\4.4\Engine\Binaries\Win64\UE4Editor.exe]
GuardedMain() 0x24eca3c  + 0 bytes [File=d:\buildfarm\buildmachine_++depot+ue4-releases+4.4\engine\source\runtime\launch\private\launch.cpp:133] [in C:\Program Files\Unreal Engine\4.4\Engine\Binaries\Win64\UE4Editor.exe]
GuardedMainWrapper() 0x24ecaaa  + 5 bytes [File=d:\buildfarm\buildmachine_++depot+ue4-releases+4.4\engine\source\runtime\launch\private\windows\launchwindows.cpp:125] [in C:\Program Files\Unreal Engine\4.4\Engine\Binaries\Win64\UE4Editor.exe]
WinMain() 0x24f88c9  + 17 bytes [File=d:\buildfarm\buildmachine_++depot+ue4-releases+4.4\engine\source\runtime\launch\private\windows\launchwindows.cpp:201] [in C:\Program Files\Unreal Engine\4.4\Engine\Binaries\Win64\UE4Editor.exe]
__tmainCRTStartup() 0x24f96f9  + 21 bytes [File=f:\dd\vctools\crt\crtw32\dllstuff\crtexe.c:618] [in C:\Program Files\Unreal Engine\4.4\Engine\Binaries\Win64\UE4Editor.exe]
Address = 0x83ae16ad (filename not found) [in C:\WINDOWS\system32\KERNEL32.DLL]
Address = 0x85c334a5 (filename not found) [in C:\WINDOWS\SYSTEM32\ntdll.dll]
Address = 0x85c334a5 (filename not found) [in C:\WINDOWS\SYSTEM32\ntdll.dll]

