Log file open, 10/04/14 16:26:19
LogInit:Display: Running engine for game: Phobophobia
LogInit: Version: 4.4.3-2296771+++depot+UE4-Releases+4.4
LogInit: API Version: 2255576
LogInit: Compiled (64-bit): Sep 13 2014 22:30:58
LogInit: Build Configuration: Development
LogInit: Branch Name: ++depot+UE4-Releases+4.4
LogInit: Command line:  
LogInit: Base directory: C:/Program Files/Unreal Engine/4.4/Engine/Binaries/Win64/
LogInit: Rocket: 1
[2014.10.04-20.26.19:530][  0]LogTaskGraph: Started task graph with 3 named threads and 4 total threads.
[2014.10.04-20.26.19:561][  0]LogOnline:Warning: No default platform service specified for OnlineSubsystem
[2014.10.04-20.26.19:572][  0]LogInit: Presizing for 0 objects not considered by GC, pre-allocating 0 bytes.
[2014.10.04-20.26.19:580][  0]LogInit: Object subsystem initialized
[2014.10.04-20.26.19:582][  0]LogInit: Selected Device Profile: [Windows]
[2014.10.04-20.26.19:582][  0]LogInit: Applying CVar settings loaded from the selected device profile: [Windows]
[2014.10.04-20.26.19:590][  0]LogInit: Computer: MININT-IBCU80N
[2014.10.04-20.26.19:590][  0]LogInit: User: Mitchell
[2014.10.04-20.26.19:591][  0]LogInit: CPU Page size=4096, Cores=4
[2014.10.04-20.26.19:591][  0]LogInit: High frequency timer resolution =2.143603 MHz
[2014.10.04-20.26.19:591][  0]LogMemory: Memory total: Physical=7.9GB (8GB approx) Virtual=8192.0GB
[2014.10.04-20.26.19:591][  0]LogMemory: Platform Memory Stats for Windows
[2014.10.04-20.26.19:591][  0]LogMemory: Process Physical Memory: 62.80 MB used, 62.80 MB peak
[2014.10.04-20.26.19:591][  0]LogMemory: Process Virtual Memory: 38.59 MB used, 38.59 MB peak
[2014.10.04-20.26.19:591][  0]LogMemory: Physical Memory: 3163.28 MB used, 8086.17 MB total
[2014.10.04-20.26.19:591][  0]LogMemory: Virtual Memory: 258.50 MB used, 8388608.00 MB total
[2014.10.04-20.26.19:628][  0]LogD3D11RHI: Found D3D11 adapter 0: Intel(R) HD Graphics Family (Feature Level 11_0)
[2014.10.04-20.26.19:628][  0]LogD3D11RHI: Adapter has 64MB of dedicated video memory, 0MB of dedicated system memory, and 1632MB of shared system memory, 1 output[s]
[2014.10.04-20.26.19:628][  0]LogD3D11RHI: Chosen D3D11 Adapter Id = 0
[2014.10.04-20.26.19:635][  0]LogRHI: Texture pool is 616 MB (70% of 880 MB)
[2014.10.04-20.26.19:647][  0]LogD3D11RHI: Async texture creation enabled
[2014.10.04-20.26.19:761][  0]LogContentStreaming: Texture pool size is 0.000000MB
[2014.10.04-20.26.22:693][  0]LogTargetPlatformManager:Display: Building Assets For Windows
[2014.10.04-20.26.23:203][  0]LogTargetPlatformManager:Display: Building Assets For Windows
[2014.10.04-20.26.23:270][  0]LogDerivedDataCache:Display: Max Cache Size: 512 MB
[2014.10.04-20.26.23:902][  0]LogDerivedDataCache: Loaded boot cache 0.63s 39MB C:/Users/Mitchell/AppData/Local/UnrealEngine/4.4/DerivedDataCache/Boot.ddc.
[2014.10.04-20.26.23:902][  0]LogDerivedDataCache:Display: Loaded Boot cache: C:/Users/Mitchell/AppData/Local/UnrealEngine/4.4/DerivedDataCache/Boot.ddc
[2014.10.04-20.26.23:902][  0]LogDerivedDataCache: FDerivedDataBackendGraph:  Pak pak cache file ../../../../../../Users/Mitchell/Documents/Unhinged/Phobophobia 4.4/DerivedDataCache/DDC.ddp not found, will not use a pak cache.
[2014.10.04-20.26.23:902][  0]LogDerivedDataCache: Unable to find inner node Pak for hierarchical cache Hierarchy.
[2014.10.04-20.26.23:943][  0]LogDerivedDataCache:Display: Pak cache opened for reading ../../../Engine/DerivedDataCache/DDC.ddp.
[2014.10.04-20.26.23:955][  0]LogDerivedDataCache: Using Local data cache path C:/Users/Mitchell/AppData/Local/UnrealEngine/4.4/DerivedDataCache: Writable
[2014.10.04-20.26.26:083][  0]LogMeshUtilities: No automatic mesh reduction module available
[2014.10.04-20.26.26:084][  0]LogMeshUtilities: No automatic mesh merging module available
[2014.10.04-20.26.27:808][  0]LogInit: WinSock: version 1.1 (2.2), MaxSocks=32767, MaxUdp=65467
[2014.10.04-20.26.42:810][  0]LogStats:Warning: MetaData mismatch. Did you assign a stat to two groups? New //STATGROUP_Threads//FMonitoredProcess///Thread_4ea4_0///////STATCAT_Advanced//// old //STATGROUP_Threads//FMonitoredProcess///Thread_4e50_0///////STATCAT_Advanced////
[2014.10.04-20.26.42:810][  0]UdpMessaging: Initializing bridge on interface 0.0.0.0:0 to multicast group 230.0.0.1:6666.
[2014.10.04-20.26.42:994][  0]SourceControl: Info Source control is disabled
[2014.10.04-20.26.42:994][  0]SourceControl: Info Source control is disabled
[2014.10.04-20.26.43:003][  0]SourceControl: Info Source control is disabled
[2014.10.04-20.26.43:847][  0]BlueprintLog: New page: Editor Load
[2014.10.04-20.26.44:323][  0]LogObj: 21438 objects as part of root set at end of initial load.
[2014.10.04-20.26.44:323][  0]LogUObjectAllocator: 4218656 out of 0 bytes used by permanent object pool.
[2014.10.04-20.26.44:551][  0]LogEngine: Initializing Engine...
[2014.10.04-20.26.44:901][  0]LogInit: XAudio2 using 'Speakers (Realtek High Definition Audio)' : 2 channels at 48 kHz using 32 bits per sample (channel mask 0x3)
[2014.10.04-20.26.44:916][  0]LogInit: FAudioDevice initialized.
[2014.10.04-20.26.44:954][  0]LogAIModule: Creating AISystem for world NewWorld
[2014.10.04-20.26.44:975][  0]LogDerivedDataCache: Saved boot cache 0.02s 39MB C:/Users/Mitchell/AppData/Local/UnrealEngine/4.4/DerivedDataCache/Boot.ddc.
[2014.10.04-20.26.44:980][  0]LogInit: Texture streaming: Enabled
[2014.10.04-20.26.45:042][  0]LogInit: Transaction tracking system initialized
[2014.10.04-20.26.45:268][  0]LogAssetRegistry: FAssetRegistry took 0.0102 seconds to start up
[2014.10.04-20.26.46:064][  0]LogTargetPlatformManager:Display: Building Assets For Windows
[2014.10.04-20.26.46:522][  0]LogTargetPlatformManager:Display: Building Assets For Windows
[2014.10.04-20.26.46:923][  0]LogConsoleResponse:Display: 
[2014.10.04-20.26.47:891][  0]LogStats:Warning: MetaData mismatch. Did you assign a stat to two groups? New //STATGROUP_Threads//FMonitoredProcess///Thread_4f8c_0///////STATCAT_Advanced//// old //STATGROUP_Threads//FMonitoredProcess///Thread_4e50_0///////STATCAT_Advanced////
[2014.10.04-20.26.47:891][  0]LogStats:Warning: MetaData mismatch. Did you assign a stat to two groups? New //STATGROUP_Threads//FMonitoredProcess///Thread_17b0_0///////STATCAT_Advanced//// old //STATGROUP_Threads//FMonitoredProcess///Thread_4e50_0///////STATCAT_Advanced////
[2014.10.04-20.26.47:891][  0]SourceControl: Info Source control is disabled
[2014.10.04-20.26.47:891][  0]Cmd: MAP LOAD FILE="../../../../../../Users/Mitchell/Documents/Unhinged/Phobophobia 4.4/Content/Maps/Main_Menu.umap" TEMPLATE=0 SHOWPROGRESS=1
[2014.10.04-20.26.47:909][  0]LightingResults: New page: Lighting Build
[2014.10.04-20.26.47:920][  0]MapCheck: New page: Map Check
[2014.10.04-20.26.47:920][  0]LightingResults: New page: Lighting Build
[2014.10.04-20.26.47:935][  0]LogParticles: Destroying 0 GPU particle simulations for FXSystem 0x0000000014795300
[2014.10.04-20.26.48:055][  0]LogEditorServer: Finished looking for orphan Actors (0.000 secs)
[2014.10.04-20.26.48:055][  0]LogAIModule: Creating AISystem for world Main_Menu
[2014.10.04-20.26.48:055][  0]Cmd: MAP CHECKDEP
[2014.10.04-20.26.48:056][  0]MapCheck: New page: Main_Menu - Oct 4, 2014, 12:26:48 PM
[2014.10.04-20.26.48:148][  0]MapCheck: Info ========== Map Check: 0 Error(s), 0 Warning(s), [94.369ms] ==========
[2014.10.04-20.26.48:148][  0]LogFileHelpers: Loading map 'Main_Menu' took 0.259
[2014.10.04-20.26.48:486][  0]LogCollectionManager: Loaded 0 collections in 0.001029 seconds
[2014.10.04-20.26.49:113][  0]LogCrashTracker: Crashtracker disabled due to settings.
[2014.10.04-20.26.49:198][  0]LogLoad: Full Startup: 31.86 seconds (BP compile: 0.02 seconds)
[2014.10.04-20.26.49:215][  0]LogContentBrowser:Verbose: The content browser source was changed by the sources view to '/Game/Meshes'
[2014.10.04-20.26.49:510][  0]LogRenderer:Warning: Reallocating scene render targets to support 776x584.
[2014.10.04-20.26.50:050][  3]LogAssetRegistry: Asset discovery search completed in 4.7956 seconds
[2014.10.04-20.27.59:251][687]Cmd: MAP LOAD FILE="../../../../../../Users/Mitchell/Documents/Unhinged/Phobophobia 4.4/Content/Maps/Swimming.umap" TEMPLATE=0 SHOWPROGRESS=1
[2014.10.04-20.27.59:252][687]LightingResults: New page: Lighting Build
[2014.10.04-20.27.59:271][687]LoadErrors: New page: Loading map: Swimming.umap
[2014.10.04-20.27.59:272][687]MapCheck: New page: Map Check
[2014.10.04-20.27.59:272][687]LightingResults: New page: Lighting Build
[2014.10.04-20.27.59:297][687]LogParticles: Destroying 0 GPU particle simulations for FXSystem 0x000000001057C4A0
[2014.10.04-20.28.00:098][687]LogOutputDevice: === Handled error: ===
Ensure condition failed: 1 == StructProperty->ArrayDim [File:D:\BuildFarm\buildmachine_++depot+UE4-Releases+4.4\Engine\Source\Editor\KismetCompiler\Private\KismetCompilerVMBackend.cpp] [Line: 460]

Stack: Address = 0xee745216 (filename not found) [in C:\Program Files\Unreal Engine\4.4\Engine\Binaries\Win64\UE4Editor-Core.dll]
Address = 0xee5d19d1 (filename not found) [in C:\Program Files\Unreal Engine\4.4\Engine\Binaries\Win64\UE4Editor-Core.dll]
Address = 0xf1398874 (filename not found) [in C:\Program Files\Unreal Engine\4.4\Engine\Binaries\Win64\UE4Editor-KismetCompiler.dll]
Address = 0xf139803c (filename not found) [in C:\Program Files\Unreal Engine\4.4\Engine\Binaries\Win64\UE4Editor-KismetCompiler.dll]
Address = 0xf13a7938 (filename not found) [in C:\Program Files\Unreal Engine\4.4\Engine\Binaries\Win64\UE4Editor-KismetCompiler.dll]
Address = 0xf13878f7 (filename not found) [in C:\Program Files\Unreal Engine\4.4\Engine\Binaries\Win64\UE4Editor-KismetCompiler.dll]
Address = 0xf13a7b8d (filename not found) [in C:\Program Files\Unreal Engine\4.4\Engine\Binaries\Win64\UE4Editor-KismetCompiler.dll]
Address = 0xf13831a3 (filename not found) [in C:\Program Files\Unreal Engine\4.4\Engine\Binaries\Win64\UE4Editor-KismetCompiler.dll]
Address = 0xf1383ccc (filename not found) [in C:\Program Files\Unreal Engine\4.4\Engine\Binaries\Win64\UE4Editor-KismetCompiler.dll]
Address = 0xf138383e (filename not found) [in C:\Program Files\Unreal Engine\4.4\Engine\Binaries\Win64\UE4Editor-KismetCompiler.dll]
Address = 0xebde191a (filename not found) [in C:\Program Files\Unreal Engine\4.4\Engine\Binaries\Win64\UE4Editor-UnrealEd.dll]
Address = 0xebda8254 (filename not found) [in C:\Program Files\Unreal Engine\4.4\Engine\Binaries\Win64\UE4Editor-UnrealEd.dll]
Address = 0xeedb4adb (filename not found) [in C:\Program Files\Unreal Engine\4.4\Engine\Binaries\Win64\UE4Editor-CoreUObject.dll]
Address = 0xeedfffe6 (filename not found) [in C:\Program Files\Unreal Engine\4.4\Engine\Binaries\Win64\UE4Editor-CoreUObject.dll]
Address = 0xeee1ab54 (filename not found) [in C:\Program Files\Unreal Engine\4.4\Engine\Binaries\Win64\UE4Editor-CoreUObject.dll]
Address = 0xeedeebc4 (filename not found) [in C:\Program Files\Unreal Engine\4.4\Engine\Binaries\Win64\UE4Editor-CoreUObject.dll]
Address = 0xeedc1f68 (filename not found) [in C:\Program Files\Unreal Engine\4.4\Engine\Binaries\Win64\UE4Editor-CoreUObject.dll]
Address = 0xeee2426f (filename not found) [in C:\Program Files\Unreal Engine\4.4\Engine\Binaries\Win64\UE4Editor-CoreUObject.dll]
Address = 0xeee00179 (filename not found) [in C:\Program Files\Unreal Engine\4.4\Engine\Binaries\Win64\UE4Editor-CoreUObject.dll]
Address = 0xeee1ab54 (filename not found) [in C:\Program Files\Unreal Engine\4.4\Engine\Binaries\Win64\UE4Editor-CoreUObject.dll]
Address = 0xeedffa5e (filename not found) [in C:\Program Files\Unreal Engine\4.4\Engine\Binaries\Win64\UE4Editor-CoreUObject.dll]
Address = 0xeee1ab54 (filename not found) [in C:\Program Files\Unreal Engine\4.4\Engine\Binaries\Win64\UE4Editor-CoreUObject.dll]
Address = 0xeedffa5e (filename not found) [in C:\Program Files\Unreal Engine\4.4\Engine\Binaries\Win64\UE4Editor-CoreUObject.dll]
Address = 0xeee1c972 (filename not found) [in C:\Program Files\Unreal Engine\4.4\Engine\Binaries\Win64\UE4Editor-CoreUObject.dll]
Address = 0xeee75f5a (filename not found) [in C:\Program Files\Unreal Engine\4.4\Engine\Binaries\Win64\UE4Editor-CoreUObject.dll]
Address = 0xeee3c1ae (filename not found) [in C:\Program Files\Unreal Engine\4.4\Engine\Binaries\Win64\UE4Editor-CoreUObject.dll]
Address = 0xeee3b535 (filename not found) [in C:\Program Files\Unreal Engine\4.4\Engine\Binaries\Win64\UE4Editor-CoreUObject.dll]
Address = 0xeee3c2da (filename not found) [in C:\Program Files\Unreal Engine\4.4\Engine\Binaries\Win64\UE4Editor-CoreUObject.dll]
Address = 0xeee3b535 (filename not found) [in C:\Program Files\Unreal Engine\4.4\Engine\Binaries\Win64\UE4Editor-CoreUObject.dll]
Address = 0xeee3b44a (filename not found) [in C:\Program Files\Unreal Engine\4.4\Engine\Binaries\Win64\UE4Editor-CoreUObject.dll]
Address = 0xeee07ce0 (filename not found) [in C:\Program Files\Unreal Engine\4.4\Engine\Binaries\Win64\UE4Editor-CoreUObject.dll]
Address = 0xeee3a7b0 (filename not found) [in C:\Program Files\Unreal Engine\4.4\Engine\Binaries\Win64\UE4Editor-CoreUObject.dll]
Address = 0xeee012c8 (filename not found) [in C:\Program Files\Unreal Engine\4.4\Engine\Binaries\Win64\UE4Editor-CoreUObject.dll]
Address = 0xeee13b6a (filename not found) [in C:\Program Files\Unreal Engine\4.4\Engine\Binaries\Win64\UE4Editor-CoreUObject.dll]
Address = 0xeee75e92 (filename not found) [in C:\Program Files\Unreal Engine\4.4\Engine\Binaries\Win64\UE4Editor-CoreUObject.dll]
Address = 0xeb7c92e4 (filename not found) [in C:\Program Files\Unreal Engine\4.4\Engine\Binaries\Win64\UE4Editor-UnrealEd.dll]
Address = 0xeb7bc4ed (filename not found) [in C:\Program Files\Unreal Engine\4.4\Engine\Binaries\Win64\UE4Editor-UnrealEd.dll]
Address = 0xeb7aa291 (filename not found) [in C:\Program Files\Unreal Engine\4.4\Engine\Binaries\Win64\UE4Editor-UnrealEd.dll]
Address = 0xebaaf0f0 (filename not found) [in C:\Program Files\Unreal Engine\4.4\Engine\Binaries\Win64\UE4Editor-UnrealEd.dll]
Address = 0xeb822834 (filename not found) [in C:\Program Files\Unreal Engine\4.4\Engine\Binaries\Win64\UE4Editor-UnrealEd.dll]
Address = 0xeb823335 (filename not found) [in C:\Program Files\Unreal Engine\4.4\Engine\Binaries\Win64\UE4Editor-UnrealEd.dll]
Address = 0xe09492aa (filename not found) [in C:\Program Files\Unreal Engine\4.4\Engine\Binaries\Win64\UE4Editor-LevelEditor.dll]
Address = 0xec7b5246 (filename not found) [in C:\Program Files\Unreal Engine\4.4\Engine\Binaries\Win64\UE4Editor-Slate.dll]
Address = 0xec8fbe27 (filename not found) [in C:\Program Files\Unreal Engine\4.4\Engine\Binaries\Win64\UE4Editor-Slate.dll]
Address = 0xec904dd8 (filename not found) [in C:\Program Files\Unreal Engine\4.4\Engine\Binaries\Win64\UE4Editor-Slate.dll]
Address = 0xec8ccd5c (filename not found) [in C:\Program Files\Unreal Engine\4.4\Engine\Binaries\Win64\UE4Editor-Slate.dll]
Address = 0xec99569a (filename not found) [in C:\Program Files\Unreal Engine\4.4\Engine\Binaries\Win64\UE4Editor-Slate.dll]
Address = 0xec9cf169 (filename not found) [in C:\Program Files\Unreal Engine\4.4\Engine\Binaries\Win64\UE4Editor-Slate.dll]
Address = 0xec7f1ddf (filename not found) [in C:\Program Files\Unreal Engine\4.4\Engine\Binaries\Win64\UE4Editor-Slate.dll]
Address = 0xec7e1989 (filename not found) [in C:\Program Files\Unreal Engine\4.4\Engine\Binaries\Win64\UE4Editor-Slate.dll]
Address = 0xee6b34d5 (filename not found) [in C:\Program Files\Unreal Engine\4.4\Engine\Binaries\Win64\UE4Editor-Core.dll]
Address = 0xee69f871 (filename not found) [in C:\Program Files\Unreal Engine\4.4\Engine\Binaries\Win64\UE4Editor-Core.dll]
Address = 0xee6b461e (filename not found) [in C:\Program Files\Unreal Engine\4.4\Engine\Binaries\Win64\UE4Editor-Core.dll]
Address = 0xee69c6e2 (filename not found) [in C:\Program Files\Unreal Engine\4.4\Engine\Binaries\Win64\UE4Editor-Core.dll]
Address = 0x77139bd1 (filename not found) [in C:\Windows\system32\USER32.dll]
Address = 0x771398da (filename not found) [in C:\Windows\system32\USER32.dll]
Address = 0xee6b4ac6 (filename not found) [in C:\Program Files\Unreal Engine\4.4\Engine\Binaries\Win64\UE4Editor-Core.dll]
FEngineLoop::Tick() 0x3fce708d + 8 bytes [File=d:\buildfarm\buildmachine_++depot+ue4-releases+4.4\engine\source\runtime\launch\private\launchengineloop.cpp:2080] [in C:\Program Files\Unreal Engine\4.4\Engine\Binaries\Win64\UE4Editor.exe]
GuardedMain() 0x3fcdca3c + 0 bytes [File=d:\buildfarm\buildmachine_++depot+ue4-releases+4.4\engine\source\runtime\launch\private\launch.cpp:133] [in C:\Program Files\Unreal Engine\4.4\Engine\Binaries\Win64\UE4Editor.exe]
GuardedMainWrapper() 0x3fcdcaaa + 5 bytes [File=d:\buildfarm\buildmachine_++depot+ue4-releases+4.4\engine\source\runtime\launch\private\windows\launchwindows.cpp:125] [in C:\Program Files\Unreal Engine\4.4\Engine\Binaries\Win64\UE4Editor.exe]
WinMain() 0x3fce88c9 + 17 bytes [File=d:\buildfarm\buildmachine_++depot+ue4-releases+4.4\engine\source\runtime\launch\private\windows\launchwindows.cpp:201] [in C:\Program Files\Unreal Engine\4.4\Engine\Binaries\Win64\UE4Editor.exe]
__tmainCRTStartup() 0x3fce96f9 + 21 bytes [File=f:\dd\vctools\crt\crtw32\dllstuff\crtexe.c:618] [in C:\Program Files\Unreal Engine\4.4\Engine\Binaries\Win64\UE4Editor.exe]
Address = 0x772359ed (filename not found) [in C:\Windows\system32\kernel32.dll]
Address = 0x7736c541 (filename not found) [in C:\Windows\SYSTEM32\ntdll.dll]
Address = 0x7736c541 (filename not found) [in C:\Windows\SYSTEM32\ntdll.dll]

[2014.10.04-20.28.01:274][687]LogOutputDevice: === Handled error: ===
Ensure condition failed: 1 == StructProperty->ArrayDim [File:D:\BuildFarm\buildmachine_++depot+UE4-Releases+4.4\Engine\Source\Editor\KismetCompiler\Private\KismetCompilerVMBackend.cpp] [Line: 460]

Stack: Address = 0xee745216 (filename not found) [in C:\Program Files\Unreal Engine\4.4\Engine\Binaries\Win64\UE4Editor-Core.dll]
Address = 0xee5d19d1 (filename not found) [in C:\Program Files\Unreal Engine\4.4\Engine\Binaries\Win64\UE4Editor-Core.dll]
Address = 0xf1398874 (filename not found) [in C:\Program Files\Unreal Engine\4.4\Engine\Binaries\Win64\UE4Editor-KismetCompiler.dll]
Address = 0xf139803c (filename not found) [in C:\Program Files\Unreal Engine\4.4\Engine\Binaries\Win64\UE4Editor-KismetCompiler.dll]
Address = 0xf13a7938 (filename not found) [in C:\Program Files\Unreal Engine\4.4\Engine\Binaries\Win64\UE4Editor-KismetCompiler.dll]
Address = 0xf13878f7 (filename not found) [in C:\Program Files\Unreal Engine\4.4\Engine\Binaries\Win64\UE4Editor-KismetCompiler.dll]
Address = 0xf13a7b8d (filename not found) [in C:\Program Files\Unreal Engine\4.4\Engine\Binaries\Win64\UE4Editor-KismetCompiler.dll]
Address = 0xf13831a3 (filename not found) [in C:\Program Files\Unreal Engine\4.4\Engine\Binaries\Win64\UE4Editor-KismetCompiler.dll]
Address = 0xf1383ccc (filename not found) [in C:\Program Files\Unreal Engine\4.4\Engine\Binaries\Win64\UE4Editor-KismetCompiler.dll]
Address = 0xf138383e (filename not found) [in C:\Program Files\Unreal Engine\4.4\Engine\Binaries\Win64\UE4Editor-KismetCompiler.dll]
Address = 0xebe04bf8 (filename not found) [in C:\Program Files\Unreal Engine\4.4\Engine\Binaries\Win64\UE4Editor-UnrealEd.dll]
Address = 0xe83a8e07 (filename not found) [in C:\Program Files\Unreal Engine\4.4\Engine\Binaries\Win64\UE4Editor-Engine.dll]
Address = 0xeed580cf (filename not found) [in C:\Program Files\Unreal Engine\4.4\Engine\Binaries\Win64\UE4Editor-CoreUObject.dll]
Address = 0xeee00183 (filename not found) [in C:\Program Files\Unreal Engine\4.4\Engine\Binaries\Win64\UE4Editor-CoreUObject.dll]
Address = 0xeee1ab54 (filename not found) [in C:\Program Files\Unreal Engine\4.4\Engine\Binaries\Win64\UE4Editor-CoreUObject.dll]
Address = 0xeedffa5e (filename not found) [in C:\Program Files\Unreal Engine\4.4\Engine\Binaries\Win64\UE4Editor-CoreUObject.dll]
Address = 0xeee1ab54 (filename not found) [in C:\Program Files\Unreal Engine\4.4\Engine\Binaries\Win64\UE4Editor-CoreUObject.dll]
Address = 0xeedffa5e (filename not found) [in C:\Program Files\Unreal Engine\4.4\Engine\Binaries\Win64\UE4Editor-CoreUObject.dll]
Address = 0xeee1c972 (filename not found) [in C:\Program Files\Unreal Engine\4.4\Engine\Binaries\Win64\UE4Editor-CoreUObject.dll]
Address = 0xeee75f5a (filename not found) [in C:\Program Files\Unreal Engine\4.4\Engine\Binaries\Win64\UE4Editor-CoreUObject.dll]
Address = 0xeee3c1ae (filename not found) [in C:\Program Files\Unreal Engine\4.4\Engine\Binaries\Win64\UE4Editor-CoreUObject.dll]
Address = 0xeee3b535 (filename not found) [in C:\Program Files\Unreal Engine\4.4\Engine\Binaries\Win64\UE4Editor-CoreUObject.dll]
Address = 0xeee3c2da (filename not found) [in C:\Program Files\Unreal Engine\4.4\Engine\Binaries\Win64\UE4Editor-CoreUObject.dll]
Address = 0xeee3b535 (filename not found) [in C:\Program Files\Unreal Engine\4.4\Engine\Binaries\Win64\UE4Editor-CoreUObject.dll]
Address = 0xeee3b44a (filename not found) [in C:\Program Files\Unreal Engine\4.4\Engine\Binaries\Win64\UE4Editor-CoreUObject.dll]
Address = 0xeee07ce0 (filename not found) [in C:\Program Files\Unreal Engine\4.4\Engine\Binaries\Win64\UE4Editor-CoreUObject.dll]
Address = 0xeee3a7b0 (filename not found) [in C:\Program Files\Unreal Engine\4.4\Engine\Binaries\Win64\UE4Editor-CoreUObject.dll]
Address = 0xeee012c8 (filename not found) [in C:\Program Files\Unreal Engine\4.4\Engine\Binaries\Win64\UE4Editor-CoreUObject.dll]
Address = 0xeee13b6a (filename not found) [in C:\Program Files\Unreal Engine\4.4\Engine\Binaries\Win64\UE4Editor-CoreUObject.dll]
Address = 0xeee75e92 (filename not found) [in C:\Program Files\Unreal Engine\4.4\Engine\Binaries\Win64\UE4Editor-CoreUObject.dll]
Address = 0xeb7c92e4 (filename not found) [in C:\Program Files\Unreal Engine\4.4\Engine\Binaries\Win64\UE4Editor-UnrealEd.dll]
Address = 0xeb7bc4ed (filename not found) [in C:\Program Files\Unreal Engine\4.4\Engine\Binaries\Win64\UE4Editor-UnrealEd.dll]
Address = 0xeb7aa291 (filename not found) [in C:\Program Files\Unreal Engine\4.4\Engine\Binaries\Win64\UE4Editor-UnrealEd.dll]
Address = 0xebaaf0f0 (filename not found) [in C:\Program Files\Unreal Engine\4.4\Engine\Binaries\Win64\UE4Editor-UnrealEd.dll]
Address = 0xeb822834 (filename not found) [in C:\Program Files\Unreal Engine\4.4\Engine\Binaries\Win64\UE4Editor-UnrealEd.dll]
Address = 0xeb823335 (filename not found) [in C:\Program Files\Unreal Engine\4.4\Engine\Binaries\Win64\UE4Editor-UnrealEd.dll]
Address = 0xe09492aa (filename not found) [in C:\Program Files\Unreal Engine\4.4\Engine\Binaries\Win64\UE4Editor-LevelEditor.dll]
Address = 0xec7b5246 (filename not found) [in C:\Program Files\Unreal Engine\4.4\Engine\Binaries\Win64\UE4Editor-Slate.dll]
Address = 0xec8fbe27 (filename not found) [in C:\Program Files\Unreal Engine\4.4\Engine\Binaries\Win64\UE4Editor-Slate.dll]
Address = 0xec904dd8 (filename not found) [in C:\Program Files\Unreal Engine\4.4\Engine\Binaries\Win64\UE4Editor-Slate.dll]
Address = 0xec8ccd5c (filename not found) [in C:\Program Files\Unreal Engine\4.4\Engine\Binaries\Win64\UE4Editor-Slate.dll]
Address = 0xec99569a (filename not found) [in C:\Program Files\Unreal Engine\4.4\Engine\Binaries\Win64\UE4Editor-Slate.dll]
Address = 0xec9cf169 (filename not found) [in C:\Program Files\Unreal Engine\4.4\Engine\Binaries\Win64\UE4Editor-Slate.dll]
Address = 0xec7f1ddf (filename not found) [in C:\Program Files\Unreal Engine\4.4\Engine\Binaries\Win64\UE4Editor-Slate.dll]
Address = 0xec7e1989 (filename not found) [in C:\Program Files\Unreal Engine\4.4\Engine\Binaries\Win64\UE4Editor-Slate.dll]
Address = 0xee6b34d5 (filename not found) [in C:\Program Files\Unreal Engine\4.4\Engine\Binaries\Win64\UE4Editor-Core.dll]
Address = 0xee69f871 (filename not found) [in C:\Program Files\Unreal Engine\4.4\Engine\Binaries\Win64\UE4Editor-Core.dll]
Address = 0xee6b461e (filename not found) [in C:\Program Files\Unreal Engine\4.4\Engine\Binaries\Win64\UE4Editor-Core.dll]
Address = 0xee69c6e2 (filename not found) [in C:\Program Files\Unreal Engine\4.4\Engine\Binaries\Win64\UE4Editor-Core.dll]
Address = 0x77139bd1 (filename not found) [in C:\Windows\system32\USER32.dll]
Address = 0x771398da (filename not found) [in C:\Windows\system32\USER32.dll]
Address = 0xee6b4ac6 (filename not found) [in C:\Program Files\Unreal Engine\4.4\Engine\Binaries\Win64\UE4Editor-Core.dll]
FEngineLoop::Tick() 0x3fce708d + 8 bytes [File=d:\buildfarm\buildmachine_++depot+ue4-releases+4.4\engine\source\runtime\launch\private\launchengineloop.cpp:2080] [in C:\Program Files\Unreal Engine\4.4\Engine\Binaries\Win64\UE4Editor.exe]
GuardedMain() 0x3fcdca3c + 0 bytes [File=d:\buildfarm\buildmachine_++depot+ue4-releases+4.4\engine\source\runtime\launch\private\launch.cpp:133] [in C:\Program Files\Unreal Engine\4.4\Engine\Binaries\Win64\UE4Editor.exe]
GuardedMainWrapper() 0x3fcdcaaa + 5 bytes [File=d:\buildfarm\buildmachine_++depot+ue4-releases+4.4\engine\source\runtime\launch\private\windows\launchwindows.cpp:125] [in C:\Program Files\Unreal Engine\4.4\Engine\Binaries\Win64\UE4Editor.exe]
WinMain() 0x3fce88c9 + 17 bytes [File=d:\buildfarm\buildmachine_++depot+ue4-releases+4.4\engine\source\runtime\launch\private\windows\launchwindows.cpp:201] [in C:\Program Files\Unreal Engine\4.4\Engine\Binaries\Win64\UE4Editor.exe]
__tmainCRTStartup() 0x3fce96f9 + 21 bytes [File=f:\dd\vctools\crt\crtw32\dllstuff\crtexe.c:618] [in C:\Program Files\Unreal Engine\4.4\Engine\Binaries\Win64\UE4Editor.exe]
Address = 0x772359ed (filename not found) [in C:\Windows\system32\kernel32.dll]
Address = 0x7736c541 (filename not found) [in C:\Windows\SYSTEM32\ntdll.dll]
Address = 0x7736c541 (filename not found) [in C:\Windows\SYSTEM32\ntdll.dll]

[2014.10.04-20.28.03:422][687]BlueprintLog:Warning: Warning Blueprint MyGame has been migrated and requires re-saving to avoid import errors
[2014.10.04-20.28.03:920][687]LogEditorServer: Finished looking for orphan Actors (0.000 secs)
[2014.10.04-20.28.03:921][687]LogAIModule: Creating AISystem for world Swimming
[2014.10.04-20.28.03:953][687]Cmd: MAP CHECKDEP
[2014.10.04-20.28.03:954][687]MapCheck: New page: Swimming - Oct 4, 2014, 12:28:03 PM
[2014.10.04-20.28.04:088][687]MapCheck: Info ========== Map Check: 0 Error(s), 0 Warning(s), [134.946ms] ==========
[2014.10.04-20.28.04:089][687]LogFileHelpers: Loading map 'Swimming' took 4.837
[2014.10.04-20.28.08:309][764]LogContentBrowser:Verbose: The content browser source was changed by the sources view to '/Game/Fonts'
[2014.10.04-20.28.09:493][796]LogContentBrowser:Verbose: The content browser source was changed by the sources view to '/Game/Blueprints'
[2014.10.04-20.28.19:213][970]LogRenderer:Warning: Reallocating scene render targets to support 944x584.
[2014.10.04-20.28.45:958][314]LogActorComponent: UnregisterComponent: (/Engine/Transient.CharacterMovementComponent_0) Not registered. Aborting.
[2014.10.04-20.29.08:861][639]LogEditorTransaction: Undo Modify Component(s)
[2014.10.04-20.29.09:009][639]LogActorComponent: UnregisterComponent: (/Engine/Transient.CharacterMovementComponent_1) Not registered. Aborting.
[2014.10.04-20.29.21:827][856]BlueprintLog: New page: Compile blueprintCharacter
[2014.10.04-20.29.22:126][856]LogOutputDevice: === Handled error: ===
Ensure condition failed: 1 == StructProperty->ArrayDim [File:D:\BuildFarm\buildmachine_++depot+UE4-Releases+4.4\Engine\Source\Editor\KismetCompiler\Private\KismetCompilerVMBackend.cpp] [Line: 460]

Stack: Address = 0xee745216 (filename not found) [in C:\Program Files\Unreal Engine\4.4\Engine\Binaries\Win64\UE4Editor-Core.dll]
Address = 0xee5d19d1 (filename not found) [in C:\Program Files\Unreal Engine\4.4\Engine\Binaries\Win64\UE4Editor-Core.dll]
Address = 0xf1398874 (filename not found) [in C:\Program Files\Unreal Engine\4.4\Engine\Binaries\Win64\UE4Editor-KismetCompiler.dll]
Address = 0xf139803c (filename not found) [in C:\Program Files\Unreal Engine\4.4\Engine\Binaries\Win64\UE4Editor-KismetCompiler.dll]
Address = 0xf13a7938 (filename not found) [in C:\Program Files\Unreal Engine\4.4\Engine\Binaries\Win64\UE4Editor-KismetCompiler.dll]
Address = 0xf13878f7 (filename not found) [in C:\Program Files\Unreal Engine\4.4\Engine\Binaries\Win64\UE4Editor-KismetCompiler.dll]
Address = 0xf13a7b8d (filename not found) [in C:\Program Files\Unreal Engine\4.4\Engine\Binaries\Win64\UE4Editor-KismetCompiler.dll]
Address = 0xf13831a3 (filename not found) [in C:\Program Files\Unreal Engine\4.4\Engine\Binaries\Win64\UE4Editor-KismetCompiler.dll]
Address = 0xf1383ccc (filename not found) [in C:\Program Files\Unreal Engine\4.4\Engine\Binaries\Win64\UE4Editor-KismetCompiler.dll]
Address = 0xf138383e (filename not found) [in C:\Program Files\Unreal Engine\4.4\Engine\Binaries\Win64\UE4Editor-KismetCompiler.dll]
Address = 0xebde191a (filename not found) [in C:\Program Files\Unreal Engine\4.4\Engine\Binaries\Win64\UE4Editor-UnrealEd.dll]
Address = 0xe7581727 (filename not found) [in C:\Program Files\Unreal Engine\4.4\Engine\Binaries\Win64\UE4Editor-Kismet.dll]
Address = 0xe75bbc1d (filename not found) [in C:\Program Files\Unreal Engine\4.4\Engine\Binaries\Win64\UE4Editor-Kismet.dll]
Address = 0xe75c0b57 (filename not found) [in C:\Program Files\Unreal Engine\4.4\Engine\Binaries\Win64\UE4Editor-Kismet.dll]
Address = 0xec7b5246 (filename not found) [in C:\Program Files\Unreal Engine\4.4\Engine\Binaries\Win64\UE4Editor-Slate.dll]
Address = 0xec8fc2ad (filename not found) [in C:\Program Files\Unreal Engine\4.4\Engine\Binaries\Win64\UE4Editor-Slate.dll]
Address = 0xec8cd0ec (filename not found) [in C:\Program Files\Unreal Engine\4.4\Engine\Binaries\Win64\UE4Editor-Slate.dll]
Address = 0xec99569a (filename not found) [in C:\Program Files\Unreal Engine\4.4\Engine\Binaries\Win64\UE4Editor-Slate.dll]
Address = 0xec9cf169 (filename not found) [in C:\Program Files\Unreal Engine\4.4\Engine\Binaries\Win64\UE4Editor-Slate.dll]
Address = 0xec7f1ddf (filename not found) [in C:\Program Files\Unreal Engine\4.4\Engine\Binaries\Win64\UE4Editor-Slate.dll]
Address = 0xec7e1989 (filename not found) [in C:\Program Files\Unreal Engine\4.4\Engine\Binaries\Win64\UE4Editor-Slate.dll]
Address = 0xee6b34d5 (filename not found) [in C:\Program Files\Unreal Engine\4.4\Engine\Binaries\Win64\UE4Editor-Core.dll]
Address = 0xee69f871 (filename not found) [in C:\Program Files\Unreal Engine\4.4\Engine\Binaries\Win64\UE4Editor-Core.dll]
Address = 0xee6b461e (filename not found) [in C:\Program Files\Unreal Engine\4.4\Engine\Binaries\Win64\UE4Editor-Core.dll]
Address = 0xee69c6e2 (filename not found) [in C:\Program Files\Unreal Engine\4.4\Engine\Binaries\Win64\UE4Editor-Core.dll]
Address = 0x77139bd1 (filename not found) [in C:\Windows\system32\USER32.dll]
Address = 0x771398da (filename not found) [in C:\Windows\system32\USER32.dll]
Address = 0xee6b4ac6 (filename not found) [in C:\Program Files\Unreal Engine\4.4\Engine\Binaries\Win64\UE4Editor-Core.dll]
FEngineLoop::Tick() 0x3fce708d + 8 bytes [File=d:\buildfarm\buildmachine_++depot+ue4-releases+4.4\engine\source\runtime\launch\private\launchengineloop.cpp:2080] [in C:\Program Files\Unreal Engine\4.4\Engine\Binaries\Win64\UE4Editor.exe]
GuardedMain() 0x3fcdca3c + 0 bytes [File=d:\buildfarm\buildmachine_++depot+ue4-releases+4.4\engine\source\runtime\launch\private\launch.cpp:133] [in C:\Program Files\Unreal Engine\4.4\Engine\Binaries\Win64\UE4Editor.exe]
GuardedMainWrapper() 0x3fcdcaaa + 5 bytes [File=d:\buildfarm\buildmachine_++depot+ue4-releases+4.4\engine\source\runtime\launch\private\windows\launchwindows.cpp:125] [in C:\Program Files\Unreal Engine\4.4\Engine\Binaries\Win64\UE4Editor.exe]
WinMain() 0x3fce88c9 + 17 bytes [File=d:\buildfarm\buildmachine_++depot+ue4-releases+4.4\engine\source\runtime\launch\private\windows\launchwindows.cpp:201] [in C:\Program Files\Unreal Engine\4.4\Engine\Binaries\Win64\UE4Editor.exe]
__tmainCRTStartup() 0x3fce96f9 + 21 bytes [File=f:\dd\vctools\crt\crtw32\dllstuff\crtexe.c:618] [in C:\Program Files\Unreal Engine\4.4\Engine\Binaries\Win64\UE4Editor.exe]
Address = 0x772359ed (filename not found) [in C:\Windows\system32\kernel32.dll]
Address = 0x7736c541 (filename not found) [in C:\Windows\SYSTEM32\ntdll.dll]
Address = 0x7736c541 (filename not found) [in C:\Windows\SYSTEM32\ntdll.dll]

[2014.10.04-20.29.22:643][856]LogActorComponent: UnregisterComponent: (/Engine/Transient.CharacterMovementComponent_2) Not registered. Aborting.
[2014.10.04-20.29.22:771][856]BlueprintEditorCompileResults: Info [0185.18] Compile of blueprintCharacter successful! [in 513 ms]
[2014.10.04-20.29.25:089][888]BlueprintLog: New page: Pre-PIE auto-recompile
[2014.10.04-20.29.25:089][888]LogPlayLevel: [PIE] Compiling Swimming before PIE...
[2014.10.04-20.29.25:145][888]LogActorComponent: UnregisterComponent: (/Engine/Transient.CharacterMovementComponent_3) Not registered. Aborting.
[2014.10.04-20.29.25:178][888]LogPlayLevel: PIE:  Blueprint regeneration took 88 ms (1 blueprints)
[2014.10.04-20.29.25:178][888]PIE: New page: PIE session: Swimming (Oct 4, 2014, 12:29:25 PM)
[2014.10.04-20.29.25:204][888]LogPlayLevel: PIE: StaticDuplicateObject took: (0.025391s)
[2014.10.04-20.29.25:205][888]LogPlayLevel: PIE: World Init took: (0.001325s)
[2014.10.04-20.29.25:205][888]LogPlayLevel: PIE: Created PIE world by copying editor world from /Game/Maps/Swimming.Swimming to /Game/Maps/UEDPIE_0_Swimming.Swimming (0.026920s)
[2014.10.04-20.29.25:252][888]LogWorld: Game class is 'MyGame_C'
[2014.10.04-20.29.25:255][888]LogAIModule: Creating AISystem for world Swimming
[2014.10.04-20.29.25:263][888]LogWorld: Bringing World /Game/Maps/UEDPIE_0_Swimming.Swimming up for play (max tick rate 0) at 2014.10.04-16.29.25
[2014.10.04-20.29.25:265][888]LogWorld: Bringing up level for play took: 0.009934
[2014.10.04-20.29.25:275][888]PIE: Info Play in editor start time for /Game/Maps/UEDPIE_0_Swimming -0.673
[2014.10.04-20.29.25:326][888]LogRenderer:Warning: Reallocating scene render targets to support 1296x728.
[2014.10.04-20.29.38:561][ 82]LogParticles: Destroying 0 GPU particle simulations for FXSystem 0x00000000043AE340
[2014.10.04-20.29.50:161][246]BlueprintLog: New page: Compile blueprintCharacter
[2014.10.04-20.29.50:480][246]LogOutputDevice: === Handled error: ===
Ensure condition failed: 1 == StructProperty->ArrayDim [File:D:\BuildFarm\buildmachine_++depot+UE4-Releases+4.4\Engine\Source\Editor\KismetCompiler\Private\KismetCompilerVMBackend.cpp] [Line: 460]

Stack: Address = 0xee745216 (filename not found) [in C:\Program Files\Unreal Engine\4.4\Engine\Binaries\Win64\UE4Editor-Core.dll]
Address = 0xee5d19d1 (filename not found) [in C:\Program Files\Unreal Engine\4.4\Engine\Binaries\Win64\UE4Editor-Core.dll]
Address = 0xf1398874 (filename not found) [in C:\Program Files\Unreal Engine\4.4\Engine\Binaries\Win64\UE4Editor-KismetCompiler.dll]
Address = 0xf139803c (filename not found) [in C:\Program Files\Unreal Engine\4.4\Engine\Binaries\Win64\UE4Editor-KismetCompiler.dll]
Address = 0xf13a7938 (filename not found) [in C:\Program Files\Unreal Engine\4.4\Engine\Binaries\Win64\UE4Editor-KismetCompiler.dll]
Address = 0xf13878f7 (filename not found) [in C:\Program Files\Unreal Engine\4.4\Engine\Binaries\Win64\UE4Editor-KismetCompiler.dll]
Address = 0xf13a7b8d (filename not found) [in C:\Program Files\Unreal Engine\4.4\Engine\Binaries\Win64\UE4Editor-KismetCompiler.dll]
Address = 0xf13831a3 (filename not found) [in C:\Program Files\Unreal Engine\4.4\Engine\Binaries\Win64\UE4Editor-KismetCompiler.dll]
Address = 0xf1383ccc (filename not found) [in C:\Program Files\Unreal Engine\4.4\Engine\Binaries\Win64\UE4Editor-KismetCompiler.dll]
Address = 0xf138383e (filename not found) [in C:\Program Files\Unreal Engine\4.4\Engine\Binaries\Win64\UE4Editor-KismetCompiler.dll]
Address = 0xebde191a (filename not found) [in C:\Program Files\Unreal Engine\4.4\Engine\Binaries\Win64\UE4Editor-UnrealEd.dll]
Address = 0xe7581727 (filename not found) [in C:\Program Files\Unreal Engine\4.4\Engine\Binaries\Win64\UE4Editor-Kismet.dll]
Address = 0xe75bbc1d (filename not found) [in C:\Program Files\Unreal Engine\4.4\Engine\Binaries\Win64\UE4Editor-Kismet.dll]
Address = 0xe75c0b57 (filename not found) [in C:\Program Files\Unreal Engine\4.4\Engine\Binaries\Win64\UE4Editor-Kismet.dll]
Address = 0xec7b5246 (filename not found) [in C:\Program Files\Unreal Engine\4.4\Engine\Binaries\Win64\UE4Editor-Slate.dll]
Address = 0xec8fc2ad (filename not found) [in C:\Program Files\Unreal Engine\4.4\Engine\Binaries\Win64\UE4Editor-Slate.dll]
Address = 0xec8cd0ec (filename not found) [in C:\Program Files\Unreal Engine\4.4\Engine\Binaries\Win64\UE4Editor-Slate.dll]
Address = 0xec99569a (filename not found) [in C:\Program Files\Unreal Engine\4.4\Engine\Binaries\Win64\UE4Editor-Slate.dll]
Address = 0xec9cf169 (filename not found) [in C:\Program Files\Unreal Engine\4.4\Engine\Binaries\Win64\UE4Editor-Slate.dll]
Address = 0xec7f1ddf (filename not found) [in C:\Program Files\Unreal Engine\4.4\Engine\Binaries\Win64\UE4Editor-Slate.dll]
Address = 0xec7e1989 (filename not found) [in C:\Program Files\Unreal Engine\4.4\Engine\Binaries\Win64\UE4Editor-Slate.dll]
Address = 0xee6b34d5 (filename not found) [in C:\Program Files\Unreal Engine\4.4\Engine\Binaries\Win64\UE4Editor-Core.dll]
Address = 0xee69f871 (filename not found) [in C:\Program Files\Unreal Engine\4.4\Engine\Binaries\Win64\UE4Editor-Core.dll]
Address = 0xee6b461e (filename not found) [in C:\Program Files\Unreal Engine\4.4\Engine\Binaries\Win64\UE4Editor-Core.dll]
Address = 0xee69c6e2 (filename not found) [in C:\Program Files\Unreal Engine\4.4\Engine\Binaries\Win64\UE4Editor-Core.dll]
Address = 0x77139bd1 (filename not found) [in C:\Windows\system32\USER32.dll]
Address = 0x771398da (filename not found) [in C:\Windows\system32\USER32.dll]
Address = 0xee6b4ac6 (filename not found) [in C:\Program Files\Unreal Engine\4.4\Engine\Binaries\Win64\UE4Editor-Core.dll]
FEngineLoop::Tick() 0x3fce708d + 8 bytes [File=d:\buildfarm\buildmachine_++depot+ue4-releases+4.4\engine\source\runtime\launch\private\launchengineloop.cpp:2080] [in C:\Program Files\Unreal Engine\4.4\Engine\Binaries\Win64\UE4Editor.exe]
GuardedMain() 0x3fcdca3c + 0 bytes [File=d:\buildfarm\buildmachine_++depot+ue4-releases+4.4\engine\source\runtime\launch\private\launch.cpp:133] [in C:\Program Files\Unreal Engine\4.4\Engine\Binaries\Win64\UE4Editor.exe]
GuardedMainWrapper() 0x3fcdcaaa + 5 bytes [File=d:\buildfarm\buildmachine_++depot+ue4-releases+4.4\engine\source\runtime\launch\private\windows\launchwindows.cpp:125] [in C:\Program Files\Unreal Engine\4.4\Engine\Binaries\Win64\UE4Editor.exe]
WinMain() 0x3fce88c9 + 17 bytes [File=d:\buildfarm\buildmachine_++depot+ue4-releases+4.4\engine\source\runtime\launch\private\windows\launchwindows.cpp:201] [in C:\Program Files\Unreal Engine\4.4\Engine\Binaries\Win64\UE4Editor.exe]
__tmainCRTStartup() 0x3fce96f9 + 21 bytes [File=f:\dd\vctools\crt\crtw32\dllstuff\crtexe.c:618] [in C:\Program Files\Unreal Engine\4.4\Engine\Binaries\Win64\UE4Editor.exe]
Address = 0x772359ed (filename not found) [in C:\Windows\system32\kernel32.dll]
Address = 0x7736c541 (filename not found) [in C:\Windows\SYSTEM32\ntdll.dll]
Address = 0x7736c541 (filename not found) [in C:\Windows\SYSTEM32\ntdll.dll]

[2014.10.04-20.29.50:541][246]LogActorComponent: UnregisterComponent: (/Engine/Transient.CharacterMovementComponent_4) Not registered. Aborting.
[2014.10.04-20.29.50:611][246]BlueprintEditorCompileResults: Info [0213.14] Compile of blueprintCharacter successful! [in 113 ms]
[2014.10.04-20.29.53:187][281]BlueprintLog: New page: Pre-PIE auto-recompile
[2014.10.04-20.29.53:187][281]LogPlayLevel: [PIE] Compiling Swimming before PIE...
[2014.10.04-20.29.53:241][281]LogActorComponent: UnregisterComponent: (/Engine/Transient.CharacterMovementComponent_5) Not registered. Aborting.
[2014.10.04-20.29.53:272][281]LogPlayLevel: PIE:  Blueprint regeneration took 85 ms (1 blueprints)
[2014.10.04-20.29.53:272][281]PIE: New page: PIE session: Swimming (Oct 4, 2014, 12:29:53 PM)
[2014.10.04-20.29.53:297][281]LogPlayLevel: PIE: StaticDuplicateObject took: (0.024867s)
[2014.10.04-20.29.53:298][281]LogPlayLevel: PIE: World Init took: (0.000675s)
[2014.10.04-20.29.53:298][281]LogPlayLevel: PIE: Created PIE world by copying editor world from /Game/Maps/Swimming.Swimming to /Game/Maps/UEDPIE_0_Swimming.Swimming (0.025724s)
[2014.10.04-20.29.53:334][281]LogWorld: Game class is 'MyGame_C'
[2014.10.04-20.29.53:337][281]LogAIModule: Creating AISystem for world Swimming
[2014.10.04-20.29.53:345][281]LogWorld: Bringing World /Game/Maps/UEDPIE_0_Swimming.Swimming up for play (max tick rate 0) at 2014.10.04-16.29.53
[2014.10.04-20.29.53:347][281]LogWorld: Bringing up level for play took: 0.010412
[2014.10.04-20.29.53:357][281]PIE: Info Play in editor start time for /Game/Maps/UEDPIE_0_Swimming -0.592
[2014.10.04-20.29.57:995][344]LogParticles: Destroying 0 GPU particle simulations for FXSystem 0x000000000CFDD080
[2014.10.04-20.30.30:200][784]LogEditorTransaction: Undo Modify Component(s)
[2014.10.04-20.30.30:346][784]LogActorComponent: UnregisterComponent: (/Engine/Transient.CharacterMovementComponent_6) Not registered. Aborting.
[2014.10.04-20.30.48:981][ 58]BlueprintLog: New page: Compile blueprintCharacter
[2014.10.04-20.30.49:250][ 58]LogOutputDevice: === Handled error: ===
Ensure condition failed: 1 == StructProperty->ArrayDim [File:D:\BuildFarm\buildmachine_++depot+UE4-Releases+4.4\Engine\Source\Editor\KismetCompiler\Private\KismetCompilerVMBackend.cpp] [Line: 460]

Stack: Address = 0xee745216 (filename not found) [in C:\Program Files\Unreal Engine\4.4\Engine\Binaries\Win64\UE4Editor-Core.dll]
Address = 0xee5d19d1 (filename not found) [in C:\Program Files\Unreal Engine\4.4\Engine\Binaries\Win64\UE4Editor-Core.dll]
Address = 0xf1398874 (filename not found) [in C:\Program Files\Unreal Engine\4.4\Engine\Binaries\Win64\UE4Editor-KismetCompiler.dll]
Address = 0xf139803c (filename not found) [in C:\Program Files\Unreal Engine\4.4\Engine\Binaries\Win64\UE4Editor-KismetCompiler.dll]
Address = 0xf13a7938 (filename not found) [in C:\Program Files\Unreal Engine\4.4\Engine\Binaries\Win64\UE4Editor-KismetCompiler.dll]
Address = 0xf13878f7 (filename not found) [in C:\Program Files\Unreal Engine\4.4\Engine\Binaries\Win64\UE4Editor-KismetCompiler.dll]
Address = 0xf13a7b8d (filename not found) [in C:\Program Files\Unreal Engine\4.4\Engine\Binaries\Win64\UE4Editor-KismetCompiler.dll]
Address = 0xf13831a3 (filename not found) [in C:\Program Files\Unreal Engine\4.4\Engine\Binaries\Win64\UE4Editor-KismetCompiler.dll]
Address = 0xf1383ccc (filename not found) [in C:\Program Files\Unreal Engine\4.4\Engine\Binaries\Win64\UE4Editor-KismetCompiler.dll]
Address = 0xf138383e (filename not found) [in C:\Program Files\Unreal Engine\4.4\Engine\Binaries\Win64\UE4Editor-KismetCompiler.dll]
Address = 0xebde191a (filename not found) [in C:\Program Files\Unreal Engine\4.4\Engine\Binaries\Win64\UE4Editor-UnrealEd.dll]
Address = 0xe7581727 (filename not found) [in C:\Program Files\Unreal Engine\4.4\Engine\Binaries\Win64\UE4Editor-Kismet.dll]
Address = 0xe75bbc1d (filename not found) [in C:\Program Files\Unreal Engine\4.4\Engine\Binaries\Win64\UE4Editor-Kismet.dll]
Address = 0xe75c0b57 (filename not found) [in C:\Program Files\Unreal Engine\4.4\Engine\Binaries\Win64\UE4Editor-Kismet.dll]
Address = 0xec7b5246 (filename not found) [in C:\Program Files\Unreal Engine\4.4\Engine\Binaries\Win64\UE4Editor-Slate.dll]
Address = 0xec8fc2ad (filename not found) [in C:\Program Files\Unreal Engine\4.4\Engine\Binaries\Win64\UE4Editor-Slate.dll]
Address = 0xec8cd0ec (filename not found) [in C:\Program Files\Unreal Engine\4.4\Engine\Binaries\Win64\UE4Editor-Slate.dll]
Address = 0xec99569a (filename not found) [in C:\Program Files\Unreal Engine\4.4\Engine\Binaries\Win64\UE4Editor-Slate.dll]
Address = 0xec9cf169 (filename not found) [in C:\Program Files\Unreal Engine\4.4\Engine\Binaries\Win64\UE4Editor-Slate.dll]
Address = 0xec7f1ddf (filename not found) [in C:\Program Files\Unreal Engine\4.4\Engine\Binaries\Win64\UE4Editor-Slate.dll]
Address = 0xec7e1989 (filename not found) [in C:\Program Files\Unreal Engine\4.4\Engine\Binaries\Win64\UE4Editor-Slate.dll]
Address = 0xee6b34d5 (filename not found) [in C:\Program Files\Unreal Engine\4.4\Engine\Binaries\Win64\UE4Editor-Core.dll]
Address = 0xee69f871 (filename not found) [in C:\Program Files\Unreal Engine\4.4\Engine\Binaries\Win64\UE4Editor-Core.dll]
Address = 0xee6b461e (filename not found) [in C:\Program Files\Unreal Engine\4.4\Engine\Binaries\Win64\UE4Editor-Core.dll]
Address = 0xee69c6e2 (filename not found) [in C:\Program Files\Unreal Engine\4.4\Engine\Binaries\Win64\UE4Editor-Core.dll]
Address = 0x77139bd1 (filename not found) [in C:\Windows\system32\USER32.dll]
Address = 0x771398da (filename not found) [in C:\Windows\system32\USER32.dll]
Address = 0xee6b4ac6 (filename not found) [in C:\Program Files\Unreal Engine\4.4\Engine\Binaries\Win64\UE4Editor-Core.dll]
FEngineLoop::Tick() 0x3fce708d + 8 bytes [File=d:\buildfarm\buildmachine_++depot+ue4-releases+4.4\engine\source\runtime\launch\private\launchengineloop.cpp:2080] [in C:\Program Files\Unreal Engine\4.4\Engine\Binaries\Win64\UE4Editor.exe]
GuardedMain() 0x3fcdca3c + 0 bytes [File=d:\buildfarm\buildmachine_++depot+ue4-releases+4.4\engine\source\runtime\launch\private\launch.cpp:133] [in C:\Program Files\Unreal Engine\4.4\Engine\Binaries\Win64\UE4Editor.exe]
GuardedMainWrapper() 0x3fcdcaaa + 5 bytes [File=d:\buildfarm\buildmachine_++depot+ue4-releases+4.4\engine\source\runtime\launch\private\windows\launchwindows.cpp:125] [in C:\Program Files\Unreal Engine\4.4\Engine\Binaries\Win64\UE4Editor.exe]
WinMain() 0x3fce88c9 + 17 bytes [File=d:\buildfarm\buildmachine_++depot+ue4-releases+4.4\engine\source\runtime\launch\private\windows\launchwindows.cpp:201] [in C:\Program Files\Unreal Engine\4.4\Engine\Binaries\Win64\UE4Editor.exe]
__tmainCRTStartup() 0x3fce96f9 + 21 bytes [File=f:\dd\vctools\crt\crtw32\dllstuff\crtexe.c:618] [in C:\Program Files\Unreal Engine\4.4\Engine\Binaries\Win64\UE4Editor.exe]
Address = 0x772359ed (filename not found) [in C:\Windows\system32\kernel32.dll]
Address = 0x7736c541 (filename not found) [in C:\Windows\SYSTEM32\ntdll.dll]
Address = 0x7736c541 (filename not found) [in C:\Windows\SYSTEM32\ntdll.dll]

[2014.10.04-20.30.49:314][ 58]LogActorComponent: UnregisterComponent: (/Engine/Transient.CharacterMovementComponent_7) Not registered. Aborting.
[2014.10.04-20.30.49:400][ 58]BlueprintEditorCompileResults: Info [0271.91] Compile of blueprintCharacter successful! [in 90 ms]
[2014.10.04-20.30.51:346][ 86]BlueprintLog: New page: Pre-PIE auto-recompile
[2014.10.04-20.30.51:346][ 86]LogPlayLevel: [PIE] Compiling Swimming before PIE...
[2014.10.04-20.30.51:400][ 86]LogActorComponent: UnregisterComponent: (/Engine/Transient.CharacterMovementComponent_8) Not registered. Aborting.
[2014.10.04-20.30.51:429][ 86]LogPlayLevel: PIE:  Blueprint regeneration took 82 ms (1 blueprints)
[2014.10.04-20.30.51:429][ 86]PIE: New page: PIE session: Swimming (Oct 4, 2014, 12:30:51 PM)
[2014.10.04-20.30.51:455][ 86]LogPlayLevel: PIE: StaticDuplicateObject took: (0.025475s)
[2014.10.04-20.30.51:455][ 86]LogPlayLevel: PIE: World Init took: (0.000634s)
[2014.10.04-20.30.51:455][ 86]LogPlayLevel: PIE: Created PIE world by copying editor world from /Game/Maps/Swimming.Swimming to /Game/Maps/UEDPIE_0_Swimming.Swimming (0.026293s)
[2014.10.04-20.30.51:495][ 86]LogWorld: Game class is 'MyGame_C'
[2014.10.04-20.30.51:498][ 86]LogAIModule: Creating AISystem for world Swimming
[2014.10.04-20.30.51:506][ 86]LogWorld: Bringing World /Game/Maps/UEDPIE_0_Swimming.Swimming up for play (max tick rate 0) at 2014.10.04-16.30.51
[2014.10.04-20.30.51:508][ 86]LogWorld: Bringing up level for play took: 0.010115
[2014.10.04-20.30.51:519][ 86]PIE: Info Play in editor start time for /Game/Maps/UEDPIE_0_Swimming -0.431
[2014.10.04-20.30.55:782][142]LogParticles: Destroying 0 GPU particle simulations for FXSystem 0x000000001B1C5080
[2014.10.04-20.31.12:047][396]BlueprintLog: New page: Compile blueprintCharacter
[2014.10.04-20.31.12:318][396]LogOutputDevice: === Handled error: ===
Ensure condition failed: 1 == StructProperty->ArrayDim [File:D:\BuildFarm\buildmachine_++depot+UE4-Releases+4.4\Engine\Source\Editor\KismetCompiler\Private\KismetCompilerVMBackend.cpp] [Line: 460]

Stack: Address = 0xee745216 (filename not found) [in C:\Program Files\Unreal Engine\4.4\Engine\Binaries\Win64\UE4Editor-Core.dll]
Address = 0xee5d19d1 (filename not found) [in C:\Program Files\Unreal Engine\4.4\Engine\Binaries\Win64\UE4Editor-Core.dll]
Address = 0xf1398874 (filename not found) [in C:\Program Files\Unreal Engine\4.4\Engine\Binaries\Win64\UE4Editor-KismetCompiler.dll]
Address = 0xf139803c (filename not found) [in C:\Program Files\Unreal Engine\4.4\Engine\Binaries\Win64\UE4Editor-KismetCompiler.dll]
Address = 0xf13a7938 (filename not found) [in C:\Program Files\Unreal Engine\4.4\Engine\Binaries\Win64\UE4Editor-KismetCompiler.dll]
Address = 0xf13878f7 (filename not found) [in C:\Program Files\Unreal Engine\4.4\Engine\Binaries\Win64\UE4Editor-KismetCompiler.dll]
Address = 0xf13a7b8d (filename not found) [in C:\Program Files\Unreal Engine\4.4\Engine\Binaries\Win64\UE4Editor-KismetCompiler.dll]
Address = 0xf13831a3 (filename not found) [in C:\Program Files\Unreal Engine\4.4\Engine\Binaries\Win64\UE4Editor-KismetCompiler.dll]
Address = 0xf1383ccc (filename not found) [in C:\Program Files\Unreal Engine\4.4\Engine\Binaries\Win64\UE4Editor-KismetCompiler.dll]
Address = 0xf138383e (filename not found) [in C:\Program Files\Unreal Engine\4.4\Engine\Binaries\Win64\UE4Editor-KismetCompiler.dll]
Address = 0xebde191a (filename not found) [in C:\Program Files\Unreal Engine\4.4\Engine\Binaries\Win64\UE4Editor-UnrealEd.dll]
Address = 0xe7581727 (filename not found) [in C:\Program Files\Unreal Engine\4.4\Engine\Binaries\Win64\UE4Editor-Kismet.dll]
Address = 0xe75bbc1d (filename not found) [in C:\Program Files\Unreal Engine\4.4\Engine\Binaries\Win64\UE4Editor-Kismet.dll]
Address = 0xe75c0b57 (filename not found) [in C:\Program Files\Unreal Engine\4.4\Engine\Binaries\Win64\UE4Editor-Kismet.dll]
Address = 0xec7b5246 (filename not found) [in C:\Program Files\Unreal Engine\4.4\Engine\Binaries\Win64\UE4Editor-Slate.dll]
Address = 0xec8fc2ad (filename not found) [in C:\Program Files\Unreal Engine\4.4\Engine\Binaries\Win64\UE4Editor-Slate.dll]
Address = 0xec8cd0ec (filename not found) [in C:\Program Files\Unreal Engine\4.4\Engine\Binaries\Win64\UE4Editor-Slate.dll]
Address = 0xec99569a (filename not found) [in C:\Program Files\Unreal Engine\4.4\Engine\Binaries\Win64\UE4Editor-Slate.dll]
Address = 0xec9cf169 (filename not found) [in C:\Program Files\Unreal Engine\4.4\Engine\Binaries\Win64\UE4Editor-Slate.dll]
Address = 0xec7f1ddf (filename not found) [in C:\Program Files\Unreal Engine\4.4\Engine\Binaries\Win64\UE4Editor-Slate.dll]
Address = 0xec7e1989 (filename not found) [in C:\Program Files\Unreal Engine\4.4\Engine\Binaries\Win64\UE4Editor-Slate.dll]
Address = 0xee6b34d5 (filename not found) [in C:\Program Files\Unreal Engine\4.4\Engine\Binaries\Win64\UE4Editor-Core.dll]
Address = 0xee69f871 (filename not found) [in C:\Program Files\Unreal Engine\4.4\Engine\Binaries\Win64\UE4Editor-Core.dll]
Address = 0xee6b461e (filename not found) [in C:\Program Files\Unreal Engine\4.4\Engine\Binaries\Win64\UE4Editor-Core.dll]
Address = 0xee69c6e2 (filename not found) [in C:\Program Files\Unreal Engine\4.4\Engine\Binaries\Win64\UE4Editor-Core.dll]
Address = 0x77139bd1 (filename not found) [in C:\Windows\system32\USER32.dll]
Address = 0x771398da (filename not found) [in C:\Windows\system32\USER32.dll]
Address = 0xee6b4ac6 (filename not found) [in C:\Program Files\Unreal Engine\4.4\Engine\Binaries\Win64\UE4Editor-Core.dll]
FEngineLoop::Tick() 0x3fce708d + 8 bytes [File=d:\buildfarm\buildmachine_++depot+ue4-releases+4.4\engine\source\runtime\launch\private\launchengineloop.cpp:2080] [in C:\Program Files\Unreal Engine\4.4\Engine\Binaries\Win64\UE4Editor.exe]
GuardedMain() 0x3fcdca3c + 0 bytes [File=d:\buildfarm\buildmachine_++depot+ue4-releases+4.4\engine\source\runtime\launch\private\launch.cpp:133] [in C:\Program Files\Unreal Engine\4.4\Engine\Binaries\Win64\UE4Editor.exe]
GuardedMainWrapper() 0x3fcdcaaa + 5 bytes [File=d:\buildfarm\buildmachine_++depot+ue4-releases+4.4\engine\source\runtime\launch\private\windows\launchwindows.cpp:125] [in C:\Program Files\Unreal Engine\4.4\Engine\Binaries\Win64\UE4Editor.exe]
WinMain() 0x3fce88c9 + 17 bytes [File=d:\buildfarm\buildmachine_++depot+ue4-releases+4.4\engine\source\runtime\launch\private\windows\launchwindows.cpp:201] [in C:\Program Files\Unreal Engine\4.4\Engine\Binaries\Win64\UE4Editor.exe]
__tmainCRTStartup() 0x3fce96f9 + 21 bytes [File=f:\dd\vctools\crt\crtw32\dllstuff\crtexe.c:618] [in C:\Program Files\Unreal Engine\4.4\Engine\Binaries\Win64\UE4Editor.exe]
Address = 0x772359ed (filename not found) [in C:\Windows\system32\kernel32.dll]
Address = 0x7736c541 (filename not found) [in C:\Windows\SYSTEM32\ntdll.dll]
Address = 0x7736c541 (filename not found) [in C:\Windows\SYSTEM32\ntdll.dll]

[2014.10.04-20.31.12:379][396]LogActorComponent: UnregisterComponent: (/Engine/Transient.CharacterMovementComponent_9) Not registered. Aborting.
[2014.10.04-20.31.12:462][396]BlueprintEditorCompileResults: Info [0294.97] Compile of blueprintCharacter successful! [in 91 ms]
[2014.10.04-20.31.14:249][420]BlueprintLog: New page: Pre-PIE auto-recompile
[2014.10.04-20.31.14:249][420]LogPlayLevel: [PIE] Compiling Swimming before PIE...
[2014.10.04-20.31.14:303][420]LogActorComponent: UnregisterComponent: (/Engine/Transient.CharacterMovementComponent_10) Not registered. Aborting.
[2014.10.04-20.31.14:334][420]LogPlayLevel: PIE:  Blueprint regeneration took 84 ms (1 blueprints)
[2014.10.04-20.31.14:334][420]PIE: New page: PIE session: Swimming (Oct 4, 2014, 12:31:14 PM)
[2014.10.04-20.31.14:359][420]LogPlayLevel: PIE: StaticDuplicateObject took: (0.024617s)
[2014.10.04-20.31.14:359][420]LogPlayLevel: PIE: World Init took: (0.000622s)
[2014.10.04-20.31.14:359][420]LogPlayLevel: PIE: Created PIE world by copying editor world from /Game/Maps/Swimming.Swimming to /Game/Maps/UEDPIE_0_Swimming.Swimming (0.025419s)
[2014.10.04-20.31.14:394][420]LogWorld: Game class is 'MyGame_C'
[2014.10.04-20.31.14:397][420]LogAIModule: Creating AISystem for world Swimming
[2014.10.04-20.31.14:405][420]LogWorld: Bringing World /Game/Maps/UEDPIE_0_Swimming.Swimming up for play (max tick rate 0) at 2014.10.04-16.31.14
[2014.10.04-20.31.14:407][420]LogWorld: Bringing up level for play took: 0.009900
[2014.10.04-20.31.14:418][420]PIE: Info Play in editor start time for /Game/Maps/UEDPIE_0_Swimming 0.468
[2014.10.04-20.31.23:621][546]LogParticles: Destroying 0 GPU particle simulations for FXSystem 0x000000001E3222A0
[2014.10.04-20.32.05:458][138]LogEditorTransaction: Undo Set actor scale
[2014.10.04-20.32.05:611][138]LogActorComponent: UnregisterComponent: (/Engine/Transient.CharacterMovementComponent_11) Not registered. Aborting.
[2014.10.04-20.32.15:763][339]LogActorComponent: UnregisterComponent: (/Engine/Transient.CharacterMovementComponent_12) Not registered. Aborting.
[2014.10.04-20.32.21:286][415]LogActorComponent: UnregisterComponent: (/Engine/Transient.CharacterMovementComponent_13) Not registered. Aborting.
[2014.10.04-20.34.38:018][338]LogActorComponent: UnregisterComponent: (/Engine/Transient.CharacterMovementComponent_14) Not registered. Aborting.
[2014.10.04-20.34.39:786][339]Cmd: QUIT_EDITOR
[2014.10.04-20.34.39:914][339]LogWindowsTextInputMethodSystem:Error: Terminating failed while unadvising the language notification sink from the TSF source.
[2014.10.04-20.34.39:915][339]LogExit: Preparing to exit.
[2014.10.04-20.34.41:084][339]LogExit: Editor shut down
[2014.10.04-20.34.41:084][339]LogExit: Transaction tracking system shut down
[2014.10.04-20.34.41:086][339]LogParticles: Destroying 0 GPU particle simulations for FXSystem 0x00000000290B4720
[2014.10.04-20.34.41:087][339]LogParticles: Destroying 0 GPU particle simulations for FXSystem 0x000000001A2637E0
[2014.10.04-20.34.41:087][339]LogParticles: Destroying 0 GPU particle simulations for FXSystem 0x000000001A263740
[2014.10.04-20.34.41:087][339]LogParticles: Destroying 0 GPU particle simulations for FXSystem 0x000000001A260EA0
[2014.10.04-20.34.41:087][339]LogParticles: Destroying 0 GPU particle simulations for FXSystem 0x00000000295ED940
[2014.10.04-20.34.41:116][339]LogExit: Object subsystem successfully closed.
[2014.10.04-20.34.41:190][339]LogModuleManager: Shutting down and abandoning module AndroidDeviceDetection (162)
[2014.10.04-20.34.41:190][339]LogModuleManager: Shutting down and abandoning module HTTP (161)
[2014.10.04-20.34.41:190][339]LogModuleManager: Shutting down and abandoning module CrashTracker (160)
[2014.10.04-20.34.41:190][339]LogModuleManager: Shutting down and abandoning module SuperSearch (159)
[2014.10.04-20.34.41:190][339]LogModuleManager: Shutting down and abandoning module SceneOutliner (158)
[2014.10.04-20.34.41:190][339]LogModuleManager: Shutting down and abandoning module EditorWidgets (157)
[2014.10.04-20.34.41:190][339]LogModuleManager: Shutting down and abandoning module CollectionManager (156)
[2014.10.04-20.34.41:190][339]LogModuleManager: Shutting down and abandoning module WorldBrowser (155)
[2014.10.04-20.34.41:190][339]LogModuleManager: Shutting down and abandoning module StatsViewer (154)
[2014.10.04-20.34.41:190][339]LogModuleManager: Shutting down and abandoning module FoliageEdit (153)
[2014.10.04-20.34.41:190][339]LogModuleManager: Shutting down and abandoning module LandscapeEditor (152)
[2014.10.04-20.34.41:191][339]LogModuleManager: Shutting down and abandoning module MeshPaint (151)
[2014.10.04-20.34.41:191][339]LogModuleManager: Shutting down and abandoning module ActorPickerMode (150)
[2014.10.04-20.34.41:191][339]LogModuleManager: Shutting down and abandoning module GeometryMode (149)
[2014.10.04-20.34.41:191][339]LogModuleManager: Shutting down and abandoning module TextureAlignMode (148)
[2014.10.04-20.34.41:191][339]LogModuleManager: Shutting down and abandoning module BspMode (147)
[2014.10.04-20.34.41:191][339]LogModuleManager: Shutting down and abandoning module PlacementMode (146)
[2014.10.04-20.34.41:191][339]LogModuleManager: Shutting down and abandoning module DesktopPlatform (145)
[2014.10.04-20.34.41:191][339]LogModuleManager: Shutting down and abandoning module AutomationWorker (144)
[2014.10.04-20.34.41:191][339]LogModuleManager: Shutting down and abandoning module EditorLiveStreaming (143)
[2014.10.04-20.34.41:191][339]LogModuleManager: Shutting down and abandoning module BehaviorTreeEditor (142)
[2014.10.04-20.34.41:191][339]LogModuleManager: Shutting down and abandoning module DeviceProfileEditor (141)
[2014.10.04-20.34.41:191][339]LogModuleManager: Shutting down and abandoning module UndoHistory (140)
[2014.10.04-20.34.41:191][339]LogModuleManager: Shutting down and abandoning module GameplayTagsEditor (139)
[2014.10.04-20.34.41:191][339]LogModuleManager: Shutting down and abandoning module UserFeedback (138)
[2014.10.04-20.34.41:191][339]LogModuleManager: Shutting down and abandoning module XmlParser (137)
[2014.10.04-20.34.41:191][339]LogModuleManager: Shutting down and abandoning module Blutility (136)
[2014.10.04-20.34.41:191][339]LogModuleManager: Shutting down and abandoning module IOSPlatformEditor (135)
[2014.10.04-20.34.41:191][339]LogModuleManager: Shutting down and abandoning module IOSRuntimeSettings (134)
[2014.10.04-20.34.41:191][339]LogModuleManager: Shutting down and abandoning module AndroidPlatformEditor (133)
[2014.10.04-20.34.41:191][339]LogModuleManager: Shutting down and abandoning module AndroidRuntimeSettings (132)
[2014.10.04-20.34.41:191][339]LogModuleManager: Shutting down and abandoning module ProjectTargetPlatformEditor (131)
[2014.10.04-20.34.41:191][339]LogModuleManager: Shutting down and abandoning module ProjectSettingsViewer (130)
[2014.10.04-20.34.41:191][339]LogModuleManager: Shutting down and abandoning module InputBindingEditor (129)
[2014.10.04-20.34.41:191][339]LogModuleManager: Shutting down and abandoning module EditorSettingsViewer (128)
[2014.10.04-20.34.41:191][339]LogModuleManager: Shutting down and abandoning module SettingsEditor (127)
[2014.10.04-20.34.41:191][339]LogModuleManager: Shutting down and abandoning module SessionLauncher (126)
[2014.10.04-20.34.41:191][339]LogModuleManager: Shutting down and abandoning module SessionFrontend (125)
[2014.10.04-20.34.41:191][339]LogModuleManager: Shutting down and abandoning module ProfilerClient (124)
[2014.10.04-20.34.41:191][339]LogModuleManager: Shutting down and abandoning module TargetDeviceServices (123)
[2014.10.04-20.34.41:191][339]LogModuleManager: Shutting down and abandoning module DeviceManager (122)
[2014.10.04-20.34.41:191][339]LogModuleManager: Shutting down and abandoning module AutomationController (121)
[2014.10.04-20.34.41:191][339]LogModuleManager: Shutting down and abandoning module AutomationWindow (120)
[2014.10.04-20.34.41:191][339]LogModuleManager: Shutting down and abandoning module Layers (119)
[2014.10.04-20.34.41:191][339]LogModuleManager: Shutting down and abandoning module ComponentVisualizers (118)
[2014.10.04-20.34.41:191][339]LogModuleManager: Shutting down and abandoning module DetailCustomizations (117)
[2014.10.04-20.34.41:191][339]LogModuleManager: Shutting down and abandoning module PackagesDialog (116)
[2014.10.04-20.34.41:191][339]LogModuleManager: Shutting down and abandoning module DirectoryWatcher (115)
[2014.10.04-20.34.41:192][339]LogModuleManager: Shutting down and abandoning module AssetRegistry (114)
[2014.10.04-20.34.41:262][339]LogModuleManager: Shutting down and abandoning module Persona (113)
[2014.10.04-20.34.41:262][339]LogModuleManager: Shutting down and abandoning module GraphEditor (112)
[2014.10.04-20.34.41:262][339]LogModuleManager: Shutting down and abandoning module ClassViewer (111)
[2014.10.04-20.34.41:262][339]LogModuleManager: Shutting down and abandoning module Toolbox (110)
[2014.10.04-20.34.41:262][339]LogModuleManager: Shutting down and abandoning module ModuleUI (109)
[2014.10.04-20.34.41:262][339]LogModuleManager: Shutting down and abandoning module MovieSceneTools (108)
[2014.10.04-20.34.41:262][339]LogModuleManager: Shutting down and abandoning module OutputLog (107)
[2014.10.04-20.34.41:262][339]LogModuleManager: Shutting down and abandoning module GammaUI (106)
[2014.10.04-20.34.41:262][339]LogModuleManager: Shutting down and abandoning module Documentation (105)
[2014.10.04-20.34.41:262][339]LogModuleManager: Shutting down and abandoning module GameLiveStreaming (104)
[2014.10.04-20.34.41:262][339]LogModuleManager: Shutting down and abandoning module StreamingPauseRendering (103)
[2014.10.04-20.34.41:262][339]LogModuleManager: Shutting down and abandoning module AnalyticsET (102)
[2014.10.04-20.34.41:262][339]LogModuleManager: Shutting down and abandoning module Analytics (101)
[2014.10.04-20.34.41:262][339]LogModuleManager: Shutting down and abandoning module GameplayDebugger (100)
[2014.10.04-20.34.41:262][339]LogModuleManager: Shutting down and abandoning module AIModule (99)
[2014.10.04-20.34.41:262][339]LogModuleManager: Shutting down and abandoning module ProfilerService (98)
[2014.10.04-20.34.41:437][339]LogModuleManager: Shutting down and abandoning module TaskGraph (97)
[2014.10.04-20.34.41:437][339]LogModuleManager: Shutting down and abandoning module SlateRemote (96)
[2014.10.04-20.34.41:437][339]LogModuleManager: Shutting down and abandoning module ScriptEditorPlugin (95)
[2014.10.04-20.34.41:437][339]LogModuleManager: Shutting down and abandoning module CustomMeshComponent (94)
[2014.10.04-20.34.41:437][339]LogModuleManager: Shutting down and abandoning module CableComponent (93)
[2014.10.04-20.34.41:437][339]LogModuleManager: Shutting down and abandoning module MessagingDebugger (92)
[2014.10.04-20.34.41:437][339]LogModuleManager: Shutting down and abandoning module ViewportSnapping (91)
[2014.10.04-20.34.41:437][339]LogModuleManager: Shutting down and abandoning module SmartSnapping (90)
[2014.10.04-20.34.41:437][339]LogModuleManager: Shutting down and abandoning module PaperTiledImporter (89)
[2014.10.04-20.34.41:437][339]LogModuleManager: Shutting down and abandoning module PaperJsonImporter (88)
[2014.10.04-20.34.41:437][339]LogModuleManager: Shutting down and abandoning module GameProjectGeneration (87)
[2014.10.04-20.34.41:437][339]LogModuleManager: Shutting down and abandoning module Matinee (86)
[2014.10.04-20.34.41:437][339]LogModuleManager: Shutting down and abandoning module Kismet (85)
[2014.10.04-20.34.41:437][339]LogModuleManager: Shutting down and abandoning module SlateReflector (84)
[2014.10.04-20.34.41:437][339]LogModuleManager: Shutting down and abandoning module LevelEditor (83)
[2014.10.04-20.34.41:438][339]LogModuleManager: Shutting down and abandoning module IntroTutorials (82)
[2014.10.04-20.34.41:438][339]LogModuleManager: Shutting down and abandoning module ContentBrowser (81)
[2014.10.04-20.34.41:438][339]LogModuleManager: Shutting down and abandoning module PropertyEditor (80)
[2014.10.04-20.34.41:438][339]LogModuleManager: Shutting down and abandoning module Paper2DEditor (79)
[2014.10.04-20.34.41:438][339]LogModuleManager: Shutting down and abandoning module SpeedTreeImporter (78)
[2014.10.04-20.34.41:438][339]LogModuleManager: Shutting down and abandoning module PluginsEditor (77)
[2014.10.04-20.34.41:438][339]LogModuleManager: Shutting down and abandoning module MainFrame (76)
[2014.10.04-20.34.41:438][339]LogModuleManager: Shutting down and abandoning module EpicSurvey (75)
[2014.10.04-20.34.41:438][339]LogModuleManager: Shutting down and abandoning module VisualStudioSourceCodeAccess (74)
[2014.10.04-20.34.41:438][339]LogModuleManager: Shutting down and abandoning module UObjectPlugin (73)
[2014.10.04-20.34.41:438][339]LogModuleManager: Shutting down and abandoning module SubversionSourceControl (72)
[2014.10.04-20.34.41:438][339]LogModuleManager: Shutting down and abandoning module SourceControl (71)
[2014.10.04-20.34.41:438][339]LogModuleManager: Shutting down and abandoning module PerforceSourceControl (70)
[2014.10.04-20.34.41:438][339]LogModuleManager: Shutting down and abandoning module BlankPlugin (69)
[2014.10.04-20.34.41:438][339]LogModuleManager: Shutting down and abandoning module ScriptPlugin (68)
[2014.10.04-20.34.41:438][339]LogModuleManager: Shutting down and abandoning module UdpMessaging (67)
[2014.10.04-20.34.41:538][339]LogModuleManager: Shutting down and abandoning module Paper2D (66)
[2014.10.04-20.34.41:538][339]LogModuleManager: Shutting down and abandoning module WindowsMoviePlayer (65)
[2014.10.04-20.34.41:541][339]LogModuleManager: Shutting down and abandoning module ImageWrapper (64)
[2014.10.04-20.34.41:541][339]LogModuleManager: Shutting down and abandoning module OnlineBlueprintSupport (63)
[2014.10.04-20.34.41:541][339]LogModuleManager: Shutting down and abandoning module FunctionalTesting (62)
[2014.10.04-20.34.41:541][339]LogModuleManager: Shutting down and abandoning module CollisionAnalyzer (61)
[2014.10.04-20.34.41:541][339]LogModuleManager: Shutting down and abandoning module WorkspaceMenuStructure (60)
[2014.10.04-20.34.41:541][339]LogModuleManager: Shutting down and abandoning module MessageLog (59)
[2014.10.04-20.34.41:541][339]LogModuleManager: Shutting down and abandoning module Sequencer (58)
[2014.10.04-20.34.41:541][339]LogModuleManager: Shutting down and abandoning module AssetTools (57)
[2014.10.04-20.34.41:541][339]LogModuleManager: Shutting down and abandoning module UMGEditor (56)
[2014.10.04-20.34.41:541][339]LogModuleManager: Shutting down and abandoning module UMG (55)
[2014.10.04-20.34.41:541][339]LogModuleManager: Shutting down and abandoning module Slate (54)
[2014.10.04-20.34.41:541][339]LogModuleManager: Shutting down and abandoning module EditorStyle (53)
[2014.10.04-20.34.41:543][339]LogModuleManager: Shutting down and abandoning module SessionServices (52)
[2014.10.04-20.34.41:543][339]LogModuleManager: Shutting down and abandoning module SourceCodeAccess (51)
[2014.10.04-20.34.41:543][339]LogModuleManager: Shutting down and abandoning module HeadMountedDisplay (50)
[2014.10.04-20.34.41:543][339]LogModuleManager: Shutting down and abandoning module XAudio2 (49)
[2014.10.04-20.34.41:543][339]LogModuleManager: Shutting down and abandoning module Networking (47)
[2014.10.04-20.34.41:543][339]LogModuleManager: Shutting down and abandoning module Core (46)
[2014.10.04-20.34.41:543][339]LogModuleManager: Shutting down and abandoning module KismetCompiler (45)
[2014.10.04-20.34.41:543][339]LogModuleManager: Shutting down and abandoning module PhysXFormats (44)
[2014.10.04-20.34.41:543][339]LogModuleManager: Shutting down and abandoning module MeshUtilities (43)
[2014.10.04-20.34.41:543][339]LogModuleManager: Shutting down and abandoning module DerivedDataCache (42)
[2014.10.04-20.34.41:579][339]LogDerivedDataCache: Shutdown
[2014.10.04-20.34.41:579][339]LogModuleManager: Shutting down and abandoning module ShaderFormatOpenGL (41)
[2014.10.04-20.34.41:579][339]LogModuleManager: Shutting down and abandoning module ShaderFormatD3D (40)
[2014.10.04-20.34.41:579][339]LogModuleManager: Shutting down and abandoning module MetalShaderFormat (39)
[2014.10.04-20.34.41:579][339]LogModuleManager: Shutting down and abandoning module TextureFormatUncompressed (38)
[2014.10.04-20.34.41:579][339]LogModuleManager: Shutting down and abandoning module TextureFormatPVR (37)
[2014.10.04-20.34.41:579][339]LogModuleManager: Shutting down and abandoning module TextureFormatDXT (36)
[2014.10.04-20.34.41:579][339]LogModuleManager: Shutting down and abandoning module TextureFormatAndroid (35)
[2014.10.04-20.34.41:579][339]LogModuleManager: Shutting down and abandoning module AudioFormatOpus (34)
[2014.10.04-20.34.41:579][339]LogModuleManager: Shutting down and abandoning module AudioFormatOgg (33)
[2014.10.04-20.34.41:579][339]LogModuleManager: Shutting down and abandoning module AudioFormatADPCM (32)
[2014.10.04-20.34.41:579][339]LogModuleManager: Shutting down and abandoning module Messaging (31)
[2014.10.04-20.34.41:579][339]LogModuleManager: Shutting down and abandoning module IOSTargetPlatform (30)
[2014.10.04-20.34.41:579][339]LogModuleManager: Shutting down and abandoning module Android_PVRTCTargetPlatform (29)
[2014.10.04-20.34.41:579][339]LogModuleManager: Shutting down and abandoning module Android_ETC2TargetPlatform (28)
[2014.10.04-20.34.41:579][339]LogModuleManager: Shutting down and abandoning module Android_ETC1TargetPlatform (27)
[2014.10.04-20.34.41:579][339]LogModuleManager: Shutting down and abandoning module Android_DXTTargetPlatform (26)
[2014.10.04-20.34.41:579][339]LogModuleManager: Shutting down and abandoning module Android_ATCTargetPlatform (25)
[2014.10.04-20.34.41:579][339]LogModuleManager: Shutting down and abandoning module AndroidTargetPlatform (24)
[2014.10.04-20.34.41:579][339]LogModuleManager: Shutting down and abandoning module WindowsTargetPlatform (23)
[2014.10.04-20.34.41:579][339]LogModuleManager: Shutting down and abandoning module WindowsServerTargetPlatform (22)
[2014.10.04-20.34.41:579][339]LogModuleManager: Shutting down and abandoning module WindowsNoEditorTargetPlatform (21)
[2014.10.04-20.34.41:579][339]LogModuleManager: Shutting down and abandoning module WindowsClientTargetPlatform (20)
[2014.10.04-20.34.41:579][339]LogModuleManager: Shutting down and abandoning module TargetPlatform (19)
[2014.10.04-20.34.41:579][339]LogModuleManager: Shutting down and abandoning module InputCore (18)
[2014.10.04-20.34.41:579][339]LogModuleManager: Shutting down and abandoning module Settings (17)
[2014.10.04-20.34.41:579][339]LogModuleManager: Shutting down and abandoning module ExampleDeviceProfileSelector (14)
[2014.10.04-20.34.41:579][339]LogModuleManager: Shutting down and abandoning module OculusRift (13)
[2014.10.04-20.34.41:579][339]LogModuleManager: Shutting down and abandoning module TextureCompressor (12)
[2014.10.04-20.34.41:579][339]LogModuleManager: Shutting down and abandoning module ShaderCore (11)
[2014.10.04-20.34.41:579][339]LogModuleManager: Shutting down and abandoning module OpenGLDrv (10)
[2014.10.04-20.34.41:579][339]LogModuleManager: Shutting down and abandoning module D3D11RHI (9)
[2014.10.04-20.34.41:579][339]LogModuleManager: Shutting down and abandoning module SlateRHIRenderer (8)
[2014.10.04-20.34.41:579][339]LogModuleManager: Shutting down and abandoning module Renderer (7)
[2014.10.04-20.34.41:579][339]LogModuleManager: Shutting down and abandoning module Engine (6)
[2014.10.04-20.34.41:579][339]LogModuleManager: Shutting down and abandoning module CoreUObject (5)
[2014.10.04-20.34.41:579][339]LogModuleManager: Shutting down and abandoning module NetworkFile (4)
[2014.10.04-20.34.41:579][339]LogModuleManager: Shutting down and abandoning module StreamingFile (3)
[2014.10.04-20.34.41:579][339]LogModuleManager: Shutting down and abandoning module SandboxFile (2)
[2014.10.04-20.34.41:579][339]LogModuleManager: Shutting down and abandoning module PakFile (1)
[2014.10.04-20.34.41:580][339]LogExit: Exiting.
[2014.10.04-20.34.41:583][339]Log file closed, 10/04/14 16:34:41
