Log file open, 09/22/14 16:40:05
LogInit:Display: Running engine for game: Phobophobia
LogInit: Version: 4.4.3-2296771+++depot+UE4-Releases+4.4
LogInit: API Version: 2255576
LogInit: Compiled (64-bit): Sep 13 2014 22:30:58
LogInit: Build Configuration: Development
LogInit: Branch Name: ++depot+UE4-Releases+4.4
LogInit: Command line: 
LogInit: Base directory: C:/Program Files/Unreal Engine/4.4/Engine/Binaries/Win64/
LogInit: Rocket: 1
[2014.09.22-20.40.05:649][  0]LogTaskGraph: Started task graph with 3 named threads and 4 total threads.
[2014.09.22-20.40.05:677][  0]LogOnline:Warning: No default platform service specified for OnlineSubsystem
[2014.09.22-20.40.05:684][  0]LogInit: Presizing for 0 objects not considered by GC, pre-allocating 0 bytes.
[2014.09.22-20.40.05:690][  0]LogInit: Object subsystem initialized
[2014.09.22-20.40.05:692][  0]LogInit: Selected Device Profile: [Windows]
[2014.09.22-20.40.05:692][  0]LogInit: Applying CVar settings loaded from the selected device profile: [Windows]
[2014.09.22-20.40.05:697][  0]LogInit: Computer: PJ
[2014.09.22-20.40.05:697][  0]LogInit: User: ParkerJoseph
[2014.09.22-20.40.05:698][  0]LogInit: CPU Page size=4096, Cores=4
[2014.09.22-20.40.05:698][  0]LogInit: High frequency timer resolution =2.143568 MHz
[2014.09.22-20.40.05:698][  0]LogMemory: Memory total: Physical=8.0GB (8GB approx) Virtual=131072.0GB
[2014.09.22-20.40.05:699][  0]LogMemory: Platform Memory Stats for Windows
[2014.09.22-20.40.05:699][  0]LogMemory: Process Physical Memory: 59.66 MB used, 59.74 MB peak
[2014.09.22-20.40.05:699][  0]LogMemory: Process Virtual Memory: 35.94 MB used, 36.04 MB peak
[2014.09.22-20.40.05:699][  0]LogMemory: Physical Memory: 3432.43 MB used, 8169.40 MB total
[2014.09.22-20.40.05:699][  0]LogMemory: Virtual Memory: 265.38 MB used, 134217728.00 MB total
[2014.09.22-20.40.05:718][  0]LogD3D11RHI: Found D3D11 adapter 0: AMD Radeon HD 6900M Series (Feature Level 11_0)
[2014.09.22-20.40.05:718][  0]LogD3D11RHI: Adapter has 2035MB of dedicated video memory, 0MB of dedicated system memory, and 3840MB of shared system memory, 1 output[s]
[2014.09.22-20.40.05:719][  0]LogD3D11RHI: Found D3D11 adapter 1: Microsoft Basic Render Driver (Feature Level 11_0)
[2014.09.22-20.40.05:719][  0]LogD3D11RHI: Adapter has 0MB of dedicated video memory, 0MB of dedicated system memory, and 256MB of shared system memory, 0 output[s]
[2014.09.22-20.40.05:719][  0]LogD3D11RHI: Chosen D3D11 Adapter Id = 0
[2014.09.22-20.40.05:727][  0]LogRHI: Texture pool is 1361 MB (70% of 1945 MB)
[2014.09.22-20.40.05:734][  0]LogD3D11RHI: Async texture creation disabled: no driver support
[2014.09.22-20.40.05:885][  0]LogContentStreaming: Texture pool size is 0.000000MB
[2014.09.22-20.40.07:333][  0]LogTargetPlatformManager:Display: Building Assets For Windows
[2014.09.22-20.40.08:123][  0]LogTargetPlatformManager:Display: Building Assets For Windows
[2014.09.22-20.40.08:157][  0]LogDerivedDataCache:Display: Max Cache Size: 512 MB
[2014.09.22-20.40.08:198][  0]LogDerivedDataCache: Loaded boot cache 0.04s 39MB C:/Users/ParkerJoseph/AppData/Local/UnrealEngine/4.4/DerivedDataCache/Boot.ddc.
[2014.09.22-20.40.08:198][  0]LogDerivedDataCache:Display: Loaded Boot cache: C:/Users/ParkerJoseph/AppData/Local/UnrealEngine/4.4/DerivedDataCache/Boot.ddc
[2014.09.22-20.40.08:198][  0]LogDerivedDataCache: FDerivedDataBackendGraph:  Pak pak cache file ../../../../../../Users/ParkerJoseph/Documents/UnhingedTest/Phobophobia 4.4/DerivedDataCache/DDC.ddp not found, will not use a pak cache.
[2014.09.22-20.40.08:198][  0]LogDerivedDataCache: Unable to find inner node Pak for hierarchical cache Hierarchy.
[2014.09.22-20.40.08:216][  0]LogDerivedDataCache:Display: Pak cache opened for reading ../../../Engine/DerivedDataCache/DDC.ddp.
[2014.09.22-20.40.08:228][  0]LogDerivedDataCache: Using Local data cache path C:/Users/ParkerJoseph/AppData/Local/UnrealEngine/4.4/DerivedDataCache: Writable
[2014.09.22-20.40.08:484][  0]LogMeshUtilities: No automatic mesh reduction module available
[2014.09.22-20.40.08:484][  0]LogMeshUtilities: No automatic mesh merging module available
[2014.09.22-20.40.08:906][  0]LogInit: WinSock: version 1.1 (2.2), MaxSocks=32767, MaxUdp=65467
[2014.09.22-20.40.09:865][  0]LogStats:Warning: MetaData mismatch. Did you assign a stat to two groups? New //STATGROUP_Threads//FMonitoredProcess///Thread_f94_0///////STATCAT_Advanced//// old //STATGROUP_Threads//FMonitoredProcess///Thread_10e8_0///////STATCAT_Advanced////
[2014.09.22-20.40.09:865][  0]UdpMessaging: Initializing bridge on interface 0.0.0.0:0 to multicast group 230.0.0.1:6666.
[2014.09.22-20.40.09:973][  0]SourceControl: Info Source control is disabled
[2014.09.22-20.40.09:973][  0]SourceControl: Info Source control is disabled
[2014.09.22-20.40.09:978][  0]SourceControl: Info Source control is disabled
[2014.09.22-20.40.10:119][  0]BlueprintLog: New page: Editor Load
[2014.09.22-20.40.10:192][  0]LogObj: 21438 objects as part of root set at end of initial load.
[2014.09.22-20.40.10:192][  0]LogUObjectAllocator: 4218656 out of 0 bytes used by permanent object pool.
[2014.09.22-20.40.10:425][  0]LogEngine: Initializing Engine...
[2014.09.22-20.40.10:586][  0]LogInit: XAudio2 using 'Headphones (High Definition Audio Device)' : 2 channels at 44.1 kHz using 16 bits per sample (channel mask 0x3)
[2014.09.22-20.40.10:594][  0]LogInit: FAudioDevice initialized.
[2014.09.22-20.40.10:618][  0]LogAIModule: Creating AISystem for world NewWorld
[2014.09.22-20.40.10:645][  0]LogDerivedDataCache: Saved boot cache 0.03s 39MB C:/Users/ParkerJoseph/AppData/Local/UnrealEngine/4.4/DerivedDataCache/Boot.ddc.
[2014.09.22-20.40.10:653][  0]LogInit: Texture streaming: Enabled
[2014.09.22-20.40.10:690][  0]LogInit: Transaction tracking system initialized
[2014.09.22-20.40.10:822][  0]LogAssetRegistry: FAssetRegistry took 0.0111 seconds to start up
[2014.09.22-20.40.11:288][  0]LogTargetPlatformManager:Display: Building Assets For Windows
[2014.09.22-20.40.11:717][  0]LogTargetPlatformManager:Display: Building Assets For Windows
[2014.09.22-20.40.11:814][  0]LogConsoleResponse:Display: 
[2014.09.22-20.40.12:004][  0]LogStats:Warning: MetaData mismatch. Did you assign a stat to two groups? New //STATGROUP_Threads//FMonitoredProcess///Thread_1030_0///////STATCAT_Advanced//// old //STATGROUP_Threads//FMonitoredProcess///Thread_10e8_0///////STATCAT_Advanced////
[2014.09.22-20.40.12:004][  0]LogStats:Warning: MetaData mismatch. Did you assign a stat to two groups? New //STATGROUP_Threads//FMonitoredProcess///Thread_d38_0///////STATCAT_Advanced//// old //STATGROUP_Threads//FMonitoredProcess///Thread_10e8_0///////STATCAT_Advanced////
[2014.09.22-20.40.12:004][  0]SourceControl: Info Source control is disabled
[2014.09.22-20.40.12:004][  0]Cmd: MAP LOAD FILE="../../../../../../Users/ParkerJoseph/Documents/UnhingedTest/Phobophobia 4.4/Content/Maps/Swimming.umap" TEMPLATE=0 SHOWPROGRESS=1
[2014.09.22-20.40.12:005][  0]LightingResults: New page: Lighting Build
[2014.09.22-20.40.12:015][  0]MapCheck: New page: Map Check
[2014.09.22-20.40.12:015][  0]LightingResults: New page: Lighting Build
[2014.09.22-20.40.12:028][  0]LogParticles: Destroying 0 GPU particle simulations for FXSystem 0x00000094E3E9C860
[2014.09.22-20.40.12:981][  0]BlueprintLog:Warning: Warning Blueprint MyGame has been migrated and requires re-saving to avoid import errors
[2014.09.22-20.40.13:032][  0]LogEditorServer: Finished looking for orphan Actors (0.000 secs)
[2014.09.22-20.40.13:032][  0]LogAIModule: Creating AISystem for world Swimming
[2014.09.22-20.40.13:032][  0]Cmd: MAP CHECKDEP
[2014.09.22-20.40.13:033][  0]MapCheck: New page: Swimming - Sep 22, 2014, 12:40:13 PM
[2014.09.22-20.40.13:139][  0]MapCheck: Info ========== Map Check: 0 Error(s), 0 Warning(s), [106.605ms] ==========
[2014.09.22-20.40.13:139][  0]LogFileHelpers: Loading map 'Swimming' took 1.135
[2014.09.22-20.40.13:243][  0]LogCollectionManager: Loaded 0 collections in 0.000902 seconds
[2014.09.22-20.40.13:342][  0]LogCrashTracker: Crashtracker disabled due to settings.
[2014.09.22-20.40.13:393][  0]LogLoad: Full Startup: 9.56 seconds (BP compile: 0.37 seconds)
[2014.09.22-20.40.13:414][  0]LogContentBrowser:Verbose: The content browser source was changed by the sources view to '/Game/Blueprints'
[2014.09.22-20.40.13:598][  1]LogRenderer:Warning: Reallocating scene render targets to support 792x600.
[2014.09.22-20.40.13:876][  3]LogAssetRegistry: Asset discovery search completed in 3.0654 seconds
[2014.09.22-20.40.14:939][ 42]LogRenderer:Warning: Reallocating scene render targets to support 1136x912.
[2014.09.22-20.40.19:097][142]LogActorComponent: UnregisterComponent: (/Engine/Transient.CharacterMovementComponent_0) Not registered. Aborting.
[2014.09.22-20.40.19:143][142]Cmd: MAP LOAD FILE="../../../../../../Users/ParkerJoseph/Documents/UnhingedTest/Phobophobia 4.4/Content/Maps/Tutorial_Map.umap" TEMPLATE=0 SHOWPROGRESS=1
[2014.09.22-20.40.19:144][142]LightingResults: New page: Lighting Build
[2014.09.22-20.40.19:164][142]LoadErrors: New page: Loading map: Tutorial_Map.umap
[2014.09.22-20.40.19:165][142]MapCheck: New page: Map Check
[2014.09.22-20.40.19:165][142]LightingResults: New page: Lighting Build
[2014.09.22-20.40.19:184][142]LogParticles: Destroying 0 GPU particle simulations for FXSystem 0x00000094DF2D2200
[2014.09.22-20.40.19:460][142]LogTexture:Display: Building textures: Ceiling_OfficeCeilingWithLights_2k_d (AutoDXT)
[2014.09.22-20.40.24:815][142]LogTexture:Display: Building textures: Ceiling_OfficeCeilingWithLights_2k_e (AutoDXT)
[2014.09.22-20.40.25:878][142]LogTexture:Display: Building textures: Ceiling_OfficeCeilingWithLights_2k_g (AutoDXT)
[2014.09.22-20.40.27:466][142]LogTexture:Display: Building textures: Ceiling_OfficeCeilingWithLights_2k_nY+ (BC5)
[2014.09.22-20.40.28:378][142]LogTexture:Display: Building textures: Ceiling_OfficeCeilingWithLights_2k_s (AutoDXT)
[2014.09.22-20.40.31:305][142]LogMaterial: Missing cached shader map for material Ceiling, compiling.
[2014.09.22-20.40.31:575][142]LogTexture:Display: Building textures: Wood_QualityWoodFlooring_2k_ao (AutoDXT)
[2014.09.22-20.40.35:706][142]LogTexture:Display: Building textures: Wood_QualityWoodFlooring_2k_d (AutoDXT)
[2014.09.22-20.40.40:686][142]LogTexture:Display: Building textures: Wood_QualityWoodFlooring_2k_g (AutoDXT)
[2014.09.22-20.40.42:693][142]LogTexture:Display: Building textures: Wood_QualityWoodFlooring_2k_nY+ (BC5)
[2014.09.22-20.40.43:531][142]LogTexture:Display: Building textures: Wood_QualityWoodFlooring_2k_s (AutoDXT)
[2014.09.22-20.40.45:648][142]LogMaterial: Missing cached shader map for material Floor, compiling.
[2014.09.22-20.40.46:013][142]LogTexture:Display: Building textures: Plaster_Bare1_2k_d1 (AutoDXT)
[2014.09.22-20.40.51:869][142]LogTexture:Display: Building textures: Plaster_Bare1_2k_nY+ (BC5)
[2014.09.22-20.40.52:618][142]LogTexture:Display: Building textures: Plaster_Bare1_2k_s (AutoDXT)
[2014.09.22-20.40.56:541][142]LogMaterial: Missing cached shader map for material Walls, compiling.
[2014.09.22-20.40.56:635][142]LogTexture:Display: Building textures: HQ_Lightmap0_1 (AutoDXT)
[2014.09.22-20.40.56:772][142]LogTexture:Display: Building textures: HQ_Lightmap0_3 (AutoDXT)
[2014.09.22-20.40.56:818][142]LogTexture:Display: Building textures: HQ_Lightmap1_2 (AutoDXT)
[2014.09.22-20.40.57:255][142]LogTexture:Display: Building textures: LQ_Lightmap_0_1 (DXT1)
[2014.09.22-20.40.57:324][142]LogTexture:Display: Building textures: LQ_Lightmap_0_3 (DXT1)
[2014.09.22-20.40.57:350][142]LogTexture:Display: Building textures: LQ_Lightmap_1_2 (DXT1)
[2014.09.22-20.40.57:663][142]LogTexture:Display: Building textures: ShadowMapTexture2D_10 (BGRA8)
[2014.09.22-20.40.57:713][142]LogTexture:Display: Building textures: ShadowMapTexture2D_11 (BGRA8)
[2014.09.22-20.40.57:726][142]LogTexture:Display: Building textures: ShadowMapTexture2D_9 (BGRA8)
[2014.09.22-20.40.57:856][142]LogEditorServer: Finished looking for orphan Actors (0.000 secs)
[2014.09.22-20.40.57:856][142]LogAIModule: Creating AISystem for world Tutorial_Map
[2014.09.22-20.40.57:878][142]Cmd: MAP CHECKDEP
[2014.09.22-20.40.57:878][142]MapCheck: New page: Tutorial_Map - Sep 22, 2014, 12:40:57 PM
[2014.09.22-20.40.57:988][142]MapCheck: Info ========== Map Check: 0 Error(s), 0 Warning(s), [110.168ms] ==========
[2014.09.22-20.40.57:988][142]LogFileHelpers: Loading map 'Tutorial_Map' took 38.846
[2014.09.22-20.40.59:248][209]LogPlayLevel: PIE:  No blueprints needed recompiling
[2014.09.22-20.40.59:249][209]PIE: New page: PIE session: Tutorial_Map (Sep 22, 2014, 12:40:59 PM)
[2014.09.22-20.40.59:258][209]LogPlayLevel: PIE: StaticDuplicateObject took: (0.008122s)
[2014.09.22-20.40.59:259][209]LogPlayLevel: PIE: World Init took: (0.000816s)
[2014.09.22-20.40.59:259][209]LogPlayLevel: PIE: Created PIE world by copying editor world from /Game/Maps/Tutorial_Map.Tutorial_Map to /Game/Maps/UEDPIE_0_Tutorial_Map.Tutorial_Map (0.009397s)
[2014.09.22-20.40.59:308][209]LogWorld: Game class is 'MyGame_C'
[2014.09.22-20.40.59:326][209]LogAIModule: Creating AISystem for world Tutorial_Map
[2014.09.22-20.40.59:332][209]LogWorld: Bringing World /Game/Maps/UEDPIE_0_Tutorial_Map.Tutorial_Map up for play (max tick rate 60) at 2014.09.22-16.40.59
[2014.09.22-20.40.59:334][209]LogWorld: Bringing up level for play took: 0.007682
[2014.09.22-20.40.59:368][209]PIE: Info Play in editor start time for /Game/Maps/UEDPIE_0_Tutorial_Map -0.185
[2014.09.22-20.41.09:536][744]LogCharacterMovement: blueprintCharacter_C_0 is stuck and failed to move!
[2014.09.22-20.41.09:553][745]LogCharacterMovement: blueprintCharacter_C_0 is stuck and failed to move!
[2014.09.22-20.41.09:570][746]LogCharacterMovement: blueprintCharacter_C_0 is stuck and failed to move!
[2014.09.22-20.41.09:589][747]LogCharacterMovement: blueprintCharacter_C_0 is stuck and failed to move!
[2014.09.22-20.41.09:608][748]LogCharacterMovement: blueprintCharacter_C_0 is stuck and failed to move!
[2014.09.22-20.41.09:626][749]LogCharacterMovement: blueprintCharacter_C_0 is stuck and failed to move!
[2014.09.22-20.41.09:645][750]LogCharacterMovement: blueprintCharacter_C_0 is stuck and failed to move!
[2014.09.22-20.41.09:664][751]LogCharacterMovement: blueprintCharacter_C_0 is stuck and failed to move!
[2014.09.22-20.41.09:682][752]LogCharacterMovement: blueprintCharacter_C_0 is stuck and failed to move!
[2014.09.22-20.41.09:701][753]LogCharacterMovement: blueprintCharacter_C_0 is stuck and failed to move!
[2014.09.22-20.41.09:720][754]LogCharacterMovement: blueprintCharacter_C_0 is stuck and failed to move!
[2014.09.22-20.41.09:739][755]LogCharacterMovement: blueprintCharacter_C_0 is stuck and failed to move!
[2014.09.22-20.41.09:757][756]LogCharacterMovement: blueprintCharacter_C_0 is stuck and failed to move!
[2014.09.22-20.41.09:776][757]LogCharacterMovement: blueprintCharacter_C_0 is stuck and failed to move!
[2014.09.22-20.41.09:794][758]LogCharacterMovement: blueprintCharacter_C_0 is stuck and failed to move!
[2014.09.22-20.41.09:813][759]LogCharacterMovement: blueprintCharacter_C_0 is stuck and failed to move!
[2014.09.22-20.41.09:831][760]LogCharacterMovement: blueprintCharacter_C_0 is stuck and failed to move!
[2014.09.22-20.41.09:849][761]LogCharacterMovement: blueprintCharacter_C_0 is stuck and failed to move!
[2014.09.22-20.41.09:868][762]LogCharacterMovement: blueprintCharacter_C_0 is stuck and failed to move!
[2014.09.22-20.41.09:886][763]LogCharacterMovement: blueprintCharacter_C_0 is stuck and failed to move!
[2014.09.22-20.41.09:904][764]LogCharacterMovement: blueprintCharacter_C_0 is stuck and failed to move!
[2014.09.22-20.41.09:923][765]LogCharacterMovement: blueprintCharacter_C_0 is stuck and failed to move!
[2014.09.22-20.41.09:942][766]LogCharacterMovement: blueprintCharacter_C_0 is stuck and failed to move!
[2014.09.22-20.42.05:815][873]LogParticles: Destroying 0 GPU particle simulations for FXSystem 0x00000094DF6019E0
[2014.09.22-20.42.27:878][949]Cmd: MAP LOAD FILE="../../../../../../Users/ParkerJoseph/Documents/UnhingedTest/Phobophobia 4.4/Content/Maps/Level_3.umap" TEMPLATE=0 SHOWPROGRESS=1
[2014.09.22-20.42.27:880][949]LightingResults: New page: Lighting Build
[2014.09.22-20.42.27:899][949]LoadErrors: New page: Loading map: Level_3.umap
[2014.09.22-20.42.27:899][949]MapCheck: New page: Map Check
[2014.09.22-20.42.27:899][949]LightingResults: New page: Lighting Build
[2014.09.22-20.42.27:918][949]LogParticles: Destroying 0 GPU particle simulations for FXSystem 0x00000094DF47D4E0
[2014.09.22-20.42.28:198][949]LogTexture:Display: Building textures: rock_guiAngledRock_2k_d (AutoDXT)
[2014.09.22-20.42.33:371][949]LogTexture:Display: Building textures: rock_guiAngledRock_2k_g (AutoDXT)
[2014.09.22-20.42.35:284][949]LogTexture:Display: Building textures: rock_guiAngledRock_2k_nY+ (BC5)
[2014.09.22-20.42.36:117][949]LogTexture:Display: Building textures: rock_guiAngledRock_2k_s (AutoDXT)
[2014.09.22-20.42.39:769][949]LogTexture:Display: Building textures: rock_guiAngledRock_2k_ao (AutoDXT)
[2014.09.22-20.42.42:393][949]LogMaterial: Missing cached shader map for material Rocks, compiling.
[2014.09.22-20.42.42:417][949]LogTexture:Display: Building textures: HQ_Lightmap0_1 (AutoDXT)
[2014.09.22-20.42.42:522][949]LogTexture:Display: Building textures: HQ_Lightmap0_2 (AutoDXT)
[2014.09.22-20.42.42:545][949]LogTexture:Display: Building textures: HQ_Lightmap0_3 (AutoDXT)
[2014.09.22-20.42.42:561][949]LogTexture:Display: Building textures: LQ_Lightmap_0_1 (DXT1)
[2014.09.22-20.42.42:627][949]LogTexture:Display: Building textures: LQ_Lightmap_0_2 (DXT1)
[2014.09.22-20.42.42:641][949]LogTexture:Display: Building textures: LQ_Lightmap_0_3 (DXT1)
[2014.09.22-20.42.42:654][949]LogTexture:Display: Building textures: ShadowMapTexture2D_19 (BGRA8)
[2014.09.22-20.42.42:689][949]LogTexture:Display: Building textures: ShadowMapTexture2D_20 (BGRA8)
[2014.09.22-20.42.42:695][949]LogTexture:Display: Building textures: ShadowMapTexture2D_21 (BGRA8)
[2014.09.22-20.42.42:765][949]LogEditorServer: Finished looking for orphan Actors (0.000 secs)
[2014.09.22-20.42.42:766][949]LogAIModule: Creating AISystem for world Level_3
[2014.09.22-20.42.42:803][949]Cmd: MAP CHECKDEP
[2014.09.22-20.42.42:803][949]MapCheck: New page: Level_3 - Sep 22, 2014, 12:42:42 PM
[2014.09.22-20.42.42:947][949]MapCheck: Info ========== Map Check: 0 Error(s), 0 Warning(s), [142.988ms] ==========
[2014.09.22-20.42.42:947][949]LogFileHelpers: Loading map 'Level_3' took 15.070
[2014.09.22-20.42.47:649][221]LogPlayLevel: PIE:  No blueprints needed recompiling
[2014.09.22-20.42.47:650][221]PIE: New page: PIE session: Level_3 (Sep 22, 2014, 12:42:47 PM)
[2014.09.22-20.42.47:656][221]LogPlayLevel: PIE: StaticDuplicateObject took: (0.006312s)
[2014.09.22-20.42.47:657][221]LogPlayLevel: PIE: World Init took: (0.000637s)
[2014.09.22-20.42.47:657][221]LogPlayLevel: PIE: Created PIE world by copying editor world from /Game/Maps/Level_3.Level_3 to /Game/Maps/UEDPIE_0_Level_3.Level_3 (0.007118s)
[2014.09.22-20.42.47:693][221]LogWorld: Game class is 'MyGame_C'
[2014.09.22-20.42.47:695][221]LogAIModule: Creating AISystem for world Level_3
[2014.09.22-20.42.47:698][221]LogWorld: Bringing World /Game/Maps/UEDPIE_0_Level_3.Level_3 up for play (max tick rate 60) at 2014.09.22-16.42.47
[2014.09.22-20.42.47:699][221]LogWorld: Bringing up level for play took: 0.004409
[2014.09.22-20.42.47:701][221]PIE: Info Play in editor start time for /Game/Maps/UEDPIE_0_Level_3 0.149
[2014.09.22-20.43.01:311][639]LogParticles: Destroying 0 GPU particle simulations for FXSystem 0x00000094DF70C4A0
[2014.09.22-20.43.11:123][210]LogEditorViewport: Clicking on Actor (LMB): StaticMeshActor (SM_Template_Map_Floor)
[2014.09.22-20.44.03:679][970]Cmd: EDIT COPY
[2014.09.22-20.44.09:806][432]Cmd: EDIT PASTE
[2014.09.22-20.44.45:659][136]Cmd: CAMERA ALIGN ACTIVEVIEWPORTONLY
[2014.09.22-20.44.45:659][136]Aligned camera to fit all selected actors.
[2014.09.22-20.44.50:728][503]LogPlayLevel: PIE:  No blueprints needed recompiling
[2014.09.22-20.44.50:728][503]PIE: New page: PIE session: Level_3 (Sep 22, 2014, 12:44:50 PM)
[2014.09.22-20.44.50:738][503]LogPlayLevel: PIE: StaticDuplicateObject took: (0.010012s)
[2014.09.22-20.44.50:739][503]LogPlayLevel: PIE: World Init took: (0.000947s)
[2014.09.22-20.44.50:740][503]LogPlayLevel: PIE: Created PIE world by copying editor world from /Game/Maps/Level_3.Level_3 to /Game/Maps/UEDPIE_0_Level_3.Level_3 (0.011291s)
[2014.09.22-20.44.50:771][503]LogWorld: Game class is 'MyGame_C'
[2014.09.22-20.44.50:772][503]LogAIModule: Creating AISystem for world Level_3
[2014.09.22-20.44.50:776][503]LogWorld: Bringing World /Game/Maps/UEDPIE_0_Level_3.Level_3 up for play (max tick rate 0) at 2014.09.22-16.44.50
[2014.09.22-20.44.50:777][503]LogWorld: Bringing up level for play took: 0.004721
[2014.09.22-20.44.50:779][503]PIE: Info Play in editor start time for /Game/Maps/UEDPIE_0_Level_3 -0.774
[2014.09.22-20.44.57:830][744]LogParticles: Destroying 0 GPU particle simulations for FXSystem 0x00000094DF2D28E0
[2014.09.22-20.45.31:221][230]LogPlayLevel: PIE:  No blueprints needed recompiling
[2014.09.22-20.45.31:221][230]PIE: New page: PIE session: Level_3 (Sep 22, 2014, 12:45:31 PM)
[2014.09.22-20.45.31:227][230]LogPlayLevel: PIE: StaticDuplicateObject took: (0.006290s)
[2014.09.22-20.45.31:228][230]LogPlayLevel: PIE: World Init took: (0.000645s)
[2014.09.22-20.45.31:228][230]LogPlayLevel: PIE: Created PIE world by copying editor world from /Game/Maps/Level_3.Level_3 to /Game/Maps/UEDPIE_0_Level_3.Level_3 (0.007107s)
[2014.09.22-20.45.31:260][230]LogWorld: Game class is 'MyGame_C'
[2014.09.22-20.45.31:262][230]LogAIModule: Creating AISystem for world Level_3
[2014.09.22-20.45.31:265][230]LogWorld: Bringing World /Game/Maps/UEDPIE_0_Level_3.Level_3 up for play (max tick rate 0) at 2014.09.22-16.45.31
[2014.09.22-20.45.31:266][230]LogWorld: Bringing up level for play took: 0.004353
[2014.09.22-20.45.31:269][230]PIE: Info Play in editor start time for /Game/Maps/UEDPIE_0_Level_3 -0.284
[2014.09.22-20.45.43:038][585]LogParticles: Destroying 0 GPU particle simulations for FXSystem 0x00000094DF6011C0
[2014.09.22-20.48.47:225][853]LogActorComponent: UnregisterComponent: (/Engine/Transient.CharacterMovementComponent_1) Not registered. Aborting.
[2014.09.22-20.48.49:457][853]Cmd: OBJ SAVEPACKAGE PACKAGE="/Game/Maps/Level_3" FILE="../../../../../../Users/ParkerJoseph/Documents/UnhingedTest/Phobophobia 4.4/Content/Maps/Level_3.umap" SILENT=true AUTOSAVING=false KEEPDIRTY=false
[2014.09.22-20.48.49:652][853]LogSavePackage: Save=134.249069ms
[2014.09.22-20.48.49:652][853]LogSavePackage: Moving '../../../../../../Users/ParkerJoseph/Documents/UnhingedTest/Phobophobia 4.4/Saved/Level_39FF6A4AE4CE1415E8622A2A513E453F8.tmp' to '../../../../../../Users/ParkerJoseph/Documents/UnhingedTest/Phobophobia 4.4/Content/Maps/Level_3.umap'
[2014.09.22-20.48.49:683][853]LogFileHelpers: Saving map 'Level_3' took 0.343
[2014.09.22-20.48.50:020][854]Cmd: QUIT_EDITOR
[2014.09.22-20.48.50:167][854]LogWindowsTextInputMethodSystem:Error: Terminating failed while unadvising the language notification sink from the TSF source.
[2014.09.22-20.48.50:168][854]LogExit: Preparing to exit.
[2014.09.22-20.48.51:216][854]LogExit: Editor shut down
[2014.09.22-20.48.51:217][854]LogExit: Transaction tracking system shut down
[2014.09.22-20.48.51:219][854]LogParticles: Destroying 0 GPU particle simulations for FXSystem 0x00000094E3C0F2E0
[2014.09.22-20.48.51:259][854]LogParticles: Destroying 0 GPU particle simulations for FXSystem 0x00000094ECDA5620
[2014.09.22-20.48.51:259][854]LogParticles: Destroying 0 GPU particle simulations for FXSystem 0x00000094ED1BA7A0
[2014.09.22-20.48.51:259][854]LogParticles: Destroying 0 GPU particle simulations for FXSystem 0x00000094EDBBE3E0
[2014.09.22-20.48.51:259][854]LogExit: Object subsystem successfully closed.
[2014.09.22-20.48.51:299][854]LogModuleManager: Shutting down and abandoning module AndroidDeviceDetection (161)
[2014.09.22-20.48.51:299][854]LogModuleManager: Shutting down and abandoning module HTTP (160)
[2014.09.22-20.48.51:299][854]LogModuleManager: Shutting down and abandoning module CrashTracker (159)
[2014.09.22-20.48.51:299][854]LogModuleManager: Shutting down and abandoning module SuperSearch (158)
[2014.09.22-20.48.51:299][854]LogModuleManager: Shutting down and abandoning module SceneOutliner (157)
[2014.09.22-20.48.51:299][854]LogModuleManager: Shutting down and abandoning module EditorWidgets (156)
[2014.09.22-20.48.51:299][854]LogModuleManager: Shutting down and abandoning module CollectionManager (155)
[2014.09.22-20.48.51:299][854]LogModuleManager: Shutting down and abandoning module StatsViewer (154)
[2014.09.22-20.48.51:299][854]LogModuleManager: Shutting down and abandoning module FoliageEdit (153)
[2014.09.22-20.48.51:299][854]LogModuleManager: Shutting down and abandoning module LandscapeEditor (152)
[2014.09.22-20.48.51:300][854]LogModuleManager: Shutting down and abandoning module MeshPaint (151)
[2014.09.22-20.48.51:300][854]LogModuleManager: Shutting down and abandoning module ActorPickerMode (150)
[2014.09.22-20.48.51:300][854]LogModuleManager: Shutting down and abandoning module GeometryMode (149)
[2014.09.22-20.48.51:300][854]LogModuleManager: Shutting down and abandoning module TextureAlignMode (148)
[2014.09.22-20.48.51:300][854]LogModuleManager: Shutting down and abandoning module BspMode (147)
[2014.09.22-20.48.51:300][854]LogModuleManager: Shutting down and abandoning module PlacementMode (146)
[2014.09.22-20.48.51:300][854]LogModuleManager: Shutting down and abandoning module DesktopPlatform (145)
[2014.09.22-20.48.51:300][854]LogModuleManager: Shutting down and abandoning module AutomationWorker (144)
[2014.09.22-20.48.51:300][854]LogModuleManager: Shutting down and abandoning module EditorLiveStreaming (143)
[2014.09.22-20.48.51:300][854]LogModuleManager: Shutting down and abandoning module BehaviorTreeEditor (142)
[2014.09.22-20.48.51:300][854]LogModuleManager: Shutting down and abandoning module DeviceProfileEditor (141)
[2014.09.22-20.48.51:300][854]LogModuleManager: Shutting down and abandoning module UndoHistory (140)
[2014.09.22-20.48.51:300][854]LogModuleManager: Shutting down and abandoning module GameplayTagsEditor (139)
[2014.09.22-20.48.51:300][854]LogModuleManager: Shutting down and abandoning module UserFeedback (138)
[2014.09.22-20.48.51:300][854]LogModuleManager: Shutting down and abandoning module XmlParser (137)
[2014.09.22-20.48.51:300][854]LogModuleManager: Shutting down and abandoning module Blutility (136)
[2014.09.22-20.48.51:300][854]LogModuleManager: Shutting down and abandoning module IOSPlatformEditor (135)
[2014.09.22-20.48.51:300][854]LogModuleManager: Shutting down and abandoning module IOSRuntimeSettings (134)
[2014.09.22-20.48.51:300][854]LogModuleManager: Shutting down and abandoning module AndroidPlatformEditor (133)
[2014.09.22-20.48.51:300][854]LogModuleManager: Shutting down and abandoning module AndroidRuntimeSettings (132)
[2014.09.22-20.48.51:300][854]LogModuleManager: Shutting down and abandoning module ProjectTargetPlatformEditor (131)
[2014.09.22-20.48.51:300][854]LogModuleManager: Shutting down and abandoning module ProjectSettingsViewer (130)
[2014.09.22-20.48.51:300][854]LogModuleManager: Shutting down and abandoning module InputBindingEditor (129)
[2014.09.22-20.48.51:300][854]LogModuleManager: Shutting down and abandoning module EditorSettingsViewer (128)
[2014.09.22-20.48.51:300][854]LogModuleManager: Shutting down and abandoning module SettingsEditor (127)
[2014.09.22-20.48.51:300][854]LogModuleManager: Shutting down and abandoning module SessionLauncher (126)
[2014.09.22-20.48.51:300][854]LogModuleManager: Shutting down and abandoning module SessionFrontend (125)
[2014.09.22-20.48.51:300][854]LogModuleManager: Shutting down and abandoning module ProfilerClient (124)
[2014.09.22-20.48.51:300][854]LogModuleManager: Shutting down and abandoning module TargetDeviceServices (123)
[2014.09.22-20.48.51:300][854]LogModuleManager: Shutting down and abandoning module DeviceManager (122)
[2014.09.22-20.48.51:300][854]LogModuleManager: Shutting down and abandoning module AutomationController (121)
[2014.09.22-20.48.51:301][854]LogModuleManager: Shutting down and abandoning module AutomationWindow (120)
[2014.09.22-20.48.51:301][854]LogModuleManager: Shutting down and abandoning module Layers (119)
[2014.09.22-20.48.51:301][854]LogModuleManager: Shutting down and abandoning module ComponentVisualizers (118)
[2014.09.22-20.48.51:301][854]LogModuleManager: Shutting down and abandoning module DetailCustomizations (117)
[2014.09.22-20.48.51:301][854]LogModuleManager: Shutting down and abandoning module PackagesDialog (116)
[2014.09.22-20.48.51:301][854]LogModuleManager: Shutting down and abandoning module DirectoryWatcher (115)
[2014.09.22-20.48.51:301][854]LogModuleManager: Shutting down and abandoning module AssetRegistry (114)
[2014.09.22-20.48.51:372][854]LogModuleManager: Shutting down and abandoning module Persona (113)
[2014.09.22-20.48.51:372][854]LogModuleManager: Shutting down and abandoning module GraphEditor (112)
[2014.09.22-20.48.51:372][854]LogModuleManager: Shutting down and abandoning module ClassViewer (111)
[2014.09.22-20.48.51:372][854]LogModuleManager: Shutting down and abandoning module Toolbox (110)
[2014.09.22-20.48.51:372][854]LogModuleManager: Shutting down and abandoning module ModuleUI (109)
[2014.09.22-20.48.51:372][854]LogModuleManager: Shutting down and abandoning module Sequencer (108)
[2014.09.22-20.48.51:372][854]LogModuleManager: Shutting down and abandoning module MovieSceneTools (107)
[2014.09.22-20.48.51:372][854]LogModuleManager: Shutting down and abandoning module OutputLog (106)
[2014.09.22-20.48.51:372][854]LogModuleManager: Shutting down and abandoning module GammaUI (105)
[2014.09.22-20.48.51:372][854]LogModuleManager: Shutting down and abandoning module Documentation (104)
[2014.09.22-20.48.51:372][854]LogModuleManager: Shutting down and abandoning module GameLiveStreaming (103)
[2014.09.22-20.48.51:372][854]LogModuleManager: Shutting down and abandoning module StreamingPauseRendering (102)
[2014.09.22-20.48.51:372][854]LogModuleManager: Shutting down and abandoning module AnalyticsET (101)
[2014.09.22-20.48.51:372][854]LogModuleManager: Shutting down and abandoning module Analytics (100)
[2014.09.22-20.48.51:372][854]LogModuleManager: Shutting down and abandoning module GameplayDebugger (99)
[2014.09.22-20.48.51:372][854]LogModuleManager: Shutting down and abandoning module AIModule (98)
[2014.09.22-20.48.51:372][854]LogModuleManager: Shutting down and abandoning module ProfilerService (97)
[2014.09.22-20.48.51:549][854]LogModuleManager: Shutting down and abandoning module TaskGraph (96)
[2014.09.22-20.48.51:549][854]LogModuleManager: Shutting down and abandoning module SlateRemote (95)
[2014.09.22-20.48.51:549][854]LogModuleManager: Shutting down and abandoning module ScriptEditorPlugin (94)
[2014.09.22-20.48.51:549][854]LogModuleManager: Shutting down and abandoning module CustomMeshComponent (93)
[2014.09.22-20.48.51:549][854]LogModuleManager: Shutting down and abandoning module CableComponent (92)
[2014.09.22-20.48.51:549][854]LogModuleManager: Shutting down and abandoning module MessagingDebugger (91)
[2014.09.22-20.48.51:549][854]LogModuleManager: Shutting down and abandoning module ViewportSnapping (90)
[2014.09.22-20.48.51:549][854]LogModuleManager: Shutting down and abandoning module SmartSnapping (89)
[2014.09.22-20.48.51:549][854]LogModuleManager: Shutting down and abandoning module PaperTiledImporter (88)
[2014.09.22-20.48.51:549][854]LogModuleManager: Shutting down and abandoning module PaperJsonImporter (87)
[2014.09.22-20.48.51:549][854]LogModuleManager: Shutting down and abandoning module GameProjectGeneration (86)
[2014.09.22-20.48.51:549][854]LogModuleManager: Shutting down and abandoning module Matinee (85)
[2014.09.22-20.48.51:549][854]LogModuleManager: Shutting down and abandoning module Kismet (84)
[2014.09.22-20.48.51:549][854]LogModuleManager: Shutting down and abandoning module SlateReflector (83)
[2014.09.22-20.48.51:549][854]LogModuleManager: Shutting down and abandoning module LevelEditor (82)
[2014.09.22-20.48.51:551][854]LogModuleManager: Shutting down and abandoning module IntroTutorials (81)
[2014.09.22-20.48.51:551][854]LogModuleManager: Shutting down and abandoning module ContentBrowser (80)
[2014.09.22-20.48.51:551][854]LogModuleManager: Shutting down and abandoning module PropertyEditor (79)
[2014.09.22-20.48.51:551][854]LogModuleManager: Shutting down and abandoning module AssetTools (78)
[2014.09.22-20.48.51:551][854]LogModuleManager: Shutting down and abandoning module Paper2DEditor (77)
[2014.09.22-20.48.51:551][854]LogModuleManager: Shutting down and abandoning module SpeedTreeImporter (76)
[2014.09.22-20.48.51:551][854]LogModuleManager: Shutting down and abandoning module PluginsEditor (75)
[2014.09.22-20.48.51:551][854]LogModuleManager: Shutting down and abandoning module MainFrame (74)
[2014.09.22-20.48.51:551][854]LogModuleManager: Shutting down and abandoning module EpicSurvey (73)
[2014.09.22-20.48.51:551][854]LogModuleManager: Shutting down and abandoning module VisualStudioSourceCodeAccess (72)
[2014.09.22-20.48.51:551][854]LogModuleManager: Shutting down and abandoning module UObjectPlugin (71)
[2014.09.22-20.48.51:551][854]LogModuleManager: Shutting down and abandoning module SubversionSourceControl (70)
[2014.09.22-20.48.51:551][854]LogModuleManager: Shutting down and abandoning module SourceControl (69)
[2014.09.22-20.48.51:551][854]LogModuleManager: Shutting down and abandoning module PerforceSourceControl (68)
[2014.09.22-20.48.51:551][854]LogModuleManager: Shutting down and abandoning module BlankPlugin (67)
[2014.09.22-20.48.51:551][854]LogModuleManager: Shutting down and abandoning module ScriptPlugin (66)
[2014.09.22-20.48.51:551][854]LogModuleManager: Shutting down and abandoning module UdpMessaging (65)
[2014.09.22-20.48.51:652][854]LogModuleManager: Shutting down and abandoning module Paper2D (64)
[2014.09.22-20.48.51:652][854]LogModuleManager: Shutting down and abandoning module WindowsMoviePlayer (63)
[2014.09.22-20.48.51:657][854]LogModuleManager: Shutting down and abandoning module ImageWrapper (62)
[2014.09.22-20.48.51:657][854]LogModuleManager: Shutting down and abandoning module OnlineBlueprintSupport (61)
[2014.09.22-20.48.51:657][854]LogModuleManager: Shutting down and abandoning module FunctionalTesting (60)
[2014.09.22-20.48.51:657][854]LogModuleManager: Shutting down and abandoning module CollisionAnalyzer (59)
[2014.09.22-20.48.51:657][854]LogModuleManager: Shutting down and abandoning module WorkspaceMenuStructure (58)
[2014.09.22-20.48.51:657][854]LogModuleManager: Shutting down and abandoning module MessageLog (57)
[2014.09.22-20.48.51:657][854]LogModuleManager: Shutting down and abandoning module UMGEditor (56)
[2014.09.22-20.48.51:657][854]LogModuleManager: Shutting down and abandoning module UMG (55)
[2014.09.22-20.48.51:657][854]LogModuleManager: Shutting down and abandoning module Slate (54)
[2014.09.22-20.48.51:657][854]LogModuleManager: Shutting down and abandoning module EditorStyle (53)
[2014.09.22-20.48.51:659][854]LogModuleManager: Shutting down and abandoning module SessionServices (52)
[2014.09.22-20.48.51:659][854]LogModuleManager: Shutting down and abandoning module SourceCodeAccess (51)
[2014.09.22-20.48.51:659][854]LogModuleManager: Shutting down and abandoning module HeadMountedDisplay (50)
[2014.09.22-20.48.51:659][854]LogModuleManager: Shutting down and abandoning module XAudio2 (49)
[2014.09.22-20.48.51:659][854]LogModuleManager: Shutting down and abandoning module Networking (47)
[2014.09.22-20.48.51:659][854]LogModuleManager: Shutting down and abandoning module Core (46)
[2014.09.22-20.48.51:659][854]LogModuleManager: Shutting down and abandoning module KismetCompiler (45)
[2014.09.22-20.48.51:659][854]LogModuleManager: Shutting down and abandoning module PhysXFormats (44)
[2014.09.22-20.48.51:659][854]LogModuleManager: Shutting down and abandoning module MeshUtilities (43)
[2014.09.22-20.48.51:659][854]LogModuleManager: Shutting down and abandoning module DerivedDataCache (42)
[2014.09.22-20.48.51:708][854]LogDerivedDataCache: Shutdown
[2014.09.22-20.48.51:708][854]LogModuleManager: Shutting down and abandoning module ShaderFormatOpenGL (41)
[2014.09.22-20.48.51:708][854]LogModuleManager: Shutting down and abandoning module ShaderFormatD3D (40)
[2014.09.22-20.48.51:708][854]LogModuleManager: Shutting down and abandoning module MetalShaderFormat (39)
[2014.09.22-20.48.51:708][854]LogModuleManager: Shutting down and abandoning module TextureFormatUncompressed (38)
[2014.09.22-20.48.51:708][854]LogModuleManager: Shutting down and abandoning module TextureFormatPVR (37)
[2014.09.22-20.48.51:708][854]LogModuleManager: Shutting down and abandoning module TextureFormatDXT (36)
[2014.09.22-20.48.51:708][854]LogModuleManager: Shutting down and abandoning module TextureFormatAndroid (35)
[2014.09.22-20.48.51:708][854]LogModuleManager: Shutting down and abandoning module AudioFormatOpus (34)
[2014.09.22-20.48.51:708][854]LogModuleManager: Shutting down and abandoning module AudioFormatOgg (33)
[2014.09.22-20.48.51:708][854]LogModuleManager: Shutting down and abandoning module AudioFormatADPCM (32)
[2014.09.22-20.48.51:708][854]LogModuleManager: Shutting down and abandoning module Messaging (31)
[2014.09.22-20.48.51:708][854]LogModuleManager: Shutting down and abandoning module IOSTargetPlatform (30)
[2014.09.22-20.48.51:708][854]LogModuleManager: Shutting down and abandoning module Android_PVRTCTargetPlatform (29)
[2014.09.22-20.48.51:708][854]LogModuleManager: Shutting down and abandoning module Android_ETC2TargetPlatform (28)
[2014.09.22-20.48.51:708][854]LogModuleManager: Shutting down and abandoning module Android_ETC1TargetPlatform (27)
[2014.09.22-20.48.51:708][854]LogModuleManager: Shutting down and abandoning module Android_DXTTargetPlatform (26)
[2014.09.22-20.48.51:708][854]LogModuleManager: Shutting down and abandoning module Android_ATCTargetPlatform (25)
[2014.09.22-20.48.51:708][854]LogModuleManager: Shutting down and abandoning module AndroidTargetPlatform (24)
[2014.09.22-20.48.51:708][854]LogModuleManager: Shutting down and abandoning module WindowsTargetPlatform (23)
[2014.09.22-20.48.51:708][854]LogModuleManager: Shutting down and abandoning module WindowsServerTargetPlatform (22)
[2014.09.22-20.48.51:708][854]LogModuleManager: Shutting down and abandoning module WindowsNoEditorTargetPlatform (21)
[2014.09.22-20.48.51:708][854]LogModuleManager: Shutting down and abandoning module WindowsClientTargetPlatform (20)
[2014.09.22-20.48.51:708][854]LogModuleManager: Shutting down and abandoning module TargetPlatform (19)
[2014.09.22-20.48.51:708][854]LogModuleManager: Shutting down and abandoning module InputCore (18)
[2014.09.22-20.48.51:708][854]LogModuleManager: Shutting down and abandoning module Settings (17)
[2014.09.22-20.48.51:708][854]LogModuleManager: Shutting down and abandoning module ExampleDeviceProfileSelector (14)
[2014.09.22-20.48.51:708][854]LogModuleManager: Shutting down and abandoning module OculusRift (13)
[2014.09.22-20.48.51:708][854]LogModuleManager: Shutting down and abandoning module TextureCompressor (12)
[2014.09.22-20.48.51:708][854]LogModuleManager: Shutting down and abandoning module ShaderCore (11)
[2014.09.22-20.48.51:708][854]LogModuleManager: Shutting down and abandoning module OpenGLDrv (10)
[2014.09.22-20.48.51:708][854]LogModuleManager: Shutting down and abandoning module D3D11RHI (9)
[2014.09.22-20.48.51:708][854]LogModuleManager: Shutting down and abandoning module SlateRHIRenderer (8)
[2014.09.22-20.48.51:708][854]LogModuleManager: Shutting down and abandoning module Renderer (7)
[2014.09.22-20.48.51:708][854]LogModuleManager: Shutting down and abandoning module Engine (6)
[2014.09.22-20.48.51:708][854]LogModuleManager: Shutting down and abandoning module CoreUObject (5)
[2014.09.22-20.48.51:708][854]LogModuleManager: Shutting down and abandoning module NetworkFile (4)
[2014.09.22-20.48.51:708][854]LogModuleManager: Shutting down and abandoning module StreamingFile (3)
[2014.09.22-20.48.51:708][854]LogModuleManager: Shutting down and abandoning module SandboxFile (2)
[2014.09.22-20.48.51:708][854]LogModuleManager: Shutting down and abandoning module PakFile (1)
[2014.09.22-20.48.51:709][854]LogExit: Exiting.
[2014.09.22-20.48.51:724][854]Log file closed, 09/22/14 16:48:51
