Log file open, 09/22/14 16:38:16
LogInit:Display: Running engine for game: Phobophobia
LogInit: Version: 4.4.3-2296771+++depot+UE4-Releases+4.4
LogInit: API Version: 2255576
LogInit: Compiled (64-bit): Sep 13 2014 22:30:58
LogInit: Build Configuration: Development
LogInit: Branch Name: ++depot+UE4-Releases+4.4
LogInit: Command line:  
LogInit: Base directory: C:/Program Files/Unreal Engine/4.4/Engine/Binaries/Win64/
LogInit: Rocket: 1
[2014.09.22-20.38.16:343][  0]LogTaskGraph: Started task graph with 3 named threads and 4 total threads.
[2014.09.22-20.38.16:371][  0]LogOnline:Warning: No default platform service specified for OnlineSubsystem
[2014.09.22-20.38.16:378][  0]LogInit: Presizing for 0 objects not considered by GC, pre-allocating 0 bytes.
[2014.09.22-20.38.16:385][  0]LogInit: Object subsystem initialized
[2014.09.22-20.38.16:387][  0]LogInit: Selected Device Profile: [Windows]
[2014.09.22-20.38.16:387][  0]LogInit: Applying CVar settings loaded from the selected device profile: [Windows]
[2014.09.22-20.38.16:391][  0]LogInit: Computer: PJ
[2014.09.22-20.38.16:391][  0]LogInit: User: ParkerJoseph
[2014.09.22-20.38.16:392][  0]LogInit: CPU Page size=4096, Cores=4
[2014.09.22-20.38.16:392][  0]LogInit: High frequency timer resolution =2.143568 MHz
[2014.09.22-20.38.16:392][  0]LogMemory: Memory total: Physical=8.0GB (8GB approx) Virtual=131072.0GB
[2014.09.22-20.38.16:392][  0]LogMemory: Platform Memory Stats for Windows
[2014.09.22-20.38.16:392][  0]LogMemory: Process Physical Memory: 59.66 MB used, 59.75 MB peak
[2014.09.22-20.38.16:392][  0]LogMemory: Process Virtual Memory: 35.92 MB used, 36.02 MB peak
[2014.09.22-20.38.16:392][  0]LogMemory: Physical Memory: 3499.06 MB used, 8169.40 MB total
[2014.09.22-20.38.16:392][  0]LogMemory: Virtual Memory: 265.38 MB used, 134217728.00 MB total
[2014.09.22-20.38.16:408][  0]LogD3D11RHI: Found D3D11 adapter 0: AMD Radeon HD 6900M Series (Feature Level 11_0)
[2014.09.22-20.38.16:408][  0]LogD3D11RHI: Adapter has 2035MB of dedicated video memory, 0MB of dedicated system memory, and 3840MB of shared system memory, 1 output[s]
[2014.09.22-20.38.16:416][  0]LogD3D11RHI: Found D3D11 adapter 1: Microsoft Basic Render Driver (Feature Level 11_0)
[2014.09.22-20.38.16:416][  0]LogD3D11RHI: Adapter has 0MB of dedicated video memory, 0MB of dedicated system memory, and 256MB of shared system memory, 0 output[s]
[2014.09.22-20.38.16:416][  0]LogD3D11RHI: Chosen D3D11 Adapter Id = 0
[2014.09.22-20.38.16:419][  0]LogRHI: Texture pool is 1361 MB (70% of 1945 MB)
[2014.09.22-20.38.16:424][  0]LogD3D11RHI: Async texture creation disabled: no driver support
[2014.09.22-20.38.16:525][  0]LogContentStreaming: Texture pool size is 0.000000MB
[2014.09.22-20.38.17:954][  0]LogTargetPlatformManager:Display: Building Assets For Windows
[2014.09.22-20.38.18:358][  0]LogTargetPlatformManager:Display: Building Assets For Windows
[2014.09.22-20.38.18:393][  0]LogDerivedDataCache:Display: Max Cache Size: 512 MB
[2014.09.22-20.38.18:433][  0]LogDerivedDataCache: Loaded boot cache 0.04s 39MB C:/Users/ParkerJoseph/AppData/Local/UnrealEngine/4.4/DerivedDataCache/Boot.ddc.
[2014.09.22-20.38.18:433][  0]LogDerivedDataCache:Display: Loaded Boot cache: C:/Users/ParkerJoseph/AppData/Local/UnrealEngine/4.4/DerivedDataCache/Boot.ddc
[2014.09.22-20.38.18:433][  0]LogDerivedDataCache: FDerivedDataBackendGraph:  Pak pak cache file ../../../../../../Users/ParkerJoseph/Documents/UnhingedTest/Phobophobia 4.4/DerivedDataCache/DDC.ddp not found, will not use a pak cache.
[2014.09.22-20.38.18:433][  0]LogDerivedDataCache: Unable to find inner node Pak for hierarchical cache Hierarchy.
[2014.09.22-20.38.18:452][  0]LogDerivedDataCache:Display: Pak cache opened for reading ../../../Engine/DerivedDataCache/DDC.ddp.
[2014.09.22-20.38.18:464][  0]LogDerivedDataCache: Using Local data cache path C:/Users/ParkerJoseph/AppData/Local/UnrealEngine/4.4/DerivedDataCache: Writable
[2014.09.22-20.38.18:617][  0]LogMeshUtilities: No automatic mesh reduction module available
[2014.09.22-20.38.18:617][  0]LogMeshUtilities: No automatic mesh merging module available
[2014.09.22-20.38.18:930][  0]LogInit: WinSock: version 1.1 (2.2), MaxSocks=32767, MaxUdp=65467
[2014.09.22-20.38.19:626][  0]LogStats:Warning: MetaData mismatch. Did you assign a stat to two groups? New //STATGROUP_Threads//FMonitoredProcess///Thread_166c_0///////STATCAT_Advanced//// old //STATGROUP_Threads//FMonitoredProcess///Thread_1618_0///////STATCAT_Advanced////
[2014.09.22-20.38.19:626][  0]UdpMessaging: Initializing bridge on interface 0.0.0.0:0 to multicast group 230.0.0.1:6666.
[2014.09.22-20.38.19:732][  0]SourceControl: Info Source control is disabled
[2014.09.22-20.38.19:732][  0]SourceControl: Info Source control is disabled
[2014.09.22-20.38.19:738][  0]SourceControl: Info Source control is disabled
[2014.09.22-20.38.19:920][  0]BlueprintLog: New page: Editor Load
[2014.09.22-20.38.20:000][  0]LogObj: 21438 objects as part of root set at end of initial load.
[2014.09.22-20.38.20:000][  0]LogUObjectAllocator: 4218656 out of 0 bytes used by permanent object pool.
[2014.09.22-20.38.20:162][  0]LogEngine: Initializing Engine...
[2014.09.22-20.38.20:270][  0]LogInit: XAudio2 using 'Headphones (High Definition Audio Device)' : 2 channels at 44.1 kHz using 16 bits per sample (channel mask 0x3)
[2014.09.22-20.38.20:277][  0]LogInit: FAudioDevice initialized.
[2014.09.22-20.38.20:291][  0]LogAIModule: Creating AISystem for world NewWorld
[2014.09.22-20.38.20:313][  0]LogDerivedDataCache: Saved boot cache 0.02s 39MB C:/Users/ParkerJoseph/AppData/Local/UnrealEngine/4.4/DerivedDataCache/Boot.ddc.
[2014.09.22-20.38.20:320][  0]LogInit: Texture streaming: Enabled
[2014.09.22-20.38.20:345][  0]LogInit: Transaction tracking system initialized
[2014.09.22-20.38.20:432][  0]LogAssetRegistry: FAssetRegistry took 0.0108 seconds to start up
[2014.09.22-20.38.20:877][  0]LogTargetPlatformManager:Display: Building Assets For Windows
[2014.09.22-20.38.21:204][  0]LogTargetPlatformManager:Display: Building Assets For Windows
[2014.09.22-20.38.21:302][  0]LogConsoleResponse:Display: 
[2014.09.22-20.38.21:445][  0]LogStats:Warning: MetaData mismatch. Did you assign a stat to two groups? New //STATGROUP_Threads//FMonitoredProcess///Thread_16f4_0///////STATCAT_Advanced//// old //STATGROUP_Threads//FMonitoredProcess///Thread_1618_0///////STATCAT_Advanced////
[2014.09.22-20.38.21:446][  0]LogStats:Warning: MetaData mismatch. Did you assign a stat to two groups? New //STATGROUP_Threads//FMonitoredProcess///Thread_171c_0///////STATCAT_Advanced//// old //STATGROUP_Threads//FMonitoredProcess///Thread_1618_0///////STATCAT_Advanced////
[2014.09.22-20.38.21:446][  0]SourceControl: Info Source control is disabled
[2014.09.22-20.38.21:446][  0]Cmd: MAP LOAD FILE="../../../../../../Users/ParkerJoseph/Documents/UnhingedTest/Phobophobia 4.4/Content/Maps/Swimming.umap" TEMPLATE=0 SHOWPROGRESS=1
[2014.09.22-20.38.21:446][  0]LightingResults: New page: Lighting Build
[2014.09.22-20.38.21:452][  0]MapCheck: New page: Map Check
[2014.09.22-20.38.21:452][  0]LightingResults: New page: Lighting Build
[2014.09.22-20.38.21:465][  0]LogParticles: Destroying 0 GPU particle simulations for FXSystem 0x000000D6E991C860
[2014.09.22-20.38.21:957][  0]LogMaterial: Missing cached shader map for material Torch_Flattened_Mat, compiling.
[2014.09.22-20.38.21:995][  0]LogMaterial: Missing cached shader map for material materialTorch, compiling.
[2014.09.22-20.38.22:228][  0]LogTexture:Display: Building textures: textureJournalPage1 (AutoDXT)
[2014.09.22-20.38.31:736][  0]LogTexture:Display: Building textures: ShadowMapTexture2D_1 (BGRA8)
[2014.09.22-20.38.31:737][  0]LogTexture:Display: Building textures: ShadowMapTexture2D_2 (BGRA8)
[2014.09.22-20.38.31:738][  0]BlueprintLog:Warning: Warning Blueprint MyGame has been migrated and requires re-saving to avoid import errors
[2014.09.22-20.38.32:031][  0]LogTexture:Display: Building textures: crate_texture (AutoDXT)
[2014.09.22-20.38.38:391][  0]LogTexture:Display: Building textures: crate_texture_bump_map (BC5)
[2014.09.22-20.38.39:276][  0]LogTexture:Display: Building textures: crate_texture_specular_map (AutoDXT)
[2014.09.22-20.38.42:898][  0]LogMaterial: Missing cached shader map for material phongE1, compiling.
[2014.09.22-20.38.42:922][  0]LogTexture:Display: Building textures: T_Caustics (AutoDXT)
[2014.09.22-20.38.43:148][  0]LogTexture:Display: Building textures: T_raindrop (AutoDXT)
[2014.09.22-20.38.43:174][  0]LogTexture:Display: Building textures: T_raindrop_normal (BC5)
[2014.09.22-20.38.43:425][  0]LogTexture:Display: Building textures: TilingNoise06_N (BC5)
[2014.09.22-20.38.44:603][  0]LogMaterial: Missing cached shader map for material M_raindrop, compiling.
[2014.09.22-20.38.44:661][  0]LogTexture:Display: Building textures: ThumbnailTexture (DXT1)
[2014.09.22-20.38.44:873][  0]LogTexture:Display: Building textures: HQ_Lightmap0_1 (AutoDXT)
[2014.09.22-20.38.45:113][  0]LogTexture:Display: Building textures: HQ_Lightmap0_2 (AutoDXT)
[2014.09.22-20.38.45:126][  0]LogTexture:Display: Building textures: HQ_Lightmap0_3 (AutoDXT)
[2014.09.22-20.38.45:144][  0]LogTexture:Display: Building textures: LQ_Lightmap_0_1 (DXT1)
[2014.09.22-20.38.45:264][  0]LogTexture:Display: Building textures: LQ_Lightmap_0_2 (DXT1)
[2014.09.22-20.38.45:268][  0]LogTexture:Display: Building textures: LQ_Lightmap_0_3 (DXT1)
[2014.09.22-20.38.45:279][  0]LogTexture:Display: Building textures: ShadowMapTexture2D_0 (BGRA8)
[2014.09.22-20.38.45:357][  0]LogEditorServer: Finished looking for orphan Actors (0.000 secs)
[2014.09.22-20.38.45:357][  0]LogAIModule: Creating AISystem for world Swimming
[2014.09.22-20.38.45:357][  0]Cmd: MAP CHECKDEP
[2014.09.22-20.38.45:358][  0]MapCheck: New page: Swimming - Sep 22, 2014, 12:38:45 PM
[2014.09.22-20.38.45:508][  0]MapCheck: Info ========== Map Check: 0 Error(s), 0 Warning(s), [150.476ms] ==========
[2014.09.22-20.38.45:508][  0]LogFileHelpers: Loading map 'Swimming' took 24.063
[2014.09.22-20.38.45:652][  0]LogCollectionManager: Loaded 0 collections in 0.001973 seconds
[2014.09.22-20.38.45:852][  0]LogCrashTracker: Crashtracker disabled due to settings.
[2014.09.22-20.38.45:974][  0]LogLoad: Full Startup: 31.34 seconds (BP compile: 0.22 seconds)
[2014.09.22-20.38.46:008][  0]LogContentBrowser:Verbose: The content browser source was changed by the sources view to '/Game/Blueprints'
[2014.09.22-20.38.46:306][  0]LogRenderer:Warning: Reallocating scene render targets to support 1136x912.
[2014.09.22-20.38.47:179][  8]LogAssetRegistry: Asset discovery search completed in 26.7583 seconds
[2014.09.22-20.38.47:540][ 21]LogSynthBenchmark:Display: FSynthBenchmark (V0.92):
[2014.09.22-20.38.47:540][ 21]LogSynthBenchmark:Display: ===============
[2014.09.22-20.38.47:540][ 21]LogSynthBenchmark:Display: Main Processor:
[2014.09.22-20.38.47:611][ 21]LogSynthBenchmark:Display:          ... 0.033360 s/Run 'RayIntersect'
[2014.09.22-20.38.47:611][ 21]LogSynthBenchmark:Display:          ... 0.036927 s/Run 'Fractal'
[2014.09.22-20.38.47:611][ 21]LogSynthBenchmark:Display: 
[2014.09.22-20.38.47:611][ 21]LogSynthBenchmark:Display:   CompiledTarget_x_Bits: 64
[2014.09.22-20.38.47:611][ 21]LogSynthBenchmark:Display:   UE_BUILD_SHIPPING: 0
[2014.09.22-20.38.47:611][ 21]LogSynthBenchmark:Display:   UE_BUILD_TEST: 0
[2014.09.22-20.38.47:611][ 21]LogSynthBenchmark:Display:   UE_BUILD_DEBUG: 0
[2014.09.22-20.38.47:611][ 21]LogSynthBenchmark:Display:   TotalPhysicalGBRam: 8
[2014.09.22-20.38.47:611][ 21]LogSynthBenchmark:Display:   NumberOfCores (physical): 4
[2014.09.22-20.38.47:611][ 21]LogSynthBenchmark:Display:   NumberOfCores (logical): 8
[2014.09.22-20.38.47:611][ 21]LogSynthBenchmark:Display:   CPU Perf Index 0: 76.8
[2014.09.22-20.38.47:611][ 21]LogSynthBenchmark:Display:   CPU Perf Index 1: 77.4
[2014.09.22-20.38.47:611][ 21]LogSynthBenchmark:Display:  
[2014.09.22-20.38.47:611][ 21]LogSynthBenchmark:Display: Graphics:
[2014.09.22-20.38.47:611][ 21]LogSynthBenchmark:Display:   Adapter Name: 'AMD Radeon HD 6900M Series'
[2014.09.22-20.38.47:611][ 21]LogSynthBenchmark:Display:   (On Optimus the name might be wrong, memory should be ok)
[2014.09.22-20.38.47:611][ 21]LogSynthBenchmark:Display:   Vendor Id: 0x1002
[2014.09.22-20.38.47:611][ 21]LogSynthBenchmark:Display:   GPU Memory: 2036/0/3840 MB
[2014.09.22-20.38.47:611][ 21]LogSynthBenchmark:Display:   CPUIndex: 76.8
[2014.09.22-20.38.47:611][ 21]LogSynthBenchmark:Display:   GPUIndex: -1.$
[2014.09.22-20.38.47:611][ 21]LogSynthBenchmark:Display: 
[2014.09.22-20.38.47:611][ 21]LogSynthBenchmark:Display:          ... Total Time: 0.070772 sec
[2014.09.22-20.38.54:890][245]LogActorComponent: UnregisterComponent: (/Engine/Transient.CharacterMovementComponent_0) Not registered. Aborting.
[2014.09.22-20.38.55:471][246]Cmd: QUIT_EDITOR
[2014.09.22-20.38.55:753][246]LogWindowsTextInputMethodSystem:Error: Terminating failed while unadvising the language notification sink from the TSF source.
[2014.09.22-20.38.55:755][246]LogExit: Preparing to exit.
[2014.09.22-20.38.56:823][246]LogExit: Editor shut down
[2014.09.22-20.38.56:825][246]LogExit: Transaction tracking system shut down
[2014.09.22-20.38.56:832][246]LogParticles: Destroying 0 GPU particle simulations for FXSystem 0x000000D6ED142840
[2014.09.22-20.38.56:836][246]LogParticles: Destroying 0 GPU particle simulations for FXSystem 0x000000D686D0ECA0
[2014.09.22-20.38.56:836][246]LogParticles: Destroying 0 GPU particle simulations for FXSystem 0x000000D686A35F80
[2014.09.22-20.38.56:901][246]LogExit: Object subsystem successfully closed.
[2014.09.22-20.38.56:986][246]LogModuleManager: Shutting down and abandoning module AndroidDeviceDetection (162)
[2014.09.22-20.38.56:986][246]LogModuleManager: Shutting down and abandoning module SynthBenchmark (161)
[2014.09.22-20.38.56:986][246]LogModuleManager: Shutting down and abandoning module HTTP (160)
[2014.09.22-20.38.56:986][246]LogModuleManager: Shutting down and abandoning module CrashTracker (159)
[2014.09.22-20.38.56:986][246]LogModuleManager: Shutting down and abandoning module SuperSearch (158)
[2014.09.22-20.38.56:986][246]LogModuleManager: Shutting down and abandoning module SceneOutliner (157)
[2014.09.22-20.38.56:986][246]LogModuleManager: Shutting down and abandoning module EditorWidgets (156)
[2014.09.22-20.38.56:986][246]LogModuleManager: Shutting down and abandoning module CollectionManager (155)
[2014.09.22-20.38.56:986][246]LogModuleManager: Shutting down and abandoning module StatsViewer (154)
[2014.09.22-20.38.56:986][246]LogModuleManager: Shutting down and abandoning module FoliageEdit (153)
[2014.09.22-20.38.56:986][246]LogModuleManager: Shutting down and abandoning module LandscapeEditor (152)
[2014.09.22-20.38.56:987][246]LogModuleManager: Shutting down and abandoning module MeshPaint (151)
[2014.09.22-20.38.56:987][246]LogModuleManager: Shutting down and abandoning module ActorPickerMode (150)
[2014.09.22-20.38.56:987][246]LogModuleManager: Shutting down and abandoning module GeometryMode (149)
[2014.09.22-20.38.56:987][246]LogModuleManager: Shutting down and abandoning module TextureAlignMode (148)
[2014.09.22-20.38.56:987][246]LogModuleManager: Shutting down and abandoning module BspMode (147)
[2014.09.22-20.38.56:987][246]LogModuleManager: Shutting down and abandoning module PlacementMode (146)
[2014.09.22-20.38.56:987][246]LogModuleManager: Shutting down and abandoning module DesktopPlatform (145)
[2014.09.22-20.38.56:987][246]LogModuleManager: Shutting down and abandoning module AutomationWorker (144)
[2014.09.22-20.38.56:987][246]LogModuleManager: Shutting down and abandoning module EditorLiveStreaming (143)
[2014.09.22-20.38.56:987][246]LogModuleManager: Shutting down and abandoning module BehaviorTreeEditor (142)
[2014.09.22-20.38.56:987][246]LogModuleManager: Shutting down and abandoning module DeviceProfileEditor (141)
[2014.09.22-20.38.56:987][246]LogModuleManager: Shutting down and abandoning module UndoHistory (140)
[2014.09.22-20.38.56:987][246]LogModuleManager: Shutting down and abandoning module GameplayTagsEditor (139)
[2014.09.22-20.38.56:987][246]LogModuleManager: Shutting down and abandoning module UserFeedback (138)
[2014.09.22-20.38.56:987][246]LogModuleManager: Shutting down and abandoning module XmlParser (137)
[2014.09.22-20.38.56:987][246]LogModuleManager: Shutting down and abandoning module Blutility (136)
[2014.09.22-20.38.56:987][246]LogModuleManager: Shutting down and abandoning module IOSPlatformEditor (135)
[2014.09.22-20.38.56:987][246]LogModuleManager: Shutting down and abandoning module IOSRuntimeSettings (134)
[2014.09.22-20.38.56:987][246]LogModuleManager: Shutting down and abandoning module AndroidPlatformEditor (133)
[2014.09.22-20.38.56:987][246]LogModuleManager: Shutting down and abandoning module AndroidRuntimeSettings (132)
[2014.09.22-20.38.56:987][246]LogModuleManager: Shutting down and abandoning module ProjectTargetPlatformEditor (131)
[2014.09.22-20.38.56:987][246]LogModuleManager: Shutting down and abandoning module ProjectSettingsViewer (130)
[2014.09.22-20.38.56:987][246]LogModuleManager: Shutting down and abandoning module InputBindingEditor (129)
[2014.09.22-20.38.56:987][246]LogModuleManager: Shutting down and abandoning module EditorSettingsViewer (128)
[2014.09.22-20.38.56:987][246]LogModuleManager: Shutting down and abandoning module SettingsEditor (127)
[2014.09.22-20.38.56:987][246]LogModuleManager: Shutting down and abandoning module SessionLauncher (126)
[2014.09.22-20.38.56:988][246]LogModuleManager: Shutting down and abandoning module SessionFrontend (125)
[2014.09.22-20.38.56:988][246]LogModuleManager: Shutting down and abandoning module ProfilerClient (124)
[2014.09.22-20.38.56:988][246]LogModuleManager: Shutting down and abandoning module TargetDeviceServices (123)
[2014.09.22-20.38.56:988][246]LogModuleManager: Shutting down and abandoning module DeviceManager (122)
[2014.09.22-20.38.56:988][246]LogModuleManager: Shutting down and abandoning module AutomationController (121)
[2014.09.22-20.38.56:988][246]LogModuleManager: Shutting down and abandoning module AutomationWindow (120)
[2014.09.22-20.38.56:988][246]LogModuleManager: Shutting down and abandoning module Layers (119)
[2014.09.22-20.38.56:988][246]LogModuleManager: Shutting down and abandoning module ComponentVisualizers (118)
[2014.09.22-20.38.56:988][246]LogModuleManager: Shutting down and abandoning module DetailCustomizations (117)
[2014.09.22-20.38.56:988][246]LogModuleManager: Shutting down and abandoning module PackagesDialog (116)
[2014.09.22-20.38.56:988][246]LogModuleManager: Shutting down and abandoning module DirectoryWatcher (115)
[2014.09.22-20.38.56:988][246]LogModuleManager: Shutting down and abandoning module AssetRegistry (114)
[2014.09.22-20.38.57:026][246]LogModuleManager: Shutting down and abandoning module Persona (113)
[2014.09.22-20.38.57:026][246]LogModuleManager: Shutting down and abandoning module GraphEditor (112)
[2014.09.22-20.38.57:026][246]LogModuleManager: Shutting down and abandoning module ClassViewer (111)
[2014.09.22-20.38.57:026][246]LogModuleManager: Shutting down and abandoning module Toolbox (110)
[2014.09.22-20.38.57:026][246]LogModuleManager: Shutting down and abandoning module ModuleUI (109)
[2014.09.22-20.38.57:026][246]LogModuleManager: Shutting down and abandoning module Sequencer (108)
[2014.09.22-20.38.57:026][246]LogModuleManager: Shutting down and abandoning module MovieSceneTools (107)
[2014.09.22-20.38.57:026][246]LogModuleManager: Shutting down and abandoning module OutputLog (106)
[2014.09.22-20.38.57:026][246]LogModuleManager: Shutting down and abandoning module GammaUI (105)
[2014.09.22-20.38.57:026][246]LogModuleManager: Shutting down and abandoning module Documentation (104)
[2014.09.22-20.38.57:026][246]LogModuleManager: Shutting down and abandoning module GameLiveStreaming (103)
[2014.09.22-20.38.57:026][246]LogModuleManager: Shutting down and abandoning module StreamingPauseRendering (102)
[2014.09.22-20.38.57:026][246]LogModuleManager: Shutting down and abandoning module AnalyticsET (101)
[2014.09.22-20.38.57:026][246]LogModuleManager: Shutting down and abandoning module Analytics (100)
[2014.09.22-20.38.57:026][246]LogModuleManager: Shutting down and abandoning module GameplayDebugger (99)
[2014.09.22-20.38.57:026][246]LogModuleManager: Shutting down and abandoning module AIModule (98)
[2014.09.22-20.38.57:027][246]LogModuleManager: Shutting down and abandoning module ProfilerService (97)
[2014.09.22-20.38.57:043][246]LogModuleManager: Shutting down and abandoning module TaskGraph (96)
[2014.09.22-20.38.57:043][246]LogModuleManager: Shutting down and abandoning module SlateRemote (95)
[2014.09.22-20.38.57:043][246]LogModuleManager: Shutting down and abandoning module ScriptEditorPlugin (94)
[2014.09.22-20.38.57:043][246]LogModuleManager: Shutting down and abandoning module CustomMeshComponent (93)
[2014.09.22-20.38.57:043][246]LogModuleManager: Shutting down and abandoning module CableComponent (92)
[2014.09.22-20.38.57:043][246]LogModuleManager: Shutting down and abandoning module MessagingDebugger (91)
[2014.09.22-20.38.57:043][246]LogModuleManager: Shutting down and abandoning module ViewportSnapping (90)
[2014.09.22-20.38.57:043][246]LogModuleManager: Shutting down and abandoning module SmartSnapping (89)
[2014.09.22-20.38.57:043][246]LogModuleManager: Shutting down and abandoning module PaperTiledImporter (88)
[2014.09.22-20.38.57:043][246]LogModuleManager: Shutting down and abandoning module PaperJsonImporter (87)
[2014.09.22-20.38.57:043][246]LogModuleManager: Shutting down and abandoning module GameProjectGeneration (86)
[2014.09.22-20.38.57:043][246]LogModuleManager: Shutting down and abandoning module Matinee (85)
[2014.09.22-20.38.57:043][246]LogModuleManager: Shutting down and abandoning module Kismet (84)
[2014.09.22-20.38.57:043][246]LogModuleManager: Shutting down and abandoning module SlateReflector (83)
[2014.09.22-20.38.57:043][246]LogModuleManager: Shutting down and abandoning module LevelEditor (82)
[2014.09.22-20.38.57:045][246]LogModuleManager: Shutting down and abandoning module IntroTutorials (81)
[2014.09.22-20.38.57:045][246]LogModuleManager: Shutting down and abandoning module ContentBrowser (80)
[2014.09.22-20.38.57:045][246]LogModuleManager: Shutting down and abandoning module PropertyEditor (79)
[2014.09.22-20.38.57:045][246]LogModuleManager: Shutting down and abandoning module AssetTools (78)
[2014.09.22-20.38.57:045][246]LogModuleManager: Shutting down and abandoning module Paper2DEditor (77)
[2014.09.22-20.38.57:045][246]LogModuleManager: Shutting down and abandoning module SpeedTreeImporter (76)
[2014.09.22-20.38.57:045][246]LogModuleManager: Shutting down and abandoning module PluginsEditor (75)
[2014.09.22-20.38.57:045][246]LogModuleManager: Shutting down and abandoning module MainFrame (74)
[2014.09.22-20.38.57:045][246]LogModuleManager: Shutting down and abandoning module EpicSurvey (73)
[2014.09.22-20.38.57:045][246]LogModuleManager: Shutting down and abandoning module VisualStudioSourceCodeAccess (72)
[2014.09.22-20.38.57:045][246]LogModuleManager: Shutting down and abandoning module UObjectPlugin (71)
[2014.09.22-20.38.57:045][246]LogModuleManager: Shutting down and abandoning module SubversionSourceControl (70)
[2014.09.22-20.38.57:045][246]LogModuleManager: Shutting down and abandoning module SourceControl (69)
[2014.09.22-20.38.57:045][246]LogModuleManager: Shutting down and abandoning module PerforceSourceControl (68)
[2014.09.22-20.38.57:045][246]LogModuleManager: Shutting down and abandoning module BlankPlugin (67)
[2014.09.22-20.38.57:045][246]LogModuleManager: Shutting down and abandoning module ScriptPlugin (66)
[2014.09.22-20.38.57:045][246]LogModuleManager: Shutting down and abandoning module UdpMessaging (65)
[2014.09.22-20.38.57:146][246]LogModuleManager: Shutting down and abandoning module Paper2D (64)
[2014.09.22-20.38.57:146][246]LogModuleManager: Shutting down and abandoning module WindowsMoviePlayer (63)
[2014.09.22-20.38.57:161][246]LogModuleManager: Shutting down and abandoning module ImageWrapper (62)
[2014.09.22-20.38.57:161][246]LogModuleManager: Shutting down and abandoning module OnlineBlueprintSupport (61)
[2014.09.22-20.38.57:161][246]LogModuleManager: Shutting down and abandoning module FunctionalTesting (60)
[2014.09.22-20.38.57:161][246]LogModuleManager: Shutting down and abandoning module CollisionAnalyzer (59)
[2014.09.22-20.38.57:161][246]LogModuleManager: Shutting down and abandoning module WorkspaceMenuStructure (58)
[2014.09.22-20.38.57:161][246]LogModuleManager: Shutting down and abandoning module MessageLog (57)
[2014.09.22-20.38.57:161][246]LogModuleManager: Shutting down and abandoning module UMGEditor (56)
[2014.09.22-20.38.57:161][246]LogModuleManager: Shutting down and abandoning module UMG (55)
[2014.09.22-20.38.57:161][246]LogModuleManager: Shutting down and abandoning module Slate (54)
[2014.09.22-20.38.57:161][246]LogModuleManager: Shutting down and abandoning module EditorStyle (53)
[2014.09.22-20.38.57:164][246]LogModuleManager: Shutting down and abandoning module SessionServices (52)
[2014.09.22-20.38.57:164][246]LogModuleManager: Shutting down and abandoning module SourceCodeAccess (51)
[2014.09.22-20.38.57:164][246]LogModuleManager: Shutting down and abandoning module HeadMountedDisplay (50)
[2014.09.22-20.38.57:164][246]LogModuleManager: Shutting down and abandoning module XAudio2 (49)
[2014.09.22-20.38.57:164][246]LogModuleManager: Shutting down and abandoning module Networking (47)
[2014.09.22-20.38.57:164][246]LogModuleManager: Shutting down and abandoning module Core (46)
[2014.09.22-20.38.57:164][246]LogModuleManager: Shutting down and abandoning module KismetCompiler (45)
[2014.09.22-20.38.57:164][246]LogModuleManager: Shutting down and abandoning module PhysXFormats (44)
[2014.09.22-20.38.57:164][246]LogModuleManager: Shutting down and abandoning module MeshUtilities (43)
[2014.09.22-20.38.57:164][246]LogModuleManager: Shutting down and abandoning module DerivedDataCache (42)
[2014.09.22-20.38.57:485][246]LogDerivedDataCache: Shutdown
[2014.09.22-20.38.57:485][246]LogModuleManager: Shutting down and abandoning module ShaderFormatOpenGL (41)
[2014.09.22-20.38.57:485][246]LogModuleManager: Shutting down and abandoning module ShaderFormatD3D (40)
[2014.09.22-20.38.57:485][246]LogModuleManager: Shutting down and abandoning module MetalShaderFormat (39)
[2014.09.22-20.38.57:485][246]LogModuleManager: Shutting down and abandoning module TextureFormatUncompressed (38)
[2014.09.22-20.38.57:485][246]LogModuleManager: Shutting down and abandoning module TextureFormatPVR (37)
[2014.09.22-20.38.57:485][246]LogModuleManager: Shutting down and abandoning module TextureFormatDXT (36)
[2014.09.22-20.38.57:485][246]LogModuleManager: Shutting down and abandoning module TextureFormatAndroid (35)
[2014.09.22-20.38.57:485][246]LogModuleManager: Shutting down and abandoning module AudioFormatOpus (34)
[2014.09.22-20.38.57:486][246]LogModuleManager: Shutting down and abandoning module AudioFormatOgg (33)
[2014.09.22-20.38.57:486][246]LogModuleManager: Shutting down and abandoning module AudioFormatADPCM (32)
[2014.09.22-20.38.57:486][246]LogModuleManager: Shutting down and abandoning module Messaging (31)
[2014.09.22-20.38.57:486][246]LogModuleManager: Shutting down and abandoning module IOSTargetPlatform (30)
[2014.09.22-20.38.57:486][246]LogModuleManager: Shutting down and abandoning module Android_PVRTCTargetPlatform (29)
[2014.09.22-20.38.57:486][246]LogModuleManager: Shutting down and abandoning module Android_ETC2TargetPlatform (28)
[2014.09.22-20.38.57:486][246]LogModuleManager: Shutting down and abandoning module Android_ETC1TargetPlatform (27)
[2014.09.22-20.38.57:486][246]LogModuleManager: Shutting down and abandoning module Android_DXTTargetPlatform (26)
[2014.09.22-20.38.57:486][246]LogModuleManager: Shutting down and abandoning module Android_ATCTargetPlatform (25)
[2014.09.22-20.38.57:486][246]LogModuleManager: Shutting down and abandoning module AndroidTargetPlatform (24)
[2014.09.22-20.38.57:486][246]LogModuleManager: Shutting down and abandoning module WindowsTargetPlatform (23)
[2014.09.22-20.38.57:486][246]LogModuleManager: Shutting down and abandoning module WindowsServerTargetPlatform (22)
[2014.09.22-20.38.57:486][246]LogModuleManager: Shutting down and abandoning module WindowsNoEditorTargetPlatform (21)
[2014.09.22-20.38.57:486][246]LogModuleManager: Shutting down and abandoning module WindowsClientTargetPlatform (20)
[2014.09.22-20.38.57:487][246]LogModuleManager: Shutting down and abandoning module TargetPlatform (19)
[2014.09.22-20.38.57:487][246]LogModuleManager: Shutting down and abandoning module InputCore (18)
[2014.09.22-20.38.57:487][246]LogModuleManager: Shutting down and abandoning module Settings (17)
[2014.09.22-20.38.57:487][246]LogModuleManager: Shutting down and abandoning module ExampleDeviceProfileSelector (14)
[2014.09.22-20.38.57:487][246]LogModuleManager: Shutting down and abandoning module OculusRift (13)
[2014.09.22-20.38.57:487][246]LogModuleManager: Shutting down and abandoning module TextureCompressor (12)
[2014.09.22-20.38.57:487][246]LogModuleManager: Shutting down and abandoning module ShaderCore (11)
[2014.09.22-20.38.57:487][246]LogModuleManager: Shutting down and abandoning module OpenGLDrv (10)
[2014.09.22-20.38.57:487][246]LogModuleManager: Shutting down and abandoning module D3D11RHI (9)
[2014.09.22-20.38.57:487][246]LogModuleManager: Shutting down and abandoning module SlateRHIRenderer (8)
[2014.09.22-20.38.57:487][246]LogModuleManager: Shutting down and abandoning module Renderer (7)
[2014.09.22-20.38.57:487][246]LogModuleManager: Shutting down and abandoning module Engine (6)
[2014.09.22-20.38.57:487][246]LogModuleManager: Shutting down and abandoning module CoreUObject (5)
[2014.09.22-20.38.57:487][246]LogModuleManager: Shutting down and abandoning module NetworkFile (4)
[2014.09.22-20.38.57:488][246]LogModuleManager: Shutting down and abandoning module StreamingFile (3)
[2014.09.22-20.38.57:488][246]LogModuleManager: Shutting down and abandoning module SandboxFile (2)
[2014.09.22-20.38.57:488][246]LogModuleManager: Shutting down and abandoning module PakFile (1)
[2014.09.22-20.38.57:488][246]LogExit: Exiting.
[2014.09.22-20.38.57:508][246]Log file closed, 09/22/14 16:38:57
