Log file open, 10/11/14 16:25:19
LogInit:Display: Running engine for game: Phobophobia
LogInit: Version: 4.4.3-2296771+++depot+UE4-Releases+4.4
LogInit: API Version: 2255576
LogInit: Compiled (64-bit): Sep 13 2014 22:30:58
LogInit: Build Configuration: Development
LogInit: Branch Name: ++depot+UE4-Releases+4.4
LogInit: Command line:  
LogInit: Base directory: C:/Program Files/Unreal Engine/4.4/Engine/Binaries/Win64/
LogInit: Rocket: 1
[2014.10.11-20.25.19:472][  0]LogTaskGraph: Started task graph with 3 named threads and 4 total threads.
[2014.10.11-20.25.19:502][  0]LogOnline:Warning: No default platform service specified for OnlineSubsystem
[2014.10.11-20.25.19:513][  0]LogInit: Presizing for 0 objects not considered by GC, pre-allocating 0 bytes.
[2014.10.11-20.25.19:520][  0]LogInit: Object subsystem initialized
[2014.10.11-20.25.19:522][  0]LogInit: Selected Device Profile: [Windows]
[2014.10.11-20.25.19:522][  0]LogInit: Applying CVar settings loaded from the selected device profile: [Windows]
[2014.10.11-20.25.19:528][  0]LogInit: Computer: MININT-IBCU80N
[2014.10.11-20.25.19:528][  0]LogInit: User: Mitchell
[2014.10.11-20.25.19:530][  0]LogInit: CPU Page size=4096, Cores=4
[2014.10.11-20.25.19:530][  0]LogInit: High frequency timer resolution =2.143613 MHz
[2014.10.11-20.25.19:530][  0]LogMemory: Memory total: Physical=7.9GB (8GB approx) Virtual=8192.0GB
[2014.10.11-20.25.19:530][  0]LogMemory: Platform Memory Stats for Windows
[2014.10.11-20.25.19:530][  0]LogMemory: Process Physical Memory: 62.91 MB used, 62.91 MB peak
[2014.10.11-20.25.19:530][  0]LogMemory: Process Virtual Memory: 38.58 MB used, 38.58 MB peak
[2014.10.11-20.25.19:530][  0]LogMemory: Physical Memory: 3492.13 MB used, 8086.17 MB total
[2014.10.11-20.25.19:530][  0]LogMemory: Virtual Memory: 261.83 MB used, 8388608.00 MB total
[2014.10.11-20.25.19:567][  0]LogD3D11RHI: Found D3D11 adapter 0: Intel(R) HD Graphics Family (Feature Level 11_0)
[2014.10.11-20.25.19:567][  0]LogD3D11RHI: Adapter has 64MB of dedicated video memory, 0MB of dedicated system memory, and 1632MB of shared system memory, 1 output[s]
[2014.10.11-20.25.19:567][  0]LogD3D11RHI: Chosen D3D11 Adapter Id = 0
[2014.10.11-20.25.19:579][  0]LogRHI: Texture pool is 616 MB (70% of 880 MB)
[2014.10.11-20.25.19:619][  0]LogD3D11RHI: Async texture creation enabled
[2014.10.11-20.25.19:777][  0]LogContentStreaming: Texture pool size is 0.000000MB
[2014.10.11-20.25.21:749][  0]LogTargetPlatformManager:Display: Building Assets For Windows
[2014.10.11-20.25.22:215][  0]LogTargetPlatformManager:Display: Building Assets For Windows
[2014.10.11-20.25.22:265][  0]LogDerivedDataCache:Display: Max Cache Size: 512 MB
[2014.10.11-20.25.22:304][  0]LogDerivedDataCache: Loaded boot cache 0.04s 39MB C:/Users/Mitchell/AppData/Local/UnrealEngine/4.4/DerivedDataCache/Boot.ddc.
[2014.10.11-20.25.22:305][  0]LogDerivedDataCache:Display: Loaded Boot cache: C:/Users/Mitchell/AppData/Local/UnrealEngine/4.4/DerivedDataCache/Boot.ddc
[2014.10.11-20.25.22:305][  0]LogDerivedDataCache: FDerivedDataBackendGraph:  Pak pak cache file ../../../../../../Users/Mitchell/Documents/Unhinged/Phobophobia 4.4/DerivedDataCache/DDC.ddp not found, will not use a pak cache.
[2014.10.11-20.25.22:305][  0]LogDerivedDataCache: Unable to find inner node Pak for hierarchical cache Hierarchy.
[2014.10.11-20.25.22:325][  0]LogDerivedDataCache:Display: Pak cache opened for reading ../../../Engine/DerivedDataCache/DDC.ddp.
[2014.10.11-20.25.22:337][  0]LogDerivedDataCache: Using Local data cache path C:/Users/Mitchell/AppData/Local/UnrealEngine/4.4/DerivedDataCache: Writable
[2014.10.11-20.25.22:523][  0]LogMeshUtilities: No automatic mesh reduction module available
[2014.10.11-20.25.22:523][  0]LogMeshUtilities: No automatic mesh merging module available
[2014.10.11-20.25.23:054][  0]LogInit: WinSock: version 1.1 (2.2), MaxSocks=32767, MaxUdp=65467
[2014.10.11-20.25.23:999][  0]LogStats:Warning: MetaData mismatch. Did you assign a stat to two groups? New //STATGROUP_Threads//FMonitoredProcess///Thread_7f70_0///////STATCAT_Advanced//// old //STATGROUP_Threads//FMonitoredProcess///Thread_7d4c_0///////STATCAT_Advanced////
[2014.10.11-20.25.24:000][  0]UdpMessaging: Initializing bridge on interface 0.0.0.0:0 to multicast group 230.0.0.1:6666.
[2014.10.11-20.25.24:127][  0]SourceControl: Info Source control is disabled
[2014.10.11-20.25.24:127][  0]SourceControl: Info Source control is disabled
[2014.10.11-20.25.24:136][  0]SourceControl: Info Source control is disabled
[2014.10.11-20.25.24:394][  0]BlueprintLog: New page: Editor Load
[2014.10.11-20.25.24:527][  0]LogObj: 21438 objects as part of root set at end of initial load.
[2014.10.11-20.25.24:527][  0]LogUObjectAllocator: 4218656 out of 0 bytes used by permanent object pool.
[2014.10.11-20.25.24:711][  0]LogEngine: Initializing Engine...
[2014.10.11-20.25.24:822][  0]LogInit: XAudio2 using 'Speakers (Realtek High Definition Audio)' : 2 channels at 48 kHz using 32 bits per sample (channel mask 0x3)
[2014.10.11-20.25.24:836][  0]LogInit: FAudioDevice initialized.
[2014.10.11-20.25.24:858][  0]LogAIModule: Creating AISystem for world NewWorld
[2014.10.11-20.25.24:881][  0]LogDerivedDataCache: Saved boot cache 0.02s 39MB C:/Users/Mitchell/AppData/Local/UnrealEngine/4.4/DerivedDataCache/Boot.ddc.
[2014.10.11-20.25.24:886][  0]LogInit: Texture streaming: Enabled
[2014.10.11-20.25.24:924][  0]LogInit: Transaction tracking system initialized
[2014.10.11-20.25.25:059][  0]LogAssetRegistry: FAssetRegistry took 0.0094 seconds to start up
[2014.10.11-20.25.25:577][  0]LogTargetPlatformManager:Display: Building Assets For Windows
[2014.10.11-20.25.25:925][  0]LogTargetPlatformManager:Display: Building Assets For Windows
[2014.10.11-20.25.26:080][  0]LogConsoleResponse:Display: 
[2014.10.11-20.25.26:281][  0]LogStats:Warning: MetaData mismatch. Did you assign a stat to two groups? New //STATGROUP_Threads//FMonitoredProcess///Thread_67f4_0///////STATCAT_Advanced//// old //STATGROUP_Threads//FMonitoredProcess///Thread_7d4c_0///////STATCAT_Advanced////
[2014.10.11-20.25.26:281][  0]LogStats:Warning: MetaData mismatch. Did you assign a stat to two groups? New //STATGROUP_Threads//FMonitoredProcess///Thread_66a0_0///////STATCAT_Advanced//// old //STATGROUP_Threads//FMonitoredProcess///Thread_7d4c_0///////STATCAT_Advanced////
[2014.10.11-20.25.26:281][  0]SourceControl: Info Source control is disabled
[2014.10.11-20.25.26:281][  0]Cmd: MAP LOAD FILE="../../../../../../Users/Mitchell/Documents/Unhinged/Phobophobia 4.4/Content/Maps/Main_Menu.umap" TEMPLATE=0 SHOWPROGRESS=1
[2014.10.11-20.25.26:281][  0]LightingResults: New page: Lighting Build
[2014.10.11-20.25.26:292][  0]MapCheck: New page: Map Check
[2014.10.11-20.25.26:292][  0]LightingResults: New page: Lighting Build
[2014.10.11-20.25.26:305][  0]LogParticles: Destroying 0 GPU particle simulations for FXSystem 0x000000000FF907C0
[2014.10.11-20.25.26:367][  0]LogEditorServer: Finished looking for orphan Actors (0.000 secs)
[2014.10.11-20.25.26:367][  0]LogAIModule: Creating AISystem for world Main_Menu
[2014.10.11-20.25.26:368][  0]Cmd: MAP CHECKDEP
[2014.10.11-20.25.26:368][  0]MapCheck: New page: Main_Menu - Oct 11, 2014, 12:25:26 PM
[2014.10.11-20.25.26:485][  0]MapCheck: Info ========== Map Check: 0 Error(s), 0 Warning(s), [116.888ms] ==========
[2014.10.11-20.25.26:485][  0]LogFileHelpers: Loading map 'Main_Menu' took 0.204
[2014.10.11-20.25.26:598][  0]LogCollectionManager: Loaded 0 collections in 0.001070 seconds
[2014.10.11-20.25.26:694][  0]LogCrashTracker: Crashtracker disabled due to settings.
[2014.10.11-20.25.26:761][  0]LogLoad: Full Startup: 9.19 seconds (BP compile: 0.02 seconds)
[2014.10.11-20.25.26:785][  0]LogContentBrowser:Verbose: The content browser source was changed by the sources view to '/Game/Blueprints'
[2014.10.11-20.25.26:921][  0]LogRenderer:Warning: Reallocating scene render targets to support 808x584.
[2014.10.11-20.25.27:202][  3]LogAssetRegistry: Asset discovery search completed in 2.1525 seconds
[2014.10.11-20.28.12:153][744]Cmd: MAP LOAD FILE="../../../../../../Users/Mitchell/Documents/Unhinged/Phobophobia 4.4/Content/Maps/Programming.umap" TEMPLATE=0 SHOWPROGRESS=1
[2014.10.11-20.28.12:154][744]LightingResults: New page: Lighting Build
[2014.10.11-20.28.12:174][744]LoadErrors: New page: Loading map: Programming.umap
[2014.10.11-20.28.12:174][744]MapCheck: New page: Map Check
[2014.10.11-20.28.12:174][744]LightingResults: New page: Lighting Build
[2014.10.11-20.28.12:200][744]LogParticles: Destroying 0 GPU particle simulations for FXSystem 0x0000000019E17B00
[2014.10.11-20.28.13:069][744]LogOutputDevice: === Handled error: ===
Ensure condition failed: 1 == StructProperty->ArrayDim [File:D:\BuildFarm\buildmachine_++depot+UE4-Releases+4.4\Engine\Source\Editor\KismetCompiler\Private\KismetCompilerVMBackend.cpp] [Line: 460]

Stack: Address = 0xe7a55216 (filename not found) [in C:\Program Files\Unreal Engine\4.4\Engine\Binaries\Win64\UE4Editor-Core.dll]
Address = 0xe78e19d1 (filename not found) [in C:\Program Files\Unreal Engine\4.4\Engine\Binaries\Win64\UE4Editor-Core.dll]
Address = 0xef9f8874 (filename not found) [in C:\Program Files\Unreal Engine\4.4\Engine\Binaries\Win64\UE4Editor-KismetCompiler.dll]
Address = 0xef9f803c (filename not found) [in C:\Program Files\Unreal Engine\4.4\Engine\Binaries\Win64\UE4Editor-KismetCompiler.dll]
Address = 0xefa07938 (filename not found) [in C:\Program Files\Unreal Engine\4.4\Engine\Binaries\Win64\UE4Editor-KismetCompiler.dll]
Address = 0xef9e78f7 (filename not found) [in C:\Program Files\Unreal Engine\4.4\Engine\Binaries\Win64\UE4Editor-KismetCompiler.dll]
Address = 0xefa07b8d (filename not found) [in C:\Program Files\Unreal Engine\4.4\Engine\Binaries\Win64\UE4Editor-KismetCompiler.dll]
Address = 0xef9e31a3 (filename not found) [in C:\Program Files\Unreal Engine\4.4\Engine\Binaries\Win64\UE4Editor-KismetCompiler.dll]
Address = 0xef9e3ccc (filename not found) [in C:\Program Files\Unreal Engine\4.4\Engine\Binaries\Win64\UE4Editor-KismetCompiler.dll]
Address = 0xef9e383e (filename not found) [in C:\Program Files\Unreal Engine\4.4\Engine\Binaries\Win64\UE4Editor-KismetCompiler.dll]
Address = 0xdfa5191a (filename not found) [in C:\Program Files\Unreal Engine\4.4\Engine\Binaries\Win64\UE4Editor-UnrealEd.dll]
Address = 0xdfa18254 (filename not found) [in C:\Program Files\Unreal Engine\4.4\Engine\Binaries\Win64\UE4Editor-UnrealEd.dll]
Address = 0xeaac4adb (filename not found) [in C:\Program Files\Unreal Engine\4.4\Engine\Binaries\Win64\UE4Editor-CoreUObject.dll]
Address = 0xeab0ffe6 (filename not found) [in C:\Program Files\Unreal Engine\4.4\Engine\Binaries\Win64\UE4Editor-CoreUObject.dll]
Address = 0xeab2ab54 (filename not found) [in C:\Program Files\Unreal Engine\4.4\Engine\Binaries\Win64\UE4Editor-CoreUObject.dll]
Address = 0xeaafebc4 (filename not found) [in C:\Program Files\Unreal Engine\4.4\Engine\Binaries\Win64\UE4Editor-CoreUObject.dll]
Address = 0xeaad1f68 (filename not found) [in C:\Program Files\Unreal Engine\4.4\Engine\Binaries\Win64\UE4Editor-CoreUObject.dll]
Address = 0xeab3426f (filename not found) [in C:\Program Files\Unreal Engine\4.4\Engine\Binaries\Win64\UE4Editor-CoreUObject.dll]
Address = 0xeab10179 (filename not found) [in C:\Program Files\Unreal Engine\4.4\Engine\Binaries\Win64\UE4Editor-CoreUObject.dll]
Address = 0xeab2ab54 (filename not found) [in C:\Program Files\Unreal Engine\4.4\Engine\Binaries\Win64\UE4Editor-CoreUObject.dll]
Address = 0xeab0fa5e (filename not found) [in C:\Program Files\Unreal Engine\4.4\Engine\Binaries\Win64\UE4Editor-CoreUObject.dll]
Address = 0xeab2ab54 (filename not found) [in C:\Program Files\Unreal Engine\4.4\Engine\Binaries\Win64\UE4Editor-CoreUObject.dll]
Address = 0xeab0fa5e (filename not found) [in C:\Program Files\Unreal Engine\4.4\Engine\Binaries\Win64\UE4Editor-CoreUObject.dll]
Address = 0xeab2c972 (filename not found) [in C:\Program Files\Unreal Engine\4.4\Engine\Binaries\Win64\UE4Editor-CoreUObject.dll]
Address = 0xeab85f5a (filename not found) [in C:\Program Files\Unreal Engine\4.4\Engine\Binaries\Win64\UE4Editor-CoreUObject.dll]
Address = 0xeab4c1ae (filename not found) [in C:\Program Files\Unreal Engine\4.4\Engine\Binaries\Win64\UE4Editor-CoreUObject.dll]
Address = 0xeab4b535 (filename not found) [in C:\Program Files\Unreal Engine\4.4\Engine\Binaries\Win64\UE4Editor-CoreUObject.dll]
Address = 0xeab4c2da (filename not found) [in C:\Program Files\Unreal Engine\4.4\Engine\Binaries\Win64\UE4Editor-CoreUObject.dll]
Address = 0xeab4b535 (filename not found) [in C:\Program Files\Unreal Engine\4.4\Engine\Binaries\Win64\UE4Editor-CoreUObject.dll]
Address = 0xeab4b44a (filename not found) [in C:\Program Files\Unreal Engine\4.4\Engine\Binaries\Win64\UE4Editor-CoreUObject.dll]
Address = 0xeab17ce0 (filename not found) [in C:\Program Files\Unreal Engine\4.4\Engine\Binaries\Win64\UE4Editor-CoreUObject.dll]
Address = 0xeab4a7b0 (filename not found) [in C:\Program Files\Unreal Engine\4.4\Engine\Binaries\Win64\UE4Editor-CoreUObject.dll]
Address = 0xeab112c8 (filename not found) [in C:\Program Files\Unreal Engine\4.4\Engine\Binaries\Win64\UE4Editor-CoreUObject.dll]
Address = 0xeab23b6a (filename not found) [in C:\Program Files\Unreal Engine\4.4\Engine\Binaries\Win64\UE4Editor-CoreUObject.dll]
Address = 0xeab85e92 (filename not found) [in C:\Program Files\Unreal Engine\4.4\Engine\Binaries\Win64\UE4Editor-CoreUObject.dll]
Address = 0xdf4392e4 (filename not found) [in C:\Program Files\Unreal Engine\4.4\Engine\Binaries\Win64\UE4Editor-UnrealEd.dll]
Address = 0xdf42c4ed (filename not found) [in C:\Program Files\Unreal Engine\4.4\Engine\Binaries\Win64\UE4Editor-UnrealEd.dll]
Address = 0xdf41a291 (filename not found) [in C:\Program Files\Unreal Engine\4.4\Engine\Binaries\Win64\UE4Editor-UnrealEd.dll]
Address = 0xdf71f0f0 (filename not found) [in C:\Program Files\Unreal Engine\4.4\Engine\Binaries\Win64\UE4Editor-UnrealEd.dll]
Address = 0xdf492834 (filename not found) [in C:\Program Files\Unreal Engine\4.4\Engine\Binaries\Win64\UE4Editor-UnrealEd.dll]
Address = 0xdf493335 (filename not found) [in C:\Program Files\Unreal Engine\4.4\Engine\Binaries\Win64\UE4Editor-UnrealEd.dll]
Address = 0xd65392aa (filename not found) [in C:\Program Files\Unreal Engine\4.4\Engine\Binaries\Win64\UE4Editor-LevelEditor.dll]
Address = 0xe0425246 (filename not found) [in C:\Program Files\Unreal Engine\4.4\Engine\Binaries\Win64\UE4Editor-Slate.dll]
Address = 0xe056be27 (filename not found) [in C:\Program Files\Unreal Engine\4.4\Engine\Binaries\Win64\UE4Editor-Slate.dll]
Address = 0xe0574dd8 (filename not found) [in C:\Program Files\Unreal Engine\4.4\Engine\Binaries\Win64\UE4Editor-Slate.dll]
Address = 0xe053cd5c (filename not found) [in C:\Program Files\Unreal Engine\4.4\Engine\Binaries\Win64\UE4Editor-Slate.dll]
Address = 0xe060569a (filename not found) [in C:\Program Files\Unreal Engine\4.4\Engine\Binaries\Win64\UE4Editor-Slate.dll]
Address = 0xe063f169 (filename not found) [in C:\Program Files\Unreal Engine\4.4\Engine\Binaries\Win64\UE4Editor-Slate.dll]
Address = 0xe0461ddf (filename not found) [in C:\Program Files\Unreal Engine\4.4\Engine\Binaries\Win64\UE4Editor-Slate.dll]
Address = 0xe0451989 (filename not found) [in C:\Program Files\Unreal Engine\4.4\Engine\Binaries\Win64\UE4Editor-Slate.dll]
Address = 0xe79c34d5 (filename not found) [in C:\Program Files\Unreal Engine\4.4\Engine\Binaries\Win64\UE4Editor-Core.dll]
Address = 0xe79af871 (filename not found) [in C:\Program Files\Unreal Engine\4.4\Engine\Binaries\Win64\UE4Editor-Core.dll]
Address = 0xe79c461e (filename not found) [in C:\Program Files\Unreal Engine\4.4\Engine\Binaries\Win64\UE4Editor-Core.dll]
Address = 0xe79ac6e2 (filename not found) [in C:\Program Files\Unreal Engine\4.4\Engine\Binaries\Win64\UE4Editor-Core.dll]
Address = 0x772a9bd1 (filename not found) [in C:\Windows\system32\USER32.dll]
Address = 0x772a98da (filename not found) [in C:\Windows\system32\USER32.dll]
Address = 0xe79c4ac6 (filename not found) [in C:\Program Files\Unreal Engine\4.4\Engine\Binaries\Win64\UE4Editor-Core.dll]
FEngineLoop::Tick() 0x3f19708d + 8 bytes [File=d:\buildfarm\buildmachine_++depot+ue4-releases+4.4\engine\source\runtime\launch\private\launchengineloop.cpp:2080] [in C:\Program Files\Unreal Engine\4.4\Engine\Binaries\Win64\UE4Editor.exe]
GuardedMain() 0x3f18ca3c + 0 bytes [File=d:\buildfarm\buildmachine_++depot+ue4-releases+4.4\engine\source\runtime\launch\private\launch.cpp:133] [in C:\Program Files\Unreal Engine\4.4\Engine\Binaries\Win64\UE4Editor.exe]
GuardedMainWrapper() 0x3f18caaa + 5 bytes [File=d:\buildfarm\buildmachine_++depot+ue4-releases+4.4\engine\source\runtime\launch\private\windows\launchwindows.cpp:125] [in C:\Program Files\Unreal Engine\4.4\Engine\Binaries\Win64\UE4Editor.exe]
WinMain() 0x3f1988c9 + 17 bytes [File=d:\buildfarm\buildmachine_++depot+ue4-releases+4.4\engine\source\runtime\launch\private\windows\launchwindows.cpp:201] [in C:\Program Files\Unreal Engine\4.4\Engine\Binaries\Win64\UE4Editor.exe]
__tmainCRTStartup() 0x3f1996f9 + 21 bytes [File=f:\dd\vctools\crt\crtw32\dllstuff\crtexe.c:618] [in C:\Program Files\Unreal Engine\4.4\Engine\Binaries\Win64\UE4Editor.exe]
Address = 0x773a59ed (filename not found) [in C:\Windows\system32\kernel32.dll]
Address = 0x774dc541 (filename not found) [in C:\Windows\SYSTEM32\ntdll.dll]
Address = 0x774dc541 (filename not found) [in C:\Windows\SYSTEM32\ntdll.dll]

[2014.10.11-20.28.13:589][744]LogOutputDevice: === Handled error: ===
Ensure condition failed: 1 == StructProperty->ArrayDim [File:D:\BuildFarm\buildmachine_++depot+UE4-Releases+4.4\Engine\Source\Editor\KismetCompiler\Private\KismetCompilerVMBackend.cpp] [Line: 460]

Stack: Address = 0xe7a55216 (filename not found) [in C:\Program Files\Unreal Engine\4.4\Engine\Binaries\Win64\UE4Editor-Core.dll]
Address = 0xe78e19d1 (filename not found) [in C:\Program Files\Unreal Engine\4.4\Engine\Binaries\Win64\UE4Editor-Core.dll]
Address = 0xef9f8874 (filename not found) [in C:\Program Files\Unreal Engine\4.4\Engine\Binaries\Win64\UE4Editor-KismetCompiler.dll]
Address = 0xef9f803c (filename not found) [in C:\Program Files\Unreal Engine\4.4\Engine\Binaries\Win64\UE4Editor-KismetCompiler.dll]
Address = 0xefa07938 (filename not found) [in C:\Program Files\Unreal Engine\4.4\Engine\Binaries\Win64\UE4Editor-KismetCompiler.dll]
Address = 0xef9e78f7 (filename not found) [in C:\Program Files\Unreal Engine\4.4\Engine\Binaries\Win64\UE4Editor-KismetCompiler.dll]
Address = 0xefa07b8d (filename not found) [in C:\Program Files\Unreal Engine\4.4\Engine\Binaries\Win64\UE4Editor-KismetCompiler.dll]
Address = 0xef9e31a3 (filename not found) [in C:\Program Files\Unreal Engine\4.4\Engine\Binaries\Win64\UE4Editor-KismetCompiler.dll]
Address = 0xef9e3ccc (filename not found) [in C:\Program Files\Unreal Engine\4.4\Engine\Binaries\Win64\UE4Editor-KismetCompiler.dll]
Address = 0xef9e383e (filename not found) [in C:\Program Files\Unreal Engine\4.4\Engine\Binaries\Win64\UE4Editor-KismetCompiler.dll]
Address = 0xdfa74bf8 (filename not found) [in C:\Program Files\Unreal Engine\4.4\Engine\Binaries\Win64\UE4Editor-UnrealEd.dll]
Address = 0xda818e07 (filename not found) [in C:\Program Files\Unreal Engine\4.4\Engine\Binaries\Win64\UE4Editor-Engine.dll]
Address = 0xeaa680cf (filename not found) [in C:\Program Files\Unreal Engine\4.4\Engine\Binaries\Win64\UE4Editor-CoreUObject.dll]
Address = 0xeab10183 (filename not found) [in C:\Program Files\Unreal Engine\4.4\Engine\Binaries\Win64\UE4Editor-CoreUObject.dll]
Address = 0xeab2ab54 (filename not found) [in C:\Program Files\Unreal Engine\4.4\Engine\Binaries\Win64\UE4Editor-CoreUObject.dll]
Address = 0xeab0fa5e (filename not found) [in C:\Program Files\Unreal Engine\4.4\Engine\Binaries\Win64\UE4Editor-CoreUObject.dll]
Address = 0xeab2ab54 (filename not found) [in C:\Program Files\Unreal Engine\4.4\Engine\Binaries\Win64\UE4Editor-CoreUObject.dll]
Address = 0xeab0fa5e (filename not found) [in C:\Program Files\Unreal Engine\4.4\Engine\Binaries\Win64\UE4Editor-CoreUObject.dll]
Address = 0xeab2c972 (filename not found) [in C:\Program Files\Unreal Engine\4.4\Engine\Binaries\Win64\UE4Editor-CoreUObject.dll]
Address = 0xeab85f5a (filename not found) [in C:\Program Files\Unreal Engine\4.4\Engine\Binaries\Win64\UE4Editor-CoreUObject.dll]
Address = 0xeab4c1ae (filename not found) [in C:\Program Files\Unreal Engine\4.4\Engine\Binaries\Win64\UE4Editor-CoreUObject.dll]
Address = 0xeab4b535 (filename not found) [in C:\Program Files\Unreal Engine\4.4\Engine\Binaries\Win64\UE4Editor-CoreUObject.dll]
Address = 0xeab4c2da (filename not found) [in C:\Program Files\Unreal Engine\4.4\Engine\Binaries\Win64\UE4Editor-CoreUObject.dll]
Address = 0xeab4b535 (filename not found) [in C:\Program Files\Unreal Engine\4.4\Engine\Binaries\Win64\UE4Editor-CoreUObject.dll]
Address = 0xeab4b44a (filename not found) [in C:\Program Files\Unreal Engine\4.4\Engine\Binaries\Win64\UE4Editor-CoreUObject.dll]
Address = 0xeab17ce0 (filename not found) [in C:\Program Files\Unreal Engine\4.4\Engine\Binaries\Win64\UE4Editor-CoreUObject.dll]
Address = 0xeab4a7b0 (filename not found) [in C:\Program Files\Unreal Engine\4.4\Engine\Binaries\Win64\UE4Editor-CoreUObject.dll]
Address = 0xeab112c8 (filename not found) [in C:\Program Files\Unreal Engine\4.4\Engine\Binaries\Win64\UE4Editor-CoreUObject.dll]
Address = 0xeab23b6a (filename not found) [in C:\Program Files\Unreal Engine\4.4\Engine\Binaries\Win64\UE4Editor-CoreUObject.dll]
Address = 0xeab85e92 (filename not found) [in C:\Program Files\Unreal Engine\4.4\Engine\Binaries\Win64\UE4Editor-CoreUObject.dll]
Address = 0xdf4392e4 (filename not found) [in C:\Program Files\Unreal Engine\4.4\Engine\Binaries\Win64\UE4Editor-UnrealEd.dll]
Address = 0xdf42c4ed (filename not found) [in C:\Program Files\Unreal Engine\4.4\Engine\Binaries\Win64\UE4Editor-UnrealEd.dll]
Address = 0xdf41a291 (filename not found) [in C:\Program Files\Unreal Engine\4.4\Engine\Binaries\Win64\UE4Editor-UnrealEd.dll]
Address = 0xdf71f0f0 (filename not found) [in C:\Program Files\Unreal Engine\4.4\Engine\Binaries\Win64\UE4Editor-UnrealEd.dll]
Address = 0xdf492834 (filename not found) [in C:\Program Files\Unreal Engine\4.4\Engine\Binaries\Win64\UE4Editor-UnrealEd.dll]
Address = 0xdf493335 (filename not found) [in C:\Program Files\Unreal Engine\4.4\Engine\Binaries\Win64\UE4Editor-UnrealEd.dll]
Address = 0xd65392aa (filename not found) [in C:\Program Files\Unreal Engine\4.4\Engine\Binaries\Win64\UE4Editor-LevelEditor.dll]
Address = 0xe0425246 (filename not found) [in C:\Program Files\Unreal Engine\4.4\Engine\Binaries\Win64\UE4Editor-Slate.dll]
Address = 0xe056be27 (filename not found) [in C:\Program Files\Unreal Engine\4.4\Engine\Binaries\Win64\UE4Editor-Slate.dll]
Address = 0xe0574dd8 (filename not found) [in C:\Program Files\Unreal Engine\4.4\Engine\Binaries\Win64\UE4Editor-Slate.dll]
Address = 0xe053cd5c (filename not found) [in C:\Program Files\Unreal Engine\4.4\Engine\Binaries\Win64\UE4Editor-Slate.dll]
Address = 0xe060569a (filename not found) [in C:\Program Files\Unreal Engine\4.4\Engine\Binaries\Win64\UE4Editor-Slate.dll]
Address = 0xe063f169 (filename not found) [in C:\Program Files\Unreal Engine\4.4\Engine\Binaries\Win64\UE4Editor-Slate.dll]
Address = 0xe0461ddf (filename not found) [in C:\Program Files\Unreal Engine\4.4\Engine\Binaries\Win64\UE4Editor-Slate.dll]
Address = 0xe0451989 (filename not found) [in C:\Program Files\Unreal Engine\4.4\Engine\Binaries\Win64\UE4Editor-Slate.dll]
Address = 0xe79c34d5 (filename not found) [in C:\Program Files\Unreal Engine\4.4\Engine\Binaries\Win64\UE4Editor-Core.dll]
Address = 0xe79af871 (filename not found) [in C:\Program Files\Unreal Engine\4.4\Engine\Binaries\Win64\UE4Editor-Core.dll]
Address = 0xe79c461e (filename not found) [in C:\Program Files\Unreal Engine\4.4\Engine\Binaries\Win64\UE4Editor-Core.dll]
Address = 0xe79ac6e2 (filename not found) [in C:\Program Files\Unreal Engine\4.4\Engine\Binaries\Win64\UE4Editor-Core.dll]
Address = 0x772a9bd1 (filename not found) [in C:\Windows\system32\USER32.dll]
Address = 0x772a98da (filename not found) [in C:\Windows\system32\USER32.dll]
Address = 0xe79c4ac6 (filename not found) [in C:\Program Files\Unreal Engine\4.4\Engine\Binaries\Win64\UE4Editor-Core.dll]
FEngineLoop::Tick() 0x3f19708d + 8 bytes [File=d:\buildfarm\buildmachine_++depot+ue4-releases+4.4\engine\source\runtime\launch\private\launchengineloop.cpp:2080] [in C:\Program Files\Unreal Engine\4.4\Engine\Binaries\Win64\UE4Editor.exe]
GuardedMain() 0x3f18ca3c + 0 bytes [File=d:\buildfarm\buildmachine_++depot+ue4-releases+4.4\engine\source\runtime\launch\private\launch.cpp:133] [in C:\Program Files\Unreal Engine\4.4\Engine\Binaries\Win64\UE4Editor.exe]
GuardedMainWrapper() 0x3f18caaa + 5 bytes [File=d:\buildfarm\buildmachine_++depot+ue4-releases+4.4\engine\source\runtime\launch\private\windows\launchwindows.cpp:125] [in C:\Program Files\Unreal Engine\4.4\Engine\Binaries\Win64\UE4Editor.exe]
WinMain() 0x3f1988c9 + 17 bytes [File=d:\buildfarm\buildmachine_++depot+ue4-releases+4.4\engine\source\runtime\launch\private\windows\launchwindows.cpp:201] [in C:\Program Files\Unreal Engine\4.4\Engine\Binaries\Win64\UE4Editor.exe]
__tmainCRTStartup() 0x3f1996f9 + 21 bytes [File=f:\dd\vctools\crt\crtw32\dllstuff\crtexe.c:618] [in C:\Program Files\Unreal Engine\4.4\Engine\Binaries\Win64\UE4Editor.exe]
Address = 0x773a59ed (filename not found) [in C:\Windows\system32\kernel32.dll]
Address = 0x774dc541 (filename not found) [in C:\Windows\SYSTEM32\ntdll.dll]
Address = 0x774dc541 (filename not found) [in C:\Windows\SYSTEM32\ntdll.dll]

[2014.10.11-20.28.14:545][744]BlueprintLog:Warning: Warning Blueprint MyGame has been migrated and requires re-saving to avoid import errors
[2014.10.11-20.28.15:043][744]LogEditorServer: Finished looking for orphan Actors (0.000 secs)
[2014.10.11-20.28.15:043][744]LogAIModule: Creating AISystem for world Programming
[2014.10.11-20.28.15:072][744]Cmd: MAP CHECKDEP
[2014.10.11-20.28.15:072][744]MapCheck: New page: Programming - Oct 11, 2014, 12:28:15 PM
[2014.10.11-20.28.15:228][744]MapCheck: Info ========== Map Check: 0 Error(s), 0 Warning(s), [155.306ms] ==========
[2014.10.11-20.28.15:228][744]LogFileHelpers: Loading map 'Programming' took 3.075
[2014.10.11-20.28.20:738][896]LogContentBrowser:Verbose: The content browser source was changed by the sources view to '/Game/Particles'
[2014.10.11-20.28.23:575][992]LogLinker:Warning: Asset '../../../Engine/Content/EditorMaterials/Cascade/CASC_Lights.uasset' has been saved with empty engine version. The asset will be loaded but may be incompatible.
[2014.10.11-20.30.37:570][814]LogCascade: Quitting Cascade. FXSystem=0x000000001C2A82C0
[2014.10.11-20.30.40:905][904]LogCascade: Quitting Cascade. FXSystem=0x0000000010BBCAE0
[2014.10.11-20.30.42:305][954]LogContentBrowser:Verbose: The content browser source was changed by the sources view to '/Game/Blueprints'
[2014.10.11-20.31.11:820][984]BlueprintLog: New page: Compile blueprintFireSprinkler
[2014.10.11-20.31.11:944][984]LogActorComponent: UnregisterComponent: (/Engine/Transient.CharacterMovementComponent_0) Not registered. Aborting.
[2014.10.11-20.31.11:993][984]LogParticles: Destroying 0 GPU particle simulations for FXSystem 0x000000001C2A82C0
[2014.10.11-20.31.11:993][984]LogParticles: Destroying 0 GPU particle simulations for FXSystem 0x0000000010BBCAE0
[2014.10.11-20.31.12:037][984]BlueprintEditorCompileResults: Info [0354.25] Compile of blueprintFireSprinkler successful! [in 3 ms]
[2014.10.11-20.31.13:456][ 31]LogSlate:Warning: GetFontFace failed to load or process 'Roboto-Regular'
[2014.10.11-20.31.13:456][ 31]LogSlate:Warning: GetFontFace failed to load or process 'Roboto-Regular'
[2014.10.11-20.31.13:459][ 31]LogSlate:Warning: GetFontFace failed to load or process 'Roboto-Regular'
[2014.10.11-20.31.13:459][ 31]LogSlate:Warning: GetFontFace failed to load or process 'Roboto-Regular'
[2014.10.11-20.31.13:459][ 31]LogSlate:Warning: GetFontFace failed to load or process 'Roboto-Regular'
[2014.10.11-20.31.13:459][ 31]LogSlate:Warning: GetFontFace failed to load or process 'Roboto-Regular'
[2014.10.11-20.31.13:459][ 31]LogSlate:Warning: GetFontFace failed to load or process 'Roboto-Regular'
[2014.10.11-20.31.13:460][ 31]LogSlate:Warning: GetFontFace failed to load or process 'Roboto-Regular'
[2014.10.11-20.31.13:460][ 31]LogSlate:Warning: GetFontFace failed to load or process 'Roboto-Regular'
[2014.10.11-20.31.13:460][ 31]LogSlate:Warning: GetFontFace failed to load or process 'Roboto-Regular'
[2014.10.11-20.31.13:460][ 31]LogSlate:Warning: GetFontFace failed to load or process 'Roboto-Regular'
[2014.10.11-20.31.13:460][ 31]LogSlate:Warning: GetFontFace failed to load or process 'Roboto-Regular'
[2014.10.11-20.31.13:460][ 31]LogSlate:Warning: GetFontFace failed to load or process 'Roboto-Regular'
[2014.10.11-20.31.13:460][ 31]LogSlate:Warning: GetFontFace failed to load or process 'Roboto-Regular'
[2014.10.11-20.31.13:460][ 31]LogSlate:Warning: GetFontFace failed to load or process 'Roboto-Regular'
[2014.10.11-20.31.13:460][ 31]LogSlate:Warning: GetFontFace failed to load or process 'Roboto-Regular'
[2014.10.11-20.31.23:704][495]LogSlate:Warning: GetFontFace failed to load or process 'Roboto-Regular'
[2014.10.11-20.31.23:704][495]LogSlate:Warning: GetFontFace failed to load or process 'Roboto-Regular'
[2014.10.11-20.31.23:704][495]LogSlate:Warning: GetFontFace failed to load or process 'Roboto-Regular'
[2014.10.11-20.31.23:704][495]LogSlate:Warning: GetFontFace failed to load or process 'Roboto-Regular'
[2014.10.11-20.31.23:705][495]LogSlate:Warning: GetFontFace failed to load or process 'Roboto-Regular'
[2014.10.11-20.31.42:738][369]LogRenderer:Warning: Reallocating scene render targets to support 1032x584.
[2014.10.11-20.31.51:887][564]BlueprintLog: New page: Compile blueprintFireSprinkler
[2014.10.11-20.31.52:018][564]BlueprintEditorCompileResults: Info [0394.32] Compile of blueprintFireSprinkler successful! [in 3 ms]
[2014.10.11-20.33.30:496][779]BlueprintLog: New page: Compile blueprintFireSprinkler
[2014.10.11-20.33.30:645][779]LogParticles: Destroying 0 GPU particle simulations for FXSystem 0x00000000339074C0
[2014.10.11-20.33.30:646][779]LogParticles: Destroying 0 GPU particle simulations for FXSystem 0x0000000031076A20
[2014.10.11-20.33.30:647][779]LogParticles: Destroying 0 GPU particle simulations for FXSystem 0x00000000275172E0
[2014.10.11-20.33.30:678][779]BlueprintEditorCompileResults: Info [0492.93] Compile of blueprintFireSprinkler successful! [in 3 ms]
[2014.10.11-20.34.40:896][465]BlueprintLog: New page: Compile blueprintFireSprinkler
[2014.10.11-20.34.41:031][465]BlueprintEditorCompileResults: Info [0563.33] Compile of blueprintFireSprinkler successful! [in 2 ms]
[2014.10.11-20.35.10:795][390]Cmd: BRUSH ADD SELECTNEWBRUSH
[2014.10.11-20.35.35:534][327]LogEditorViewport: Clicking on Actor (LMB): blueprintSmallCrate_C (blueprintSmallCrate)
[2014.10.11-20.36.17:861][810]Cmd: DELETE
[2014.10.11-20.36.17:861][810]Cmd: ACTOR DELETE
[2014.10.11-20.36.17:864][810]LogEditorActor: Deleted Actor: Brush
[2014.10.11-20.36.17:864][810]LogActorComponent: UnregisterComponent: (/Engine/Transient.CharacterMovementComponent_1) Not registered. Aborting.
[2014.10.11-20.36.17:905][810]LogParticles: Destroying 0 GPU particle simulations for FXSystem 0x00000000337632E0
[2014.10.11-20.36.17:941][810]LogEditorActor: Deleted 1 Actors (0.078 secs)
[2014.10.11-20.36.58:127][389]Cmd: TRANSACTION UNDO
[2014.10.11-20.36.58:127][389]LogEditorTransaction: Undo Delete Actors
[2014.10.11-20.37.00:478][442]Cmd: DELETE
[2014.10.11-20.37.00:478][442]Cmd: ACTOR DELETE
[2014.10.11-20.37.00:481][442]LogEditorActor: Deleted Actor: Brush
[2014.10.11-20.37.00:559][442]LogEditorActor: Deleted 1 Actors (0.079 secs)
[2014.10.11-20.37.03:718][552]Cmd: BRUSH ADD SELECTNEWBRUSH
[2014.10.11-20.38.07:098][152]LogSavePackage: Save=153.257614ms
[2014.10.11-20.38.07:098][152]LogSavePackage: Moving '../../../../../../Users/Mitchell/Documents/Unhinged/Phobophobia 4.4/Saved/Programming_Auto142D0E5EE449EC384CE39B4AD03135786.tmp' to '../../../../../../Users/Mitchell/Documents/Unhinged/Phobophobia 4.4/Saved/Autosaves/Game/Maps/Programming_Auto1.umap'
[2014.10.11-20.38.07:118][152]LogFileHelpers: Editor autosave (incl. sublevels) for '/Game/Maps/Programming' took 0.313
[2014.10.11-20.38.07:118][152]LogFileHelpers: Editor autosave (incl. sublevels) for all levels took 0.313
[2014.10.11-20.38.07:128][152]OBJ SavePackage: Generating thumbnails for [0] asset(s) in package [/Game/Blueprints/blueprintFireSprinkler] ([1] browsable assets)...
[2014.10.11-20.38.07:142][152]OBJ SavePackage: Finished generating thumbnails for package [/Game/Blueprints/blueprintFireSprinkler]
[2014.10.11-20.38.07:255][152]LogSavePackage: Save=51.230328ms
[2014.10.11-20.38.07:255][152]LogSavePackage: Moving '../../../../../../Users/Mitchell/Documents/Unhinged/Phobophobia 4.4/Saved/blueprintFireSprinkler_Auto1EFB7DC534C087AF8131D838E29DE1B8C.tmp' to '../../../../../../Users/Mitchell/Documents/Unhinged/Phobophobia 4.4/Saved/Autosaves/Game/Blueprints/blueprintFireSprinkler_Auto1.uasset'
[2014.10.11-20.38.07:274][152]LogFileHelpers: Auto-saving content packages took 0.156
[2014.10.11-20.38.09:248][214]Cmd: OBJ SAVEPACKAGE PACKAGE="/Game/Maps/Programming" FILE="../../../../../../Users/Mitchell/Documents/Unhinged/Phobophobia 4.4/Content/Maps/Programming.umap" SILENT=true AUTOSAVING=false KEEPDIRTY=false
[2014.10.11-20.38.09:501][214]LogSavePackage: Save=145.597641ms
[2014.10.11-20.38.09:501][214]LogSavePackage: Moving '../../../../../../Users/Mitchell/Documents/Unhinged/Phobophobia 4.4/Saved/ProgrammingA23CDCC74EE6CA4531F6E1A5C4D0CAAD.tmp' to '../../../../../../Users/Mitchell/Documents/Unhinged/Phobophobia 4.4/Content/Maps/Programming.umap'
[2014.10.11-20.38.24:263][720]LogEditorViewport: Clicking on Actor (LMB): Brush (Box Brush_18)
[2014.10.11-20.38.24:483][727]Cmd: DELETE
[2014.10.11-20.38.24:483][727]Cmd: ACTOR DELETE
[2014.10.11-20.38.24:485][727]LogEditorActor: Deleted Actor: Brush
[2014.10.11-20.38.24:560][727]LogEditorActor: Deleted 1 Actors (0.077 secs)
[2014.10.11-20.38.27:793][819]LogContentBrowser:Verbose: The content browser source was changed by the sources view to '/Game/Meshes'
[2014.10.11-20.39.40:394][491]LogActorComponent: UnregisterComponent: (/Engine/Transient.CharacterMovementComponent_2) Not registered. Aborting.
[2014.10.11-20.39.44:527][583]BlueprintLog: New page: Compile blueprintSprinklerTrigger
[2014.10.11-20.39.44:685][583]BlueprintEditorCompileResults: Info [0866.94] Compile of blueprintSprinklerTrigger successful! [in 1 ms]
[2014.10.11-20.39.46:748][628]BlueprintLog: New page: Pre-PIE auto-recompile
[2014.10.11-20.39.46:749][628]LogPlayLevel: [PIE] Compiling Programming before PIE...
[2014.10.11-20.39.46:861][628]LogPlayLevel: PIE:  Blueprint regeneration took 112 ms (1 blueprints)
[2014.10.11-20.39.46:861][628]PIE: New page: PIE session: Programming (Oct 11, 2014, 12:39:46 PM)
[2014.10.11-20.39.46:898][628]LogPlayLevel: PIE: StaticDuplicateObject took: (0.036465s)
[2014.10.11-20.39.46:899][628]LogPlayLevel: PIE: World Init took: (0.000766s)
[2014.10.11-20.39.46:899][628]LogPlayLevel: PIE: Created PIE world by copying editor world from /Game/Maps/Programming.Programming to /Game/Maps/UEDPIE_0_Programming.Programming (0.037470s)
[2014.10.11-20.39.46:942][628]LogWorld: Game class is 'MyGame_C'
[2014.10.11-20.39.46:944][628]LogAIModule: Creating AISystem for world Programming
[2014.10.11-20.39.46:951][628]LogWorld: Bringing World /Game/Maps/UEDPIE_0_Programming.Programming up for play (max tick rate 60) at 2014.10.11-16.39.46
[2014.10.11-20.39.46:952][628]LogWorld: Bringing up level for play took: 0.008688
[2014.10.11-20.39.46:956][628]PIE: Info Play in editor start time for /Game/Maps/UEDPIE_0_Programming -0.05
[2014.10.11-20.39.47:060][629]LogRenderer:Warning: Reallocating scene render targets to support 1032x592.
[2014.10.11-20.39.51:526][724]LogParticles: Destroying 0 GPU particle simulations for FXSystem 0x00000000337620C0
[2014.10.11-20.39.54:954][791]LogContentBrowser:Verbose: The content browser source was changed by the sources view to '/Game/Blueprints'
[2014.10.11-20.39.56:388][815]LogLinker:Warning: Can't find file '/Game/Blueprints/blueprintSprinklerTrigger'
[2014.10.11-20.39.56:388][815]LogLinker: Can't find file '/Game/Blueprints/blueprintSprinklerTrigger'
[2014.10.11-20.39.56:389][815]LogLinker:Warning: Can't find file '/Game/Blueprints/blueprintSprinklerTrigger'
[2014.10.11-20.39.56:389][815]LogLinker: Can't find file '/Game/Blueprints/blueprintSprinklerTrigger'
[2014.10.11-20.39.56:780][827]LogLinker:Warning: Can't find file '/Game/Blueprints/blueprintSprinklerTrigger'
[2014.10.11-20.39.56:780][827]LogLinker: Can't find file '/Game/Blueprints/blueprintSprinklerTrigger'
[2014.10.11-20.39.56:781][827]LogLinker:Warning: Can't find file '/Game/Blueprints/blueprintSprinklerTrigger'
[2014.10.11-20.39.56:781][827]LogLinker: Can't find file '/Game/Blueprints/blueprintSprinklerTrigger'
[2014.10.11-20.40.00:002][884]BlueprintLog: New page: Pre-PIE auto-recompile
[2014.10.11-20.40.00:003][884]LogPlayLevel: [PIE] Compiling Programming before PIE...
[2014.10.11-20.40.00:073][884]LogActorComponent: UnregisterComponent: (/Engine/Transient.CharacterMovementComponent_3) Not registered. Aborting.
[2014.10.11-20.40.00:104][884]LogPlayLevel: PIE:  Blueprint regeneration took 101 ms (1 blueprints)
[2014.10.11-20.40.00:104][884]PIE: New page: PIE session: Programming (Oct 11, 2014, 12:40:00 PM)
[2014.10.11-20.40.00:133][884]LogPlayLevel: PIE: StaticDuplicateObject took: (0.029195s)
[2014.10.11-20.40.00:134][884]LogPlayLevel: PIE: World Init took: (0.000719s)
[2014.10.11-20.40.00:134][884]LogPlayLevel: PIE: Created PIE world by copying editor world from /Game/Maps/Programming.Programming to /Game/Maps/UEDPIE_0_Programming.Programming (0.030142s)
[2014.10.11-20.40.00:160][884]LogWorld: Game class is 'MyGame_C'
[2014.10.11-20.40.00:163][884]LogAIModule: Creating AISystem for world Programming
[2014.10.11-20.40.00:171][884]LogWorld: Bringing World /Game/Maps/UEDPIE_0_Programming.Programming up for play (max tick rate 60) at 2014.10.11-16.40.00
[2014.10.11-20.40.00:172][884]LogWorld: Bringing up level for play took: 0.009259
[2014.10.11-20.40.00:174][884]PIE: Info Play in editor start time for /Game/Maps/UEDPIE_0_Programming 1.169
[2014.10.11-20.40.05:166][  7]LogParticles: Destroying 0 GPU particle simulations for FXSystem 0x0000000033760860
[2014.10.11-20.40.12:242][120]BlueprintLog: New page: Compile blueprintSprinklerTrigger
[2014.10.11-20.40.12:384][120]BlueprintEditorCompileResults: Info [0894.65] Compile of blueprintSprinklerTrigger successful! [in 0 ms]
[2014.10.11-20.40.14:309][161]BlueprintLog: New page: Pre-PIE auto-recompile
[2014.10.11-20.40.14:309][161]LogPlayLevel: [PIE] Compiling Programming before PIE...
[2014.10.11-20.40.14:419][161]LogPlayLevel: PIE:  Blueprint regeneration took 110 ms (1 blueprints)
[2014.10.11-20.40.14:419][161]PIE: New page: PIE session: Programming (Oct 11, 2014, 12:40:14 PM)
[2014.10.11-20.40.14:448][161]LogPlayLevel: PIE: StaticDuplicateObject took: (0.028761s)
[2014.10.11-20.40.14:449][161]LogPlayLevel: PIE: World Init took: (0.000791s)
[2014.10.11-20.40.14:449][161]LogPlayLevel: PIE: Created PIE world by copying editor world from /Game/Maps/Programming.Programming to /Game/Maps/UEDPIE_0_Programming.Programming (0.029794s)
[2014.10.11-20.40.14:477][161]LogWorld: Game class is 'MyGame_C'
[2014.10.11-20.40.14:479][161]LogAIModule: Creating AISystem for world Programming
[2014.10.11-20.40.14:487][161]LogWorld: Bringing World /Game/Maps/UEDPIE_0_Programming.Programming up for play (max tick rate 60) at 2014.10.11-16.40.14
[2014.10.11-20.40.14:488][161]LogWorld: Bringing up level for play took: 0.008678
[2014.10.11-20.40.14:490][161]PIE: Info Play in editor start time for /Game/Maps/UEDPIE_0_Programming -0.516
[2014.10.11-20.40.21:058][325]LogParticles: Destroying 0 GPU particle simulations for FXSystem 0x000000003102E480
[2014.10.11-20.41.02:496][571]BlueprintLog: New page: Compile blueprintSprinklerTrigger
[2014.10.11-20.41.02:697][571]BlueprintEditorCompileResults: Info [0944.91] Compile of blueprintSprinklerTrigger successful! [in 0 ms]
[2014.10.11-20.41.13:999][947]LogSlate:Warning: GetFontFace failed to load or process 'Roboto-Regular'
[2014.10.11-20.41.13:999][947]LogSlate:Warning: GetFontFace failed to load or process 'Roboto-Regular'
[2014.10.11-20.41.13:999][947]LogSlate:Warning: GetFontFace failed to load or process 'Roboto-Regular'
[2014.10.11-20.41.13:999][947]LogSlate:Warning: GetFontFace failed to load or process 'Roboto-Regular'
[2014.10.11-20.41.13:999][947]LogSlate:Warning: GetFontFace failed to load or process 'Roboto-Regular'
[2014.10.11-20.41.34:886][981]BlueprintLog: New page: Compile blueprintSprinklerTrigger
[2014.10.11-20.41.35:101][981]BlueprintEditorCompileResults: Info [0977.30] Compile of blueprintSprinklerTrigger successful! [in 1 ms]
[2014.10.11-20.41.36:897][ 38]BlueprintLog: New page: Pre-PIE auto-recompile
[2014.10.11-20.41.36:897][ 38]LogPlayLevel: [PIE] Compiling Programming before PIE...
[2014.10.11-20.41.36:993][ 38]LogPlayLevel: PIE:  Blueprint regeneration took 96 ms (1 blueprints)
[2014.10.11-20.41.36:993][ 38]PIE: New page: PIE session: Programming (Oct 11, 2014, 12:41:36 PM)
[2014.10.11-20.41.37:017][ 38]LogPlayLevel: PIE: StaticDuplicateObject took: (0.023675s)
[2014.10.11-20.41.37:017][ 38]LogPlayLevel: PIE: World Init took: (0.000636s)
[2014.10.11-20.41.37:017][ 38]LogPlayLevel: PIE: Created PIE world by copying editor world from /Game/Maps/Programming.Programming to /Game/Maps/UEDPIE_0_Programming.Programming (0.024505s)
[2014.10.11-20.41.37:047][ 38]LogWorld: Game class is 'MyGame_C'
[2014.10.11-20.41.37:048][ 38]LogAIModule: Creating AISystem for world Programming
[2014.10.11-20.41.37:054][ 38]LogWorld: Bringing World /Game/Maps/UEDPIE_0_Programming.Programming up for play (max tick rate 60) at 2014.10.11-16.41.37
[2014.10.11-20.41.37:055][ 38]LogWorld: Bringing up level for play took: 0.006900
[2014.10.11-20.41.37:057][ 38]PIE: Info Play in editor start time for /Game/Maps/UEDPIE_0_Programming 0.049
[2014.10.11-20.41.41:207][142]LogParticles: Destroying 0 GPU particle simulations for FXSystem 0x0000000020013560
[2014.10.11-20.45.12:209][771]LogActorComponent: UnregisterComponent: (/Engine/Transient.CharacterMovementComponent_4) Not registered. Aborting.
[2014.10.11-20.45.45:170][955]LogSlate:Warning: GetFontFace failed to load or process 'Roboto-Regular'
[2014.10.11-20.46.03:617][657]BlueprintLog: New page: Compile blueprintCharacter
[2014.10.11-20.46.04:032][657]LogOutputDevice: === Handled error: ===
Ensure condition failed: 1 == StructProperty->ArrayDim [File:D:\BuildFarm\buildmachine_++depot+UE4-Releases+4.4\Engine\Source\Editor\KismetCompiler\Private\KismetCompilerVMBackend.cpp] [Line: 460]

Stack: Address = 0xe7a55216 (filename not found) [in C:\Program Files\Unreal Engine\4.4\Engine\Binaries\Win64\UE4Editor-Core.dll]
Address = 0xe78e19d1 (filename not found) [in C:\Program Files\Unreal Engine\4.4\Engine\Binaries\Win64\UE4Editor-Core.dll]
Address = 0xef9f8874 (filename not found) [in C:\Program Files\Unreal Engine\4.4\Engine\Binaries\Win64\UE4Editor-KismetCompiler.dll]
Address = 0xef9f803c (filename not found) [in C:\Program Files\Unreal Engine\4.4\Engine\Binaries\Win64\UE4Editor-KismetCompiler.dll]
Address = 0xefa07938 (filename not found) [in C:\Program Files\Unreal Engine\4.4\Engine\Binaries\Win64\UE4Editor-KismetCompiler.dll]
Address = 0xef9e78f7 (filename not found) [in C:\Program Files\Unreal Engine\4.4\Engine\Binaries\Win64\UE4Editor-KismetCompiler.dll]
Address = 0xefa07b8d (filename not found) [in C:\Program Files\Unreal Engine\4.4\Engine\Binaries\Win64\UE4Editor-KismetCompiler.dll]
Address = 0xef9e31a3 (filename not found) [in C:\Program Files\Unreal Engine\4.4\Engine\Binaries\Win64\UE4Editor-KismetCompiler.dll]
Address = 0xef9e3ccc (filename not found) [in C:\Program Files\Unreal Engine\4.4\Engine\Binaries\Win64\UE4Editor-KismetCompiler.dll]
Address = 0xef9e383e (filename not found) [in C:\Program Files\Unreal Engine\4.4\Engine\Binaries\Win64\UE4Editor-KismetCompiler.dll]
Address = 0xdfa5191a (filename not found) [in C:\Program Files\Unreal Engine\4.4\Engine\Binaries\Win64\UE4Editor-UnrealEd.dll]
Address = 0xde1f1727 (filename not found) [in C:\Program Files\Unreal Engine\4.4\Engine\Binaries\Win64\UE4Editor-Kismet.dll]
Address = 0xde22bc1d (filename not found) [in C:\Program Files\Unreal Engine\4.4\Engine\Binaries\Win64\UE4Editor-Kismet.dll]
Address = 0xde230b57 (filename not found) [in C:\Program Files\Unreal Engine\4.4\Engine\Binaries\Win64\UE4Editor-Kismet.dll]
Address = 0xe0425246 (filename not found) [in C:\Program Files\Unreal Engine\4.4\Engine\Binaries\Win64\UE4Editor-Slate.dll]
Address = 0xe056c2ad (filename not found) [in C:\Program Files\Unreal Engine\4.4\Engine\Binaries\Win64\UE4Editor-Slate.dll]
Address = 0xe053d0ec (filename not found) [in C:\Program Files\Unreal Engine\4.4\Engine\Binaries\Win64\UE4Editor-Slate.dll]
Address = 0xe060569a (filename not found) [in C:\Program Files\Unreal Engine\4.4\Engine\Binaries\Win64\UE4Editor-Slate.dll]
Address = 0xe063f169 (filename not found) [in C:\Program Files\Unreal Engine\4.4\Engine\Binaries\Win64\UE4Editor-Slate.dll]
Address = 0xe0461ddf (filename not found) [in C:\Program Files\Unreal Engine\4.4\Engine\Binaries\Win64\UE4Editor-Slate.dll]
Address = 0xe0451989 (filename not found) [in C:\Program Files\Unreal Engine\4.4\Engine\Binaries\Win64\UE4Editor-Slate.dll]
Address = 0xe79c34d5 (filename not found) [in C:\Program Files\Unreal Engine\4.4\Engine\Binaries\Win64\UE4Editor-Core.dll]
Address = 0xe79af871 (filename not found) [in C:\Program Files\Unreal Engine\4.4\Engine\Binaries\Win64\UE4Editor-Core.dll]
Address = 0xe79c461e (filename not found) [in C:\Program Files\Unreal Engine\4.4\Engine\Binaries\Win64\UE4Editor-Core.dll]
Address = 0xe79ac6e2 (filename not found) [in C:\Program Files\Unreal Engine\4.4\Engine\Binaries\Win64\UE4Editor-Core.dll]
Address = 0x772a9bd1 (filename not found) [in C:\Windows\system32\USER32.dll]
Address = 0x772a98da (filename not found) [in C:\Windows\system32\USER32.dll]
Address = 0xe79c4ac6 (filename not found) [in C:\Program Files\Unreal Engine\4.4\Engine\Binaries\Win64\UE4Editor-Core.dll]
FEngineLoop::Tick() 0x3f19708d + 8 bytes [File=d:\buildfarm\buildmachine_++depot+ue4-releases+4.4\engine\source\runtime\launch\private\launchengineloop.cpp:2080] [in C:\Program Files\Unreal Engine\4.4\Engine\Binaries\Win64\UE4Editor.exe]
GuardedMain() 0x3f18ca3c + 0 bytes [File=d:\buildfarm\buildmachine_++depot+ue4-releases+4.4\engine\source\runtime\launch\private\launch.cpp:133] [in C:\Program Files\Unreal Engine\4.4\Engine\Binaries\Win64\UE4Editor.exe]
GuardedMainWrapper() 0x3f18caaa + 5 bytes [File=d:\buildfarm\buildmachine_++depot+ue4-releases+4.4\engine\source\runtime\launch\private\windows\launchwindows.cpp:125] [in C:\Program Files\Unreal Engine\4.4\Engine\Binaries\Win64\UE4Editor.exe]
WinMain() 0x3f1988c9 + 17 bytes [File=d:\buildfarm\buildmachine_++depot+ue4-releases+4.4\engine\source\runtime\launch\private\windows\launchwindows.cpp:201] [in C:\Program Files\Unreal Engine\4.4\Engine\Binaries\Win64\UE4Editor.exe]
__tmainCRTStartup() 0x3f1996f9 + 21 bytes [File=f:\dd\vctools\crt\crtw32\dllstuff\crtexe.c:618] [in C:\Program Files\Unreal Engine\4.4\Engine\Binaries\Win64\UE4Editor.exe]
Address = 0x773a59ed (filename not found) [in C:\Windows\system32\kernel32.dll]
Address = 0x774dc541 (filename not found) [in C:\Windows\SYSTEM32\ntdll.dll]
Address = 0x774dc541 (filename not found) [in C:\Windows\SYSTEM32\ntdll.dll]

[2014.10.11-20.46.04:482][657]LogActorComponent: UnregisterComponent: (/Engine/Transient.CharacterMovementComponent_5) Not registered. Aborting.
[2014.10.11-20.46.04:585][657]BlueprintEditorCompileResults: Info [1246.81] Compile of blueprintCharacter successful! [in 518 ms]
[2014.10.11-20.48.24:205][877]LogActorComponent: UnregisterComponent: (/Engine/Transient.CharacterMovementComponent_6) Not registered. Aborting.
[2014.10.11-20.48.24:250][877]LogParticles: Destroying 0 GPU particle simulations for FXSystem 0x00000000440EB560
[2014.10.11-20.48.24:253][877]LogParticles: Destroying 0 GPU particle simulations for FXSystem 0x0000000038A2D260
[2014.10.11-20.48.24:453][877]LogSavePackage: Save=101.773964ms
[2014.10.11-20.48.24:453][877]LogSavePackage: Moving '../../../../../../Users/Mitchell/Documents/Unhinged/Phobophobia 4.4/Saved/Programming_Auto24CB2F20D4A80032FD27448976EB1E243.tmp' to '../../../../../../Users/Mitchell/Documents/Unhinged/Phobophobia 4.4/Saved/Autosaves/Game/Maps/Programming_Auto2.umap'
[2014.10.11-20.48.24:467][877]LogFileHelpers: Editor autosave (incl. sublevels) for '/Game/Maps/Programming' took 0.262
[2014.10.11-20.48.24:467][877]LogFileHelpers: Editor autosave (incl. sublevels) for all levels took 0.262
[2014.10.11-20.48.24:477][877]OBJ SavePackage: Generating thumbnails for [1] asset(s) in package [/Game/Blueprints/blueprintCharacter] ([1] browsable assets)...
[2014.10.11-20.48.24:522][877]OBJ SavePackage:     Rendered thumbnail for [Blueprint /Game/Blueprints/blueprintCharacter.blueprintCharacter]
[2014.10.11-20.48.24:522][877]OBJ SavePackage: Finished generating thumbnails for package [/Game/Blueprints/blueprintCharacter]
[2014.10.11-20.48.25:244][877]LogSavePackage: Save=675.335510ms
[2014.10.11-20.48.25:244][877]LogSavePackage: Moving '../../../../../../Users/Mitchell/Documents/Unhinged/Phobophobia 4.4/Saved/blueprintCharacter_Auto2768DEF3949B434673F01918685D25BA0.tmp' to '../../../../../../Users/Mitchell/Documents/Unhinged/Phobophobia 4.4/Saved/Autosaves/Game/Blueprints/blueprintCharacter_Auto2.uasset'
[2014.10.11-20.48.25:269][877]OBJ SavePackage: Generating thumbnails for [1] asset(s) in package [/Game/Blueprints/blueprintSprinklerTrigger] ([1] browsable assets)...
[2014.10.11-20.48.25:305][877]OBJ SavePackage:     Rendered thumbnail for [Blueprint /Game/Blueprints/blueprintSprinklerTrigger.blueprintSprinklerTrigger]
[2014.10.11-20.48.25:305][877]OBJ SavePackage: Finished generating thumbnails for package [/Game/Blueprints/blueprintSprinklerTrigger]
[2014.10.11-20.48.25:738][877]LogSavePackage: Save=411.066742ms
[2014.10.11-20.48.25:738][877]LogSavePackage: Moving '../../../../../../Users/Mitchell/Documents/Unhinged/Phobophobia 4.4/Saved/blueprintSprinklerTrigger_Auto29F8FBCDE4427997F1201AA9CDA40109A.tmp' to '../../../../../../Users/Mitchell/Documents/Unhinged/Phobophobia 4.4/Saved/Autosaves/Game/Blueprints/blueprintSprinklerTrigger_Auto2.uasset'
[2014.10.11-20.48.25:751][877]LogFileHelpers: Auto-saving content packages took 1.284
[2014.10.11-20.52.43:833][506]LogActorComponent: UnregisterComponent: (/Engine/Transient.CharacterMovementComponent_7) Not registered. Aborting.
[2014.10.11-20.52.54:938][901]LogContentBrowser:Verbose: The content browser source was changed by the sources view to '/Game/Blueprints'
[2014.10.11-20.53.14:526][569]LogActorComponent: UnregisterComponent: (/Engine/Transient.CharacterMovementComponent_8) Not registered. Aborting.
[2014.10.11-20.53.14:566][569]LogParticles: Destroying 0 GPU particle simulations for FXSystem 0x000000003BB77560
[2014.10.11-20.53.14:585][569]LogMetaData: Removing '/Game/Blueprints/blueprintSprinklerTriggerInterface.SKEL_blueprintSprinklerTriggerInterface_C' ref from Metadata '/Game/Blueprints/NewInterface.PackageMetaData'
[2014.10.11-20.53.14:585][569]LogMetaData: Removing '/Game/Blueprints/blueprintSprinklerTriggerInterface.blueprintSprinklerTriggerInterface_C' ref from Metadata '/Game/Blueprints/NewInterface.PackageMetaData'
[2014.10.11-20.53.14:652][569]LogSavePackage: Save=9.439671ms
[2014.10.11-20.53.14:652][569]LogSavePackage: Moving '../../../../../../Users/Mitchell/Documents/Unhinged/Phobophobia 4.4/Saved/blueprintSprinklerTriggerInterfaceB624D9224DC22AEA74009690FE558E78.tmp' to '../../../../../../Users/Mitchell/Documents/Unhinged/Phobophobia 4.4/Content/Blueprints/blueprintSprinklerTriggerInterface.uasset'
[2014.10.11-20.53.31:667][844]LogActorComponent: UnregisterComponent: (/Engine/Transient.CharacterMovementComponent_9) Not registered. Aborting.
[2014.10.11-20.53.31:710][844]LogMetaData: Removing '/Game/Blueprints/blueprintSprinklerInterface.blueprintSprinklerInterface_C' ref from Metadata '/Game/Blueprints/blueprintSprinklerTriggerInterface.PackageMetaData'
[2014.10.11-20.53.31:710][844]LogMetaData: Removing '/Game/Blueprints/blueprintSprinklerInterface.SKEL_blueprintSprinklerInterface_C' ref from Metadata '/Game/Blueprints/blueprintSprinklerTriggerInterface.PackageMetaData'
[2014.10.11-20.53.31:768][844]LogSavePackage: Save=9.456931ms
[2014.10.11-20.53.31:768][844]LogSavePackage: Moving '../../../../../../Users/Mitchell/Documents/Unhinged/Phobophobia 4.4/Saved/blueprintSprinklerInterface46FEF3034E087EC33B83E59E4E94D664.tmp' to '../../../../../../Users/Mitchell/Documents/Unhinged/Phobophobia 4.4/Content/Blueprints/blueprintSprinklerInterface.uasset'
[2014.10.11-20.54.51:350][576]LogEditorTransaction: Undo Rename Function
[2014.10.11-20.54.51:458][576]LogActorComponent: UnregisterComponent: (/Engine/Transient.CharacterMovementComponent_10) Not registered. Aborting.
[2014.10.11-20.54.52:386][603]LogEditorTransaction: Undo Add New Function
[2014.10.11-20.54.52:489][603]LogActorComponent: UnregisterComponent: (/Engine/Transient.CharacterMovementComponent_11) Not registered. Aborting.
[2014.10.11-20.54.57:730][787]Cmd: TRANSACTION REDO
[2014.10.11-20.54.57:730][787]LogEditorTransaction: Redo Add New Function
[2014.10.11-20.54.57:834][787]LogActorComponent: UnregisterComponent: (/Engine/Transient.CharacterMovementComponent_12) Not registered. Aborting.
[2014.10.11-20.55.00:994][909]Cmd: TRANSACTION REDO
[2014.10.11-20.55.00:994][909]LogEditorTransaction: Redo Rename Function
[2014.10.11-20.55.01:091][909]LogActorComponent: UnregisterComponent: (/Engine/Transient.CharacterMovementComponent_13) Not registered. Aborting.
[2014.10.11-20.55.07:815][121]LogActorComponent: UnregisterComponent: (/Engine/Transient.CharacterMovementComponent_14) Not registered. Aborting.
[2014.10.11-20.55.55:716][311]LogSavePackage: Save=15.785032ms
[2014.10.11-20.55.55:716][311]LogSavePackage: Moving '../../../../../../Users/Mitchell/Documents/Unhinged/Phobophobia 4.4/Saved/blueprintSprinklerInterfaceFE1249914C364F4109253097CD70C633.tmp' to '../../../../../../Users/Mitchell/Documents/Unhinged/Phobophobia 4.4/Content/Blueprints/blueprintSprinklerInterface.uasset'
[2014.10.11-20.56.04:689][655]LogActorComponent: UnregisterComponent: (/Engine/Transient.CharacterMovementComponent_15) Not registered. Aborting.
[2014.10.11-20.56.06:527][719]BlueprintLog: New page: Compile blueprintSprinklerTrigger
[2014.10.11-20.56.06:737][719]LogParticles: Destroying 0 GPU particle simulations for FXSystem 0x0000000016F67560
[2014.10.11-20.56.06:768][719]BlueprintEditorCompileResults: Info [1848.92] Compile of blueprintSprinklerTrigger successful! [in 0 ms]
[2014.10.11-20.56.11:748][846]BlueprintLog: New page: Compile blueprintCharacter
[2014.10.11-20.56.12:127][846]LogOutputDevice: === Handled error: ===
Ensure condition failed: 1 == StructProperty->ArrayDim [File:D:\BuildFarm\buildmachine_++depot+UE4-Releases+4.4\Engine\Source\Editor\KismetCompiler\Private\KismetCompilerVMBackend.cpp] [Line: 460]

Stack: Address = 0xe7a55216 (filename not found) [in C:\Program Files\Unreal Engine\4.4\Engine\Binaries\Win64\UE4Editor-Core.dll]
Address = 0xe78e19d1 (filename not found) [in C:\Program Files\Unreal Engine\4.4\Engine\Binaries\Win64\UE4Editor-Core.dll]
Address = 0xef9f8874 (filename not found) [in C:\Program Files\Unreal Engine\4.4\Engine\Binaries\Win64\UE4Editor-KismetCompiler.dll]
Address = 0xef9f803c (filename not found) [in C:\Program Files\Unreal Engine\4.4\Engine\Binaries\Win64\UE4Editor-KismetCompiler.dll]
Address = 0xefa07938 (filename not found) [in C:\Program Files\Unreal Engine\4.4\Engine\Binaries\Win64\UE4Editor-KismetCompiler.dll]
Address = 0xef9e78f7 (filename not found) [in C:\Program Files\Unreal Engine\4.4\Engine\Binaries\Win64\UE4Editor-KismetCompiler.dll]
Address = 0xefa07b8d (filename not found) [in C:\Program Files\Unreal Engine\4.4\Engine\Binaries\Win64\UE4Editor-KismetCompiler.dll]
Address = 0xef9e31a3 (filename not found) [in C:\Program Files\Unreal Engine\4.4\Engine\Binaries\Win64\UE4Editor-KismetCompiler.dll]
Address = 0xef9e3ccc (filename not found) [in C:\Program Files\Unreal Engine\4.4\Engine\Binaries\Win64\UE4Editor-KismetCompiler.dll]
Address = 0xef9e383e (filename not found) [in C:\Program Files\Unreal Engine\4.4\Engine\Binaries\Win64\UE4Editor-KismetCompiler.dll]
Address = 0xdfa5191a (filename not found) [in C:\Program Files\Unreal Engine\4.4\Engine\Binaries\Win64\UE4Editor-UnrealEd.dll]
Address = 0xde1f1727 (filename not found) [in C:\Program Files\Unreal Engine\4.4\Engine\Binaries\Win64\UE4Editor-Kismet.dll]
Address = 0xde22bc1d (filename not found) [in C:\Program Files\Unreal Engine\4.4\Engine\Binaries\Win64\UE4Editor-Kismet.dll]
Address = 0xde230b57 (filename not found) [in C:\Program Files\Unreal Engine\4.4\Engine\Binaries\Win64\UE4Editor-Kismet.dll]
Address = 0xe0425246 (filename not found) [in C:\Program Files\Unreal Engine\4.4\Engine\Binaries\Win64\UE4Editor-Slate.dll]
Address = 0xe056c2ad (filename not found) [in C:\Program Files\Unreal Engine\4.4\Engine\Binaries\Win64\UE4Editor-Slate.dll]
Address = 0xe053d0ec (filename not found) [in C:\Program Files\Unreal Engine\4.4\Engine\Binaries\Win64\UE4Editor-Slate.dll]
Address = 0xe060569a (filename not found) [in C:\Program Files\Unreal Engine\4.4\Engine\Binaries\Win64\UE4Editor-Slate.dll]
Address = 0xe063f169 (filename not found) [in C:\Program Files\Unreal Engine\4.4\Engine\Binaries\Win64\UE4Editor-Slate.dll]
Address = 0xe0461ddf (filename not found) [in C:\Program Files\Unreal Engine\4.4\Engine\Binaries\Win64\UE4Editor-Slate.dll]
Address = 0xe0451989 (filename not found) [in C:\Program Files\Unreal Engine\4.4\Engine\Binaries\Win64\UE4Editor-Slate.dll]
Address = 0xe79c34d5 (filename not found) [in C:\Program Files\Unreal Engine\4.4\Engine\Binaries\Win64\UE4Editor-Core.dll]
Address = 0xe79af871 (filename not found) [in C:\Program Files\Unreal Engine\4.4\Engine\Binaries\Win64\UE4Editor-Core.dll]
Address = 0xe79c461e (filename not found) [in C:\Program Files\Unreal Engine\4.4\Engine\Binaries\Win64\UE4Editor-Core.dll]
Address = 0xe79ac6e2 (filename not found) [in C:\Program Files\Unreal Engine\4.4\Engine\Binaries\Win64\UE4Editor-Core.dll]
Address = 0x772a9bd1 (filename not found) [in C:\Windows\system32\USER32.dll]
Address = 0x772a98da (filename not found) [in C:\Windows\system32\USER32.dll]
Address = 0xe79c4ac6 (filename not found) [in C:\Program Files\Unreal Engine\4.4\Engine\Binaries\Win64\UE4Editor-Core.dll]
FEngineLoop::Tick() 0x3f19708d + 8 bytes [File=d:\buildfarm\buildmachine_++depot+ue4-releases+4.4\engine\source\runtime\launch\private\launchengineloop.cpp:2080] [in C:\Program Files\Unreal Engine\4.4\Engine\Binaries\Win64\UE4Editor.exe]
GuardedMain() 0x3f18ca3c + 0 bytes [File=d:\buildfarm\buildmachine_++depot+ue4-releases+4.4\engine\source\runtime\launch\private\launch.cpp:133] [in C:\Program Files\Unreal Engine\4.4\Engine\Binaries\Win64\UE4Editor.exe]
GuardedMainWrapper() 0x3f18caaa + 5 bytes [File=d:\buildfarm\buildmachine_++depot+ue4-releases+4.4\engine\source\runtime\launch\private\windows\launchwindows.cpp:125] [in C:\Program Files\Unreal Engine\4.4\Engine\Binaries\Win64\UE4Editor.exe]
WinMain() 0x3f1988c9 + 17 bytes [File=d:\buildfarm\buildmachine_++depot+ue4-releases+4.4\engine\source\runtime\launch\private\windows\launchwindows.cpp:201] [in C:\Program Files\Unreal Engine\4.4\Engine\Binaries\Win64\UE4Editor.exe]
__tmainCRTStartup() 0x3f1996f9 + 21 bytes [File=f:\dd\vctools\crt\crtw32\dllstuff\crtexe.c:618] [in C:\Program Files\Unreal Engine\4.4\Engine\Binaries\Win64\UE4Editor.exe]
Address = 0x773a59ed (filename not found) [in C:\Windows\system32\kernel32.dll]
Address = 0x774dc541 (filename not found) [in C:\Windows\SYSTEM32\ntdll.dll]
Address = 0x774dc541 (filename not found) [in C:\Windows\SYSTEM32\ntdll.dll]

[2014.10.11-20.56.12:316][846]BlueprintEditorCompileResults: Info [1854.52] Compile of blueprintCharacter successful! [in 110 ms]
[2014.10.11-20.56.46:675][810]BlueprintLog: New page: Compile blueprintSprinklerInterface
[2014.10.11-20.56.46:760][810]LogActorComponent: UnregisterComponent: (/Engine/Transient.CharacterMovementComponent_16) Not registered. Aborting.
[2014.10.11-20.56.46:820][810]BlueprintEditorCompileResults: Info [1889.07] Compile of blueprintSprinklerInterface successful! [in 0 ms]
[2014.10.11-20.57.45:427][423]LogActorComponent: UnregisterComponent: (/Engine/Transient.CharacterMovementComponent_17) Not registered. Aborting.
[2014.10.11-20.58.29:678][104]LogActorComponent: UnregisterComponent: (/Engine/Transient.CharacterMovementComponent_18) Not registered. Aborting.
[2014.10.11-20.58.29:890][104]LogSavePackage: Save=86.802048ms
[2014.10.11-20.58.29:890][104]LogSavePackage: Moving '../../../../../../Users/Mitchell/Documents/Unhinged/Phobophobia 4.4/Saved/Programming_Auto3C3C3912C40DC8B86FAE57F8096CD44FC.tmp' to '../../../../../../Users/Mitchell/Documents/Unhinged/Phobophobia 4.4/Saved/Autosaves/Game/Maps/Programming_Auto3.umap'
[2014.10.11-20.58.29:899][104]LogFileHelpers: Editor autosave (incl. sublevels) for '/Game/Maps/Programming' took 0.221
[2014.10.11-20.58.29:899][104]LogFileHelpers: Editor autosave (incl. sublevels) for all levels took 0.221
[2014.10.11-20.58.29:908][104]OBJ SavePackage: Generating thumbnails for [1] asset(s) in package [/Game/Blueprints/blueprintCharacter] ([1] browsable assets)...
[2014.10.11-20.58.29:955][104]OBJ SavePackage:     Rendered thumbnail for [Blueprint /Game/Blueprints/blueprintCharacter.blueprintCharacter]
[2014.10.11-20.58.29:955][104]OBJ SavePackage: Finished generating thumbnails for package [/Game/Blueprints/blueprintCharacter]
[2014.10.11-20.58.30:646][104]LogSavePackage: Save=648.082947ms
[2014.10.11-20.58.30:646][104]LogSavePackage: Moving '../../../../../../Users/Mitchell/Documents/Unhinged/Phobophobia 4.4/Saved/blueprintCharacter_Auto3E95494F34E88F82A1A684897E7376C08.tmp' to '../../../../../../Users/Mitchell/Documents/Unhinged/Phobophobia 4.4/Saved/Autosaves/Game/Blueprints/blueprintCharacter_Auto3.uasset'
[2014.10.11-20.58.30:663][104]OBJ SavePackage: Generating thumbnails for [1] asset(s) in package [/Game/Blueprints/blueprintSprinklerTrigger] ([1] browsable assets)...
[2014.10.11-20.58.30:707][104]OBJ SavePackage:     Rendered thumbnail for [Blueprint /Game/Blueprints/blueprintSprinklerTrigger.blueprintSprinklerTrigger]
[2014.10.11-20.58.30:707][104]OBJ SavePackage: Finished generating thumbnails for package [/Game/Blueprints/blueprintSprinklerTrigger]
[2014.10.11-20.58.31:108][104]LogSavePackage: Save=379.261078ms
[2014.10.11-20.58.31:108][104]LogSavePackage: Moving '../../../../../../Users/Mitchell/Documents/Unhinged/Phobophobia 4.4/Saved/blueprintSprinklerTrigger_Auto3D5B09B6D473FE657E7A7419FCE58B16D.tmp' to '../../../../../../Users/Mitchell/Documents/Unhinged/Phobophobia 4.4/Saved/Autosaves/Game/Blueprints/blueprintSprinklerTrigger_Auto3.uasset'
[2014.10.11-20.58.31:138][104]LogSavePackage: Save=7.553602ms
[2014.10.11-20.58.31:138][104]LogSavePackage: Moving '../../../../../../Users/Mitchell/Documents/Unhinged/Phobophobia 4.4/Saved/NewInterface_Auto3F62F0F294D7615DAF62E46A4EA586506.tmp' to '../../../../../../Users/Mitchell/Documents/Unhinged/Phobophobia 4.4/Saved/Autosaves/Game/Blueprints/NewInterface_Auto3.uasset'
[2014.10.11-20.58.31:209][104]OBJ SavePackage: Generating thumbnails for [0] asset(s) in package [/Game/Blueprints/blueprintSprinklerInterface] ([1] browsable assets)...
[2014.10.11-20.58.31:232][104]OBJ SavePackage: Finished generating thumbnails for package [/Game/Blueprints/blueprintSprinklerInterface]
[2014.10.11-20.58.31:283][104]LogSavePackage: Save=10.837777ms
[2014.10.11-20.58.31:283][104]LogSavePackage: Moving '../../../../../../Users/Mitchell/Documents/Unhinged/Phobophobia 4.4/Saved/blueprintSprinklerInterface_Auto382A2BF0042D1622F980B7AA60949D276.tmp' to '../../../../../../Users/Mitchell/Documents/Unhinged/Phobophobia 4.4/Saved/Autosaves/Game/Blueprints/blueprintSprinklerInterface_Auto3.uasset'
[2014.10.11-20.58.31:289][104]LogFileHelpers: Auto-saving content packages took 1.390
[2014.10.11-20.58.58:960][104]BlueprintLog: New page: Compile blueprintCharacter
[2014.10.11-20.58.59:372][104]LogOutputDevice: === Handled error: ===
Ensure condition failed: 1 == StructProperty->ArrayDim [File:D:\BuildFarm\buildmachine_++depot+UE4-Releases+4.4\Engine\Source\Editor\KismetCompiler\Private\KismetCompilerVMBackend.cpp] [Line: 460]

Stack: Address = 0xe7a55216 (filename not found) [in C:\Program Files\Unreal Engine\4.4\Engine\Binaries\Win64\UE4Editor-Core.dll]
Address = 0xe78e19d1 (filename not found) [in C:\Program Files\Unreal Engine\4.4\Engine\Binaries\Win64\UE4Editor-Core.dll]
Address = 0xef9f8874 (filename not found) [in C:\Program Files\Unreal Engine\4.4\Engine\Binaries\Win64\UE4Editor-KismetCompiler.dll]
Address = 0xef9f803c (filename not found) [in C:\Program Files\Unreal Engine\4.4\Engine\Binaries\Win64\UE4Editor-KismetCompiler.dll]
Address = 0xefa07938 (filename not found) [in C:\Program Files\Unreal Engine\4.4\Engine\Binaries\Win64\UE4Editor-KismetCompiler.dll]
Address = 0xef9e78f7 (filename not found) [in C:\Program Files\Unreal Engine\4.4\Engine\Binaries\Win64\UE4Editor-KismetCompiler.dll]
Address = 0xefa07b8d (filename not found) [in C:\Program Files\Unreal Engine\4.4\Engine\Binaries\Win64\UE4Editor-KismetCompiler.dll]
Address = 0xef9e31a3 (filename not found) [in C:\Program Files\Unreal Engine\4.4\Engine\Binaries\Win64\UE4Editor-KismetCompiler.dll]
Address = 0xef9e3ccc (filename not found) [in C:\Program Files\Unreal Engine\4.4\Engine\Binaries\Win64\UE4Editor-KismetCompiler.dll]
Address = 0xef9e383e (filename not found) [in C:\Program Files\Unreal Engine\4.4\Engine\Binaries\Win64\UE4Editor-KismetCompiler.dll]
Address = 0xdfa5191a (filename not found) [in C:\Program Files\Unreal Engine\4.4\Engine\Binaries\Win64\UE4Editor-UnrealEd.dll]
Address = 0xde1f1727 (filename not found) [in C:\Program Files\Unreal Engine\4.4\Engine\Binaries\Win64\UE4Editor-Kismet.dll]
Address = 0xde22bc1d (filename not found) [in C:\Program Files\Unreal Engine\4.4\Engine\Binaries\Win64\UE4Editor-Kismet.dll]
Address = 0xde230b57 (filename not found) [in C:\Program Files\Unreal Engine\4.4\Engine\Binaries\Win64\UE4Editor-Kismet.dll]
Address = 0xe0425246 (filename not found) [in C:\Program Files\Unreal Engine\4.4\Engine\Binaries\Win64\UE4Editor-Slate.dll]
Address = 0xe056c2ad (filename not found) [in C:\Program Files\Unreal Engine\4.4\Engine\Binaries\Win64\UE4Editor-Slate.dll]
Address = 0xe053d0ec (filename not found) [in C:\Program Files\Unreal Engine\4.4\Engine\Binaries\Win64\UE4Editor-Slate.dll]
Address = 0xe060569a (filename not found) [in C:\Program Files\Unreal Engine\4.4\Engine\Binaries\Win64\UE4Editor-Slate.dll]
Address = 0xe063f169 (filename not found) [in C:\Program Files\Unreal Engine\4.4\Engine\Binaries\Win64\UE4Editor-Slate.dll]
Address = 0xe0461ddf (filename not found) [in C:\Program Files\Unreal Engine\4.4\Engine\Binaries\Win64\UE4Editor-Slate.dll]
Address = 0xe0451989 (filename not found) [in C:\Program Files\Unreal Engine\4.4\Engine\Binaries\Win64\UE4Editor-Slate.dll]
Address = 0xe79c34d5 (filename not found) [in C:\Program Files\Unreal Engine\4.4\Engine\Binaries\Win64\UE4Editor-Core.dll]
Address = 0xe79af871 (filename not found) [in C:\Program Files\Unreal Engine\4.4\Engine\Binaries\Win64\UE4Editor-Core.dll]
Address = 0xe79c461e (filename not found) [in C:\Program Files\Unreal Engine\4.4\Engine\Binaries\Win64\UE4Editor-Core.dll]
Address = 0xe79ac6e2 (filename not found) [in C:\Program Files\Unreal Engine\4.4\Engine\Binaries\Win64\UE4Editor-Core.dll]
Address = 0x772a9bd1 (filename not found) [in C:\Windows\system32\USER32.dll]
Address = 0x772a98da (filename not found) [in C:\Windows\system32\USER32.dll]
Address = 0xe79c4ac6 (filename not found) [in C:\Program Files\Unreal Engine\4.4\Engine\Binaries\Win64\UE4Editor-Core.dll]
FEngineLoop::Tick() 0x3f19708d + 8 bytes [File=d:\buildfarm\buildmachine_++depot+ue4-releases+4.4\engine\source\runtime\launch\private\launchengineloop.cpp:2080] [in C:\Program Files\Unreal Engine\4.4\Engine\Binaries\Win64\UE4Editor.exe]
GuardedMain() 0x3f18ca3c + 0 bytes [File=d:\buildfarm\buildmachine_++depot+ue4-releases+4.4\engine\source\runtime\launch\private\launch.cpp:133] [in C:\Program Files\Unreal Engine\4.4\Engine\Binaries\Win64\UE4Editor.exe]
GuardedMainWrapper() 0x3f18caaa + 5 bytes [File=d:\buildfarm\buildmachine_++depot+ue4-releases+4.4\engine\source\runtime\launch\private\windows\launchwindows.cpp:125] [in C:\Program Files\Unreal Engine\4.4\Engine\Binaries\Win64\UE4Editor.exe]
WinMain() 0x3f1988c9 + 17 bytes [File=d:\buildfarm\buildmachine_++depot+ue4-releases+4.4\engine\source\runtime\launch\private\windows\launchwindows.cpp:201] [in C:\Program Files\Unreal Engine\4.4\Engine\Binaries\Win64\UE4Editor.exe]
__tmainCRTStartup() 0x3f1996f9 + 21 bytes [File=f:\dd\vctools\crt\crtw32\dllstuff\crtexe.c:618] [in C:\Program Files\Unreal Engine\4.4\Engine\Binaries\Win64\UE4Editor.exe]
Address = 0x773a59ed (filename not found) [in C:\Windows\system32\kernel32.dll]
Address = 0x774dc541 (filename not found) [in C:\Windows\SYSTEM32\ntdll.dll]
Address = 0x774dc541 (filename not found) [in C:\Windows\SYSTEM32\ntdll.dll]

[2014.10.11-20.58.59:449][104]LogActorComponent: UnregisterComponent: (/Engine/Transient.CharacterMovementComponent_19) Not registered. Aborting.
[2014.10.11-20.58.59:553][104]BlueprintEditorCompileResults: Info [2021.76] Compile of blueprintCharacter successful! [in 115 ms]
[2014.10.11-20.59.05:415][298]BlueprintLog: New page: Compile blueprintSprinklerTrigger
[2014.10.11-20.59.05:524][298]LogActorComponent: UnregisterComponent: (/Engine/Transient.CharacterMovementComponent_20) Not registered. Aborting.
[2014.10.11-20.59.05:585][298]BlueprintEditorCompileResults: Info [2027.80] Compile of blueprintSprinklerTrigger successful! [in 0 ms]
[2014.10.11-21.00.29:883][523]BlueprintLog: New page: Compile blueprintSprinklerInterface
[2014.10.11-21.00.30:022][523]LogParticles: Destroying 0 GPU particle simulations for FXSystem 0x0000000046E7B560
[2014.10.11-21.00.30:246][523]BlueprintEditorCompileResults: Info [2112.27] Compile of blueprintSprinklerInterface successful! [in 0 ms]
[2014.10.11-21.01.32:326][678]BlueprintLog: New page: Compile blueprintSprinklerTrigger
[2014.10.11-21.01.32:495][678]LogActorComponent: UnregisterComponent: (/Engine/Transient.CharacterMovementComponent_21) Not registered. Aborting.
[2014.10.11-21.01.32:552][678]LogParticles: Destroying 0 GPU particle simulations for FXSystem 0x0000000046D03560
[2014.10.11-21.01.32:588][678]BlueprintEditorCompileResults: Info [2174.71] Compile of blueprintSprinklerTrigger successful! [in 1 ms]
[2014.10.11-21.01.34:187][705]LogSavePackage: Save=500.307190ms
[2014.10.11-21.01.34:187][705]LogSavePackage: Moving '../../../../../../Users/Mitchell/Documents/Unhinged/Phobophobia 4.4/Saved/blueprintSprinklerTriggerF76B4E4C48232314D63CA1AE37AC19BF.tmp' to '../../../../../../Users/Mitchell/Documents/Unhinged/Phobophobia 4.4/Content/Blueprints/blueprintSprinklerTrigger.uasset'
[2014.10.11-21.01.35:399][738]BlueprintLog: New page: Compile blueprintCharacter
[2014.10.11-21.01.35:908][738]LogOutputDevice: === Handled error: ===
Ensure condition failed: 1 == StructProperty->ArrayDim [File:D:\BuildFarm\buildmachine_++depot+UE4-Releases+4.4\Engine\Source\Editor\KismetCompiler\Private\KismetCompilerVMBackend.cpp] [Line: 460]

Stack: Address = 0xe7a55216 (filename not found) [in C:\Program Files\Unreal Engine\4.4\Engine\Binaries\Win64\UE4Editor-Core.dll]
Address = 0xe78e19d1 (filename not found) [in C:\Program Files\Unreal Engine\4.4\Engine\Binaries\Win64\UE4Editor-Core.dll]
Address = 0xef9f8874 (filename not found) [in C:\Program Files\Unreal Engine\4.4\Engine\Binaries\Win64\UE4Editor-KismetCompiler.dll]
Address = 0xef9f803c (filename not found) [in C:\Program Files\Unreal Engine\4.4\Engine\Binaries\Win64\UE4Editor-KismetCompiler.dll]
Address = 0xefa07938 (filename not found) [in C:\Program Files\Unreal Engine\4.4\Engine\Binaries\Win64\UE4Editor-KismetCompiler.dll]
Address = 0xef9e78f7 (filename not found) [in C:\Program Files\Unreal Engine\4.4\Engine\Binaries\Win64\UE4Editor-KismetCompiler.dll]
Address = 0xefa07b8d (filename not found) [in C:\Program Files\Unreal Engine\4.4\Engine\Binaries\Win64\UE4Editor-KismetCompiler.dll]
Address = 0xef9e31a3 (filename not found) [in C:\Program Files\Unreal Engine\4.4\Engine\Binaries\Win64\UE4Editor-KismetCompiler.dll]
Address = 0xef9e3ccc (filename not found) [in C:\Program Files\Unreal Engine\4.4\Engine\Binaries\Win64\UE4Editor-KismetCompiler.dll]
Address = 0xef9e383e (filename not found) [in C:\Program Files\Unreal Engine\4.4\Engine\Binaries\Win64\UE4Editor-KismetCompiler.dll]
Address = 0xdfa5191a (filename not found) [in C:\Program Files\Unreal Engine\4.4\Engine\Binaries\Win64\UE4Editor-UnrealEd.dll]
Address = 0xde1f1727 (filename not found) [in C:\Program Files\Unreal Engine\4.4\Engine\Binaries\Win64\UE4Editor-Kismet.dll]
Address = 0xde22bc1d (filename not found) [in C:\Program Files\Unreal Engine\4.4\Engine\Binaries\Win64\UE4Editor-Kismet.dll]
Address = 0xde230b57 (filename not found) [in C:\Program Files\Unreal Engine\4.4\Engine\Binaries\Win64\UE4Editor-Kismet.dll]
Address = 0xe0425246 (filename not found) [in C:\Program Files\Unreal Engine\4.4\Engine\Binaries\Win64\UE4Editor-Slate.dll]
Address = 0xe056c2ad (filename not found) [in C:\Program Files\Unreal Engine\4.4\Engine\Binaries\Win64\UE4Editor-Slate.dll]
Address = 0xe053d0ec (filename not found) [in C:\Program Files\Unreal Engine\4.4\Engine\Binaries\Win64\UE4Editor-Slate.dll]
Address = 0xe060569a (filename not found) [in C:\Program Files\Unreal Engine\4.4\Engine\Binaries\Win64\UE4Editor-Slate.dll]
Address = 0xe063f169 (filename not found) [in C:\Program Files\Unreal Engine\4.4\Engine\Binaries\Win64\UE4Editor-Slate.dll]
Address = 0xe0461ddf (filename not found) [in C:\Program Files\Unreal Engine\4.4\Engine\Binaries\Win64\UE4Editor-Slate.dll]
Address = 0xe0451989 (filename not found) [in C:\Program Files\Unreal Engine\4.4\Engine\Binaries\Win64\UE4Editor-Slate.dll]
Address = 0xe79c34d5 (filename not found) [in C:\Program Files\Unreal Engine\4.4\Engine\Binaries\Win64\UE4Editor-Core.dll]
Address = 0xe79af871 (filename not found) [in C:\Program Files\Unreal Engine\4.4\Engine\Binaries\Win64\UE4Editor-Core.dll]
Address = 0xe79c461e (filename not found) [in C:\Program Files\Unreal Engine\4.4\Engine\Binaries\Win64\UE4Editor-Core.dll]
Address = 0xe79ac6e2 (filename not found) [in C:\Program Files\Unreal Engine\4.4\Engine\Binaries\Win64\UE4Editor-Core.dll]
Address = 0x772a9bd1 (filename not found) [in C:\Windows\system32\USER32.dll]
Address = 0x772a98da (filename not found) [in C:\Windows\system32\USER32.dll]
Address = 0xe79c4ac6 (filename not found) [in C:\Program Files\Unreal Engine\4.4\Engine\Binaries\Win64\UE4Editor-Core.dll]
FEngineLoop::Tick() 0x3f19708d + 8 bytes [File=d:\buildfarm\buildmachine_++depot+ue4-releases+4.4\engine\source\runtime\launch\private\launchengineloop.cpp:2080] [in C:\Program Files\Unreal Engine\4.4\Engine\Binaries\Win64\UE4Editor.exe]
GuardedMain() 0x3f18ca3c + 0 bytes [File=d:\buildfarm\buildmachine_++depot+ue4-releases+4.4\engine\source\runtime\launch\private\launch.cpp:133] [in C:\Program Files\Unreal Engine\4.4\Engine\Binaries\Win64\UE4Editor.exe]
GuardedMainWrapper() 0x3f18caaa + 5 bytes [File=d:\buildfarm\buildmachine_++depot+ue4-releases+4.4\engine\source\runtime\launch\private\windows\launchwindows.cpp:125] [in C:\Program Files\Unreal Engine\4.4\Engine\Binaries\Win64\UE4Editor.exe]
WinMain() 0x3f1988c9 + 17 bytes [File=d:\buildfarm\buildmachine_++depot+ue4-releases+4.4\engine\source\runtime\launch\private\windows\launchwindows.cpp:201] [in C:\Program Files\Unreal Engine\4.4\Engine\Binaries\Win64\UE4Editor.exe]
__tmainCRTStartup() 0x3f1996f9 + 21 bytes [File=f:\dd\vctools\crt\crtw32\dllstuff\crtexe.c:618] [in C:\Program Files\Unreal Engine\4.4\Engine\Binaries\Win64\UE4Editor.exe]
Address = 0x773a59ed (filename not found) [in C:\Windows\system32\kernel32.dll]
Address = 0x774dc541 (filename not found) [in C:\Windows\SYSTEM32\ntdll.dll]
Address = 0x774dc541 (filename not found) [in C:\Windows\SYSTEM32\ntdll.dll]

[2014.10.11-21.01.36:139][738]BlueprintEditorCompileResults: Info [2178.29] Compile of blueprintCharacter successful! [in 144 ms]
[2014.10.11-21.01.41:092][891]Cmd: OBJ SAVEPACKAGE PACKAGE="/Game/Blueprints/blueprintCharacter" FILE="../../../../../../Users/Mitchell/Documents/Unhinged/Phobophobia 4.4/Content/Blueprints/blueprintCharacter.uasset" SILENT=true
[2014.10.11-21.01.41:993][891]LogSavePackage: Save=849.212524ms
[2014.10.11-21.01.41:993][891]LogSavePackage: Moving '../../../../../../Users/Mitchell/Documents/Unhinged/Phobophobia 4.4/Saved/blueprintCharacter1CA123144D67F88CB79DA4B4737E38DC.tmp' to '../../../../../../Users/Mitchell/Documents/Unhinged/Phobophobia 4.4/Content/Blueprints/blueprintCharacter.uasset'
[2014.10.11-21.03.55:000][617]LogEditorTransaction: Undo Delete current selection
[2014.10.11-21.03.55:130][617]LogActorComponent: UnregisterComponent: (/Engine/Transient.CharacterMovementComponent_22) Not registered. Aborting.
[2014.10.11-21.03.55:740][627]LogEditorTransaction: Undo Remove Event Dispatcher
[2014.10.11-21.03.55:871][627]LogActorComponent: UnregisterComponent: (/Engine/Transient.CharacterMovementComponent_23) Not registered. Aborting.
[2014.10.11-21.03.56:123][630]LogEditorTransaction: Undo Add New Event Dispatcher
[2014.10.11-21.03.56:255][630]LogActorComponent: UnregisterComponent: (/Engine/Transient.CharacterMovementComponent_24) Not registered. Aborting.
[2014.10.11-21.03.56:593][636]LogEditorTransaction: Undo Create Pin Link
[2014.10.11-21.03.56:719][636]LogActorComponent: UnregisterComponent: (/Engine/Transient.CharacterMovementComponent_25) Not registered. Aborting.
[2014.10.11-21.03.56:900][639]LogEditorTransaction: Undo Move Node
[2014.10.11-21.03.57:032][639]LogActorComponent: UnregisterComponent: (/Engine/Transient.CharacterMovementComponent_26) Not registered. Aborting.
[2014.10.11-21.03.57:124][639]LogWindows:Error: appError called: Cast of Package /Engine/Transient to EdGraphNode failed
[2014.10.11-21.03.57:124][639]LogWindows:Error: Windows GetLastError: The operation completed successfully. (0)
[2014.10.11-21.03.57:225][639]LogCrashTracker: 


[2014.10.11-21.03.57:716][639]LogEditorTransaction: Undo Add Node
[2014.10.11-21.03.57:849][639]LogActorComponent: UnregisterComponent: (/Engine/Transient.CharacterMovementComponent_27) Not registered. Aborting.
[2014.10.11-21.03.57:895][639]LogCrashTracker: 


[2014.10.11-21.03.57:895][639]LogWindows: === Critical error: ===
Unhandled Exception: 0x00000001

[2014.10.11-21.03.57:896][639]LogWindows: Cast of Package /Engine/Transient to EdGraphNode failed

Address = 0xfc59940d (filename not found) [in C:\Windows\system32\KERNELBASE.dll]
Address = 0xe7a53afc (filename not found) [in C:\Program Files\Unreal Engine\4.4\Engine\Binaries\Win64\UE4Editor-Core.dll]
Address = 0xe78f5b2a (filename not found) [in C:\Program Files\Unreal Engine\4.4\Engine\Binaries\Win64\UE4Editor-Core.dll]
Address = 0xeaa8765b (filename not found) [in C:\Program Files\Unreal Engine\4.4\Engine\Binaries\Win64\UE4Editor-CoreUObject.dll]
Address = 0xdacfc37a (filename not found) [in C:\Program Files\Unreal Engine\4.4\Engine\Binaries\Win64\UE4Editor-Engine.dll]
Address = 0xdb0d9972 (filename not found) [in C:\Program Files\Unreal Engine\4.4\Engine\Binaries\Win64\UE4Editor-Engine.dll]
Address = 0xdefb08d8 (filename not found) [in C:\Program Files\Unreal Engine\4.4\Engine\Binaries\Win64\UE4Editor-GraphEditor.dll]
Address = 0xdefb28ac (filename not found) [in C:\Program Files\Unreal Engine\4.4\Engine\Binaries\Win64\UE4Editor-GraphEditor.dll]
Address = 0xdefb5151 (filename not found) [in C:\Program Files\Unreal Engine\4.4\Engine\Binaries\Win64\UE4Editor-GraphEditor.dll]
Address = 0xdefb2de2 (filename not found) [in C:\Program Files\Unreal Engine\4.4\Engine\Binaries\Win64\UE4Editor-GraphEditor.dll]
Address = 0xdf05ebe6 (filename not found) [in C:\Program Files\Unreal Engine\4.4\Engine\Binaries\Win64\UE4Editor-GraphEditor.dll]
Address = 0xdf0635e2 (filename not found) [in C:\Program Files\Unreal Engine\4.4\Engine\Binaries\Win64\UE4Editor-GraphEditor.dll]
Address = 0xdef6f55e (filename not found) [in C:\Program Files\Unreal Engine\4.4\Engine\Binaries\Win64\UE4Editor-GraphEditor.dll]
Address = 0xdefafbf8 (filename not found) [in C:\Program Files\Unreal Engine\4.4\Engine\Binaries\Win64\UE4Editor-GraphEditor.dll]
Address = 0xdef7dce9 (filename not found) [in C:\Program Files\Unreal Engine\4.4\Engine\Binaries\Win64\UE4Editor-GraphEditor.dll]
Address = 0xdf05af83 (filename not found) [in C:\Program Files\Unreal Engine\4.4\Engine\Binaries\Win64\UE4Editor-GraphEditor.dll]
Address = 0xdf056cf0 (filename not found) [in C:\Program Files\Unreal Engine\4.4\Engine\Binaries\Win64\UE4Editor-GraphEditor.dll]
Address = 0xea8c5022 (filename not found) [in C:\Program Files\Unreal Engine\4.4\Engine\Binaries\Win64\UE4Editor-SlateCore.dll]
Address = 0xea8c50b2 (filename not found) [in C:\Program Files\Unreal Engine\4.4\Engine\Binaries\Win64\UE4Editor-SlateCore.dll]
Address = 0xea8c50b2 (filename not found) [in C:\Program Files\Unreal Engine\4.4\Engine\Binaries\Win64\UE4Editor-SlateCore.dll]
Address = 0xea8c50b2 (filename not found) [in C:\Program Files\Unreal Engine\4.4\Engine\Binaries\Win64\UE4Editor-SlateCore.dll]
Address = 0xea8c50b2 (filename not found) [in C:\Program Files\Unreal Engine\4.4\Engine\Binaries\Win64\UE4Editor-SlateCore.dll]
Address = 0xea8c50b2 (filename not found) [in C:\Program Files\Unreal Engine\4.4\Engine\Binaries\Win64\UE4Editor-SlateCore.dll]
Address = 0xea8c50b2 (filename not found) [in C:\Program Files\Unreal Engine\4.4\Engine\Binaries\Win64\UE4Editor-SlateCore.dll]
Address = 0xea8c50b2 (filename not found) [in C:\Program Files\Unreal Engine\4.4\Engine\Binaries\Win64\UE4Editor-SlateCore.dll]
Address = 0xea8c50b2 (filename not found) [in C:\Program Files\Unreal Engine\4.4\Engine\Binaries\Win64\UE4Editor-SlateCore.dll]
Address = 0xea8c50b2 (filename not found) [in C:\Program Files\Unreal Engine\4.4\Engine\Binaries\Win64\UE4Editor-SlateCore.dll]
Address = 0xea8c50b2 (filename not found) [in C:\Program Files\Unreal Engine\4.4\Engine\Binaries\Win64\UE4Editor-SlateCore.dll]
Address = 0xea8c50b2 (filename not found) [in C:\Program Files\Unreal Engine\4.4\Engine\Binaries\Win64\UE4Editor-SlateCore.dll]
Address = 0xea8c50b2 (filename not found) [in C:\Program Files\Unreal Engine\4.4\Engine\Binaries\Win64\UE4Editor-SlateCore.dll]
Address = 0xea8c50b2 (filename not found) [in C:\Program Files\Unreal Engine\4.4\Engine\Binaries\Win64\UE4Editor-SlateCore.dll]
Address = 0xea8c50b2 (filename not found) [in C:\Program Files\Unreal Engine\4.4\Engine\Binaries\Win64\UE4Editor-SlateCore.dll]
Address = 0xea8c50b2 (filename not found) [in C:\Program Files\Unreal Engine\4.4\Engine\Binaries\Win64\UE4Editor-SlateCore.dll]
Address = 0xea8c50b2 (filename not found) [in C:\Program Files\Unreal Engine\4.4\Engine\Binaries\Win64\UE4Editor-SlateCore.dll]
Address = 0xea8c50b2 (filename not found) [in C:\Program Files\Unreal Engine\4.4\Engine\Binaries\Win64\UE4Editor-SlateCore.dll]
Address = 0xea8c50b2 (filename not found) [in C:\Program Files\Unreal Engine\4.4\Engine\Binaries\Win64\UE4Editor-SlateCore.dll]
Address = 0xea8c50b2 (filename not found) [in C:\Program Files\Unreal Engine\4.4\Engine\Binaries\Win64\UE4Editor-SlateCore.dll]
Address = 0xea8c50b2 (filename not found) [in C:\Program Files\Unreal Engine\4.4\Engine\Binaries\Win64\UE4Editor-SlateCore.dll]
Address = 0xea8c50b2 (filename not found) [in C:\Program Files\Unreal Engine\4.4\Engine\Binaries\Win64\UE4Editor-SlateCore.dll]
Address = 0xea8c50b2 (filename not found) [in C:\Program Files\Unreal Engine\4.4\Engine\Binaries\Win64\UE4Editor-SlateCore.dll]
Address = 0xea8c50b2 (filename not found) [in C:\Program Files\Unreal Engine\4.4\Engine\Binaries\Win64\UE4Editor-SlateCore.dll]
Address = 0xea8c50b2 (filename not found) [in C:\Program Files\Unreal Engine\4.4\Engine\Binaries\Win64\UE4Editor-SlateCore.dll]
Address = 0xea8c50b2 (filename not found) [in C:\Program Files\Unreal Engine\4.4\Engine\Binaries\Win64\UE4Editor-SlateCore.dll]
Address = 0xea8c50b2 (filename not found) [in C:\Program Files\Unreal Engine\4.4\Engine\Binaries\Win64\UE4Editor-SlateCore.dll]
Address = 0xe047c60d (filename not found) [in C:\Program Files\Unreal Engine\4.4\Engine\Binaries\Win64\UE4Editor-Slate.dll]
Address = 0xe047c725 (filename not found) [in C:\Program Files\Unreal Engine\4.4\Engine\Binaries\Win64\UE4Editor-Slate.dll]
Address = 0xe047c039 (filename not found) [in C:\Program Files\Unreal Engine\4.4\Engine\Binaries\Win64\UE4Editor-Slate.dll]
FEngineLoop::Tick() 0x3f197295 + 0 bytes [File=d:\buildfarm\buildmachine_++depot+ue4-releases+4.4\engine\source\runtime\launch\private\launchengineloop.cpp:2115] [in C:\Program Files\Unreal Engine\4.4\Engine\Binaries\Win64\UE4Editor.exe]
GuardedMain() 0x3f18ca3c + 0 bytes [File=d:\buildfarm\buildmachine_++depot+ue4-releases+4.4\engine\source\runtime\launch\private\launch.cpp:133] [in C:\Program Files\Unreal Engine\4.4\Engine\Binaries\Win64\UE4Editor.exe]
GuardedMainWrapper() 0x3f18caaa + 5 bytes [File=d:\buildfarm\buildmachine_++depot+ue4-releases+4.4\engine\source\runtime\launch\private\windows\launchwindows.cpp:125] [in C:\Program Files\Unreal Engine\4.4\Engine\Binaries\Win64\UE4Editor.exe]
WinMain() 0x3f1988c9 + 17 bytes [File=d:\buildfarm\buildmachine_++depot+ue4-releases+4.4\engine\source\runtime\launch\private\windows\launchwindows.cpp:201] [in C:\Program Files\Unreal Engine\4.4\Engine\Binaries\Win64\UE4Editor.exe]
__tmainCRTStartup() 0x3f1996f9 + 21 bytes [File=f:\dd\vctools\crt\crtw32\dllstuff\crtexe.c:618] [in C:\Program Files\Unreal Engine\4.4\Engine\Binaries\Win64\UE4Editor.exe]
Address = 0x773a59ed (filename not found) [in C:\Windows\system32\kernel32.dll]
Address = 0x774dc541 (filename not found) [in C:\Windows\SYSTEM32\ntdll.dll]
Address = 0x774dc541 (filename not found) [in C:\Windows\SYSTEM32\ntdll.dll]

[2014.10.11-21.03.57:968][639]LogExit: Executing StaticShutdownAfterError
[2014.10.11-21.03.58:001][639]LogWindows: FPlatformMisc::RequestExit(1)
[2014.10.11-21.03.58:001][639]Log file closed, 10/11/14 17:03:58
