Log file open, 09/22/14 17:55:48
LogInit:Display: Running engine for game: Phobophobia
LogInit: Version: 4.4.3-2296771+++depot+UE4-Releases+4.4
LogInit: API Version: 2255576
LogInit: Compiled (64-bit): Sep 13 2014 22:30:58
LogInit: Build Configuration: Development
LogInit: Branch Name: ++depot+UE4-Releases+4.4
LogInit: Command line:  
LogInit: Base directory: C:/Program Files/Unreal Engine/4.4/Engine/Binaries/Win64/
LogInit: Rocket: 1
[2014.09.22-21.55.48:146][  0]LogTaskGraph: Started task graph with 3 named threads and 4 total threads.
[2014.09.22-21.55.48:174][  0]LogOnline:Warning: No default platform service specified for OnlineSubsystem
[2014.09.22-21.55.48:182][  0]LogInit: Presizing for 0 objects not considered by GC, pre-allocating 0 bytes.
[2014.09.22-21.55.48:189][  0]LogInit: Object subsystem initialized
[2014.09.22-21.55.48:191][  0]LogInit: Selected Device Profile: [Windows]
[2014.09.22-21.55.48:191][  0]LogInit: Applying CVar settings loaded from the selected device profile: [Windows]
[2014.09.22-21.55.48:195][  0]LogInit: Computer: PJ
[2014.09.22-21.55.48:195][  0]LogInit: User: ParkerJoseph
[2014.09.22-21.55.48:196][  0]LogInit: CPU Page size=4096, Cores=4
[2014.09.22-21.55.48:196][  0]LogInit: High frequency timer resolution =2.143568 MHz
[2014.09.22-21.55.48:196][  0]LogMemory: Memory total: Physical=8.0GB (8GB approx) Virtual=131072.0GB
[2014.09.22-21.55.48:196][  0]LogMemory: Platform Memory Stats for Windows
[2014.09.22-21.55.48:196][  0]LogMemory: Process Physical Memory: 59.80 MB used, 59.80 MB peak
[2014.09.22-21.55.48:196][  0]LogMemory: Process Virtual Memory: 36.07 MB used, 36.07 MB peak
[2014.09.22-21.55.48:196][  0]LogMemory: Physical Memory: 3017.39 MB used, 8169.40 MB total
[2014.09.22-21.55.48:196][  0]LogMemory: Virtual Memory: 265.38 MB used, 134217728.00 MB total
[2014.09.22-21.55.48:213][  0]LogD3D11RHI: Found D3D11 adapter 0: AMD Radeon HD 6900M Series (Feature Level 11_0)
[2014.09.22-21.55.48:213][  0]LogD3D11RHI: Adapter has 2035MB of dedicated video memory, 0MB of dedicated system memory, and 3840MB of shared system memory, 1 output[s]
[2014.09.22-21.55.48:214][  0]LogD3D11RHI: Found D3D11 adapter 1: Microsoft Basic Render Driver (Feature Level 11_0)
[2014.09.22-21.55.48:214][  0]LogD3D11RHI: Adapter has 0MB of dedicated video memory, 0MB of dedicated system memory, and 256MB of shared system memory, 0 output[s]
[2014.09.22-21.55.48:214][  0]LogD3D11RHI: Chosen D3D11 Adapter Id = 0
[2014.09.22-21.55.48:218][  0]LogRHI: Texture pool is 1361 MB (70% of 1945 MB)
[2014.09.22-21.55.48:223][  0]LogD3D11RHI: Async texture creation disabled: no driver support
[2014.09.22-21.55.48:325][  0]LogContentStreaming: Texture pool size is 0.000000MB
[2014.09.22-21.55.49:770][  0]LogTargetPlatformManager:Display: Building Assets For Windows
[2014.09.22-21.55.50:178][  0]LogTargetPlatformManager:Display: Building Assets For Windows
[2014.09.22-21.55.50:214][  0]LogDerivedDataCache:Display: Max Cache Size: 512 MB
[2014.09.22-21.55.50:255][  0]LogDerivedDataCache: Loaded boot cache 0.04s 39MB C:/Users/ParkerJoseph/AppData/Local/UnrealEngine/4.4/DerivedDataCache/Boot.ddc.
[2014.09.22-21.55.50:255][  0]LogDerivedDataCache:Display: Loaded Boot cache: C:/Users/ParkerJoseph/AppData/Local/UnrealEngine/4.4/DerivedDataCache/Boot.ddc
[2014.09.22-21.55.50:256][  0]LogDerivedDataCache: FDerivedDataBackendGraph:  Pak pak cache file ../../../../../../Users/ParkerJoseph/Documents/UnhingedTest/Phobophobia 4.4/DerivedDataCache/DDC.ddp not found, will not use a pak cache.
[2014.09.22-21.55.50:256][  0]LogDerivedDataCache: Unable to find inner node Pak for hierarchical cache Hierarchy.
[2014.09.22-21.55.50:275][  0]LogDerivedDataCache:Display: Pak cache opened for reading ../../../Engine/DerivedDataCache/DDC.ddp.
[2014.09.22-21.55.50:287][  0]LogDerivedDataCache: Using Local data cache path C:/Users/ParkerJoseph/AppData/Local/UnrealEngine/4.4/DerivedDataCache: Writable
[2014.09.22-21.55.50:443][  0]LogMeshUtilities: No automatic mesh reduction module available
[2014.09.22-21.55.50:443][  0]LogMeshUtilities: No automatic mesh merging module available
[2014.09.22-21.55.50:768][  0]LogInit: WinSock: version 1.1 (2.2), MaxSocks=32767, MaxUdp=65467
[2014.09.22-21.55.51:441][  0]LogStats:Warning: MetaData mismatch. Did you assign a stat to two groups? New //STATGROUP_Threads//FMonitoredProcess///Thread_93c_0///////STATCAT_Advanced//// old //STATGROUP_Threads//FMonitoredProcess///Thread_18bc_0///////STATCAT_Advanced////
[2014.09.22-21.55.51:441][  0]UdpMessaging: Initializing bridge on interface 0.0.0.0:0 to multicast group 230.0.0.1:6666.
[2014.09.22-21.55.51:540][  0]SourceControl: Info Source control is disabled
[2014.09.22-21.55.51:540][  0]SourceControl: Info Source control is disabled
[2014.09.22-21.55.51:545][  0]SourceControl: Info Source control is disabled
[2014.09.22-21.55.51:692][  0]BlueprintLog: New page: Editor Load
[2014.09.22-21.55.51:772][  0]LogObj: 21438 objects as part of root set at end of initial load.
[2014.09.22-21.55.51:772][  0]LogUObjectAllocator: 4218656 out of 0 bytes used by permanent object pool.
[2014.09.22-21.55.51:938][  0]LogEngine: Initializing Engine...
[2014.09.22-21.55.52:053][  0]LogInit: XAudio2 using 'Headphones (High Definition Audio Device)' : 2 channels at 44.1 kHz using 16 bits per sample (channel mask 0x3)
[2014.09.22-21.55.52:060][  0]LogInit: FAudioDevice initialized.
[2014.09.22-21.55.52:074][  0]LogAIModule: Creating AISystem for world NewWorld
[2014.09.22-21.55.52:096][  0]LogDerivedDataCache: Saved boot cache 0.02s 39MB C:/Users/ParkerJoseph/AppData/Local/UnrealEngine/4.4/DerivedDataCache/Boot.ddc.
[2014.09.22-21.55.52:103][  0]LogInit: Texture streaming: Enabled
[2014.09.22-21.55.52:128][  0]LogInit: Transaction tracking system initialized
[2014.09.22-21.55.52:219][  0]LogAssetRegistry: FAssetRegistry took 0.0108 seconds to start up
[2014.09.22-21.55.52:665][  0]LogTargetPlatformManager:Display: Building Assets For Windows
[2014.09.22-21.55.52:981][  0]LogTargetPlatformManager:Display: Building Assets For Windows
[2014.09.22-21.55.53:083][  0]LogConsoleResponse:Display: 
[2014.09.22-21.55.53:227][  0]LogStats:Warning: MetaData mismatch. Did you assign a stat to two groups? New //STATGROUP_Threads//FMonitoredProcess///Thread_1440_0///////STATCAT_Advanced//// old //STATGROUP_Threads//FMonitoredProcess///Thread_18bc_0///////STATCAT_Advanced////
[2014.09.22-21.55.53:227][  0]LogStats:Warning: MetaData mismatch. Did you assign a stat to two groups? New //STATGROUP_Threads//FMonitoredProcess///Thread_b50_0///////STATCAT_Advanced//// old //STATGROUP_Threads//FMonitoredProcess///Thread_18bc_0///////STATCAT_Advanced////
[2014.09.22-21.55.53:227][  0]SourceControl: Info Source control is disabled
[2014.09.22-21.55.53:228][  0]Cmd: MAP LOAD FILE="../../../../../../Users/ParkerJoseph/Documents/UnhingedTest/Phobophobia 4.4/Content/Maps/Swimming.umap" TEMPLATE=0 SHOWPROGRESS=1
[2014.09.22-21.55.53:228][  0]LightingResults: New page: Lighting Build
[2014.09.22-21.55.53:235][  0]MapCheck: New page: Map Check
[2014.09.22-21.55.53:235][  0]LightingResults: New page: Lighting Build
[2014.09.22-21.55.53:249][  0]LogParticles: Destroying 0 GPU particle simulations for FXSystem 0x000000A5F66AC860
[2014.09.22-21.55.53:834][  0]BlueprintLog:Warning: Warning Blueprint MyGame has been migrated and requires re-saving to avoid import errors
[2014.09.22-21.55.53:882][  0]LogEditorServer: Finished looking for orphan Actors (0.000 secs)
[2014.09.22-21.55.53:882][  0]LogAIModule: Creating AISystem for world Swimming
[2014.09.22-21.55.53:882][  0]Cmd: MAP CHECKDEP
[2014.09.22-21.55.53:882][  0]MapCheck: New page: Swimming - Sep 22, 2014, 1:55:53 PM
[2014.09.22-21.55.53:960][  0]MapCheck: Info ========== Map Check: 0 Error(s), 0 Warning(s), [76.816ms] ==========
[2014.09.22-21.55.53:960][  0]LogFileHelpers: Loading map 'Swimming' took 0.732
[2014.09.22-21.55.54:045][  0]LogCollectionManager: Loaded 0 collections in 0.000905 seconds
[2014.09.22-21.55.54:147][  0]LogCrashTracker: Crashtracker disabled due to settings.
[2014.09.22-21.55.54:184][  0]LogLoad: Full Startup: 7.72 seconds (BP compile: 0.22 seconds)
[2014.09.22-21.55.54:200][  0]LogContentBrowser:Verbose: The content browser source was changed by the sources view to '/Game/Temporary_Materials/Rocks'
[2014.09.22-21.55.54:347][  0]LogRenderer:Warning: Reallocating scene render targets to support 1136x912.
[2014.09.22-21.55.54:541][  2]LogAssetRegistry: Asset discovery search completed in 2.3329 seconds
[2014.09.22-21.56.12:594][572]Cmd: MAP LOAD FILE="../../../../../../Users/ParkerJoseph/Documents/UnhingedTest/Phobophobia 4.4/Content/Maps/Level_3.umap" TEMPLATE=0 SHOWPROGRESS=1
[2014.09.22-21.56.12:594][572]LightingResults: New page: Lighting Build
[2014.09.22-21.56.12:607][572]LoadErrors: New page: Loading map: Level_3.umap
[2014.09.22-21.56.12:608][572]MapCheck: New page: Map Check
[2014.09.22-21.56.12:608][572]LightingResults: New page: Lighting Build
[2014.09.22-21.56.12:627][572]LogParticles: Destroying 0 GPU particle simulations for FXSystem 0x000000A5F32868E0
[2014.09.22-21.56.12:746][572]LogEditorServer: Finished looking for orphan Actors (0.000 secs)
[2014.09.22-21.56.12:746][572]LogAIModule: Creating AISystem for world Level_3
[2014.09.22-21.56.12:763][572]Cmd: MAP CHECKDEP
[2014.09.22-21.56.12:763][572]MapCheck: New page: Level_3 - Sep 22, 2014, 1:56:12 PM
[2014.09.22-21.56.12:830][572]MapCheck: Info ========== Map Check: 0 Error(s), 0 Warning(s), [67.195ms] ==========
[2014.09.22-21.56.12:830][572]LogFileHelpers: Loading map 'Level_3' took 0.237
[2014.09.22-21.57.38:350][ 30]Cmd: OBJ SAVEPACKAGE PACKAGE="/Game/Maps/Level_3" FILE="../../../../../../Users/ParkerJoseph/Documents/UnhingedTest/Phobophobia 4.4/Content/Maps/Level_3.umap" SILENT=true AUTOSAVING=false KEEPDIRTY=false
[2014.09.22-21.57.38:525][ 30]LogSavePackage: Save=142.643951ms
[2014.09.22-21.57.38:525][ 30]LogSavePackage: Moving '../../../../../../Users/ParkerJoseph/Documents/UnhingedTest/Phobophobia 4.4/Saved/Level_340B77390418F975C2413A7B05F595405.tmp' to '../../../../../../Users/ParkerJoseph/Documents/UnhingedTest/Phobophobia 4.4/Content/Maps/Level_3.umap'
[2014.09.22-21.57.38:567][ 30]LogFileHelpers: Saving map 'Level_3' took 0.284
[2014.09.22-21.57.40:369][118]MapCheck: New page: Map Check
[2014.09.22-21.57.40:393][118]Cmd: MAP REBUILD ALLVISIBLE
[2014.09.22-21.57.40:393][118]LogEditorServer: Rebuildmap Clear paths rebuilt
[2014.09.22-21.57.40:561][118]LightingResults: New page: Lighting Build - Sep 22, 2014, 1:57:40 PM
[2014.09.22-21.57.50:895][118]LightingResults:Warning: Performance Warning No importance volume found and the scene is so large that the automatically synthesized volume will not yield good results.  Please add a tightly bounding lightmass importance volume to optimize your scene's quality and lighting build times.
[2014.09.22-21.57.50:993][118]LogStaticLightingSystem: Running Lightmass w/ ImmediateImport mode ENABLED
[2014.09.22-21.57.50:993][118]LogStaticLightingSystem: Running Lightmass w/ ImmediateProcess mode ENABLED
[2014.09.22-21.57.50:993][118]LogStaticLightingSystem: Running Lightmass w/ Sorting mode ENABLED
[2014.09.22-21.57.50:994][118]LogStaticLightingSystem: Running Lightmass w/ Mapping paddings ENABLED
[2014.09.22-21.57.50:994][118]LogStaticLightingSystem: Running Lightmass w/ Mapping debug paddings DISABLED
[2014.09.22-21.57.51:133][118]LogEditorBuildUtils: Build time 0:00:10
[2014.09.22-21.57.53:344][196]Job is a success!
[2014.09.22-21.57.54:160][198]LogTexture:Display: Building textures: HQ_Lightmap0_1 (AutoDXT)
[2014.09.22-21.57.54:458][198]LogTexture:Display: Building textures: LQ_Lightmap_0_3 (DXT1)
[2014.09.22-21.57.54:462][198]LogTexture:Display: Building textures: HQ_Lightmap0_3 (AutoDXT)
[2014.09.22-21.57.54:466][198]LogTexture:Display: Building textures: LQ_Lightmap_0_2 (DXT1)
[2014.09.22-21.57.54:478][198]LogTexture:Display: Building textures: HQ_Lightmap0_2 (AutoDXT)
[2014.09.22-21.57.54:497][198]LogTexture:Display: Building textures: LQ_Lightmap_0_1 (DXT1)
[2014.09.22-21.57.54:737][198]Lightmass on PJ: 3.10 sec total, 165 ms importing, 2 ms setup, 391 ms photons, 2.52 sec processing, 0 ms extra exporting [210/210 mappings]. Threads: 22.4 sec total, 6.75 sec processing.
[2014.09.22-21.57.54:786][198]LogStaticLightingSystem:Warning: Illumination: 14.1 sec (1.02 sec encoding lightmaps)
[2014.09.22-21.57.54:786][198]LogStaticLightingSystem: Lightmap texture memory:  5.4 MB (0.1 MB streaming, 5.3 MB non-streaming), 6 textures
[2014.09.22-21.57.54:786][198]LogStaticLightingSystem: Shadowmap texture memory: 0.0 MB (0.0 MB streaming, 0.0 MB non-streaming), 0 textures
[2014.09.22-21.57.59:904][199]Cmd: MAP CHECK NOTIFYRESULTS
[2014.09.22-21.57.59:905][199]MapCheck: New page: Level_3 - Sep 22, 2014, 1:57:59 PM
[2014.09.22-21.57.59:921][199]MapCheck:Warning: Warning blueprintTorch_2 More overriden materials (2) on static mesh component than are referenced (1) in source mesh 'torch' 
[2014.09.22-21.57.59:921][199]MapCheck:Warning: Warning blueprintTorch_10 More overriden materials (2) on static mesh component than are referenced (1) in source mesh 'torch' 
[2014.09.22-21.57.59:990][199]MapCheck: Info ========== Map Check: 0 Error(s), 2 Warning(s), [84.141ms] ==========
[2014.09.22-21.58.04:353][393]LogEditorViewport: Clicking on Actor (LMB): blueprintTorch_C (blueprintTorch_2)
[2014.09.22-21.58.08:379][562]LogPlayLevel: PIE:  No blueprints needed recompiling
[2014.09.22-21.58.08:379][562]PIE: New page: PIE session: Level_3 (Sep 22, 2014, 1:58:08 PM)
[2014.09.22-21.58.08:400][562]LogPlayLevel: PIE: StaticDuplicateObject took: (0.021377s)
[2014.09.22-21.58.08:401][562]LogPlayLevel: PIE: World Init took: (0.000671s)
[2014.09.22-21.58.08:401][562]LogPlayLevel: PIE: Created PIE world by copying editor world from /Game/Maps/Level_3.Level_3 to /Game/Maps/UEDPIE_0_Level_3.Level_3 (0.022284s)
[2014.09.22-21.58.08:442][562]LogWorld: Game class is 'MyGame_C'
[2014.09.22-21.58.08:444][562]LogAIModule: Creating AISystem for world Level_3
[2014.09.22-21.58.08:448][562]LogWorld: Bringing World /Game/Maps/UEDPIE_0_Level_3.Level_3 up for play (max tick rate 0) at 2014.09.22-17.58.08
[2014.09.22-21.58.08:450][562]LogWorld: Bringing up level for play took: 0.005626
[2014.09.22-21.58.08:452][562]PIE: Info Play in editor start time for /Game/Maps/UEDPIE_0_Level_3 0.899
[2014.09.22-21.58.33:649][182]LogParticles: Destroying 0 GPU particle simulations for FXSystem 0x000000A5F2F8A020
[2014.09.22-21.58.48:355][856]Cmd: CAMERA ALIGN ACTIVEVIEWPORTONLY
[2014.09.22-21.58.48:355][856]Aligned camera to fit all selected actors.
[2014.09.22-21.59.09:201][834]LogPlayLevel: PIE:  No blueprints needed recompiling
[2014.09.22-21.59.09:201][834]PIE: New page: PIE session: Level_3 (Sep 22, 2014, 1:59:09 PM)
[2014.09.22-21.59.09:225][834]LogPlayLevel: PIE: StaticDuplicateObject took: (0.024418s)
[2014.09.22-21.59.09:226][834]LogPlayLevel: PIE: World Init took: (0.000656s)
[2014.09.22-21.59.09:226][834]LogPlayLevel: PIE: Created PIE world by copying editor world from /Game/Maps/Level_3.Level_3 to /Game/Maps/UEDPIE_0_Level_3.Level_3 (0.025244s)
[2014.09.22-21.59.09:260][834]LogWorld: Game class is 'MyGame_C'
[2014.09.22-21.59.09:262][834]LogAIModule: Creating AISystem for world Level_3
[2014.09.22-21.59.09:266][834]LogWorld: Bringing World /Game/Maps/UEDPIE_0_Level_3.Level_3 up for play (max tick rate 0) at 2014.09.22-17.59.09
[2014.09.22-21.59.09:268][834]LogWorld: Bringing up level for play took: 0.006155
[2014.09.22-21.59.09:270][834]PIE: Info Play in editor start time for /Game/Maps/UEDPIE_0_Level_3 -0.283
[2014.09.22-21.59.24:552][198]LogParticles: Destroying 0 GPU particle simulations for FXSystem 0x000000A586076340
[2014.09.22-21.59.27:899][356]Cmd: OBJ SAVEPACKAGE PACKAGE="/Game/Maps/Level_3" FILE="../../../../../../Users/ParkerJoseph/Documents/UnhingedTest/Phobophobia 4.4/Content/Maps/Level_3.umap" SILENT=true AUTOSAVING=false KEEPDIRTY=false
[2014.09.22-21.59.28:029][356]LogSavePackage: Save=88.255653ms
[2014.09.22-21.59.28:029][356]LogSavePackage: Moving '../../../../../../Users/ParkerJoseph/Documents/UnhingedTest/Phobophobia 4.4/Saved/Level_3CEF626F4448470B5DEBD66BA1D549B3E.tmp' to '../../../../../../Users/ParkerJoseph/Documents/UnhingedTest/Phobophobia 4.4/Content/Maps/Level_3.umap'
[2014.09.22-21.59.28:059][356]LogFileHelpers: Saving map 'Level_3' took 0.229
[2014.09.22-21.59.29:295][411]MapCheck: New page: Map Check
[2014.09.22-21.59.29:330][411]Cmd: MAP REBUILD ALLVISIBLE
[2014.09.22-21.59.29:330][411]LogEditorServer: Rebuildmap Clear paths rebuilt
[2014.09.22-21.59.29:525][411]LightingResults: New page: Lighting Build - Sep 22, 2014, 1:59:29 PM
[2014.09.22-21.59.34:225][411]LightingResults:Warning: Performance Warning No importance volume found and the scene is so large that the automatically synthesized volume will not yield good results.  Please add a tightly bounding lightmass importance volume to optimize your scene's quality and lighting build times.
[2014.09.22-21.59.34:294][411]LogStaticLightingSystem: Running Lightmass w/ ImmediateImport mode ENABLED
[2014.09.22-21.59.34:294][411]LogStaticLightingSystem: Running Lightmass w/ ImmediateProcess mode ENABLED
[2014.09.22-21.59.34:294][411]LogStaticLightingSystem: Running Lightmass w/ Sorting mode ENABLED
[2014.09.22-21.59.34:294][411]LogStaticLightingSystem: Running Lightmass w/ Mapping paddings ENABLED
[2014.09.22-21.59.34:294][411]LogStaticLightingSystem: Running Lightmass w/ Mapping debug paddings DISABLED
[2014.09.22-21.59.34:418][411]LogEditorBuildUtils: Build time 0:00:05
[2014.09.22-21.59.36:483][487]Job is a success!
[2014.09.22-21.59.36:980][505]Cmd: OBJ SAVEPACKAGE PACKAGE="/Game/Maps/Level_3" FILE="../../../../../../Users/ParkerJoseph/Documents/UnhingedTest/Phobophobia 4.4/Content/Maps/Level_3.umap" SILENT=true AUTOSAVING=false KEEPDIRTY=false
[2014.09.22-21.59.37:152][505]LogSavePackage: Save=85.955284ms
[2014.09.22-21.59.37:152][505]LogSavePackage: Moving '../../../../../../Users/ParkerJoseph/Documents/UnhingedTest/Phobophobia 4.4/Saved/Level_3E33DE81B4933A835D9CADEB3D4F80207.tmp' to '../../../../../../Users/ParkerJoseph/Documents/UnhingedTest/Phobophobia 4.4/Content/Maps/Level_3.umap'
[2014.09.22-21.59.37:178][505]LogFileHelpers: Saving map 'Level_3' took 0.268
[2014.09.22-21.59.40:214][604]LogTexture:Display: Building textures: HQ_Lightmap0_1 (AutoDXT)
[2014.09.22-21.59.40:488][604]LogTexture:Display: Building textures: LQ_Lightmap_1_3 (DXT1)
[2014.09.22-21.59.40:492][604]LogTexture:Display: Building textures: HQ_Lightmap1_3 (AutoDXT)
[2014.09.22-21.59.40:494][604]LogTexture:Display: Building textures: LQ_Lightmap_1_2 (DXT1)
[2014.09.22-21.59.40:500][604]LogTexture:Display: Building textures: HQ_Lightmap1_2 (AutoDXT)
[2014.09.22-21.59.40:516][604]LogTexture:Display: Building textures: LQ_Lightmap_0_1 (DXT1)
[2014.09.22-21.59.40:756][604]Lightmass on PJ: 5.93 sec total, 154 ms importing, 1 ms setup, 395 ms photons, 5.36 sec processing, 0 ms extra exporting [210/210 mappings]. Threads: 47.9 sec total, 6.85 sec processing.
[2014.09.22-21.59.40:773][604]LogStaticLightingSystem:Warning: Illumination: 8.13 sec (883 ms encoding lightmaps)
[2014.09.22-21.59.40:773][604]LogStaticLightingSystem: Lightmap texture memory:  5.4 MB (0.1 MB streaming, 5.3 MB non-streaming), 6 textures
[2014.09.22-21.59.40:773][604]LogStaticLightingSystem: Shadowmap texture memory: 0.0 MB (0.0 MB streaming, 0.0 MB non-streaming), 0 textures
[2014.09.22-21.59.41:241][605]Cmd: MAP CHECK NOTIFYRESULTS
[2014.09.22-21.59.41:241][605]MapCheck: New page: Level_3 - Sep 22, 2014, 1:59:41 PM
[2014.09.22-21.59.41:242][605]MapCheck:Warning: Warning blueprintTorch_2 More overriden materials (2) on static mesh component than are referenced (1) in source mesh 'torch' 
[2014.09.22-21.59.41:242][605]MapCheck:Warning: Warning blueprintTorch_10 More overriden materials (2) on static mesh component than are referenced (1) in source mesh 'torch' 
[2014.09.22-21.59.41:310][605]MapCheck: Info ========== Map Check: 0 Error(s), 2 Warning(s), [68.628ms] ==========
[2014.09.22-21.59.44:171][759]Cmd: OBJ SAVEPACKAGE PACKAGE="/Game/Maps/Level_3" FILE="../../../../../../Users/ParkerJoseph/Documents/UnhingedTest/Phobophobia 4.4/Content/Maps/Level_3.umap" SILENT=true AUTOSAVING=false KEEPDIRTY=false
[2014.09.22-21.59.44:435][759]LogSavePackage: Save=235.631897ms
[2014.09.22-21.59.44:435][759]LogSavePackage: Moving '../../../../../../Users/ParkerJoseph/Documents/UnhingedTest/Phobophobia 4.4/Saved/Level_313D5A3F548BA84E49D3B3693492E4FC2.tmp' to '../../../../../../Users/ParkerJoseph/Documents/UnhingedTest/Phobophobia 4.4/Content/Maps/Level_3.umap'
[2014.09.22-21.59.44:498][759]LogFileHelpers: Saving map 'Level_3' took 0.395
[2014.09.22-22.05.21:333][ 42]LogEditorViewport: Clicking on Actor (LMB): StaticMeshActor (SM_Template_Map_Floor)
[2014.09.22-22.05.27:313][348]MapCheck: New page: Map Check
[2014.09.22-22.05.27:341][348]Cmd: MAP REBUILD ALLVISIBLE
[2014.09.22-22.05.27:341][348]LogEditorServer: Rebuildmap Clear paths rebuilt
[2014.09.22-22.05.27:564][348]LightingResults: New page: Lighting Build - Sep 22, 2014, 2:05:27 PM
[2014.09.22-22.05.32:173][348]LightingResults:Warning: Performance Warning No importance volume found and the scene is so large that the automatically synthesized volume will not yield good results.  Please add a tightly bounding lightmass importance volume to optimize your scene's quality and lighting build times.
[2014.09.22-22.05.32:216][348]LogStaticLightingSystem: Running Lightmass w/ ImmediateImport mode ENABLED
[2014.09.22-22.05.32:216][348]LogStaticLightingSystem: Running Lightmass w/ ImmediateProcess mode ENABLED
[2014.09.22-22.05.32:216][348]LogStaticLightingSystem: Running Lightmass w/ Sorting mode ENABLED
[2014.09.22-22.05.32:216][348]LogStaticLightingSystem: Running Lightmass w/ Mapping paddings ENABLED
[2014.09.22-22.05.32:216][348]LogStaticLightingSystem: Running Lightmass w/ Mapping debug paddings DISABLED
[2014.09.22-22.05.32:300][348]LogEditorBuildUtils: Build time 0:00:04
[2014.09.22-22.05.35:407][448]Job is a success!
[2014.09.22-22.05.37:838][449]LogTexture:Display: Building textures: HQ_Lightmap0_1 (AutoDXT)
[2014.09.22-22.05.38:819][449]LogTexture:Display: Building textures: LQ_Lightmap_0_3 (DXT1)
[2014.09.22-22.05.38:831][449]LogTexture:Display: Building textures: HQ_Lightmap0_3 (AutoDXT)
[2014.09.22-22.05.38:841][449]LogTexture:Display: Building textures: LQ_Lightmap_0_2 (DXT1)
[2014.09.22-22.05.38:866][449]LogTexture:Display: Building textures: HQ_Lightmap0_2 (AutoDXT)
[2014.09.22-22.05.38:927][449]LogTexture:Display: Building textures: LQ_Lightmap_0_1 (DXT1)
[2014.09.22-22.05.39:718][449]Lightmass on PJ: 7.00 sec total, 148 ms importing, 1 ms setup, 393 ms photons, 6.43 sec processing, 0 ms extra exporting [210/210 mappings]. Threads: 57.5 sec total, 8.23 sec processing.
[2014.09.22-22.05.39:884][449]LogStaticLightingSystem:Warning: Illumination: 12.2 sec (3.32 sec encoding lightmaps)
[2014.09.22-22.05.39:884][449]LogStaticLightingSystem: Lightmap texture memory:  5.4 MB (0.1 MB streaming, 5.3 MB non-streaming), 6 textures
[2014.09.22-22.05.39:884][449]LogStaticLightingSystem: Shadowmap texture memory: 0.0 MB (0.0 MB streaming, 0.0 MB non-streaming), 0 textures
[2014.09.22-22.05.45:195][450]Cmd: MAP CHECK NOTIFYRESULTS
[2014.09.22-22.05.45:195][450]MapCheck: New page: Level_3 - Sep 22, 2014, 2:05:45 PM
[2014.09.22-22.05.45:209][450]MapCheck:Warning: Warning blueprintTorch_2 More overriden materials (2) on static mesh component than are referenced (1) in source mesh 'torch' 
[2014.09.22-22.05.45:209][450]MapCheck:Warning: Warning blueprintTorch_10 More overriden materials (2) on static mesh component than are referenced (1) in source mesh 'torch' 
[2014.09.22-22.05.45:278][450]MapCheck: Info ========== Map Check: 0 Error(s), 2 Warning(s), [82.588ms] ==========
[2014.09.22-22.05.51:179][719]Cmd: CAMERA ALIGN ACTIVEVIEWPORTONLY
[2014.09.22-22.05.51:179][719]Aligned camera to fit all selected actors.
[2014.09.22-22.09.54:327][ 10]LogSavePackage: Save=256.370697ms
[2014.09.22-22.09.54:327][ 10]LogSavePackage: Moving '../../../../../../Users/ParkerJoseph/Documents/UnhingedTest/Phobophobia 4.4/Saved/Level_3_Auto14E82E6BE4236F3CCD64611AAEBC6B9B7.tmp' to '../../../../../../Users/ParkerJoseph/Documents/UnhingedTest/Phobophobia 4.4/Saved/Autosaves/Game/Maps/Level_3_Auto1.umap'
[2014.09.22-22.09.54:347][ 10]LogFileHelpers: Editor autosave (incl. sublevels) for '/Game/Maps/Level_3' took 0.336
[2014.09.22-22.09.54:347][ 10]LogFileHelpers: Editor autosave (incl. sublevels) for all levels took 0.336
[2014.09.22-22.14.06:989][  6]LogEditorViewport: Clicking on Actor (LMB): StaticMeshActor (SM_Template_Map_Floor)
[2014.09.22-22.14.10:558][210]Cmd: OBJ SAVEPACKAGE PACKAGE="/Game/Maps/Level_3" FILE="../../../../../../Users/ParkerJoseph/Documents/UnhingedTest/Phobophobia 4.4/Content/Maps/Level_3.umap" SILENT=true AUTOSAVING=false KEEPDIRTY=false
[2014.09.22-22.14.10:778][210]LogSavePackage: Save=192.257492ms
[2014.09.22-22.14.10:778][210]LogSavePackage: Moving '../../../../../../Users/ParkerJoseph/Documents/UnhingedTest/Phobophobia 4.4/Saved/Level_3FBE96CDC43CFF669FFA6BFB7DF2203AC.tmp' to '../../../../../../Users/ParkerJoseph/Documents/UnhingedTest/Phobophobia 4.4/Content/Maps/Level_3.umap'
[2014.09.22-22.14.10:800][210]LogFileHelpers: Saving map 'Level_3' took 0.310
[2014.09.22-22.14.15:607][368]Cmd: OBJ SAVEPACKAGE PACKAGE="/Game/Maps/Level_3" FILE="../../../../../../Users/ParkerJoseph/Documents/UnhingedTest/Phobophobia 4.4/Content/Maps/Level_3.umap" SILENT=true AUTOSAVING=false KEEPDIRTY=false
[2014.09.22-22.14.15:875][368]LogSavePackage: Save=218.622879ms
[2014.09.22-22.14.15:875][368]LogSavePackage: Moving '../../../../../../Users/ParkerJoseph/Documents/UnhingedTest/Phobophobia 4.4/Saved/Level_31BCD93FE40FFA39A7859C28A925F2EEA.tmp' to '../../../../../../Users/ParkerJoseph/Documents/UnhingedTest/Phobophobia 4.4/Content/Maps/Level_3.umap'
[2014.09.22-22.14.15:897][368]LogFileHelpers: Saving map 'Level_3' took 0.362
[2014.09.22-22.14.16:828][407]Cmd: QUIT_EDITOR
[2014.09.22-22.14.16:949][407]LogWindowsTextInputMethodSystem:Error: Terminating failed while unadvising the language notification sink from the TSF source.
[2014.09.22-22.14.16:949][407]LogExit: Preparing to exit.
[2014.09.22-22.14.17:244][407]LogExit: Editor shut down
[2014.09.22-22.14.17:244][407]LogExit: Transaction tracking system shut down
[2014.09.22-22.14.17:246][407]LogParticles: Destroying 0 GPU particle simulations for FXSystem 0x000000A5F0939DA0
[2014.09.22-22.14.17:246][407]LogParticles: Destroying 0 GPU particle simulations for FXSystem 0x000000A58314F7E0
[2014.09.22-22.14.17:246][407]LogParticles: Destroying 0 GPU particle simulations for FXSystem 0x000000A5F64E87C0
[2014.09.22-22.14.17:274][407]LogExit: Object subsystem successfully closed.
[2014.09.22-22.14.17:304][407]LogModuleManager: Shutting down and abandoning module AndroidDeviceDetection (161)
[2014.09.22-22.14.17:304][407]LogModuleManager: Shutting down and abandoning module HTTP (160)
[2014.09.22-22.14.17:304][407]LogModuleManager: Shutting down and abandoning module CrashTracker (159)
[2014.09.22-22.14.17:304][407]LogModuleManager: Shutting down and abandoning module SuperSearch (158)
[2014.09.22-22.14.17:304][407]LogModuleManager: Shutting down and abandoning module SceneOutliner (157)
[2014.09.22-22.14.17:304][407]LogModuleManager: Shutting down and abandoning module EditorWidgets (156)
[2014.09.22-22.14.17:304][407]LogModuleManager: Shutting down and abandoning module CollectionManager (155)
[2014.09.22-22.14.17:304][407]LogModuleManager: Shutting down and abandoning module StatsViewer (154)
[2014.09.22-22.14.17:304][407]LogModuleManager: Shutting down and abandoning module FoliageEdit (153)
[2014.09.22-22.14.17:304][407]LogModuleManager: Shutting down and abandoning module LandscapeEditor (152)
[2014.09.22-22.14.17:304][407]LogModuleManager: Shutting down and abandoning module MeshPaint (151)
[2014.09.22-22.14.17:304][407]LogModuleManager: Shutting down and abandoning module ActorPickerMode (150)
[2014.09.22-22.14.17:304][407]LogModuleManager: Shutting down and abandoning module GeometryMode (149)
[2014.09.22-22.14.17:304][407]LogModuleManager: Shutting down and abandoning module TextureAlignMode (148)
[2014.09.22-22.14.17:304][407]LogModuleManager: Shutting down and abandoning module BspMode (147)
[2014.09.22-22.14.17:304][407]LogModuleManager: Shutting down and abandoning module PlacementMode (146)
[2014.09.22-22.14.17:305][407]LogModuleManager: Shutting down and abandoning module DesktopPlatform (145)
[2014.09.22-22.14.17:305][407]LogModuleManager: Shutting down and abandoning module AutomationWorker (144)
[2014.09.22-22.14.17:305][407]LogModuleManager: Shutting down and abandoning module EditorLiveStreaming (143)
[2014.09.22-22.14.17:305][407]LogModuleManager: Shutting down and abandoning module BehaviorTreeEditor (142)
[2014.09.22-22.14.17:305][407]LogModuleManager: Shutting down and abandoning module DeviceProfileEditor (141)
[2014.09.22-22.14.17:305][407]LogModuleManager: Shutting down and abandoning module UndoHistory (140)
[2014.09.22-22.14.17:305][407]LogModuleManager: Shutting down and abandoning module GameplayTagsEditor (139)
[2014.09.22-22.14.17:305][407]LogModuleManager: Shutting down and abandoning module UserFeedback (138)
[2014.09.22-22.14.17:305][407]LogModuleManager: Shutting down and abandoning module XmlParser (137)
[2014.09.22-22.14.17:305][407]LogModuleManager: Shutting down and abandoning module Blutility (136)
[2014.09.22-22.14.17:305][407]LogModuleManager: Shutting down and abandoning module IOSPlatformEditor (135)
[2014.09.22-22.14.17:305][407]LogModuleManager: Shutting down and abandoning module IOSRuntimeSettings (134)
[2014.09.22-22.14.17:305][407]LogModuleManager: Shutting down and abandoning module AndroidPlatformEditor (133)
[2014.09.22-22.14.17:305][407]LogModuleManager: Shutting down and abandoning module AndroidRuntimeSettings (132)
[2014.09.22-22.14.17:305][407]LogModuleManager: Shutting down and abandoning module ProjectTargetPlatformEditor (131)
[2014.09.22-22.14.17:305][407]LogModuleManager: Shutting down and abandoning module ProjectSettingsViewer (130)
[2014.09.22-22.14.17:305][407]LogModuleManager: Shutting down and abandoning module InputBindingEditor (129)
[2014.09.22-22.14.17:305][407]LogModuleManager: Shutting down and abandoning module EditorSettingsViewer (128)
[2014.09.22-22.14.17:305][407]LogModuleManager: Shutting down and abandoning module SettingsEditor (127)
[2014.09.22-22.14.17:305][407]LogModuleManager: Shutting down and abandoning module SessionLauncher (126)
[2014.09.22-22.14.17:305][407]LogModuleManager: Shutting down and abandoning module SessionFrontend (125)
[2014.09.22-22.14.17:305][407]LogModuleManager: Shutting down and abandoning module ProfilerClient (124)
[2014.09.22-22.14.17:305][407]LogModuleManager: Shutting down and abandoning module TargetDeviceServices (123)
[2014.09.22-22.14.17:305][407]LogModuleManager: Shutting down and abandoning module DeviceManager (122)
[2014.09.22-22.14.17:305][407]LogModuleManager: Shutting down and abandoning module AutomationController (121)
[2014.09.22-22.14.17:305][407]LogModuleManager: Shutting down and abandoning module AutomationWindow (120)
[2014.09.22-22.14.17:305][407]LogModuleManager: Shutting down and abandoning module Layers (119)
[2014.09.22-22.14.17:305][407]LogModuleManager: Shutting down and abandoning module ComponentVisualizers (118)
[2014.09.22-22.14.17:305][407]LogModuleManager: Shutting down and abandoning module DetailCustomizations (117)
[2014.09.22-22.14.17:305][407]LogModuleManager: Shutting down and abandoning module PackagesDialog (116)
[2014.09.22-22.14.17:305][407]LogModuleManager: Shutting down and abandoning module DirectoryWatcher (115)
[2014.09.22-22.14.17:306][407]LogModuleManager: Shutting down and abandoning module AssetRegistry (114)
[2014.09.22-22.14.17:393][407]LogModuleManager: Shutting down and abandoning module Persona (113)
[2014.09.22-22.14.17:393][407]LogModuleManager: Shutting down and abandoning module GraphEditor (112)
[2014.09.22-22.14.17:393][407]LogModuleManager: Shutting down and abandoning module ClassViewer (111)
[2014.09.22-22.14.17:393][407]LogModuleManager: Shutting down and abandoning module Toolbox (110)
[2014.09.22-22.14.17:393][407]LogModuleManager: Shutting down and abandoning module ModuleUI (109)
[2014.09.22-22.14.17:393][407]LogModuleManager: Shutting down and abandoning module Sequencer (108)
[2014.09.22-22.14.17:393][407]LogModuleManager: Shutting down and abandoning module MovieSceneTools (107)
[2014.09.22-22.14.17:393][407]LogModuleManager: Shutting down and abandoning module OutputLog (106)
[2014.09.22-22.14.17:393][407]LogModuleManager: Shutting down and abandoning module GammaUI (105)
[2014.09.22-22.14.17:393][407]LogModuleManager: Shutting down and abandoning module Documentation (104)
[2014.09.22-22.14.17:393][407]LogModuleManager: Shutting down and abandoning module GameLiveStreaming (103)
[2014.09.22-22.14.17:393][407]LogModuleManager: Shutting down and abandoning module StreamingPauseRendering (102)
[2014.09.22-22.14.17:393][407]LogModuleManager: Shutting down and abandoning module AnalyticsET (101)
[2014.09.22-22.14.17:393][407]LogModuleManager: Shutting down and abandoning module Analytics (100)
[2014.09.22-22.14.17:393][407]LogModuleManager: Shutting down and abandoning module GameplayDebugger (99)
[2014.09.22-22.14.17:393][407]LogModuleManager: Shutting down and abandoning module AIModule (98)
[2014.09.22-22.14.17:393][407]LogModuleManager: Shutting down and abandoning module ProfilerService (97)
[2014.09.22-22.14.17:546][407]LogModuleManager: Shutting down and abandoning module TaskGraph (96)
[2014.09.22-22.14.17:546][407]LogModuleManager: Shutting down and abandoning module SlateRemote (95)
[2014.09.22-22.14.17:546][407]LogModuleManager: Shutting down and abandoning module ScriptEditorPlugin (94)
[2014.09.22-22.14.17:546][407]LogModuleManager: Shutting down and abandoning module CustomMeshComponent (93)
[2014.09.22-22.14.17:546][407]LogModuleManager: Shutting down and abandoning module CableComponent (92)
[2014.09.22-22.14.17:546][407]LogModuleManager: Shutting down and abandoning module MessagingDebugger (91)
[2014.09.22-22.14.17:547][407]LogModuleManager: Shutting down and abandoning module ViewportSnapping (90)
[2014.09.22-22.14.17:547][407]LogModuleManager: Shutting down and abandoning module SmartSnapping (89)
[2014.09.22-22.14.17:547][407]LogModuleManager: Shutting down and abandoning module PaperTiledImporter (88)
[2014.09.22-22.14.17:547][407]LogModuleManager: Shutting down and abandoning module PaperJsonImporter (87)
[2014.09.22-22.14.17:547][407]LogModuleManager: Shutting down and abandoning module GameProjectGeneration (86)
[2014.09.22-22.14.17:547][407]LogModuleManager: Shutting down and abandoning module Matinee (85)
[2014.09.22-22.14.17:547][407]LogModuleManager: Shutting down and abandoning module Kismet (84)
[2014.09.22-22.14.17:547][407]LogModuleManager: Shutting down and abandoning module SlateReflector (83)
[2014.09.22-22.14.17:547][407]LogModuleManager: Shutting down and abandoning module LevelEditor (82)
[2014.09.22-22.14.17:550][407]LogModuleManager: Shutting down and abandoning module IntroTutorials (81)
[2014.09.22-22.14.17:550][407]LogModuleManager: Shutting down and abandoning module ContentBrowser (80)
[2014.09.22-22.14.17:550][407]LogModuleManager: Shutting down and abandoning module PropertyEditor (79)
[2014.09.22-22.14.17:550][407]LogModuleManager: Shutting down and abandoning module AssetTools (78)
[2014.09.22-22.14.17:550][407]LogModuleManager: Shutting down and abandoning module Paper2DEditor (77)
[2014.09.22-22.14.17:550][407]LogModuleManager: Shutting down and abandoning module SpeedTreeImporter (76)
[2014.09.22-22.14.17:550][407]LogModuleManager: Shutting down and abandoning module PluginsEditor (75)
[2014.09.22-22.14.17:550][407]LogModuleManager: Shutting down and abandoning module MainFrame (74)
[2014.09.22-22.14.17:551][407]LogModuleManager: Shutting down and abandoning module EpicSurvey (73)
[2014.09.22-22.14.17:551][407]LogModuleManager: Shutting down and abandoning module VisualStudioSourceCodeAccess (72)
[2014.09.22-22.14.17:551][407]LogModuleManager: Shutting down and abandoning module UObjectPlugin (71)
[2014.09.22-22.14.17:551][407]LogModuleManager: Shutting down and abandoning module SubversionSourceControl (70)
[2014.09.22-22.14.17:551][407]LogModuleManager: Shutting down and abandoning module SourceControl (69)
[2014.09.22-22.14.17:551][407]LogModuleManager: Shutting down and abandoning module PerforceSourceControl (68)
[2014.09.22-22.14.17:551][407]LogModuleManager: Shutting down and abandoning module BlankPlugin (67)
[2014.09.22-22.14.17:551][407]LogModuleManager: Shutting down and abandoning module ScriptPlugin (66)
[2014.09.22-22.14.17:551][407]LogModuleManager: Shutting down and abandoning module UdpMessaging (65)
[2014.09.22-22.14.17:652][407]LogModuleManager: Shutting down and abandoning module Paper2D (64)
[2014.09.22-22.14.17:652][407]LogModuleManager: Shutting down and abandoning module WindowsMoviePlayer (63)
[2014.09.22-22.14.17:662][407]LogModuleManager: Shutting down and abandoning module ImageWrapper (62)
[2014.09.22-22.14.17:662][407]LogModuleManager: Shutting down and abandoning module OnlineBlueprintSupport (61)
[2014.09.22-22.14.17:662][407]LogModuleManager: Shutting down and abandoning module FunctionalTesting (60)
[2014.09.22-22.14.17:662][407]LogModuleManager: Shutting down and abandoning module CollisionAnalyzer (59)
[2014.09.22-22.14.17:662][407]LogModuleManager: Shutting down and abandoning module WorkspaceMenuStructure (58)
[2014.09.22-22.14.17:662][407]LogModuleManager: Shutting down and abandoning module MessageLog (57)
[2014.09.22-22.14.17:662][407]LogModuleManager: Shutting down and abandoning module UMGEditor (56)
[2014.09.22-22.14.17:662][407]LogModuleManager: Shutting down and abandoning module UMG (55)
[2014.09.22-22.14.17:662][407]LogModuleManager: Shutting down and abandoning module Slate (54)
[2014.09.22-22.14.17:662][407]LogModuleManager: Shutting down and abandoning module EditorStyle (53)
[2014.09.22-22.14.17:667][407]LogModuleManager: Shutting down and abandoning module SessionServices (52)
[2014.09.22-22.14.17:667][407]LogModuleManager: Shutting down and abandoning module SourceCodeAccess (51)
[2014.09.22-22.14.17:667][407]LogModuleManager: Shutting down and abandoning module HeadMountedDisplay (50)
[2014.09.22-22.14.17:667][407]LogModuleManager: Shutting down and abandoning module XAudio2 (49)
[2014.09.22-22.14.17:667][407]LogModuleManager: Shutting down and abandoning module Networking (47)
[2014.09.22-22.14.17:667][407]LogModuleManager: Shutting down and abandoning module Core (46)
[2014.09.22-22.14.17:667][407]LogModuleManager: Shutting down and abandoning module KismetCompiler (45)
[2014.09.22-22.14.17:667][407]LogModuleManager: Shutting down and abandoning module PhysXFormats (44)
[2014.09.22-22.14.17:667][407]LogModuleManager: Shutting down and abandoning module MeshUtilities (43)
[2014.09.22-22.14.17:668][407]LogModuleManager: Shutting down and abandoning module DerivedDataCache (42)
[2014.09.22-22.14.17:737][407]LogDerivedDataCache: Shutdown
[2014.09.22-22.14.17:737][407]LogModuleManager: Shutting down and abandoning module ShaderFormatOpenGL (41)
[2014.09.22-22.14.17:737][407]LogModuleManager: Shutting down and abandoning module ShaderFormatD3D (40)
[2014.09.22-22.14.17:737][407]LogModuleManager: Shutting down and abandoning module MetalShaderFormat (39)
[2014.09.22-22.14.17:737][407]LogModuleManager: Shutting down and abandoning module TextureFormatUncompressed (38)
[2014.09.22-22.14.17:737][407]LogModuleManager: Shutting down and abandoning module TextureFormatPVR (37)
[2014.09.22-22.14.17:737][407]LogModuleManager: Shutting down and abandoning module TextureFormatDXT (36)
[2014.09.22-22.14.17:737][407]LogModuleManager: Shutting down and abandoning module TextureFormatAndroid (35)
[2014.09.22-22.14.17:737][407]LogModuleManager: Shutting down and abandoning module AudioFormatOpus (34)
[2014.09.22-22.14.17:737][407]LogModuleManager: Shutting down and abandoning module AudioFormatOgg (33)
[2014.09.22-22.14.17:737][407]LogModuleManager: Shutting down and abandoning module AudioFormatADPCM (32)
[2014.09.22-22.14.17:737][407]LogModuleManager: Shutting down and abandoning module Messaging (31)
[2014.09.22-22.14.17:737][407]LogModuleManager: Shutting down and abandoning module IOSTargetPlatform (30)
[2014.09.22-22.14.17:737][407]LogModuleManager: Shutting down and abandoning module Android_PVRTCTargetPlatform (29)
[2014.09.22-22.14.17:737][407]LogModuleManager: Shutting down and abandoning module Android_ETC2TargetPlatform (28)
[2014.09.22-22.14.17:737][407]LogModuleManager: Shutting down and abandoning module Android_ETC1TargetPlatform (27)
[2014.09.22-22.14.17:738][407]LogModuleManager: Shutting down and abandoning module Android_DXTTargetPlatform (26)
[2014.09.22-22.14.17:738][407]LogModuleManager: Shutting down and abandoning module Android_ATCTargetPlatform (25)
[2014.09.22-22.14.17:738][407]LogModuleManager: Shutting down and abandoning module AndroidTargetPlatform (24)
[2014.09.22-22.14.17:738][407]LogModuleManager: Shutting down and abandoning module WindowsTargetPlatform (23)
[2014.09.22-22.14.17:738][407]LogModuleManager: Shutting down and abandoning module WindowsServerTargetPlatform (22)
[2014.09.22-22.14.17:738][407]LogModuleManager: Shutting down and abandoning module WindowsNoEditorTargetPlatform (21)
[2014.09.22-22.14.17:738][407]LogModuleManager: Shutting down and abandoning module WindowsClientTargetPlatform (20)
[2014.09.22-22.14.17:738][407]LogModuleManager: Shutting down and abandoning module TargetPlatform (19)
[2014.09.22-22.14.17:738][407]LogModuleManager: Shutting down and abandoning module InputCore (18)
[2014.09.22-22.14.17:738][407]LogModuleManager: Shutting down and abandoning module Settings (17)
[2014.09.22-22.14.17:738][407]LogModuleManager: Shutting down and abandoning module ExampleDeviceProfileSelector (14)
[2014.09.22-22.14.17:738][407]LogModuleManager: Shutting down and abandoning module OculusRift (13)
[2014.09.22-22.14.17:738][407]LogModuleManager: Shutting down and abandoning module TextureCompressor (12)
[2014.09.22-22.14.17:738][407]LogModuleManager: Shutting down and abandoning module ShaderCore (11)
[2014.09.22-22.14.17:738][407]LogModuleManager: Shutting down and abandoning module OpenGLDrv (10)
[2014.09.22-22.14.17:738][407]LogModuleManager: Shutting down and abandoning module D3D11RHI (9)
[2014.09.22-22.14.17:738][407]LogModuleManager: Shutting down and abandoning module SlateRHIRenderer (8)
[2014.09.22-22.14.17:738][407]LogModuleManager: Shutting down and abandoning module Renderer (7)
[2014.09.22-22.14.17:738][407]LogModuleManager: Shutting down and abandoning module Engine (6)
[2014.09.22-22.14.17:738][407]LogModuleManager: Shutting down and abandoning module CoreUObject (5)
[2014.09.22-22.14.17:738][407]LogModuleManager: Shutting down and abandoning module NetworkFile (4)
[2014.09.22-22.14.17:738][407]LogModuleManager: Shutting down and abandoning module StreamingFile (3)
[2014.09.22-22.14.17:738][407]LogModuleManager: Shutting down and abandoning module SandboxFile (2)
[2014.09.22-22.14.17:739][407]LogModuleManager: Shutting down and abandoning module PakFile (1)
[2014.09.22-22.14.17:740][407]LogExit: Exiting.
[2014.09.22-22.14.17:747][407]Log file closed, 09/22/14 18:14:17
