Log file open, 10/07/14 04:08:23
LogInit:Display: Running engine for game: Phobophobia
LogInit: Version: 4.4.3-2296771+++depot+UE4-Releases+4.4
LogInit: API Version: 2255576
LogInit: Compiled (64-bit): Sep 13 2014 22:30:58
LogInit: Build Configuration: Development
LogInit: Branch Name: ++depot+UE4-Releases+4.4
LogInit: Command line:  
LogInit: Base directory: C:/Program Files/Unreal Engine/4.4/Engine/Binaries/Win64/
LogInit: Rocket: 1
[2014.10.07-08.08.23:291][  0]LogTaskGraph: Started task graph with 3 named threads and 4 total threads.
[2014.10.07-08.08.23:317][  0]LogOnline:Warning: No default platform service specified for OnlineSubsystem
[2014.10.07-08.08.23:322][  0]LogInit: Presizing for 0 objects not considered by GC, pre-allocating 0 bytes.
[2014.10.07-08.08.23:327][  0]LogInit: Object subsystem initialized
[2014.10.07-08.08.23:328][  0]LogInit: Selected Device Profile: [Windows]
[2014.10.07-08.08.23:328][  0]LogInit: Applying CVar settings loaded from the selected device profile: [Windows]
[2014.10.07-08.08.23:332][  0]LogInit: Computer: PARKER
[2014.10.07-08.08.23:332][  0]LogInit: User: ParkerJoseph
[2014.10.07-08.08.23:334][  0]LogInit: CPU Page size=4096, Cores=4
[2014.10.07-08.08.23:334][  0]LogInit: High frequency timer resolution =14.318180 MHz
[2014.10.07-08.08.23:334][  0]LogMemory: Memory total: Physical=7.9GB (8GB approx) Virtual=131072.0GB
[2014.10.07-08.08.23:334][  0]LogMemory: Platform Memory Stats for Windows
[2014.10.07-08.08.23:334][  0]LogMemory: Process Physical Memory: 59.76 MB used, 59.87 MB peak
[2014.10.07-08.08.23:334][  0]LogMemory: Process Virtual Memory: 35.95 MB used, 36.07 MB peak
[2014.10.07-08.08.23:334][  0]LogMemory: Physical Memory: 3631.86 MB used, 8135.09 MB total
[2014.10.07-08.08.23:334][  0]LogMemory: Virtual Memory: 268.88 MB used, 134217728.00 MB total
[2014.10.07-08.08.23:345][  0]LogD3D11RHI: Found D3D11 adapter 0: AMD Radeon R9 200 Series (Feature Level 11_0)
[2014.10.07-08.08.23:345][  0]LogD3D11RHI: Adapter has 4074MB of dedicated video memory, 0MB of dedicated system memory, and 3840MB of shared system memory, 1 output[s]
[2014.10.07-08.08.23:345][  0]LogD3D11RHI: Found D3D11 adapter 1: Microsoft Basic Render Driver (Feature Level 11_0)
[2014.10.07-08.08.23:345][  0]LogD3D11RHI: Adapter has 0MB of dedicated video memory, 0MB of dedicated system memory, and 256MB of shared system memory, 0 output[s]
[2014.10.07-08.08.23:345][  0]LogD3D11RHI: Chosen D3D11 Adapter Id = 0
[2014.10.07-08.08.23:348][  0]LogRHI: Texture pool is 1361 MB (70% of 1945 MB)
[2014.10.07-08.08.23:352][  0]LogD3D11RHI: Async texture creation disabled: no driver support
[2014.10.07-08.08.23:433][  0]LogContentStreaming: Texture pool size is 0.000000MB
[2014.10.07-08.08.24:380][  0]LogTargetPlatformManager:Display: Building Assets For Windows
[2014.10.07-08.08.24:617][  0]LogTargetPlatformManager:Display: Building Assets For Windows
[2014.10.07-08.08.24:639][  0]LogDerivedDataCache:Display: Max Cache Size: 512 MB
[2014.10.07-08.08.24:669][  0]LogDerivedDataCache: Loaded boot cache 0.03s 39MB C:/Users/ParkerJoseph/AppData/Local/UnrealEngine/4.4/DerivedDataCache/Boot.ddc.
[2014.10.07-08.08.24:669][  0]LogDerivedDataCache:Display: Loaded Boot cache: C:/Users/ParkerJoseph/AppData/Local/UnrealEngine/4.4/DerivedDataCache/Boot.ddc
[2014.10.07-08.08.24:669][  0]LogDerivedDataCache: FDerivedDataBackendGraph:  Pak pak cache file ../../../../../../Users/ParkerJoseph/Documents/GitHub/Phobophobia 4.4/DerivedDataCache/DDC.ddp not found, will not use a pak cache.
[2014.10.07-08.08.24:669][  0]LogDerivedDataCache: Unable to find inner node Pak for hierarchical cache Hierarchy.
[2014.10.07-08.08.24:681][  0]LogDerivedDataCache:Display: Pak cache opened for reading ../../../Engine/DerivedDataCache/DDC.ddp.
[2014.10.07-08.08.24:693][  0]LogDerivedDataCache: Using Local data cache path C:/Users/ParkerJoseph/AppData/Local/UnrealEngine/4.4/DerivedDataCache: Writable
[2014.10.07-08.08.24:790][  0]LogMeshUtilities: No automatic mesh reduction module available
[2014.10.07-08.08.24:790][  0]LogMeshUtilities: No automatic mesh merging module available
[2014.10.07-08.08.24:985][  0]LogInit: WinSock: version 1.1 (2.2), MaxSocks=32767, MaxUdp=65467
[2014.10.07-08.08.25:419][  0]LogStats:Warning: MetaData mismatch. Did you assign a stat to two groups? New //STATGROUP_Threads//FMonitoredProcess///Thread_38fc_0///////STATCAT_Advanced//// old //STATGROUP_Threads//FMonitoredProcess///Thread_3b54_0///////STATCAT_Advanced////
[2014.10.07-08.08.25:419][  0]UdpMessaging: Initializing bridge on interface 0.0.0.0:0 to multicast group 230.0.0.1:6666.
[2014.10.07-08.08.25:499][  0]SourceControl: Info Source control is disabled
[2014.10.07-08.08.25:499][  0]SourceControl: Info Source control is disabled
[2014.10.07-08.08.25:502][  0]SourceControl: Info Source control is disabled
[2014.10.07-08.08.25:595][  0]BlueprintLog: New page: Editor Load
[2014.10.07-08.08.25:647][  0]LogObj: 21438 objects as part of root set at end of initial load.
[2014.10.07-08.08.25:647][  0]LogUObjectAllocator: 4218656 out of 0 bytes used by permanent object pool.
[2014.10.07-08.08.25:762][  0]LogEngine: Initializing Engine...
[2014.10.07-08.08.25:832][  0]LogInit: XAudio2 using 'Speakers (2- Plantronics GameCom 780)' : 6 channels at 44.1 kHz using 16 bits per sample (channel mask 0x60f)
[2014.10.07-08.08.25:837][  0]LogInit: FAudioDevice initialized.
[2014.10.07-08.08.25:845][  0]LogAIModule: Creating AISystem for world NewWorld
[2014.10.07-08.08.25:862][  0]LogDerivedDataCache: Saved boot cache 0.02s 39MB C:/Users/ParkerJoseph/AppData/Local/UnrealEngine/4.4/DerivedDataCache/Boot.ddc.
[2014.10.07-08.08.25:865][  0]LogInit: Texture streaming: Enabled
[2014.10.07-08.08.25:883][  0]LogInit: Transaction tracking system initialized
[2014.10.07-08.08.25:942][  0]LogAssetRegistry: FAssetRegistry took 0.0106 seconds to start up
[2014.10.07-08.08.26:202][  0]LogTargetPlatformManager:Display: Building Assets For Windows
[2014.10.07-08.08.26:411][  0]LogTargetPlatformManager:Display: Building Assets For Windows
[2014.10.07-08.08.26:475][  0]LogConsoleResponse:Display: 
[2014.10.07-08.08.26:562][  0]LogStats:Warning: MetaData mismatch. Did you assign a stat to two groups? New //STATGROUP_Threads//FMonitoredProcess///Thread_38f0_0///////STATCAT_Advanced//// old //STATGROUP_Threads//FMonitoredProcess///Thread_3b54_0///////STATCAT_Advanced////
[2014.10.07-08.08.26:562][  0]LogStats:Warning: MetaData mismatch. Did you assign a stat to two groups? New //STATGROUP_Threads//FMonitoredProcess///Thread_36a8_0///////STATCAT_Advanced//// old //STATGROUP_Threads//FMonitoredProcess///Thread_3b54_0///////STATCAT_Advanced////
[2014.10.07-08.08.26:562][  0]SourceControl: Info Source control is disabled
[2014.10.07-08.08.26:562][  0]Cmd: MAP LOAD FILE="../../../../../../Users/ParkerJoseph/Documents/GitHub/Phobophobia 4.4/Content/Maps/Main_Menu.umap" TEMPLATE=0 SHOWPROGRESS=1
[2014.10.07-08.08.26:563][  0]LightingResults: New page: Lighting Build
[2014.10.07-08.08.26:566][  0]MapCheck: New page: Map Check
[2014.10.07-08.08.26:566][  0]LightingResults: New page: Lighting Build
[2014.10.07-08.08.26:576][  0]LogParticles: Destroying 0 GPU particle simulations for FXSystem 0x0000003F90DE5300
[2014.10.07-08.08.26:600][  0]LogEditorServer: Finished looking for orphan Actors (0.000 secs)
[2014.10.07-08.08.26:600][  0]LogAIModule: Creating AISystem for world Main_Menu
[2014.10.07-08.08.26:600][  0]Cmd: MAP CHECKDEP
[2014.10.07-08.08.26:600][  0]MapCheck: New page: Main_Menu - Oct 7, 2014, 12:08:26 AM
[2014.10.07-08.08.26:628][  0]MapCheck: Info ========== Map Check: 0 Error(s), 0 Warning(s), [27.379ms] ==========
[2014.10.07-08.08.26:628][  0]LogFileHelpers: Loading map 'Main_Menu' took 0.065
[2014.10.07-08.08.26:715][  0]LogCollectionManager: Loaded 0 collections in 0.000696 seconds
[2014.10.07-08.08.26:763][  0]LogCrashTracker: Crashtracker disabled due to settings.
[2014.10.07-08.08.26:804][  0]LogLoad: Full Startup: 4.96 seconds (BP compile: 0.01 seconds)
[2014.10.07-08.08.26:819][  0]LogContentBrowser:Verbose: The content browser source was changed by the sources view to '/Game/Blueprints'
[2014.10.07-08.08.26:904][  0]LogRenderer:Warning: Reallocating scene render targets to support 1328x1272.
[2014.10.07-08.08.27:040][  1]LogAssetRegistry: Asset discovery search completed in 1.1098 seconds
[2014.10.07-08.08.34:809][751]Cmd: MAP LOAD FILE="../../../Engine/Content/Maps/Templates/Template_Default.umap" TEMPLATE=1 SHOWPROGRESS=1
[2014.10.07-08.08.34:809][751]LightingResults: New page: Lighting Build
[2014.10.07-08.08.34:819][751]LoadErrors: New page: Loading map: Template_Default.umap
[2014.10.07-08.08.34:820][751]MapCheck: New page: Map Check
[2014.10.07-08.08.34:820][751]LightingResults: New page: Lighting Build
[2014.10.07-08.08.34:830][751]LogParticles: Destroying 0 GPU particle simulations for FXSystem 0x0000003F8B4287C0
[2014.10.07-08.08.34:963][751]LogEditorServer: Finished looking for orphan Actors (0.000 secs)
[2014.10.07-08.08.34:963][751]LogAIModule: Creating AISystem for world Template_Default
[2014.10.07-08.08.34:963][751]Cmd: MAP CHECKDEP
[2014.10.07-08.08.34:963][751]MapCheck: New page: Untitled_1 - Oct 7, 2014, 12:08:34 AM
[2014.10.07-08.08.34:993][751]MapCheck: Info ========== Map Check: 0 Error(s), 0 Warning(s), [29.664ms] ==========
[2014.10.07-08.08.34:993][751]LogFileHelpers: Loading map 'Template_Default' took 0.185
[2014.10.07-08.08.47:502][260]LogSavePackage: Save=22.383572ms
[2014.10.07-08.08.47:502][260]LogSavePackage: Moving '../../../../../../Users/ParkerJoseph/Documents/GitHub/Phobophobia 4.4/Saved/matinee_test_gateB07F343C4D77B155E771FF8EA6380385.tmp' to '../../../../../../Users/ParkerJoseph/Documents/GitHub/Phobophobia 4.4/Content/Maps/matinee_test_gate.umap'
[2014.10.07-08.08.47:518][260]LogFileHelpers: Saving map 'matinee_test_gate' took 0.150
[2014.10.07-08.08.49:638][511]LogContentBrowser:Verbose: The content browser source was changed by the sources view to '/Game/Maps'
[2014.10.07-08.08.50:814][652]LogContentBrowser:Verbose: The content browser source was changed by the sources view to '/Game/Meshes'
[2014.10.07-08.09.09:548][846]LogActorFactory: Actor Factory created Gate_For_Matinee
[2014.10.07-08.09.10:411][946]LogActorFactory: Actor Factory created Gate_For_Matinee
[2014.10.07-08.09.39:212][166]LogEditorViewport: Clicking on Actor (LMB): PlayerStart (Player Start)
[2014.10.07-08.09.42:575][564]LogNavigationPoint: PostEditMove Clear paths rebuilt
[2014.10.07-08.09.44:192][755]LogNavigationPoint: PostEditMove Clear paths rebuilt
[2014.10.07-08.09.44:508][792]LogEditorViewport: Clicking on Actor (LMB): StaticMeshActor (SM_Template_Map_Floor)
[2014.10.07-08.09.58:291][411]LogEditorViewport: Clicking on Actor (LMB): StaticMeshActor (Gate_For_Matinee)
[2014.10.07-08.10.04:937][196]LogEditorViewport: Clicking on Actor (LMB): StaticMeshActor (Gate_For_Matinee)
[2014.10.07-08.11.21:384][340]LogInit: Transaction tracking system initialized
[2014.10.07-08.11.21:384][340]EditorErrors: New page: Matinee Initialization
[2014.10.07-08.14.03:760][822]LogEditorViewport: Clicking on Actor (LMB): StaticMeshActor (Gate_For_Matinee)
[2014.10.07-08.15.41:883][ 43]LogSlate:Warning: GetFontFace failed to load or process 'Roboto-Regular'
[2014.10.07-08.15.41:883][ 43]LogSlate:Warning: GetFontFace failed to load or process 'Roboto-Regular'
[2014.10.07-08.15.41:893][ 43]LogSlate:Warning: GetFontFace failed to load or process 'Roboto-Regular'
[2014.10.07-08.15.41:893][ 43]LogSlate:Warning: GetFontFace failed to load or process 'Roboto-Regular'
[2014.10.07-08.15.41:893][ 43]LogSlate:Warning: GetFontFace failed to load or process 'Roboto-Regular'
[2014.10.07-08.15.41:893][ 43]LogSlate:Warning: GetFontFace failed to load or process 'Roboto-Regular'
[2014.10.07-08.15.41:893][ 43]LogSlate:Warning: GetFontFace failed to load or process 'Roboto-Regular'
[2014.10.07-08.15.41:893][ 43]LogSlate:Warning: GetFontFace failed to load or process 'Roboto-Regular'
[2014.10.07-08.15.41:893][ 43]LogSlate:Warning: GetFontFace failed to load or process 'Roboto-Regular'
[2014.10.07-08.15.41:893][ 43]LogSlate:Warning: GetFontFace failed to load or process 'Roboto-Regular'
[2014.10.07-08.15.41:893][ 43]LogSlate:Warning: GetFontFace failed to load or process 'Roboto-Regular'
[2014.10.07-08.15.41:893][ 43]LogSlate:Warning: GetFontFace failed to load or process 'Roboto-Regular'
[2014.10.07-08.15.41:893][ 43]LogSlate:Warning: GetFontFace failed to load or process 'Roboto-Regular'
[2014.10.07-08.15.41:893][ 43]LogSlate:Warning: GetFontFace failed to load or process 'Roboto-Regular'
[2014.10.07-08.15.41:893][ 43]LogSlate:Warning: GetFontFace failed to load or process 'Roboto-Regular'
[2014.10.07-08.15.41:893][ 43]LogSlate:Warning: GetFontFace failed to load or process 'Roboto-Regular'
[2014.10.07-08.15.41:893][ 43]LogSlate:Warning: GetFontFace failed to load or process 'Roboto-Regular'
[2014.10.07-08.15.41:893][ 43]LogSlate:Warning: GetFontFace failed to load or process 'Roboto-Regular'
[2014.10.07-08.15.56:757][578]LogEditorViewport: Clicking on Actor (LMB): TriggerBox (TriggerBox1)
[2014.10.07-08.16.52:615][623]LogSlate:Warning: GetFontFace failed to load or process 'Roboto-Regular'
[2014.10.07-08.16.52:615][623]LogSlate:Warning: GetFontFace failed to load or process 'Roboto-Regular'
[2014.10.07-08.16.52:615][623]LogSlate:Warning: GetFontFace failed to load or process 'Roboto-Regular'
[2014.10.07-08.16.52:615][623]LogSlate:Warning: GetFontFace failed to load or process 'Roboto-Regular'
[2014.10.07-08.16.52:616][623]LogSlate:Warning: GetFontFace failed to load or process 'Roboto-Regular'
[2014.10.07-08.16.52:616][623]LogSlate:Warning: GetFontFace failed to load or process 'Roboto-Regular'
[2014.10.07-08.16.52:616][623]LogSlate:Warning: GetFontFace failed to load or process 'Roboto-Regular'
[2014.10.07-08.16.52:616][623]LogSlate:Warning: GetFontFace failed to load or process 'Roboto-Regular'
[2014.10.07-08.16.52:616][623]LogSlate:Warning: GetFontFace failed to load or process 'Roboto-Regular'
[2014.10.07-08.17.47:462][688]BlueprintLog: New page: Compile matinee_test_gate
[2014.10.07-08.17.47:513][688]BlueprintEditorCompileResults: Info [0565.62] Compile of matinee_test_gate successful! [in 0 ms]
[2014.10.07-08.17.54:029][838]BlueprintLog: New page: Pre-PIE auto-recompile
[2014.10.07-08.17.54:031][838]LogPlayLevel: [PIE] Compiling matinee_test_gate before PIE...
[2014.10.07-08.17.54:074][838]LogExit: Transaction tracking system shut down
[2014.10.07-08.17.54:075][838]LogPlayLevel: PIE:  Blueprint regeneration took 45 ms (1 blueprints)
[2014.10.07-08.17.54:075][838]PIE: New page: PIE session: matinee_test_gate (Oct 7, 2014, 12:17:54 AM)
[2014.10.07-08.17.54:077][838]LogPlayLevel: PIE: StaticDuplicateObject took: (0.001729s)
[2014.10.07-08.17.54:078][838]LogPlayLevel: PIE: World Init took: (0.000531s)
[2014.10.07-08.17.54:078][838]LogPlayLevel: PIE: Created PIE world by copying editor world from /Game/Maps/matinee_test_gate.matinee_test_gate to /Game/Maps/UEDPIE_0_matinee_test_gate.matinee_test_gate (0.002377s)
[2014.10.07-08.17.54:482][838]LogOutputDevice: === Handled error: ===
Ensure condition failed: 1 == StructProperty->ArrayDim [File:D:\BuildFarm\buildmachine_++depot+UE4-Releases+4.4\Engine\Source\Editor\KismetCompiler\Private\KismetCompilerVMBackend.cpp] [Line: 460]

Stack: Address = 0x9c835216 (filename not found) [in C:\Program Files\Unreal Engine\4.4\Engine\Binaries\Win64\UE4Editor-Core.dll]
Address = 0x9c6c19d1 (filename not found) [in C:\Program Files\Unreal Engine\4.4\Engine\Binaries\Win64\UE4Editor-Core.dll]
Address = 0x96498874 (filename not found) [in C:\Program Files\Unreal Engine\4.4\Engine\Binaries\Win64\UE4Editor-KismetCompiler.dll]
Address = 0x9649803c (filename not found) [in C:\Program Files\Unreal Engine\4.4\Engine\Binaries\Win64\UE4Editor-KismetCompiler.dll]
Address = 0x964a7938 (filename not found) [in C:\Program Files\Unreal Engine\4.4\Engine\Binaries\Win64\UE4Editor-KismetCompiler.dll]
Address = 0x964878f7 (filename not found) [in C:\Program Files\Unreal Engine\4.4\Engine\Binaries\Win64\UE4Editor-KismetCompiler.dll]
Address = 0x964a7b8d (filename not found) [in C:\Program Files\Unreal Engine\4.4\Engine\Binaries\Win64\UE4Editor-KismetCompiler.dll]
Address = 0x964831a3 (filename not found) [in C:\Program Files\Unreal Engine\4.4\Engine\Binaries\Win64\UE4Editor-KismetCompiler.dll]
Address = 0x96483ccc (filename not found) [in C:\Program Files\Unreal Engine\4.4\Engine\Binaries\Win64\UE4Editor-KismetCompiler.dll]
Address = 0x9648383e (filename not found) [in C:\Program Files\Unreal Engine\4.4\Engine\Binaries\Win64\UE4Editor-KismetCompiler.dll]
Address = 0x98e2191a (filename not found) [in C:\Program Files\Unreal Engine\4.4\Engine\Binaries\Win64\UE4Editor-UnrealEd.dll]
Address = 0x98de8254 (filename not found) [in C:\Program Files\Unreal Engine\4.4\Engine\Binaries\Win64\UE4Editor-UnrealEd.dll]
Address = 0x9dec4adb (filename not found) [in C:\Program Files\Unreal Engine\4.4\Engine\Binaries\Win64\UE4Editor-CoreUObject.dll]
Address = 0x9df0ffe6 (filename not found) [in C:\Program Files\Unreal Engine\4.4\Engine\Binaries\Win64\UE4Editor-CoreUObject.dll]
Address = 0x9df2ab54 (filename not found) [in C:\Program Files\Unreal Engine\4.4\Engine\Binaries\Win64\UE4Editor-CoreUObject.dll]
Address = 0x9defebc4 (filename not found) [in C:\Program Files\Unreal Engine\4.4\Engine\Binaries\Win64\UE4Editor-CoreUObject.dll]
Address = 0x9ded1f68 (filename not found) [in C:\Program Files\Unreal Engine\4.4\Engine\Binaries\Win64\UE4Editor-CoreUObject.dll]
Address = 0x9df3426f (filename not found) [in C:\Program Files\Unreal Engine\4.4\Engine\Binaries\Win64\UE4Editor-CoreUObject.dll]
Address = 0x9df10179 (filename not found) [in C:\Program Files\Unreal Engine\4.4\Engine\Binaries\Win64\UE4Editor-CoreUObject.dll]
Address = 0x9df2ab54 (filename not found) [in C:\Program Files\Unreal Engine\4.4\Engine\Binaries\Win64\UE4Editor-CoreUObject.dll]
Address = 0x9df0fa5e (filename not found) [in C:\Program Files\Unreal Engine\4.4\Engine\Binaries\Win64\UE4Editor-CoreUObject.dll]
Address = 0x9df2ab54 (filename not found) [in C:\Program Files\Unreal Engine\4.4\Engine\Binaries\Win64\UE4Editor-CoreUObject.dll]
Address = 0x9df0fa5e (filename not found) [in C:\Program Files\Unreal Engine\4.4\Engine\Binaries\Win64\UE4Editor-CoreUObject.dll]
Address = 0x9df2c972 (filename not found) [in C:\Program Files\Unreal Engine\4.4\Engine\Binaries\Win64\UE4Editor-CoreUObject.dll]
Address = 0x9df85f5a (filename not found) [in C:\Program Files\Unreal Engine\4.4\Engine\Binaries\Win64\UE4Editor-CoreUObject.dll]
Address = 0x9df4c1ae (filename not found) [in C:\Program Files\Unreal Engine\4.4\Engine\Binaries\Win64\UE4Editor-CoreUObject.dll]
Address = 0x9df4b535 (filename not found) [in C:\Program Files\Unreal Engine\4.4\Engine\Binaries\Win64\UE4Editor-CoreUObject.dll]
Address = 0x9df4c2da (filename not found) [in C:\Program Files\Unreal Engine\4.4\Engine\Binaries\Win64\UE4Editor-CoreUObject.dll]
Address = 0x9df4b535 (filename not found) [in C:\Program Files\Unreal Engine\4.4\Engine\Binaries\Win64\UE4Editor-CoreUObject.dll]
Address = 0x9df4b44a (filename not found) [in C:\Program Files\Unreal Engine\4.4\Engine\Binaries\Win64\UE4Editor-CoreUObject.dll]
Address = 0x9df17ce0 (filename not found) [in C:\Program Files\Unreal Engine\4.4\Engine\Binaries\Win64\UE4Editor-CoreUObject.dll]
Address = 0x9df4a7b0 (filename not found) [in C:\Program Files\Unreal Engine\4.4\Engine\Binaries\Win64\UE4Editor-CoreUObject.dll]
Address = 0x9df112c8 (filename not found) [in C:\Program Files\Unreal Engine\4.4\Engine\Binaries\Win64\UE4Editor-CoreUObject.dll]
Address = 0x9df23b6a (filename not found) [in C:\Program Files\Unreal Engine\4.4\Engine\Binaries\Win64\UE4Editor-CoreUObject.dll]
Address = 0x9df85e92 (filename not found) [in C:\Program Files\Unreal Engine\4.4\Engine\Binaries\Win64\UE4Editor-CoreUObject.dll]
Address = 0x9df911d1 (filename not found) [in C:\Program Files\Unreal Engine\4.4\Engine\Binaries\Win64\UE4Editor-CoreUObject.dll]
Address = 0x9df9f887 (filename not found) [in C:\Program Files\Unreal Engine\4.4\Engine\Binaries\Win64\UE4Editor-CoreUObject.dll]
Address = 0x9df9f3d7 (filename not found) [in C:\Program Files\Unreal Engine\4.4\Engine\Binaries\Win64\UE4Editor-CoreUObject.dll]
Address = 0x9a899fc3 (filename not found) [in C:\Program Files\Unreal Engine\4.4\Engine\Binaries\Win64\UE4Editor-Engine.dll]
Address = 0x9a3015d0 (filename not found) [in C:\Program Files\Unreal Engine\4.4\Engine\Binaries\Win64\UE4Editor-Engine.dll]
Address = 0x9895be81 (filename not found) [in C:\Program Files\Unreal Engine\4.4\Engine\Binaries\Win64\UE4Editor-UnrealEd.dll]
Address = 0x989a0a79 (filename not found) [in C:\Program Files\Unreal Engine\4.4\Engine\Binaries\Win64\UE4Editor-UnrealEd.dll]
Address = 0x989b64f9 (filename not found) [in C:\Program Files\Unreal Engine\4.4\Engine\Binaries\Win64\UE4Editor-UnrealEd.dll]
Address = 0x9874a818 (filename not found) [in C:\Program Files\Unreal Engine\4.4\Engine\Binaries\Win64\UE4Editor-UnrealEd.dll]
Address = 0x98b369a6 (filename not found) [in C:\Program Files\Unreal Engine\4.4\Engine\Binaries\Win64\UE4Editor-UnrealEd.dll]
FEngineLoop::Tick() 0xd1b722e  + 0 bytes [File=d:\buildfarm\buildmachine_++depot+ue4-releases+4.4\engine\source\runtime\launch\private\launchengineloop.cpp:2098] [in C:\Program Files\Unreal Engine\4.4\Engine\Binaries\Win64\UE4Editor.exe]
GuardedMain() 0xd1aca3c  + 0 bytes [File=d:\buildfarm\buildmachine_++depot+ue4-releases+4.4\engine\source\runtime\launch\private\launch.cpp:133] [in C:\Program Files\Unreal Engine\4.4\Engine\Binaries\Win64\UE4Editor.exe]
GuardedMainWrapper() 0xd1acaaa  + 5 bytes [File=d:\buildfarm\buildmachine_++depot+ue4-releases+4.4\engine\source\runtime\launch\private\windows\launchwindows.cpp:125] [in C:\Program Files\Unreal Engine\4.4\Engine\Binaries\Win64\UE4Editor.exe]
WinMain() 0xd1b88c9  + 17 bytes [File=d:\buildfarm\buildmachine_++depot+ue4-releases+4.4\engine\source\runtime\launch\private\windows\launchwindows.cpp:201] [in C:\Program Files\Unreal Engine\4.4\Engine\Binaries\Win64\UE4Editor.exe]
__tmainCRTStartup() 0xd1b96f9  + 21 bytes [File=f:\dd\vctools\crt\crtw32\dllstuff\crtexe.c:618] [in C:\Program Files\Unreal Engine\4.4\Engine\Binaries\Win64\UE4Editor.exe]
Address = 0xc66116ad (filename not found) [in C:\WINDOWS\system32\KERNEL32.DLL]
Address = 0xc72a34a5 (filename not found) [in C:\WINDOWS\SYSTEM32\ntdll.dll]
Address = 0xc72a34a5 (filename not found) [in C:\WINDOWS\SYSTEM32\ntdll.dll]

[2014.10.07-08.17.54:727][838]LogOutputDevice: === Handled error: ===
Ensure condition failed: 1 == StructProperty->ArrayDim [File:D:\BuildFarm\buildmachine_++depot+UE4-Releases+4.4\Engine\Source\Editor\KismetCompiler\Private\KismetCompilerVMBackend.cpp] [Line: 460]

Stack: Address = 0x9c835216 (filename not found) [in C:\Program Files\Unreal Engine\4.4\Engine\Binaries\Win64\UE4Editor-Core.dll]
Address = 0x9c6c19d1 (filename not found) [in C:\Program Files\Unreal Engine\4.4\Engine\Binaries\Win64\UE4Editor-Core.dll]
Address = 0x96498874 (filename not found) [in C:\Program Files\Unreal Engine\4.4\Engine\Binaries\Win64\UE4Editor-KismetCompiler.dll]
Address = 0x9649803c (filename not found) [in C:\Program Files\Unreal Engine\4.4\Engine\Binaries\Win64\UE4Editor-KismetCompiler.dll]
Address = 0x964a7938 (filename not found) [in C:\Program Files\Unreal Engine\4.4\Engine\Binaries\Win64\UE4Editor-KismetCompiler.dll]
Address = 0x964878f7 (filename not found) [in C:\Program Files\Unreal Engine\4.4\Engine\Binaries\Win64\UE4Editor-KismetCompiler.dll]
Address = 0x964a7b8d (filename not found) [in C:\Program Files\Unreal Engine\4.4\Engine\Binaries\Win64\UE4Editor-KismetCompiler.dll]
Address = 0x964831a3 (filename not found) [in C:\Program Files\Unreal Engine\4.4\Engine\Binaries\Win64\UE4Editor-KismetCompiler.dll]
Address = 0x96483ccc (filename not found) [in C:\Program Files\Unreal Engine\4.4\Engine\Binaries\Win64\UE4Editor-KismetCompiler.dll]
Address = 0x9648383e (filename not found) [in C:\Program Files\Unreal Engine\4.4\Engine\Binaries\Win64\UE4Editor-KismetCompiler.dll]
Address = 0x98e44bf8 (filename not found) [in C:\Program Files\Unreal Engine\4.4\Engine\Binaries\Win64\UE4Editor-UnrealEd.dll]
Address = 0x9a178e07 (filename not found) [in C:\Program Files\Unreal Engine\4.4\Engine\Binaries\Win64\UE4Editor-Engine.dll]
Address = 0x9de680cf (filename not found) [in C:\Program Files\Unreal Engine\4.4\Engine\Binaries\Win64\UE4Editor-CoreUObject.dll]
Address = 0x9df10183 (filename not found) [in C:\Program Files\Unreal Engine\4.4\Engine\Binaries\Win64\UE4Editor-CoreUObject.dll]
Address = 0x9df2ab54 (filename not found) [in C:\Program Files\Unreal Engine\4.4\Engine\Binaries\Win64\UE4Editor-CoreUObject.dll]
Address = 0x9df0fa5e (filename not found) [in C:\Program Files\Unreal Engine\4.4\Engine\Binaries\Win64\UE4Editor-CoreUObject.dll]
Address = 0x9df2ab54 (filename not found) [in C:\Program Files\Unreal Engine\4.4\Engine\Binaries\Win64\UE4Editor-CoreUObject.dll]
Address = 0x9df0fa5e (filename not found) [in C:\Program Files\Unreal Engine\4.4\Engine\Binaries\Win64\UE4Editor-CoreUObject.dll]
Address = 0x9df2c972 (filename not found) [in C:\Program Files\Unreal Engine\4.4\Engine\Binaries\Win64\UE4Editor-CoreUObject.dll]
Address = 0x9df85f5a (filename not found) [in C:\Program Files\Unreal Engine\4.4\Engine\Binaries\Win64\UE4Editor-CoreUObject.dll]
Address = 0x9df4c1ae (filename not found) [in C:\Program Files\Unreal Engine\4.4\Engine\Binaries\Win64\UE4Editor-CoreUObject.dll]
Address = 0x9df4b535 (filename not found) [in C:\Program Files\Unreal Engine\4.4\Engine\Binaries\Win64\UE4Editor-CoreUObject.dll]
Address = 0x9df4c2da (filename not found) [in C:\Program Files\Unreal Engine\4.4\Engine\Binaries\Win64\UE4Editor-CoreUObject.dll]
Address = 0x9df4b535 (filename not found) [in C:\Program Files\Unreal Engine\4.4\Engine\Binaries\Win64\UE4Editor-CoreUObject.dll]
Address = 0x9df4b44a (filename not found) [in C:\Program Files\Unreal Engine\4.4\Engine\Binaries\Win64\UE4Editor-CoreUObject.dll]
Address = 0x9df17ce0 (filename not found) [in C:\Program Files\Unreal Engine\4.4\Engine\Binaries\Win64\UE4Editor-CoreUObject.dll]
Address = 0x9df4a7b0 (filename not found) [in C:\Program Files\Unreal Engine\4.4\Engine\Binaries\Win64\UE4Editor-CoreUObject.dll]
Address = 0x9df112c8 (filename not found) [in C:\Program Files\Unreal Engine\4.4\Engine\Binaries\Win64\UE4Editor-CoreUObject.dll]
Address = 0x9df23b6a (filename not found) [in C:\Program Files\Unreal Engine\4.4\Engine\Binaries\Win64\UE4Editor-CoreUObject.dll]
Address = 0x9df85e92 (filename not found) [in C:\Program Files\Unreal Engine\4.4\Engine\Binaries\Win64\UE4Editor-CoreUObject.dll]
Address = 0x9df911d1 (filename not found) [in C:\Program Files\Unreal Engine\4.4\Engine\Binaries\Win64\UE4Editor-CoreUObject.dll]
Address = 0x9df9f887 (filename not found) [in C:\Program Files\Unreal Engine\4.4\Engine\Binaries\Win64\UE4Editor-CoreUObject.dll]
Address = 0x9df9f3d7 (filename not found) [in C:\Program Files\Unreal Engine\4.4\Engine\Binaries\Win64\UE4Editor-CoreUObject.dll]
Address = 0x9a899fc3 (filename not found) [in C:\Program Files\Unreal Engine\4.4\Engine\Binaries\Win64\UE4Editor-Engine.dll]
Address = 0x9a3015d0 (filename not found) [in C:\Program Files\Unreal Engine\4.4\Engine\Binaries\Win64\UE4Editor-Engine.dll]
Address = 0x9895be81 (filename not found) [in C:\Program Files\Unreal Engine\4.4\Engine\Binaries\Win64\UE4Editor-UnrealEd.dll]
Address = 0x989a0a79 (filename not found) [in C:\Program Files\Unreal Engine\4.4\Engine\Binaries\Win64\UE4Editor-UnrealEd.dll]
Address = 0x989b64f9 (filename not found) [in C:\Program Files\Unreal Engine\4.4\Engine\Binaries\Win64\UE4Editor-UnrealEd.dll]
Address = 0x9874a818 (filename not found) [in C:\Program Files\Unreal Engine\4.4\Engine\Binaries\Win64\UE4Editor-UnrealEd.dll]
Address = 0x98b369a6 (filename not found) [in C:\Program Files\Unreal Engine\4.4\Engine\Binaries\Win64\UE4Editor-UnrealEd.dll]
FEngineLoop::Tick() 0xd1b722e  + 0 bytes [File=d:\buildfarm\buildmachine_++depot+ue4-releases+4.4\engine\source\runtime\launch\private\launchengineloop.cpp:2098] [in C:\Program Files\Unreal Engine\4.4\Engine\Binaries\Win64\UE4Editor.exe]
GuardedMain() 0xd1aca3c  + 0 bytes [File=d:\buildfarm\buildmachine_++depot+ue4-releases+4.4\engine\source\runtime\launch\private\launch.cpp:133] [in C:\Program Files\Unreal Engine\4.4\Engine\Binaries\Win64\UE4Editor.exe]
GuardedMainWrapper() 0xd1acaaa  + 5 bytes [File=d:\buildfarm\buildmachine_++depot+ue4-releases+4.4\engine\source\runtime\launch\private\windows\launchwindows.cpp:125] [in C:\Program Files\Unreal Engine\4.4\Engine\Binaries\Win64\UE4Editor.exe]
WinMain() 0xd1b88c9  + 17 bytes [File=d:\buildfarm\buildmachine_++depot+ue4-releases+4.4\engine\source\runtime\launch\private\windows\launchwindows.cpp:201] [in C:\Program Files\Unreal Engine\4.4\Engine\Binaries\Win64\UE4Editor.exe]
__tmainCRTStartup() 0xd1b96f9  + 21 bytes [File=f:\dd\vctools\crt\crtw32\dllstuff\crtexe.c:618] [in C:\Program Files\Unreal Engine\4.4\Engine\Binaries\Win64\UE4Editor.exe]
Address = 0xc66116ad (filename not found) [in C:\WINDOWS\system32\KERNEL32.DLL]
Address = 0xc72a34a5 (filename not found) [in C:\WINDOWS\SYSTEM32\ntdll.dll]
Address = 0xc72a34a5 (filename not found) [in C:\WINDOWS\SYSTEM32\ntdll.dll]

