Log file open, 09/19/14 14:02:43
LogInit:Display: Running engine for game: Phobophobia
LogInit: Version: 4.4.3-2296771+++depot+UE4-Releases+4.4
LogInit: API Version: 2255576
LogInit: Compiled (64-bit): Sep 13 2014 22:30:58
LogInit: Build Configuration: Development
LogInit: Branch Name: ++depot+UE4-Releases+4.4
LogInit: Command line:  
LogInit: Base directory: C:/Program Files/Unreal Engine/4.4/Engine/Binaries/Win64/
LogInit: Rocket: 1
[2014.09.19-18.02.43:623][  0]LogTaskGraph: Started task graph with 3 named threads and 4 total threads.
[2014.09.19-18.02.43:658][  0]LogOnline:Warning: No default platform service specified for OnlineSubsystem
[2014.09.19-18.02.43:695][  0]LogInit: Presizing for 0 objects not considered by GC, pre-allocating 0 bytes.
[2014.09.19-18.02.43:702][  0]LogInit: Object subsystem initialized
[2014.09.19-18.02.43:704][  0]LogInit: Selected Device Profile: [Windows]
[2014.09.19-18.02.43:704][  0]LogInit: Applying CVar settings loaded from the selected device profile: [Windows]
[2014.09.19-18.02.43:712][  0]LogInit: Computer: MININT-IBCU80N
[2014.09.19-18.02.43:712][  0]LogInit: User: Mitchell
[2014.09.19-18.02.43:714][  0]LogInit: CPU Page size=4096, Cores=4
[2014.09.19-18.02.43:714][  0]LogInit: High frequency timer resolution =2.143603 MHz
[2014.09.19-18.02.43:714][  0]LogMemory: Memory total: Physical=7.9GB (8GB approx) Virtual=8192.0GB
[2014.09.19-18.02.43:714][  0]LogMemory: Platform Memory Stats for Windows
[2014.09.19-18.02.43:714][  0]LogMemory: Process Physical Memory: 62.74 MB used, 62.74 MB peak
[2014.09.19-18.02.43:714][  0]LogMemory: Process Virtual Memory: 38.56 MB used, 38.56 MB peak
[2014.09.19-18.02.43:714][  0]LogMemory: Physical Memory: 2665.47 MB used, 8086.17 MB total
[2014.09.19-18.02.43:714][  0]LogMemory: Virtual Memory: 258.49 MB used, 8388608.00 MB total
[2014.09.19-18.02.43:756][  0]LogD3D11RHI: Found D3D11 adapter 0: Intel(R) HD Graphics Family (Feature Level 11_0)
[2014.09.19-18.02.43:756][  0]LogD3D11RHI: Adapter has 64MB of dedicated video memory, 0MB of dedicated system memory, and 1632MB of shared system memory, 1 output[s]
[2014.09.19-18.02.43:756][  0]LogD3D11RHI: Chosen D3D11 Adapter Id = 0
[2014.09.19-18.02.43:765][  0]LogRHI: Texture pool is 616 MB (70% of 880 MB)
[2014.09.19-18.02.43:778][  0]LogD3D11RHI: Async texture creation enabled
[2014.09.19-18.02.43:995][  0]LogContentStreaming: Texture pool size is 0.000000MB
[2014.09.19-18.02.46:018][  0]LogTargetPlatformManager:Display: Building Assets For Windows
[2014.09.19-18.02.46:659][  0]LogTargetPlatformManager:Display: Building Assets For Windows
[2014.09.19-18.02.46:734][  0]LogDerivedDataCache:Display: Max Cache Size: 512 MB
[2014.09.19-18.02.46:780][  0]LogDerivedDataCache: Loaded boot cache 0.05s 53MB C:/Users/Mitchell/AppData/Local/UnrealEngine/4.4/DerivedDataCache/Boot.ddc.
[2014.09.19-18.02.46:780][  0]LogDerivedDataCache:Display: Loaded Boot cache: C:/Users/Mitchell/AppData/Local/UnrealEngine/4.4/DerivedDataCache/Boot.ddc
[2014.09.19-18.02.46:780][  0]LogDerivedDataCache: FDerivedDataBackendGraph:  Pak pak cache file ../../../../../../Users/Mitchell/Documents/Unhinged/Phobophobia 4.4/DerivedDataCache/DDC.ddp not found, will not use a pak cache.
[2014.09.19-18.02.46:780][  0]LogDerivedDataCache: Unable to find inner node Pak for hierarchical cache Hierarchy.
[2014.09.19-18.02.46:800][  0]LogDerivedDataCache:Display: Pak cache opened for reading ../../../Engine/DerivedDataCache/DDC.ddp.
[2014.09.19-18.02.46:812][  0]LogDerivedDataCache: Using Local data cache path C:/Users/Mitchell/AppData/Local/UnrealEngine/4.4/DerivedDataCache: Writable
[2014.09.19-18.02.47:110][  0]LogMeshUtilities: No automatic mesh reduction module available
[2014.09.19-18.02.47:110][  0]LogMeshUtilities: No automatic mesh merging module available
[2014.09.19-18.02.47:769][  0]LogInit: WinSock: version 1.1 (2.2), MaxSocks=32767, MaxUdp=65467
[2014.09.19-18.02.49:535][  0]LogStats:Warning: MetaData mismatch. Did you assign a stat to two groups? New //STATGROUP_Threads//FMonitoredProcess///Thread_5be0_0///////STATCAT_Advanced//// old //STATGROUP_Threads//FMonitoredProcess///Thread_5bb4_0///////STATCAT_Advanced////
[2014.09.19-18.02.49:535][  0]UdpMessaging: Initializing bridge on interface 0.0.0.0:0 to multicast group 230.0.0.1:6666.
[2014.09.19-18.02.49:744][  0]SourceControl: Info Source control is disabled
[2014.09.19-18.02.49:744][  0]SourceControl: Info Source control is disabled
[2014.09.19-18.02.49:756][  0]SourceControl: Info Source control is disabled
[2014.09.19-18.02.50:201][  0]BlueprintLog: New page: Editor Load
[2014.09.19-18.02.50:483][  0]LogObj: 21438 objects as part of root set at end of initial load.
[2014.09.19-18.02.50:483][  0]LogUObjectAllocator: 4218656 out of 0 bytes used by permanent object pool.
[2014.09.19-18.02.50:701][  0]LogEngine: Initializing Engine...
[2014.09.19-18.02.50:825][  0]LogInit: XAudio2 using 'Speakers (Realtek High Definition Audio)' : 2 channels at 48 kHz using 32 bits per sample (channel mask 0x3)
[2014.09.19-18.02.50:840][  0]LogInit: FAudioDevice initialized.
[2014.09.19-18.02.50:870][  0]LogAIModule: Creating AISystem for world NewWorld
[2014.09.19-18.02.50:896][  0]LogDerivedDataCache: Saved boot cache 0.03s 39MB C:/Users/Mitchell/AppData/Local/UnrealEngine/4.4/DerivedDataCache/Boot.ddc.
[2014.09.19-18.02.50:903][  0]LogInit: Texture streaming: Enabled
[2014.09.19-18.02.50:993][  0]LogInit: Transaction tracking system initialized
[2014.09.19-18.02.51:409][  0]LogAssetRegistry: FAssetRegistry took 0.0102 seconds to start up
[2014.09.19-18.02.52:311][  0]LogTargetPlatformManager:Display: Building Assets For Windows
[2014.09.19-18.02.52:692][  0]LogTargetPlatformManager:Display: Building Assets For Windows
[2014.09.19-18.02.53:012][  0]LogConsoleResponse:Display: 
[2014.09.19-18.02.53:364][  0]LogStats:Warning: MetaData mismatch. Did you assign a stat to two groups? New //STATGROUP_Threads//FMonitoredProcess///Thread_5910_0///////STATCAT_Advanced//// old //STATGROUP_Threads//FMonitoredProcess///Thread_5bb4_0///////STATCAT_Advanced////
[2014.09.19-18.02.53:364][  0]LogStats:Warning: MetaData mismatch. Did you assign a stat to two groups? New //STATGROUP_Threads//FMonitoredProcess///Thread_1b58_0///////STATCAT_Advanced//// old //STATGROUP_Threads//FMonitoredProcess///Thread_5bb4_0///////STATCAT_Advanced////
[2014.09.19-18.02.53:364][  0]SourceControl: Info Source control is disabled
[2014.09.19-18.03.00:566][  0]Cmd: MAP LOAD FILE="../../../../../../Users/Mitchell/Documents/Unhinged/Phobophobia 4.4/Content/Maps/Swimming.umap" TEMPLATE=0 SHOWPROGRESS=1
[2014.09.19-18.03.00:567][  0]LightingResults: New page: Lighting Build
[2014.09.19-18.03.00:583][  0]MapCheck: New page: Map Check
[2014.09.19-18.03.00:583][  0]LightingResults: New page: Lighting Build
[2014.09.19-18.03.00:597][  0]LogParticles: Destroying 0 GPU particle simulations for FXSystem 0x0000000011A7D300
[2014.09.19-18.03.00:973][  0]LogBlueprint:Error: [compiler] Error Default value '' for  Tags  is invalid: 'Literal values are not allowed for array parameters.  Use a Make Array node instead'
[2014.09.19-18.03.00:974][  0]LogBlueprint:Warning: [compiler] Warning [0019.76] Compile of blueprintCharacter failed. 1 Fatal Issue(s) 0 Warning(s) [in 19 ms]
[2014.09.19-18.03.01:033][  0]LogBlueprint:Error: [compiler] Error Default value '' for  Tags  is invalid: 'Literal values are not allowed for array parameters.  Use a Make Array node instead'
[2014.09.19-18.03.01:034][  0]LogBlueprint:Warning: [compiler] Warning [0019.82] Compile of blueprintCharacter failed. 1 Fatal Issue(s) 0 Warning(s) [in 21 ms]
[2014.09.19-18.03.01:350][  0]BlueprintLog:Warning: Warning Blueprint MyGame has been migrated and requires re-saving to avoid import errors
[2014.09.19-18.03.01:462][  0]LogEditorServer: Finished looking for orphan Actors (0.000 secs)
[2014.09.19-18.03.01:462][  0]LogAIModule: Creating AISystem for world Swimming
[2014.09.19-18.03.01:462][  0]Cmd: MAP CHECKDEP
[2014.09.19-18.03.01:462][  0]MapCheck: New page: Swimming - Sep 19, 2014, 10:03:01 AM
[2014.09.19-18.03.01:662][  0]MapCheck: Info ========== Map Check: 0 Error(s), 0 Warning(s), [199.436ms] ==========
[2014.09.19-18.03.01:662][  0]LogFileHelpers: Loading map 'Swimming' took 1.096
[2014.09.19-18.03.01:741][  0]LogStats:Warning: MetaData mismatch. Did you assign a stat to two groups? New //STATGROUP_Threads//SplashScreenThread///Thread_1cf8_0///////STATCAT_Advanced//// old //STATGROUP_Threads//SplashScreenThread///Thread_5ba8_0///////STATCAT_Advanced////
[2014.09.19-18.03.01:741][  0]LogCollectionManager: Loaded 0 collections in 0.001672 seconds
[2014.09.19-18.03.01:760][  0]LogContentBrowser:Verbose: The content browser source was changed by the sources view to '/Game'
[2014.09.19-18.03.01:884][  0]LogCrashTracker: Crashtracker disabled due to settings.
[2014.09.19-18.03.01:959][  0]LogLoad: Full Startup: 20.74 seconds (BP compile: 0.25 seconds)
[2014.09.19-18.03.02:191][  0]LogRenderer:Warning: Reallocating scene render targets to support 808x584.
[2014.09.19-18.03.02:626][  2]LogAssetRegistry: Asset discovery search completed in 11.2272 seconds
[2014.09.19-18.03.26:184][503]BlueprintLog: New page: Pre-PIE auto-recompile
[2014.09.19-18.03.26:184][503]LogPlayLevel: [PIE] Compiling Swimming before PIE...
[2014.09.19-18.03.26:348][503]LogPlayLevel: PIE:  Blueprint regeneration took 164 ms (1 blueprints)
[2014.09.19-18.03.30:638][534]LogContentBrowser:Verbose: The content browser source was changed by the sources view to '/Game/Blueprints'
[2014.09.19-18.03.58:800][873]LogActorComponent: UnregisterComponent: (/Engine/Transient.CharacterMovementComponent_0) Not registered. Aborting.
[2014.09.19-18.04.02:112][958]LogActorComponent: UnregisterComponent: (/Engine/Transient.CharacterMovementComponent_1) Not registered. Aborting.
[2014.09.19-18.04.09:323][ 64]LogActorComponent: UnregisterComponent: (/Engine/Transient.CharacterMovementComponent_2) Not registered. Aborting.
[2014.09.19-18.04.11:921][ 95]LogActorComponent: UnregisterComponent: (/Engine/Transient.CharacterMovementComponent_3) Not registered. Aborting.
[2014.09.19-18.04.14:118][122]BlueprintLog: New page: Compile blueprintCharacter
[2014.09.19-18.04.14:235][122]LogBlueprint:Error: [compiler] Error Default value '' for  Tags  is invalid: 'Literal values are not allowed for array parameters.  Use a Make Array node instead'
[2014.09.19-18.04.14:267][122]LogBlueprint:Warning: [compiler] Warning [0093.05] Compile of blueprintCharacter failed. 1 Fatal Issue(s) 0 Warning(s) [in 51 ms]
[2014.09.19-18.04.14:422][122]LogActorComponent: UnregisterComponent: (/Engine/Transient.CharacterMovementComponent_4) Not registered. Aborting.
[2014.09.19-18.04.14:456][122]LogParticles: Destroying 0 GPU particle simulations for FXSystem 0x000000002AD1BF60
[2014.09.19-18.04.14:522][122]BlueprintEditorCompileResults:Error: Error Default value '' for  Tags  is invalid: 'Literal values are not allowed for array parameters.  Use a Make Array node instead'
[2014.09.19-18.04.14:522][122]BlueprintEditorCompileResults:Warning: Warning [0093.05] Compile of blueprintCharacter failed. 1 Fatal Issue(s) 0 Warning(s) [in 51 ms]
[2014.09.19-18.04.17:320][154]LogActorComponent: UnregisterComponent: (/Engine/Transient.CharacterMovementComponent_5) Not registered. Aborting.
[2014.09.19-18.04.20:147][199]LogActorComponent: UnregisterComponent: (/Engine/Transient.CharacterMovementComponent_6) Not registered. Aborting.
[2014.09.19-18.04.30:874][466]Cmd: OBJ SAVEPACKAGE PACKAGE="/Game/Blueprints/blueprintCharacter" FILE="../../../../../../Users/Mitchell/Documents/Unhinged/Phobophobia 4.4/Content/Blueprints/blueprintCharacter.uasset" SILENT=true
[2014.09.19-18.04.31:364][466]LogSavePackage: Save=476.113800ms
[2014.09.19-18.04.31:364][466]LogSavePackage: Moving '../../../../../../Users/Mitchell/Documents/Unhinged/Phobophobia 4.4/Saved/blueprintCharacterD135BA064203BE1904B7CF811BDDEECD.tmp' to '../../../../../../Users/Mitchell/Documents/Unhinged/Phobophobia 4.4/Content/Blueprints/blueprintCharacter.uasset'
[2014.09.19-18.04.32:180][477]BlueprintLog: New page: Compile blueprintCharacter
[2014.09.19-18.04.32:371][477]LogActorComponent: UnregisterComponent: (/Engine/Transient.CharacterMovementComponent_7) Not registered. Aborting.
[2014.09.19-18.04.32:461][477]BlueprintEditorCompileResults: Info [0111.10] Compile of blueprintCharacter successful! [in 52 ms]
[2014.09.19-18.04.36:582][529]BlueprintLog: New page: Pre-PIE auto-recompile
[2014.09.19-18.04.36:582][529]LogPlayLevel: [PIE] Compiling Swimming before PIE...
[2014.09.19-18.04.36:641][529]LogActorComponent: UnregisterComponent: (/Engine/Transient.CharacterMovementComponent_8) Not registered. Aborting.
[2014.09.19-18.04.36:666][529]LogParticles: Destroying 0 GPU particle simulations for FXSystem 0x0000000029B1E520
[2014.09.19-18.04.36:670][529]LogPlayLevel: PIE:  Blueprint regeneration took 87 ms (1 blueprints)
[2014.09.19-18.04.36:670][529]PIE: New page: PIE session: Swimming (Sep 19, 2014, 10:04:36 AM)
[2014.09.19-18.04.36:703][529]LogPlayLevel: PIE: StaticDuplicateObject took: (0.033286s)
[2014.09.19-18.04.36:704][529]LogPlayLevel: PIE: World Init took: (0.000640s)
[2014.09.19-18.04.36:704][529]LogPlayLevel: PIE: Created PIE world by copying editor world from /Game/Maps/Swimming.Swimming to /Game/Maps/UEDPIE_0_Swimming.Swimming (0.034111s)
[2014.09.19-18.04.36:749][529]LogWorld: Game class is 'MyGame_C'
[2014.09.19-18.04.36:751][529]LogAIModule: Creating AISystem for world Swimming
[2014.09.19-18.04.36:754][529]LogWorld: Bringing World /Game/Maps/UEDPIE_0_Swimming.Swimming up for play (max tick rate 60) at 2014.09.19-14.04.36
[2014.09.19-18.04.36:755][529]LogWorld: Bringing up level for play took: 0.004642
[2014.09.19-18.04.36:757][529]PIE: Info Play in editor start time for /Game/Maps/UEDPIE_0_Swimming 0.753
[2014.09.19-18.04.36:865][530]LogRenderer:Warning: Reallocating scene render targets to support 808x592.
[2014.09.19-18.04.53:879][809]LogCharacterMovement: blueprintCharacter_C_0 is stuck and failed to move!
[2014.09.19-18.05.19:886][243]LogCharacterMovement: blueprintCharacter_C_0 is stuck and failed to move!
[2014.09.19-18.05.22:120][274]LogParticles: Destroying 0 GPU particle simulations for FXSystem 0x00000000284BB920
[2014.09.19-18.05.26:305][333]Cmd: OBJ SAVEPACKAGE PACKAGE="/Game/Maps/Swimming" FILE="../../../../../../Users/Mitchell/Documents/Unhinged/Phobophobia 4.4/Content/Maps/Swimming.umap" SILENT=true AUTOSAVING=false KEEPDIRTY=false
[2014.09.19-18.05.26:555][333]LogSavePackage: Save=206.222885ms
[2014.09.19-18.05.26:555][333]LogSavePackage: Moving '../../../../../../Users/Mitchell/Documents/Unhinged/Phobophobia 4.4/Saved/SwimmingE439B8384C37302DDEF2DEA2699AE610.tmp' to '../../../../../../Users/Mitchell/Documents/Unhinged/Phobophobia 4.4/Content/Maps/Swimming.umap'
[2014.09.19-18.05.28:240][354]Cmd: QUIT_EDITOR
[2014.09.19-18.05.28:375][354]LogWindowsTextInputMethodSystem:Error: Terminating failed while unadvising the language notification sink from the TSF source.
[2014.09.19-18.05.28:375][354]LogExit: Preparing to exit.
[2014.09.19-18.05.28:633][354]LogExit: Editor shut down
[2014.09.19-18.05.28:633][354]LogExit: Transaction tracking system shut down
[2014.09.19-18.05.28:635][354]LogParticles: Destroying 0 GPU particle simulations for FXSystem 0x000000001E11BF60
[2014.09.19-18.05.28:635][354]LogParticles: Destroying 0 GPU particle simulations for FXSystem 0x000000001DFAB880
[2014.09.19-18.05.28:660][354]LogParticles: Destroying 0 GPU particle simulations for FXSystem 0x000000001DFAB560
[2014.09.19-18.05.28:660][354]LogExit: Object subsystem successfully closed.
[2014.09.19-18.05.28:713][354]LogModuleManager: Shutting down and abandoning module AndroidDeviceDetection (161)
[2014.09.19-18.05.28:713][354]LogModuleManager: Shutting down and abandoning module HTTP (160)
[2014.09.19-18.05.28:713][354]LogModuleManager: Shutting down and abandoning module CrashTracker (159)
[2014.09.19-18.05.28:713][354]LogModuleManager: Shutting down and abandoning module SuperSearch (158)
[2014.09.19-18.05.28:713][354]LogModuleManager: Shutting down and abandoning module SceneOutliner (157)
[2014.09.19-18.05.28:713][354]LogModuleManager: Shutting down and abandoning module EditorWidgets (156)
[2014.09.19-18.05.28:713][354]LogModuleManager: Shutting down and abandoning module CollectionManager (155)
[2014.09.19-18.05.28:713][354]LogModuleManager: Shutting down and abandoning module StatsViewer (154)
[2014.09.19-18.05.28:713][354]LogModuleManager: Shutting down and abandoning module FoliageEdit (153)
[2014.09.19-18.05.28:713][354]LogModuleManager: Shutting down and abandoning module LandscapeEditor (152)
[2014.09.19-18.05.28:713][354]LogModuleManager: Shutting down and abandoning module MeshPaint (151)
[2014.09.19-18.05.28:713][354]LogModuleManager: Shutting down and abandoning module ActorPickerMode (150)
[2014.09.19-18.05.28:714][354]LogModuleManager: Shutting down and abandoning module GeometryMode (149)
[2014.09.19-18.05.28:714][354]LogModuleManager: Shutting down and abandoning module TextureAlignMode (148)
[2014.09.19-18.05.28:714][354]LogModuleManager: Shutting down and abandoning module BspMode (147)
[2014.09.19-18.05.28:714][354]LogModuleManager: Shutting down and abandoning module PlacementMode (146)
[2014.09.19-18.05.28:714][354]LogModuleManager: Shutting down and abandoning module DesktopPlatform (145)
[2014.09.19-18.05.28:714][354]LogModuleManager: Shutting down and abandoning module AutomationWorker (144)
[2014.09.19-18.05.28:714][354]LogModuleManager: Shutting down and abandoning module EditorLiveStreaming (143)
[2014.09.19-18.05.28:714][354]LogModuleManager: Shutting down and abandoning module BehaviorTreeEditor (142)
[2014.09.19-18.05.28:714][354]LogModuleManager: Shutting down and abandoning module DeviceProfileEditor (141)
[2014.09.19-18.05.28:714][354]LogModuleManager: Shutting down and abandoning module UndoHistory (140)
[2014.09.19-18.05.28:714][354]LogModuleManager: Shutting down and abandoning module GameplayTagsEditor (139)
[2014.09.19-18.05.28:714][354]LogModuleManager: Shutting down and abandoning module UserFeedback (138)
[2014.09.19-18.05.28:714][354]LogModuleManager: Shutting down and abandoning module XmlParser (137)
[2014.09.19-18.05.28:714][354]LogModuleManager: Shutting down and abandoning module Blutility (136)
[2014.09.19-18.05.28:714][354]LogModuleManager: Shutting down and abandoning module IOSPlatformEditor (135)
[2014.09.19-18.05.28:714][354]LogModuleManager: Shutting down and abandoning module IOSRuntimeSettings (134)
[2014.09.19-18.05.28:714][354]LogModuleManager: Shutting down and abandoning module AndroidPlatformEditor (133)
[2014.09.19-18.05.28:714][354]LogModuleManager: Shutting down and abandoning module AndroidRuntimeSettings (132)
[2014.09.19-18.05.28:714][354]LogModuleManager: Shutting down and abandoning module ProjectTargetPlatformEditor (131)
[2014.09.19-18.05.28:714][354]LogModuleManager: Shutting down and abandoning module ProjectSettingsViewer (130)
[2014.09.19-18.05.28:714][354]LogModuleManager: Shutting down and abandoning module InputBindingEditor (129)
[2014.09.19-18.05.28:714][354]LogModuleManager: Shutting down and abandoning module EditorSettingsViewer (128)
[2014.09.19-18.05.28:714][354]LogModuleManager: Shutting down and abandoning module SettingsEditor (127)
[2014.09.19-18.05.28:714][354]LogModuleManager: Shutting down and abandoning module SessionLauncher (126)
[2014.09.19-18.05.28:714][354]LogModuleManager: Shutting down and abandoning module SessionFrontend (125)
[2014.09.19-18.05.28:714][354]LogModuleManager: Shutting down and abandoning module ProfilerClient (124)
[2014.09.19-18.05.28:714][354]LogModuleManager: Shutting down and abandoning module TargetDeviceServices (123)
[2014.09.19-18.05.28:714][354]LogModuleManager: Shutting down and abandoning module DeviceManager (122)
[2014.09.19-18.05.28:714][354]LogModuleManager: Shutting down and abandoning module AutomationController (121)
[2014.09.19-18.05.28:714][354]LogModuleManager: Shutting down and abandoning module AutomationWindow (120)
[2014.09.19-18.05.28:714][354]LogModuleManager: Shutting down and abandoning module Layers (119)
[2014.09.19-18.05.28:714][354]LogModuleManager: Shutting down and abandoning module ComponentVisualizers (118)
[2014.09.19-18.05.28:714][354]LogModuleManager: Shutting down and abandoning module DetailCustomizations (117)
[2014.09.19-18.05.28:714][354]LogModuleManager: Shutting down and abandoning module PackagesDialog (116)
[2014.09.19-18.05.28:715][354]LogModuleManager: Shutting down and abandoning module DirectoryWatcher (115)
[2014.09.19-18.05.28:715][354]LogModuleManager: Shutting down and abandoning module AssetRegistry (114)
[2014.09.19-18.05.28:788][354]LogModuleManager: Shutting down and abandoning module Persona (113)
[2014.09.19-18.05.28:789][354]LogModuleManager: Shutting down and abandoning module GraphEditor (112)
[2014.09.19-18.05.28:789][354]LogModuleManager: Shutting down and abandoning module ClassViewer (111)
[2014.09.19-18.05.28:789][354]LogModuleManager: Shutting down and abandoning module Toolbox (110)
[2014.09.19-18.05.28:789][354]LogModuleManager: Shutting down and abandoning module ModuleUI (109)
[2014.09.19-18.05.28:789][354]LogModuleManager: Shutting down and abandoning module Sequencer (108)
[2014.09.19-18.05.28:789][354]LogModuleManager: Shutting down and abandoning module MovieSceneTools (107)
[2014.09.19-18.05.28:789][354]LogModuleManager: Shutting down and abandoning module OutputLog (106)
[2014.09.19-18.05.28:789][354]LogModuleManager: Shutting down and abandoning module GammaUI (105)
[2014.09.19-18.05.28:789][354]LogModuleManager: Shutting down and abandoning module Documentation (104)
[2014.09.19-18.05.28:789][354]LogModuleManager: Shutting down and abandoning module GameLiveStreaming (103)
[2014.09.19-18.05.28:789][354]LogModuleManager: Shutting down and abandoning module StreamingPauseRendering (102)
[2014.09.19-18.05.28:789][354]LogModuleManager: Shutting down and abandoning module AnalyticsET (101)
[2014.09.19-18.05.28:789][354]LogModuleManager: Shutting down and abandoning module Analytics (100)
[2014.09.19-18.05.28:789][354]LogModuleManager: Shutting down and abandoning module GameplayDebugger (99)
[2014.09.19-18.05.28:789][354]LogModuleManager: Shutting down and abandoning module AIModule (98)
[2014.09.19-18.05.28:789][354]LogModuleManager: Shutting down and abandoning module ProfilerService (97)
[2014.09.19-18.05.28:797][354]LogModuleManager: Shutting down and abandoning module TaskGraph (96)
[2014.09.19-18.05.28:797][354]LogModuleManager: Shutting down and abandoning module SlateRemote (95)
[2014.09.19-18.05.28:797][354]LogModuleManager: Shutting down and abandoning module ScriptEditorPlugin (94)
[2014.09.19-18.05.28:797][354]LogModuleManager: Shutting down and abandoning module CustomMeshComponent (93)
[2014.09.19-18.05.28:797][354]LogModuleManager: Shutting down and abandoning module CableComponent (92)
[2014.09.19-18.05.28:797][354]LogModuleManager: Shutting down and abandoning module MessagingDebugger (91)
[2014.09.19-18.05.28:797][354]LogModuleManager: Shutting down and abandoning module ViewportSnapping (90)
[2014.09.19-18.05.28:797][354]LogModuleManager: Shutting down and abandoning module SmartSnapping (89)
[2014.09.19-18.05.28:797][354]LogModuleManager: Shutting down and abandoning module PaperTiledImporter (88)
[2014.09.19-18.05.28:797][354]LogModuleManager: Shutting down and abandoning module PaperJsonImporter (87)
[2014.09.19-18.05.28:797][354]LogModuleManager: Shutting down and abandoning module GameProjectGeneration (86)
[2014.09.19-18.05.28:797][354]LogModuleManager: Shutting down and abandoning module Matinee (85)
[2014.09.19-18.05.28:797][354]LogModuleManager: Shutting down and abandoning module Kismet (84)
[2014.09.19-18.05.28:797][354]LogModuleManager: Shutting down and abandoning module SlateReflector (83)
[2014.09.19-18.05.28:797][354]LogModuleManager: Shutting down and abandoning module LevelEditor (82)
[2014.09.19-18.05.28:798][354]LogModuleManager: Shutting down and abandoning module IntroTutorials (81)
[2014.09.19-18.05.28:798][354]LogModuleManager: Shutting down and abandoning module ContentBrowser (80)
[2014.09.19-18.05.28:798][354]LogModuleManager: Shutting down and abandoning module PropertyEditor (79)
[2014.09.19-18.05.28:798][354]LogModuleManager: Shutting down and abandoning module AssetTools (78)
[2014.09.19-18.05.28:798][354]LogModuleManager: Shutting down and abandoning module Paper2DEditor (77)
[2014.09.19-18.05.28:798][354]LogModuleManager: Shutting down and abandoning module SpeedTreeImporter (76)
[2014.09.19-18.05.28:798][354]LogModuleManager: Shutting down and abandoning module PluginsEditor (75)
[2014.09.19-18.05.28:798][354]LogModuleManager: Shutting down and abandoning module MainFrame (74)
[2014.09.19-18.05.28:798][354]LogModuleManager: Shutting down and abandoning module EpicSurvey (73)
[2014.09.19-18.05.28:798][354]LogModuleManager: Shutting down and abandoning module VisualStudioSourceCodeAccess (72)
[2014.09.19-18.05.28:798][354]LogModuleManager: Shutting down and abandoning module UObjectPlugin (71)
[2014.09.19-18.05.28:798][354]LogModuleManager: Shutting down and abandoning module SubversionSourceControl (70)
[2014.09.19-18.05.28:798][354]LogModuleManager: Shutting down and abandoning module SourceControl (69)
[2014.09.19-18.05.28:799][354]LogModuleManager: Shutting down and abandoning module PerforceSourceControl (68)
[2014.09.19-18.05.28:799][354]LogModuleManager: Shutting down and abandoning module BlankPlugin (67)
[2014.09.19-18.05.28:799][354]LogModuleManager: Shutting down and abandoning module ScriptPlugin (66)
[2014.09.19-18.05.28:799][354]LogModuleManager: Shutting down and abandoning module UdpMessaging (65)
[2014.09.19-18.05.28:899][354]LogModuleManager: Shutting down and abandoning module Paper2D (64)
[2014.09.19-18.05.28:899][354]LogModuleManager: Shutting down and abandoning module WindowsMoviePlayer (63)
[2014.09.19-18.05.28:902][354]LogModuleManager: Shutting down and abandoning module ImageWrapper (62)
[2014.09.19-18.05.28:902][354]LogModuleManager: Shutting down and abandoning module OnlineBlueprintSupport (61)
[2014.09.19-18.05.28:902][354]LogModuleManager: Shutting down and abandoning module FunctionalTesting (60)
[2014.09.19-18.05.28:902][354]LogModuleManager: Shutting down and abandoning module CollisionAnalyzer (59)
[2014.09.19-18.05.28:902][354]LogModuleManager: Shutting down and abandoning module WorkspaceMenuStructure (58)
[2014.09.19-18.05.28:902][354]LogModuleManager: Shutting down and abandoning module MessageLog (57)
[2014.09.19-18.05.28:902][354]LogModuleManager: Shutting down and abandoning module UMGEditor (56)
[2014.09.19-18.05.28:902][354]LogModuleManager: Shutting down and abandoning module UMG (55)
[2014.09.19-18.05.28:902][354]LogModuleManager: Shutting down and abandoning module Slate (54)
[2014.09.19-18.05.28:902][354]LogModuleManager: Shutting down and abandoning module EditorStyle (53)
[2014.09.19-18.05.28:904][354]LogModuleManager: Shutting down and abandoning module SessionServices (52)
[2014.09.19-18.05.28:904][354]LogModuleManager: Shutting down and abandoning module SourceCodeAccess (51)
[2014.09.19-18.05.28:904][354]LogModuleManager: Shutting down and abandoning module HeadMountedDisplay (50)
[2014.09.19-18.05.28:904][354]LogModuleManager: Shutting down and abandoning module XAudio2 (49)
[2014.09.19-18.05.28:904][354]LogModuleManager: Shutting down and abandoning module Networking (47)
[2014.09.19-18.05.28:904][354]LogModuleManager: Shutting down and abandoning module Core (46)
[2014.09.19-18.05.28:904][354]LogModuleManager: Shutting down and abandoning module KismetCompiler (45)
[2014.09.19-18.05.28:904][354]LogModuleManager: Shutting down and abandoning module PhysXFormats (44)
[2014.09.19-18.05.28:904][354]LogModuleManager: Shutting down and abandoning module MeshUtilities (43)
[2014.09.19-18.05.28:904][354]LogModuleManager: Shutting down and abandoning module DerivedDataCache (42)
[2014.09.19-18.05.28:925][354]LogDerivedDataCache: Shutdown
[2014.09.19-18.05.28:925][354]LogModuleManager: Shutting down and abandoning module ShaderFormatOpenGL (41)
[2014.09.19-18.05.28:925][354]LogModuleManager: Shutting down and abandoning module ShaderFormatD3D (40)
[2014.09.19-18.05.28:925][354]LogModuleManager: Shutting down and abandoning module MetalShaderFormat (39)
[2014.09.19-18.05.28:925][354]LogModuleManager: Shutting down and abandoning module TextureFormatUncompressed (38)
[2014.09.19-18.05.28:925][354]LogModuleManager: Shutting down and abandoning module TextureFormatPVR (37)
[2014.09.19-18.05.28:925][354]LogModuleManager: Shutting down and abandoning module TextureFormatDXT (36)
[2014.09.19-18.05.28:925][354]LogModuleManager: Shutting down and abandoning module TextureFormatAndroid (35)
[2014.09.19-18.05.28:925][354]LogModuleManager: Shutting down and abandoning module AudioFormatOpus (34)
[2014.09.19-18.05.28:925][354]LogModuleManager: Shutting down and abandoning module AudioFormatOgg (33)
[2014.09.19-18.05.28:925][354]LogModuleManager: Shutting down and abandoning module AudioFormatADPCM (32)
[2014.09.19-18.05.28:925][354]LogModuleManager: Shutting down and abandoning module Messaging (31)
[2014.09.19-18.05.28:925][354]LogModuleManager: Shutting down and abandoning module IOSTargetPlatform (30)
[2014.09.19-18.05.28:925][354]LogModuleManager: Shutting down and abandoning module Android_PVRTCTargetPlatform (29)
[2014.09.19-18.05.28:925][354]LogModuleManager: Shutting down and abandoning module Android_ETC2TargetPlatform (28)
[2014.09.19-18.05.28:925][354]LogModuleManager: Shutting down and abandoning module Android_ETC1TargetPlatform (27)
[2014.09.19-18.05.28:925][354]LogModuleManager: Shutting down and abandoning module Android_DXTTargetPlatform (26)
[2014.09.19-18.05.28:925][354]LogModuleManager: Shutting down and abandoning module Android_ATCTargetPlatform (25)
[2014.09.19-18.05.28:925][354]LogModuleManager: Shutting down and abandoning module AndroidTargetPlatform (24)
[2014.09.19-18.05.28:925][354]LogModuleManager: Shutting down and abandoning module WindowsTargetPlatform (23)
[2014.09.19-18.05.28:925][354]LogModuleManager: Shutting down and abandoning module WindowsServerTargetPlatform (22)
[2014.09.19-18.05.28:925][354]LogModuleManager: Shutting down and abandoning module WindowsNoEditorTargetPlatform (21)
[2014.09.19-18.05.28:925][354]LogModuleManager: Shutting down and abandoning module WindowsClientTargetPlatform (20)
[2014.09.19-18.05.28:925][354]LogModuleManager: Shutting down and abandoning module TargetPlatform (19)
[2014.09.19-18.05.28:925][354]LogModuleManager: Shutting down and abandoning module InputCore (18)
[2014.09.19-18.05.28:925][354]LogModuleManager: Shutting down and abandoning module Settings (17)
[2014.09.19-18.05.28:925][354]LogModuleManager: Shutting down and abandoning module ExampleDeviceProfileSelector (14)
[2014.09.19-18.05.28:925][354]LogModuleManager: Shutting down and abandoning module OculusRift (13)
[2014.09.19-18.05.28:925][354]LogModuleManager: Shutting down and abandoning module TextureCompressor (12)
[2014.09.19-18.05.28:925][354]LogModuleManager: Shutting down and abandoning module ShaderCore (11)
[2014.09.19-18.05.28:925][354]LogModuleManager: Shutting down and abandoning module OpenGLDrv (10)
[2014.09.19-18.05.28:925][354]LogModuleManager: Shutting down and abandoning module D3D11RHI (9)
[2014.09.19-18.05.28:925][354]LogModuleManager: Shutting down and abandoning module SlateRHIRenderer (8)
[2014.09.19-18.05.28:925][354]LogModuleManager: Shutting down and abandoning module Renderer (7)
[2014.09.19-18.05.28:925][354]LogModuleManager: Shutting down and abandoning module Engine (6)
[2014.09.19-18.05.28:925][354]LogModuleManager: Shutting down and abandoning module CoreUObject (5)
[2014.09.19-18.05.28:925][354]LogModuleManager: Shutting down and abandoning module NetworkFile (4)
[2014.09.19-18.05.28:926][354]LogModuleManager: Shutting down and abandoning module StreamingFile (3)
[2014.09.19-18.05.28:926][354]LogModuleManager: Shutting down and abandoning module SandboxFile (2)
[2014.09.19-18.05.28:926][354]LogModuleManager: Shutting down and abandoning module PakFile (1)
[2014.09.19-18.05.28:926][354]LogExit: Exiting.
[2014.09.19-18.05.28:934][354]Log file closed, 09/19/14 14:05:28
