Log file open, 09/19/14 11:57:51
LogInit:Display: Running engine for game: Phobophobia
LogInit: Version: 4.4.1-2270799+++depot+UE4-Releases+4.4
LogInit: API Version: 2255576
LogInit: Compiled (64-bit): Aug 25 2014 14:19:12
LogInit: Build Configuration: Development
LogInit: Branch Name: ++depot+UE4-Releases+4.4
LogInit: Command line:  
LogInit: Base directory: C:/Program Files/Unreal Engine/4.4/Engine/Binaries/Win64/
LogInit: Rocket: 1
[2014.09.19-15.57.51:457][  0]LogTaskGraph: Started task graph with 3 named threads and 4 total threads.
[2014.09.19-15.57.51:493][  0]LogOnline:Warning: No default platform service specified for OnlineSubsystem
[2014.09.19-15.57.51:608][  0]LogInit: Presizing for 0 objects not considered by GC, pre-allocating 0 bytes.
[2014.09.19-15.57.51:618][  0]LogInit: Object subsystem initialized
[2014.09.19-15.57.51:621][  0]LogInit: Selected Device Profile: [Windows]
[2014.09.19-15.57.51:621][  0]LogInit: Applying CVar settings loaded from the selected device profile: [Windows]
[2014.09.19-15.57.51:655][  0]LogInit: Computer: MININT-IBCU80N
[2014.09.19-15.57.51:656][  0]LogInit: User: Mitchell
[2014.09.19-15.57.51:656][  0]LogInit: CPU Page size=4096, Cores=4
[2014.09.19-15.57.51:656][  0]LogInit: High frequency timer resolution =2.143603 MHz
[2014.09.19-15.57.51:657][  0]LogMemory: Memory total: Physical=7.9GB (8GB approx) Virtual=8192.0GB
[2014.09.19-15.57.51:657][  0]LogMemory: Platform Memory Stats for Windows
[2014.09.19-15.57.51:657][  0]LogMemory: Process Physical Memory: 62.68 MB used, 62.68 MB peak
[2014.09.19-15.57.51:657][  0]LogMemory: Process Virtual Memory: 38.52 MB used, 38.52 MB peak
[2014.09.19-15.57.51:657][  0]LogMemory: Physical Memory: 2372.72 MB used, 8086.17 MB total
[2014.09.19-15.57.51:657][  0]LogMemory: Virtual Memory: 258.49 MB used, 8388608.00 MB total
[2014.09.19-15.57.52:249][  0]LogD3D11RHI: Found D3D11 adapter 0: Intel(R) HD Graphics Family (Feature Level 11_0)
[2014.09.19-15.57.52:249][  0]LogD3D11RHI: Adapter has 64MB of dedicated video memory, 0MB of dedicated system memory, and 1632MB of shared system memory, 1 output[s]
[2014.09.19-15.57.52:249][  0]LogD3D11RHI: Chosen D3D11 Adapter Id = 0
[2014.09.19-15.57.52:257][  0]LogRHI: Texture pool is 616 MB (70% of 880 MB)
[2014.09.19-15.57.52:275][  0]LogD3D11RHI: Async texture creation enabled
[2014.09.19-15.57.53:042][  0]LogContentStreaming: Texture pool size is 0.000000MB
[2014.09.19-15.57.58:084][  0]LogTargetPlatformManager:Display: Building Assets For Windows
[2014.09.19-15.57.59:163][  0]LogTargetPlatformManager:Display: Building Assets For Windows
[2014.09.19-15.57.59:265][  0]LogDerivedDataCache:Display: Max Cache Size: 512 MB
[2014.09.19-15.57.59:669][  0]LogDerivedDataCache: Loaded boot cache 0.38s 34MB C:/Users/Mitchell/AppData/Local/UnrealEngine/4.4/DerivedDataCache/Boot.ddc.
[2014.09.19-15.57.59:669][  0]LogDerivedDataCache:Display: Loaded Boot cache: C:/Users/Mitchell/AppData/Local/UnrealEngine/4.4/DerivedDataCache/Boot.ddc
[2014.09.19-15.57.59:669][  0]LogDerivedDataCache: FDerivedDataBackendGraph:  Pak pak cache file ../../../../../../Users/Mitchell/Documents/Unhinged/Phobophobia 4.4/DerivedDataCache/DDC.ddp not found, will not use a pak cache.
[2014.09.19-15.57.59:669][  0]LogDerivedDataCache: Unable to find inner node Pak for hierarchical cache Hierarchy.
[2014.09.19-15.57.59:745][  0]LogDerivedDataCache:Display: Pak cache opened for reading ../../../Engine/DerivedDataCache/DDC.ddp.
[2014.09.19-15.57.59:757][  0]LogDerivedDataCache: Using Local data cache path C:/Users/Mitchell/AppData/Local/UnrealEngine/4.4/DerivedDataCache: Writable
[2014.09.19-15.58.03:610][  0]LogMeshUtilities: No automatic mesh reduction module available
[2014.09.19-15.58.03:610][  0]LogMeshUtilities: No automatic mesh merging module available
[2014.09.19-15.58.06:443][  0]LogInit: WinSock: version 1.1 (2.2), MaxSocks=32767, MaxUdp=65467
[2014.09.19-15.58.29:849][  0]LogStats:Warning: MetaData mismatch. Did you assign a stat to two groups? New //STATGROUP_Threads//FMonitoredProcess///Thread_e0c_0///////STATCAT_Advanced//// old //STATGROUP_Threads//FMonitoredProcess///Thread_f2c_0///////STATCAT_Advanced////
[2014.09.19-15.58.29:849][  0]UdpMessaging: Initializing bridge on interface 0.0.0.0:0 to multicast group 230.0.0.1:6666.
[2014.09.19-15.58.30:295][  0]SourceControl: Info Source control is disabled
[2014.09.19-15.58.30:295][  0]SourceControl: Info Source control is disabled
[2014.09.19-15.58.30:309][  0]SourceControl: Info Source control is disabled
[2014.09.19-15.58.32:130][  0]BlueprintLog: New page: Editor Load
[2014.09.19-15.58.33:157][  0]LogObj: 21438 objects as part of root set at end of initial load.
[2014.09.19-15.58.33:157][  0]LogUObjectAllocator: 4218656 out of 0 bytes used by permanent object pool.
[2014.09.19-15.58.33:755][  0]LogEngine: Initializing Engine...
[2014.09.19-15.58.34:949][  0]LogInit: XAudio2 using 'Speakers (Realtek High Definition Audio)' : 2 channels at 48 kHz using 32 bits per sample (channel mask 0x3)
[2014.09.19-15.58.34:968][  0]LogInit: FAudioDevice initialized.
[2014.09.19-15.58.35:002][  0]LogAIModule: Creating AISystem for world NewWorld
[2014.09.19-15.58.35:092][  0]LogDerivedDataCache: Saved boot cache 0.09s 53MB C:/Users/Mitchell/AppData/Local/UnrealEngine/4.4/DerivedDataCache/Boot.ddc.
[2014.09.19-15.58.35:103][  0]LogInit: Texture streaming: Enabled
[2014.09.19-15.58.35:223][  0]LogInit: Transaction tracking system initialized
[2014.09.19-15.58.35:850][  0]LogAssetRegistry: FAssetRegistry took 0.0105 seconds to start up
[2014.09.19-15.58.38:059][  0]LogTargetPlatformManager:Display: Building Assets For Windows
[2014.09.19-15.58.38:514][  0]LogTargetPlatformManager:Display: Building Assets For Windows
[2014.09.19-15.58.39:291][  0]LogConsoleResponse:Display: 
[2014.09.19-15.58.41:583][  0]LogStats:Warning: MetaData mismatch. Did you assign a stat to two groups? New //STATGROUP_Threads//FMonitoredProcess///Thread_1abc_0///////STATCAT_Advanced//// old //STATGROUP_Threads//FMonitoredProcess///Thread_f2c_0///////STATCAT_Advanced////
[2014.09.19-15.58.41:583][  0]LogStats:Warning: MetaData mismatch. Did you assign a stat to two groups? New //STATGROUP_Threads//FMonitoredProcess///Thread_1ae8_0///////STATCAT_Advanced//// old //STATGROUP_Threads//FMonitoredProcess///Thread_f2c_0///////STATCAT_Advanced////
[2014.09.19-15.58.41:583][  0]SourceControl: Info Source control is disabled
[2014.09.19-15.58.41:583][  0]Cmd: MAP LOAD FILE="../../../../../../Users/Mitchell/Documents/Unhinged/Phobophobia 4.4/Content/Maps/Swimming.umap" TEMPLATE=0 SHOWPROGRESS=1
[2014.09.19-15.58.41:584][  0]LightingResults: New page: Lighting Build
[2014.09.19-15.58.41:603][  0]MapCheck: New page: Map Check
[2014.09.19-15.58.41:603][  0]LightingResults: New page: Lighting Build
[2014.09.19-15.58.41:618][  0]LogParticles: Destroying 0 GPU particle simulations for FXSystem 0x0000000016E5C7C0
[2014.09.19-15.58.43:111][  0]LogTexture:Display: Building textures: Torch_Flattened_Diffuse (AutoDXT)
[2014.09.19-15.58.46:462][  0]LogTexture:Display: Building textures: Torch_Flattened_Bump_Map (AutoDXT)
[2014.09.19-15.58.49:455][  0]LogTexture:Display: Building textures: Torch_Flattened_Specular (AutoDXT)
[2014.09.19-15.58.50:372][  0]LogMaterial: Missing cached shader map for material materialTorch, compiling.
[2014.09.19-15.58.50:418][  0]LogStaticMesh: Building static mesh torch...
[2014.09.19-16.00.20:523][  0]LogStaticMesh: Built static mesh [90127.898438ms] /Game/Meshes/torch.torch
[2014.09.19-16.00.21:071][  0]LogStaticMesh: Building static mesh meshHuman...
[2014.09.19-16.00.21:958][  0]LogStaticMesh: Built static mesh [887.277161ms] /Game/Blueprints/meshHuman.meshHuman
[2014.09.19-16.00.22:061][  0]BlueprintLog:Warning: Warning Blueprint blueprintCharacter has been migrated and requires re-saving to avoid import errors
[2014.09.19-16.00.22:158][  0]LogTexture:Display: Building textures: textureJournalPage1 (AutoDXT)
[2014.09.19-16.00.26:633][  0]BlueprintLog:Warning: Warning Blueprint MyGame has been migrated and requires re-saving to avoid import errors
[2014.09.19-16.00.26:742][  0]LogStaticMesh: Building static mesh SM_DemoCube...
[2014.09.19-16.00.26:752][  0]LogStaticMesh: Built static mesh [10.111947ms] /Game/Meshes/SM_DemoCube.SM_DemoCube
[2014.09.19-16.00.26:926][  0]LogTexture:Display: Building textures: crate_texture_bump_map (BC5)
[2014.09.19-16.00.27:993][  0]LogTexture:Display: Building textures: crate_texture (AutoDXT)
[2014.09.19-16.00.34:548][  0]LogTexture:Display: Building textures: crate_texture_specular_map (AutoDXT)
[2014.09.19-16.00.37:448][  0]LogMaterial: Missing cached shader map for material phongE1, compiling.
[2014.09.19-16.00.37:458][  0]LogStaticMesh: Building static mesh small_crate...
[2014.09.19-16.00.37:479][  0]LogStaticMesh: Built static mesh [21.654196ms] /Game/Meshes/small_crate.small_crate
[2014.09.19-16.00.37:500][  0]LogTexture:Display: Building textures: T_Caustics (AutoDXT)
[2014.09.19-16.00.37:703][  0]LogTexture:Display: Building textures: T_raindrop (AutoDXT)
[2014.09.19-16.00.37:740][  0]LogTexture:Display: Building textures: T_raindrop_normal (BC5)
[2014.09.19-16.00.38:028][  0]LogTexture:Display: Building textures: TilingNoise06_N (BC5)
[2014.09.19-16.00.39:180][  0]LogMaterial: Missing cached shader map for material M_raindrop, compiling.
[2014.09.19-16.00.39:258][  0]LogTexture:Display: Building textures: ThumbnailTexture (DXT1)
[2014.09.19-16.00.39:451][  0]LogStaticMesh: Building static mesh MyMesh...
[2014.09.19-16.00.39:452][  0]LogStaticMesh: Built static mesh [0.717484ms] /Game/Unsorted/MyMesh.MyMesh
[2014.09.19-16.00.39:524][  0]LogTexture:Display: Building textures: HQ_Lightmap0_1 (AutoDXT)
[2014.09.19-16.00.39:753][  0]LogTexture:Display: Building textures: HQ_Lightmap1_2 (AutoDXT)
[2014.09.19-16.00.39:781][  0]LogTexture:Display: Building textures: HQ_Lightmap1_3 (AutoDXT)
[2014.09.19-16.00.39:801][  0]LogTexture:Display: Building textures: LQ_Lightmap_0_1 (DXT1)
[2014.09.19-16.00.39:953][  0]LogTexture:Display: Building textures: LQ_Lightmap_1_2 (DXT1)
[2014.09.19-16.00.39:966][  0]LogTexture:Display: Building textures: LQ_Lightmap_1_3 (DXT1)
[2014.09.19-16.00.39:968][  0]LogTexture:Display: Building textures: ShadowMapTexture2D_10 (BGRA8)
[2014.09.19-16.00.39:982][  0]LogTexture:Display: Building textures: ShadowMapTexture2D_8 (BGRA8)
[2014.09.19-16.00.40:035][  0]LogTexture:Display: Building textures: ShadowMapTexture2D_9 (BGRA8)
[2014.09.19-16.00.40:069][  0]LogEditorServer: Finished looking for orphan Actors (0.000 secs)
[2014.09.19-16.00.40:070][  0]LogAIModule: Creating AISystem for world Swimming
[2014.09.19-16.00.40:071][  0]Cmd: MAP CHECKDEP
[2014.09.19-16.00.40:071][  0]MapCheck: New page: Swimming - Sep 19, 2014, 8:00:40 AM
[2014.09.19-16.00.40:446][  0]MapCheck: Info ========== Map Check: 0 Error(s), 0 Warning(s), [374.137ms] ==========
[2014.09.19-16.00.40:446][  0]LogFileHelpers: Loading map 'Swimming' took 118.891
[2014.09.19-16.00.40:822][  0]LogCollectionManager: Loaded 0 collections in 0.003386 seconds
[2014.09.19-16.00.40:891][  0]LogContentBrowser:Verbose: The content browser source was changed by the sources view to '/Game'
[2014.09.19-16.00.41:348][  0]LogCrashTracker: Crashtracker disabled due to settings.
[2014.09.19-16.00.41:769][  0]LogLoad: Full Startup: 176.54 seconds (BP compile: 0.23 seconds)
[2014.09.19-16.00.43:163][  0]LogRenderer:Warning: Reallocating scene render targets to support 808x584.
[2014.09.19-16.00.45:195][  5]LogAssetRegistry: Asset discovery search completed in 129.3881 seconds
[2014.09.19-16.02.43:300][947]Cmd: QUIT_EDITOR
[2014.09.19-16.02.43:431][947]LogWindowsTextInputMethodSystem:Error: Terminating failed while unadvising the language notification sink from the TSF source.
[2014.09.19-16.02.43:432][947]LogExit: Preparing to exit.
[2014.09.19-16.02.43:998][947]LogExit: Editor shut down
[2014.09.19-16.02.43:998][947]LogExit: Transaction tracking system shut down
[2014.09.19-16.02.44:000][947]LogParticles: Destroying 0 GPU particle simulations for FXSystem 0x0000000022406B60
[2014.09.19-16.02.44:033][947]LogExit: Object subsystem successfully closed.
[2014.09.19-16.02.44:091][947]LogModuleManager: Shutting down and abandoning module AndroidDeviceDetection (161)
[2014.09.19-16.02.44:091][947]LogModuleManager: Shutting down and abandoning module HTTP (160)
[2014.09.19-16.02.44:091][947]LogModuleManager: Shutting down and abandoning module CrashTracker (159)
[2014.09.19-16.02.44:091][947]LogModuleManager: Shutting down and abandoning module SuperSearch (158)
[2014.09.19-16.02.44:091][947]LogModuleManager: Shutting down and abandoning module SceneOutliner (157)
[2014.09.19-16.02.44:091][947]LogModuleManager: Shutting down and abandoning module EditorWidgets (156)
[2014.09.19-16.02.44:091][947]LogModuleManager: Shutting down and abandoning module CollectionManager (155)
[2014.09.19-16.02.44:091][947]LogModuleManager: Shutting down and abandoning module StatsViewer (154)
[2014.09.19-16.02.44:091][947]LogModuleManager: Shutting down and abandoning module FoliageEdit (153)
[2014.09.19-16.02.44:091][947]LogModuleManager: Shutting down and abandoning module LandscapeEditor (152)
[2014.09.19-16.02.44:092][947]LogModuleManager: Shutting down and abandoning module MeshPaint (151)
[2014.09.19-16.02.44:092][947]LogModuleManager: Shutting down and abandoning module ActorPickerMode (150)
[2014.09.19-16.02.44:092][947]LogModuleManager: Shutting down and abandoning module GeometryMode (149)
[2014.09.19-16.02.44:092][947]LogModuleManager: Shutting down and abandoning module TextureAlignMode (148)
[2014.09.19-16.02.44:092][947]LogModuleManager: Shutting down and abandoning module BspMode (147)
[2014.09.19-16.02.44:092][947]LogModuleManager: Shutting down and abandoning module PlacementMode (146)
[2014.09.19-16.02.44:092][947]LogModuleManager: Shutting down and abandoning module DesktopPlatform (145)
[2014.09.19-16.02.44:092][947]LogModuleManager: Shutting down and abandoning module AutomationWorker (144)
[2014.09.19-16.02.44:092][947]LogModuleManager: Shutting down and abandoning module EditorLiveStreaming (143)
[2014.09.19-16.02.44:092][947]LogModuleManager: Shutting down and abandoning module BehaviorTreeEditor (142)
[2014.09.19-16.02.44:092][947]LogModuleManager: Shutting down and abandoning module DeviceProfileEditor (141)
[2014.09.19-16.02.44:092][947]LogModuleManager: Shutting down and abandoning module UndoHistory (140)
[2014.09.19-16.02.44:092][947]LogModuleManager: Shutting down and abandoning module GameplayTagsEditor (139)
[2014.09.19-16.02.44:092][947]LogModuleManager: Shutting down and abandoning module UserFeedback (138)
[2014.09.19-16.02.44:092][947]LogModuleManager: Shutting down and abandoning module XmlParser (137)
[2014.09.19-16.02.44:092][947]LogModuleManager: Shutting down and abandoning module Blutility (136)
[2014.09.19-16.02.44:092][947]LogModuleManager: Shutting down and abandoning module IOSPlatformEditor (135)
[2014.09.19-16.02.44:092][947]LogModuleManager: Shutting down and abandoning module IOSRuntimeSettings (134)
[2014.09.19-16.02.44:092][947]LogModuleManager: Shutting down and abandoning module AndroidPlatformEditor (133)
[2014.09.19-16.02.44:092][947]LogModuleManager: Shutting down and abandoning module AndroidRuntimeSettings (132)
[2014.09.19-16.02.44:092][947]LogModuleManager: Shutting down and abandoning module ProjectTargetPlatformEditor (131)
[2014.09.19-16.02.44:092][947]LogModuleManager: Shutting down and abandoning module ProjectSettingsViewer (130)
[2014.09.19-16.02.44:092][947]LogModuleManager: Shutting down and abandoning module InputBindingEditor (129)
[2014.09.19-16.02.44:093][947]LogModuleManager: Shutting down and abandoning module EditorSettingsViewer (128)
[2014.09.19-16.02.44:093][947]LogModuleManager: Shutting down and abandoning module SettingsEditor (127)
[2014.09.19-16.02.44:093][947]LogModuleManager: Shutting down and abandoning module SessionLauncher (126)
[2014.09.19-16.02.44:093][947]LogModuleManager: Shutting down and abandoning module SessionFrontend (125)
[2014.09.19-16.02.44:093][947]LogModuleManager: Shutting down and abandoning module ProfilerClient (124)
[2014.09.19-16.02.44:093][947]LogModuleManager: Shutting down and abandoning module TargetDeviceServices (123)
[2014.09.19-16.02.44:093][947]LogModuleManager: Shutting down and abandoning module DeviceManager (122)
[2014.09.19-16.02.44:093][947]LogModuleManager: Shutting down and abandoning module AutomationController (121)
[2014.09.19-16.02.44:093][947]LogModuleManager: Shutting down and abandoning module AutomationWindow (120)
[2014.09.19-16.02.44:093][947]LogModuleManager: Shutting down and abandoning module Layers (119)
[2014.09.19-16.02.44:093][947]LogModuleManager: Shutting down and abandoning module ComponentVisualizers (118)
[2014.09.19-16.02.44:093][947]LogModuleManager: Shutting down and abandoning module DetailCustomizations (117)
[2014.09.19-16.02.44:093][947]LogModuleManager: Shutting down and abandoning module PackagesDialog (116)
[2014.09.19-16.02.44:093][947]LogModuleManager: Shutting down and abandoning module DirectoryWatcher (115)
[2014.09.19-16.02.44:094][947]LogModuleManager: Shutting down and abandoning module AssetRegistry (114)
[2014.09.19-16.02.44:198][947]LogModuleManager: Shutting down and abandoning module Persona (113)
[2014.09.19-16.02.44:198][947]LogModuleManager: Shutting down and abandoning module GraphEditor (112)
[2014.09.19-16.02.44:198][947]LogModuleManager: Shutting down and abandoning module ClassViewer (111)
[2014.09.19-16.02.44:198][947]LogModuleManager: Shutting down and abandoning module Toolbox (110)
[2014.09.19-16.02.44:198][947]LogModuleManager: Shutting down and abandoning module ModuleUI (109)
[2014.09.19-16.02.44:198][947]LogModuleManager: Shutting down and abandoning module Sequencer (108)
[2014.09.19-16.02.44:198][947]LogModuleManager: Shutting down and abandoning module MovieSceneTools (107)
[2014.09.19-16.02.44:198][947]LogModuleManager: Shutting down and abandoning module OutputLog (106)
[2014.09.19-16.02.44:198][947]LogModuleManager: Shutting down and abandoning module GammaUI (105)
[2014.09.19-16.02.44:198][947]LogModuleManager: Shutting down and abandoning module Documentation (104)
[2014.09.19-16.02.44:198][947]LogModuleManager: Shutting down and abandoning module GameLiveStreaming (103)
[2014.09.19-16.02.44:198][947]LogModuleManager: Shutting down and abandoning module StreamingPauseRendering (102)
[2014.09.19-16.02.44:198][947]LogModuleManager: Shutting down and abandoning module AnalyticsET (101)
[2014.09.19-16.02.44:198][947]LogModuleManager: Shutting down and abandoning module Analytics (100)
[2014.09.19-16.02.44:198][947]LogModuleManager: Shutting down and abandoning module GameplayDebugger (99)
[2014.09.19-16.02.44:198][947]LogModuleManager: Shutting down and abandoning module AIModule (98)
[2014.09.19-16.02.44:198][947]LogModuleManager: Shutting down and abandoning module ProfilerService (97)
[2014.09.19-16.02.44:305][947]LogModuleManager: Shutting down and abandoning module TaskGraph (96)
[2014.09.19-16.02.44:305][947]LogModuleManager: Shutting down and abandoning module SlateRemote (95)
[2014.09.19-16.02.44:305][947]LogModuleManager: Shutting down and abandoning module ScriptEditorPlugin (94)
[2014.09.19-16.02.44:305][947]LogModuleManager: Shutting down and abandoning module CustomMeshComponent (93)
[2014.09.19-16.02.44:305][947]LogModuleManager: Shutting down and abandoning module CableComponent (92)
[2014.09.19-16.02.44:305][947]LogModuleManager: Shutting down and abandoning module MessagingDebugger (91)
[2014.09.19-16.02.44:305][947]LogModuleManager: Shutting down and abandoning module ViewportSnapping (90)
[2014.09.19-16.02.44:305][947]LogModuleManager: Shutting down and abandoning module SmartSnapping (89)
[2014.09.19-16.02.44:305][947]LogModuleManager: Shutting down and abandoning module PaperTiledImporter (88)
[2014.09.19-16.02.44:305][947]LogModuleManager: Shutting down and abandoning module PaperJsonImporter (87)
[2014.09.19-16.02.44:305][947]LogModuleManager: Shutting down and abandoning module GameProjectGeneration (86)
[2014.09.19-16.02.44:305][947]LogModuleManager: Shutting down and abandoning module Matinee (85)
[2014.09.19-16.02.44:305][947]LogModuleManager: Shutting down and abandoning module Kismet (84)
[2014.09.19-16.02.44:305][947]LogModuleManager: Shutting down and abandoning module SlateReflector (83)
[2014.09.19-16.02.44:305][947]LogModuleManager: Shutting down and abandoning module LevelEditor (82)
[2014.09.19-16.02.44:307][947]LogModuleManager: Shutting down and abandoning module IntroTutorials (81)
[2014.09.19-16.02.44:307][947]LogModuleManager: Shutting down and abandoning module ContentBrowser (80)
[2014.09.19-16.02.44:307][947]LogModuleManager: Shutting down and abandoning module PropertyEditor (79)
[2014.09.19-16.02.44:307][947]LogModuleManager: Shutting down and abandoning module AssetTools (78)
[2014.09.19-16.02.44:307][947]LogModuleManager: Shutting down and abandoning module Paper2DEditor (77)
[2014.09.19-16.02.44:307][947]LogModuleManager: Shutting down and abandoning module SpeedTreeImporter (76)
[2014.09.19-16.02.44:307][947]LogModuleManager: Shutting down and abandoning module PluginsEditor (75)
[2014.09.19-16.02.44:307][947]LogModuleManager: Shutting down and abandoning module MainFrame (74)
[2014.09.19-16.02.44:307][947]LogModuleManager: Shutting down and abandoning module EpicSurvey (73)
[2014.09.19-16.02.44:307][947]LogModuleManager: Shutting down and abandoning module VisualStudioSourceCodeAccess (72)
[2014.09.19-16.02.44:307][947]LogModuleManager: Shutting down and abandoning module UObjectPlugin (71)
[2014.09.19-16.02.44:307][947]LogModuleManager: Shutting down and abandoning module SubversionSourceControl (70)
[2014.09.19-16.02.44:307][947]LogModuleManager: Shutting down and abandoning module SourceControl (69)
[2014.09.19-16.02.44:307][947]LogModuleManager: Shutting down and abandoning module PerforceSourceControl (68)
[2014.09.19-16.02.44:307][947]LogModuleManager: Shutting down and abandoning module BlankPlugin (67)
[2014.09.19-16.02.44:307][947]LogModuleManager: Shutting down and abandoning module ScriptPlugin (66)
[2014.09.19-16.02.44:307][947]LogModuleManager: Shutting down and abandoning module UdpMessaging (65)
[2014.09.19-16.02.44:407][947]LogModuleManager: Shutting down and abandoning module Paper2D (64)
[2014.09.19-16.02.44:407][947]LogModuleManager: Shutting down and abandoning module WindowsMoviePlayer (63)
[2014.09.19-16.02.44:410][947]LogModuleManager: Shutting down and abandoning module ImageWrapper (62)
[2014.09.19-16.02.44:410][947]LogModuleManager: Shutting down and abandoning module OnlineBlueprintSupport (61)
[2014.09.19-16.02.44:410][947]LogModuleManager: Shutting down and abandoning module FunctionalTesting (60)
[2014.09.19-16.02.44:410][947]LogModuleManager: Shutting down and abandoning module CollisionAnalyzer (59)
[2014.09.19-16.02.44:410][947]LogModuleManager: Shutting down and abandoning module WorkspaceMenuStructure (58)
[2014.09.19-16.02.44:410][947]LogModuleManager: Shutting down and abandoning module MessageLog (57)
[2014.09.19-16.02.44:410][947]LogModuleManager: Shutting down and abandoning module UMGEditor (56)
[2014.09.19-16.02.44:410][947]LogModuleManager: Shutting down and abandoning module UMG (55)
[2014.09.19-16.02.44:411][947]LogModuleManager: Shutting down and abandoning module Slate (54)
[2014.09.19-16.02.44:411][947]LogModuleManager: Shutting down and abandoning module EditorStyle (53)
[2014.09.19-16.02.44:412][947]LogModuleManager: Shutting down and abandoning module SessionServices (52)
[2014.09.19-16.02.44:412][947]LogModuleManager: Shutting down and abandoning module SourceCodeAccess (51)
[2014.09.19-16.02.44:412][947]LogModuleManager: Shutting down and abandoning module HeadMountedDisplay (50)
[2014.09.19-16.02.44:412][947]LogModuleManager: Shutting down and abandoning module XAudio2 (49)
[2014.09.19-16.02.44:412][947]LogModuleManager: Shutting down and abandoning module Networking (47)
[2014.09.19-16.02.44:412][947]LogModuleManager: Shutting down and abandoning module Core (46)
[2014.09.19-16.02.44:412][947]LogModuleManager: Shutting down and abandoning module KismetCompiler (45)
[2014.09.19-16.02.44:412][947]LogModuleManager: Shutting down and abandoning module PhysXFormats (44)
[2014.09.19-16.02.44:413][947]LogModuleManager: Shutting down and abandoning module MeshUtilities (43)
[2014.09.19-16.02.44:413][947]LogModuleManager: Shutting down and abandoning module DerivedDataCache (42)
[2014.09.19-16.02.44:454][947]LogDerivedDataCache: Shutdown
[2014.09.19-16.02.44:454][947]LogModuleManager: Shutting down and abandoning module ShaderFormatOpenGL (41)
[2014.09.19-16.02.44:454][947]LogModuleManager: Shutting down and abandoning module ShaderFormatD3D (40)
[2014.09.19-16.02.44:454][947]LogModuleManager: Shutting down and abandoning module MetalShaderFormat (39)
[2014.09.19-16.02.44:454][947]LogModuleManager: Shutting down and abandoning module TextureFormatUncompressed (38)
[2014.09.19-16.02.44:454][947]LogModuleManager: Shutting down and abandoning module TextureFormatPVR (37)
[2014.09.19-16.02.44:454][947]LogModuleManager: Shutting down and abandoning module TextureFormatDXT (36)
[2014.09.19-16.02.44:454][947]LogModuleManager: Shutting down and abandoning module TextureFormatAndroid (35)
[2014.09.19-16.02.44:454][947]LogModuleManager: Shutting down and abandoning module AudioFormatOpus (34)
[2014.09.19-16.02.44:454][947]LogModuleManager: Shutting down and abandoning module AudioFormatOgg (33)
[2014.09.19-16.02.44:454][947]LogModuleManager: Shutting down and abandoning module AudioFormatADPCM (32)
[2014.09.19-16.02.44:454][947]LogModuleManager: Shutting down and abandoning module Messaging (31)
[2014.09.19-16.02.44:454][947]LogModuleManager: Shutting down and abandoning module IOSTargetPlatform (30)
[2014.09.19-16.02.44:454][947]LogModuleManager: Shutting down and abandoning module Android_PVRTCTargetPlatform (29)
[2014.09.19-16.02.44:454][947]LogModuleManager: Shutting down and abandoning module Android_ETC2TargetPlatform (28)
[2014.09.19-16.02.44:454][947]LogModuleManager: Shutting down and abandoning module Android_ETC1TargetPlatform (27)
[2014.09.19-16.02.44:454][947]LogModuleManager: Shutting down and abandoning module Android_DXTTargetPlatform (26)
[2014.09.19-16.02.44:454][947]LogModuleManager: Shutting down and abandoning module Android_ATCTargetPlatform (25)
[2014.09.19-16.02.44:454][947]LogModuleManager: Shutting down and abandoning module AndroidTargetPlatform (24)
[2014.09.19-16.02.44:454][947]LogModuleManager: Shutting down and abandoning module WindowsTargetPlatform (23)
[2014.09.19-16.02.44:454][947]LogModuleManager: Shutting down and abandoning module WindowsServerTargetPlatform (22)
[2014.09.19-16.02.44:454][947]LogModuleManager: Shutting down and abandoning module WindowsNoEditorTargetPlatform (21)
[2014.09.19-16.02.44:454][947]LogModuleManager: Shutting down and abandoning module WindowsClientTargetPlatform (20)
[2014.09.19-16.02.44:454][947]LogModuleManager: Shutting down and abandoning module TargetPlatform (19)
[2014.09.19-16.02.44:454][947]LogModuleManager: Shutting down and abandoning module InputCore (18)
[2014.09.19-16.02.44:454][947]LogModuleManager: Shutting down and abandoning module Settings (17)
[2014.09.19-16.02.44:454][947]LogModuleManager: Shutting down and abandoning module ExampleDeviceProfileSelector (14)
[2014.09.19-16.02.44:454][947]LogModuleManager: Shutting down and abandoning module OculusRift (13)
[2014.09.19-16.02.44:454][947]LogModuleManager: Shutting down and abandoning module TextureCompressor (12)
[2014.09.19-16.02.44:454][947]LogModuleManager: Shutting down and abandoning module ShaderCore (11)
[2014.09.19-16.02.44:454][947]LogModuleManager: Shutting down and abandoning module OpenGLDrv (10)
[2014.09.19-16.02.44:454][947]LogModuleManager: Shutting down and abandoning module D3D11RHI (9)
[2014.09.19-16.02.44:454][947]LogModuleManager: Shutting down and abandoning module SlateRHIRenderer (8)
[2014.09.19-16.02.44:454][947]LogModuleManager: Shutting down and abandoning module Renderer (7)
[2014.09.19-16.02.44:454][947]LogModuleManager: Shutting down and abandoning module Engine (6)
[2014.09.19-16.02.44:454][947]LogModuleManager: Shutting down and abandoning module CoreUObject (5)
[2014.09.19-16.02.44:454][947]LogModuleManager: Shutting down and abandoning module NetworkFile (4)
[2014.09.19-16.02.44:454][947]LogModuleManager: Shutting down and abandoning module StreamingFile (3)
[2014.09.19-16.02.44:454][947]LogModuleManager: Shutting down and abandoning module SandboxFile (2)
[2014.09.19-16.02.44:454][947]LogModuleManager: Shutting down and abandoning module PakFile (1)
[2014.09.19-16.02.44:455][947]LogExit: Exiting.
[2014.09.19-16.02.44:457][947]Log file closed, 09/19/14 12:02:44
